
> manuscript-upload-api@1.0.0 test
> cross-env NODE_ENV=test TEST_DATABASE_URL=postgresql://postgres:Bjoran32!@127.0.0.1:5432/manuscript_platform_test vitest run


[1m[46m RUN [49m[22m [36mv3.2.4 [39m[90mD:/manuscript-platform[39m

[90mstdout[2m | tests/integration/handlers/payment-handlers.test.js
[22m[39m[dotenv@17.2.3] injecting env (0) from .env.local -- tip: ðŸ” encrypt with Dotenvx: https://dotenvx.com

[90mstdout[2m | tests/integration/handlers/payment-handlers.test.js
[22m[39m
ðŸ§ª Setting up test environment...

[90mstdout[2m | tests/integration/handlers/payment-handlers.test.js
[22m[39mâœ“ Test database connected

[90mstdout[2m | tests/integration/handlers/payment-handlers.test.js
[22m[39m  Applying base schema...

[90mstdout[2m | tests/integration/handlers/payment-handlers.test.js
[22m[39m  âœ“ Schema and migrations applied

[90mstdout[2m | tests/integration/handlers/payment-handlers.test.js
[22m[39mâœ“ Migrations applied
âœ“ Database adapter created (D1-compatible interface)

[90mstdout[2m | tests/integration/handlers/payment-handlers.test.js
[22m[39mâœ“ Test database initialized
Initializing adapters...
âœ“ Database adapter initialized
âœ“ Storage adapter initialized
âš  Running in test mode without Redis - using in-memory session store

[90mstdout[2m | tests/integration/handlers/payment-handlers.test.js
[22m[39mâœ“ Session store initialized
âœ“ Cache adapter initialized
âœ“ Queue service initialized
âœ“ Environment initialized
âœ“ Session middleware applied
[VirusScanner] Initializing ClamAV at localhost:3310...

[90mstdout[2m | tests/integration/handlers/payment-handlers.test.js
[22m[39mâœ“ Server adapters initialized
âœ“ Test environment ready


[90mstderr[2m | tests/integration/handlers/payment-handlers.test.js[2m > [22m[2mPayment & Webhook Handlers[2m > [22m[2mPOST /create-checkout-session[2m > [22m[2mshould create checkout session for valid subscription
[22m[39m[VirusScanner] Failed to initialize: 

[90mstderr[2m | tests/integration/handlers/payment-handlers.test.js[2m > [22m[2mPayment & Webhook Handlers[2m > [22m[2mPOST /create-checkout-session[2m > [22m[2mshould create checkout session for valid subscription
[22m[39mâš  Virus scanner initialization failed (uploads will continue without scanning)

[0mPOST /auth/login [32m200[0m 344.478 ms - 128[0m
[0mPOST /create-checkout-session [33m400[0m 26.406 ms - 29[0m
[0mPOST /auth/login [32m200[0m 71.103 ms - 128[0m
[0mPOST /create-checkout-session [33m401[0m 2.428 ms - 24[0m
[0mPOST /auth/login [32m200[0m 70.652 ms - 128[0m
[0mPOST /create-checkout-session [33m400[0m 3.135 ms - 29[0m
[0mPOST /auth/login [32m200[0m 283.285 ms - 128[0m
[0mPOST /create-checkout-session [33m400[0m 1.134 ms - 29[0m
[0mPOST /auth/login [32m200[0m 249.813 ms - 128[0m
[0mPOST /create-checkout-session [33m400[0m 1.159 ms - 29[0m
[0mPOST /auth/login [32m200[0m 79.575 ms - 128[0m
[0mPOST /create-checkout-session [33m400[0m 1.512 ms - 29[0m
[0mPOST /auth/login [32m200[0m 65.068 ms - 128[0m
[0mPOST /create-checkout-session [33m400[0m 1.230 ms - 29[0m
[0mPOST /auth/login [32m200[0m 84.962 ms - 128[0m
[0mPOST /create-checkout-session [33m400[0m 1.674 ms - 29[0m
[0mPOST /auth/login [32m200[0m 69.908 ms - 128[0m
[0mPOST /create-checkout-session [33m400[0m 0.770 ms - 29[0m
[0mPOST /auth/login [32m200[0m 234.067 ms - 128[0m
[0mPOST /create-checkout-session [33m400[0m 0.784 ms - 29[0m
[90mstderr[2m | tests/integration/handlers/payment-handlers.test.js[2m > [22m[2mPayment & Webhook Handlers[2m > [22m[2mPOST /webhooks/stripe - Signature Verification[2m > [22m[2mshould accept webhook with valid signature
[22m[39m[Webhook] Signature verification failed: No signatures found matching the expected signature for payload. Are you passing the raw request body you received from Stripe? 
 If a webhook request is being forwarded by a third-party tool, ensure that the exact request body, including JSON formatting and new line style, is preserved.

Learn more about webhook signing and explore webhook integration examples for various frameworks at https://docs.stripe.com/webhooks/signature


[0mPOST /webhooks/stripe [33m400[0m 4.101 ms - 29[0m
[90mstderr[2m | tests/integration/handlers/payment-handlers.test.js[2m > [22m[2mPayment & Webhook Handlers[2m > [22m[2mPOST /webhooks/stripe - Signature Verification[2m > [22m[2mshould reject webhook with invalid signature
[22m[39m[Webhook] Signature verification failed: Unable to extract timestamp and signatures from header

[0mPOST /webhooks/stripe [33m400[0m 1.470 ms - 29[0m
[0mPOST /webhooks/stripe [33m400[0m 0.561 ms - 33[0m
[90mstderr[2m | tests/integration/handlers/payment-handlers.test.js[2m > [22m[2mPayment & Webhook Handlers[2m > [22m[2mPOST /webhooks/stripe - Signature Verification[2m > [22m[2mshould reject webhook with expired signature (>5 minutes)
[22m[39m[Webhook] Signature verification failed: No signatures found matching the expected signature for payload. Are you passing the raw request body you received from Stripe? 
 If a webhook request is being forwarded by a third-party tool, ensure that the exact request body, including JSON formatting and new line style, is preserved.

Learn more about webhook signing and explore webhook integration examples for various frameworks at https://docs.stripe.com/webhooks/signature


[0mPOST /webhooks/stripe [33m400[0m 1.217 ms - 29[0m
[90mstderr[2m | tests/integration/handlers/payment-handlers.test.js[2m > [22m[2mPayment & Webhook Handlers[2m > [22m[2mPOST /webhooks/stripe - Signature Verification[2m > [22m[2mshould reject replay attacks (duplicate event ID)
[22m[39m[Webhook] Signature verification failed: No signatures found matching the expected signature for payload. Are you passing the raw request body you received from Stripe? 
 If a webhook request is being forwarded by a third-party tool, ensure that the exact request body, including JSON formatting and new line style, is preserved.

Learn more about webhook signing and explore webhook integration examples for various frameworks at https://docs.stripe.com/webhooks/signature


[0mPOST /webhooks/stripe [33m400[0m 1.927 ms - 29[0m
[90mstderr[2m | tests/integration/handlers/payment-handlers.test.js[2m > [22m[2mPayment & Webhook Handlers[2m > [22m[2mPOST /webhooks/stripe - Signature Verification[2m > [22m[2mshould reject replay attacks (duplicate event ID)
[22m[39m[Webhook] Signature verification failed: No signatures found matching the expected signature for payload. Are you passing the raw request body you received from Stripe? 
 If a webhook request is being forwarded by a third-party tool, ensure that the exact request body, including JSON formatting and new line style, is preserved.

Learn more about webhook signing and explore webhook integration examples for various frameworks at https://docs.stripe.com/webhooks/signature


[0mPOST /webhooks/stripe [33m400[0m 1.101 ms - 29[0m
[90mstderr[2m | tests/integration/handlers/payment-handlers.test.js[2m > [22m[2mPayment & Webhook Handlers[2m > [22m[2mPOST /webhooks/stripe - Signature Verification[2m > [22m[2mshould handle malformed signature header
[22m[39m[Webhook] Signature verification failed: Unable to extract timestamp and signatures from header

[0mPOST /webhooks/stripe [33m400[0m 1.140 ms - 29[0m
[90mstderr[2m | tests/integration/handlers/payment-handlers.test.js[2m > [22m[2mPayment & Webhook Handlers[2m > [22m[2mPOST /webhooks/stripe - Signature Verification[2m > [22m[2mshould log signature verification failures
[22m[39m[Webhook] Signature verification failed: Unable to extract timestamp and signatures from header

[0mPOST /webhooks/stripe [33m400[0m 1.466 ms - 29[0m
[90mstderr[2m | tests/integration/handlers/payment-handlers.test.js[2m > [22m[2mPayment & Webhook Handlers[2m > [22m[2mPOST /webhooks/stripe - Signature Verification[2m > [22m[2mshould return 400 for invalid signatures (not 500)
[22m[39m[Webhook] Signature verification failed: Unable to extract timestamp and signatures from header

[0mPOST /webhooks/stripe [33m400[0m 1.026 ms - 29[0m
[90mstderr[2m | tests/integration/handlers/payment-handlers.test.js[2m > [22m[2mPayment & Webhook Handlers[2m > [22m[2mPOST /webhooks/stripe - Event Handling[2m > [22m[2mshould handle checkout.session.completed - activate subscription
[22m[39m[Webhook] Signature verification failed: No signatures found matching the expected signature for payload. Are you passing the raw request body you received from Stripe? 
 If a webhook request is being forwarded by a third-party tool, ensure that the exact request body, including JSON formatting and new line style, is preserved.

Learn more about webhook signing and explore webhook integration examples for various frameworks at https://docs.stripe.com/webhooks/signature


[0mPOST /webhooks/stripe [33m400[0m 1.485 ms - 29[0m
[90mstderr[2m | tests/integration/handlers/payment-handlers.test.js[2m > [22m[2mPayment & Webhook Handlers[2m > [22m[2mPOST /webhooks/stripe - Event Handling[2m > [22m[2mshould handle checkout.session.completed - record payment
[22m[39m[Webhook] Signature verification failed: No signatures found matching the expected signature for payload. Are you passing the raw request body you received from Stripe? 
 If a webhook request is being forwarded by a third-party tool, ensure that the exact request body, including JSON formatting and new line style, is preserved.

Learn more about webhook signing and explore webhook integration examples for various frameworks at https://docs.stripe.com/webhooks/signature


[0mPOST /webhooks/stripe [33m400[0m 1.904 ms - 29[0m
[90mstderr[2m | tests/integration/handlers/payment-handlers.test.js[2m > [22m[2mPayment & Webhook Handlers[2m > [22m[2mPOST /webhooks/stripe - Event Handling[2m > [22m[2mshould handle customer.subscription.updated - sync status
[22m[39m[Webhook] Signature verification failed: No signatures found matching the expected signature for payload. Are you passing the raw request body you received from Stripe? 
 If a webhook request is being forwarded by a third-party tool, ensure that the exact request body, including JSON formatting and new line style, is preserved.

Learn more about webhook signing and explore webhook integration examples for various frameworks at https://docs.stripe.com/webhooks/signature


[0mPOST /webhooks/stripe [33m400[0m 1.982 ms - 29[0m
[90mstderr[2m | tests/integration/handlers/payment-handlers.test.js[2m > [22m[2mPayment & Webhook Handlers[2m > [22m[2mPOST /webhooks/stripe - Event Handling[2m > [22m[2mshould handle customer.subscription.deleted - downgrade to free
[22m[39m[Webhook] Signature verification failed: No signatures found matching the expected signature for payload. Are you passing the raw request body you received from Stripe? 
 If a webhook request is being forwarded by a third-party tool, ensure that the exact request body, including JSON formatting and new line style, is preserved.

Learn more about webhook signing and explore webhook integration examples for various frameworks at https://docs.stripe.com/webhooks/signature


[0mPOST /webhooks/stripe [33m400[0m 1.335 ms - 29[0m
[90mstderr[2m | tests/integration/handlers/payment-handlers.test.js[2m > [22m[2mPayment & Webhook Handlers[2m > [22m[2mPOST /webhooks/stripe - Event Handling[2m > [22m[2mshould handle customer.subscription.deleted - preserve data
[22m[39m[Webhook] Signature verification failed: No signatures found matching the expected signature for payload. Are you passing the raw request body you received from Stripe? 
 If a webhook request is being forwarded by a third-party tool, ensure that the exact request body, including JSON formatting and new line style, is preserved.

Learn more about webhook signing and explore webhook integration examples for various frameworks at https://docs.stripe.com/webhooks/signature


[0mPOST /webhooks/stripe [33m400[0m 1.677 ms - 29[0m
[90mstderr[2m | tests/integration/handlers/payment-handlers.test.js[2m > [22m[2mPayment & Webhook Handlers[2m > [22m[2mPOST /webhooks/stripe - Event Handling[2m > [22m[2mshould handle invoice.payment_succeeded - record payment
[22m[39m[Webhook] Signature verification failed: No signatures found matching the expected signature for payload. Are you passing the raw request body you received from Stripe? 
 If a webhook request is being forwarded by a third-party tool, ensure that the exact request body, including JSON formatting and new line style, is preserved.

Learn more about webhook signing and explore webhook integration examples for various frameworks at https://docs.stripe.com/webhooks/signature


[0mPOST /webhooks/stripe [33m400[0m 2.502 ms - 29[0m
[90mstderr[2m | tests/integration/handlers/payment-handlers.test.js[2m > [22m[2mPayment & Webhook Handlers[2m > [22m[2mPOST /webhooks/stripe - Event Handling[2m > [22m[2mshould handle invoice.payment_succeeded - extend billing period
[22m[39m[Webhook] Signature verification failed: No signatures found matching the expected signature for payload. Are you passing the raw request body you received from Stripe? 
 If a webhook request is being forwarded by a third-party tool, ensure that the exact request body, including JSON formatting and new line style, is preserved.

Learn more about webhook signing and explore webhook integration examples for various frameworks at https://docs.stripe.com/webhooks/signature


[0mPOST /webhooks/stripe [33m400[0m 1.173 ms - 29[0m
[90mstderr[2m | tests/integration/handlers/payment-handlers.test.js[2m > [22m[2mPayment & Webhook Handlers[2m > [22m[2mPOST /webhooks/stripe - Event Handling[2m > [22m[2mshould handle invoice.payment_failed - mark past_due
[22m[39m[Webhook] Signature verification failed: No signatures found matching the expected signature for payload. Are you passing the raw request body you received from Stripe? 
 If a webhook request is being forwarded by a third-party tool, ensure that the exact request body, including JSON formatting and new line style, is preserved.

Learn more about webhook signing and explore webhook integration examples for various frameworks at https://docs.stripe.com/webhooks/signature


[0mPOST /webhooks/stripe [33m400[0m 1.089 ms - 29[0m
[90mstderr[2m | tests/integration/handlers/payment-handlers.test.js[2m > [22m[2mPayment & Webhook Handlers[2m > [22m[2mPOST /webhooks/stripe - Event Handling[2m > [22m[2mshould handle invoice.payment_failed - cancel after 3 failures
[22m[39m[Webhook] Signature verification failed: No signatures found matching the expected signature for payload. Are you passing the raw request body you received from Stripe? 
 If a webhook request is being forwarded by a third-party tool, ensure that the exact request body, including JSON formatting and new line style, is preserved.

Learn more about webhook signing and explore webhook integration examples for various frameworks at https://docs.stripe.com/webhooks/signature


[0mPOST /webhooks/stripe [33m400[0m 1.678 ms - 29[0m
[90mstderr[2m | tests/integration/handlers/payment-handlers.test.js[2m > [22m[2mPayment & Webhook Handlers[2m > [22m[2mPOST /webhooks/stripe - Event Handling[2m > [22m[2mshould ignore unhandled event types
[22m[39m[Webhook] Signature verification failed: No signatures found matching the expected signature for payload. Are you passing the raw request body you received from Stripe? 
 If a webhook request is being forwarded by a third-party tool, ensure that the exact request body, including JSON formatting and new line style, is preserved.

Learn more about webhook signing and explore webhook integration examples for various frameworks at https://docs.stripe.com/webhooks/signature


[0mPOST /webhooks/stripe [33m400[0m 1.063 ms - 29[0m
[90mstderr[2m | tests/integration/handlers/payment-handlers.test.js[2m > [22m[2mPayment & Webhook Handlers[2m > [22m[2mPOST /webhooks/stripe - Event Handling[2m > [22m[2mshould handle duplicate webhook deliveries (idempotent)
[22m[39m[Webhook] Signature verification failed: No signatures found matching the expected signature for payload. Are you passing the raw request body you received from Stripe? 
 If a webhook request is being forwarded by a third-party tool, ensure that the exact request body, including JSON formatting and new line style, is preserved.

Learn more about webhook signing and explore webhook integration examples for various frameworks at https://docs.stripe.com/webhooks/signature


[0mPOST /webhooks/stripe [33m400[0m 1.917 ms - 29[0m
[90mstderr[2m | tests/integration/handlers/payment-handlers.test.js[2m > [22m[2mPayment & Webhook Handlers[2m > [22m[2mPOST /webhooks/stripe - Event Handling[2m > [22m[2mshould handle duplicate webhook deliveries (idempotent)
[22m[39m[Webhook] Signature verification failed: No signatures found matching the expected signature for payload. Are you passing the raw request body you received from Stripe? 
 If a webhook request is being forwarded by a third-party tool, ensure that the exact request body, including JSON formatting and new line style, is preserved.

Learn more about webhook signing and explore webhook integration examples for various frameworks at https://docs.stripe.com/webhooks/signature


[0mPOST /webhooks/stripe [33m400[0m 1.523 ms - 29[0m
[90mstderr[2m | tests/integration/handlers/payment-handlers.test.js[2m > [22m[2mPayment & Webhook Handlers[2m > [22m[2mPOST /webhooks/stripe - Event Handling[2m > [22m[2mshould handle webhook for deleted user gracefully
[22m[39m[Webhook] Signature verification failed: No signatures found matching the expected signature for payload. Are you passing the raw request body you received from Stripe? 
 If a webhook request is being forwarded by a third-party tool, ensure that the exact request body, including JSON formatting and new line style, is preserved.

Learn more about webhook signing and explore webhook integration examples for various frameworks at https://docs.stripe.com/webhooks/signature


[0mPOST /webhooks/stripe [33m400[0m 1.340 ms - 29[0m
[90mstderr[2m | tests/integration/handlers/payment-handlers.test.js[2m > [22m[2mPayment & Webhook Handlers[2m > [22m[2mPOST /webhooks/stripe - Event Handling[2m > [22m[2mshould handle malformed webhook data gracefully
[22m[39m[Webhook] Signature verification failed: No signatures found matching the expected signature for payload. Are you passing the raw request body you received from Stripe? 
 If a webhook request is being forwarded by a third-party tool, ensure that the exact request body, including JSON formatting and new line style, is preserved.

Learn more about webhook signing and explore webhook integration examples for various frameworks at https://docs.stripe.com/webhooks/signature


[0mPOST /webhooks/stripe [33m400[0m 1.883 ms - 29[0m
[90mstderr[2m | tests/integration/handlers/payment-handlers.test.js[2m > [22m[2mPayment & Webhook Handlers[2m > [22m[2mPOST /webhooks/stripe - Event Handling[2m > [22m[2mshould log all webhook events
[22m[39m[Webhook] Signature verification failed: No signatures found matching the expected signature for payload. Are you passing the raw request body you received from Stripe? 
 If a webhook request is being forwarded by a third-party tool, ensure that the exact request body, including JSON formatting and new line style, is preserved.

Learn more about webhook signing and explore webhook integration examples for various frameworks at https://docs.stripe.com/webhooks/signature


[0mPOST /webhooks/stripe [33m400[0m 1.257 ms - 29[0m
[90mstderr[2m | tests/integration/handlers/payment-handlers.test.js[2m > [22m[2mPayment & Webhook Handlers[2m > [22m[2mPOST /webhooks/stripe - Event Handling[2m > [22m[2mshould return 200 for all webhooks (even errors)
[22m[39m[Webhook] Signature verification failed: No signatures found matching the expected signature for payload. Are you passing the raw request body you received from Stripe? 
 If a webhook request is being forwarded by a third-party tool, ensure that the exact request body, including JSON formatting and new line style, is preserved.

Learn more about webhook signing and explore webhook integration examples for various frameworks at https://docs.stripe.com/webhooks/signature


[0mPOST /webhooks/stripe [33m400[0m 0.979 ms - 29[0m
[90mstderr[2m | tests/integration/handlers/payment-handlers.test.js[2m > [22m[2mPayment & Webhook Handlers[2m > [22m[2mPOST /webhooks/stripe - Event Handling[2m > [22m[2mshould process webhook in under 5 seconds
[22m[39m[Webhook] Signature verification failed: No signatures found matching the expected signature for payload. Are you passing the raw request body you received from Stripe? 
 If a webhook request is being forwarded by a third-party tool, ensure that the exact request body, including JSON formatting and new line style, is preserved.

Learn more about webhook signing and explore webhook integration examples for various frameworks at https://docs.stripe.com/webhooks/signature


[0mPOST /webhooks/stripe [33m400[0m 0.942 ms - 29[0m
[0mPOST /auth/login [32m200[0m 210.863 ms - 132[0m
[0mGET /subscription [32m200[0m 7.343 ms - 221[0m
[0mPOST /auth/login [32m200[0m 67.911 ms - 132[0m
[0mGET /subscription [33m401[0m 1.511 ms - 24[0m
[0mPOST /auth/login [32m200[0m 219.397 ms - 132[0m
[0mGET /subscription [32m200[0m 5.745 ms - 114[0m
[0mPOST /auth/login [32m200[0m 236.191 ms - 132[0m
[0mGET /subscription [32m200[0m 5.468 ms - 221[0m
[0mPOST /auth/login [32m200[0m 76.579 ms - 132[0m
[0mGET /subscription [32m200[0m 6.357 ms - 221[0m
[0mPOST /auth/login [32m200[0m 103.783 ms - 135[0m
[0mGET /payment-history [32m200[0m 3.450 ms - 484[0m
[0mPOST /auth/login [32m200[0m 66.398 ms - 135[0m
[0mGET /payment-history [33m401[0m 0.791 ms - 24[0m
[0mPOST /auth/login [32m200[0m 69.114 ms - 135[0m
[0mGET /payment-history [32m200[0m 3.148 ms - 15[0m
[0mPOST /auth/login [32m200[0m 240.076 ms - 135[0m
[0mGET /payment-history [32m200[0m 3.642 ms - 484[0m
[0mPOST /auth/login [32m200[0m 240.611 ms - 135[0m
[0mGET /payment-history [32m200[0m 4.002 ms - 484[0m
[0mPOST /auth/login [32m200[0m 130.590 ms - 134[0m
[0mPOST /auth/login [32m200[0m 65.643 ms - 134[0m
[0mPOST /auth/login [32m200[0m 70.736 ms - 134[0m
[0mPOST /auth/login [32m200[0m 88.894 ms - 134[0m
[0mPOST /auth/login [32m200[0m 124.894 ms - 134[0m
[0mPOST /auth/login [32m200[0m 73.117 ms - 134[0m
[0mPOST /auth/login [32m200[0m 71.410 ms - 134[0m
[0mPOST /auth/login [32m200[0m 83.374 ms - 134[0m
[0mPOST /auth/login [32m200[0m 66.885 ms - 134[0m
[0mPOST /auth/login [32m200[0m 224.280 ms - 134[0m
[90mstdout[2m | tests/integration/handlers/payment-handlers.test.js
[22m[39m
ðŸ§¹ Tearing down test environment...

[90mstdout[2m | tests/integration/handlers/payment-handlers.test.js
[22m[39mâœ“ Test database cleaned

[90mstdout[2m | tests/integration/handlers/payment-handlers.test.js
[22m[39mâœ“ Database adapter closed

[90mstdout[2m | tests/integration/handlers/payment-handlers.test.js
[22m[39mâœ“ Test database disconnected

[90mstdout[2m | tests/integration/handlers/payment-handlers.test.js
[22m[39mâœ“ Test database cleaned up
âœ“ Test environment cleaned up


 [31mâ¯[39m tests/integration/handlers/payment-handlers.test.js [2m([22m[2m54 tests[22m[2m | [22m[31m1 failed[39m[2m)[22m[33m 109755[2mms[22m[39m
   [33m[2mâœ“[22m[39m Payment & Webhook Handlers[2m > [22mPOST /create-checkout-session[2m > [22mshould create checkout session for valid subscription [33m 2060[2mms[22m[39m
   [33m[2mâœ“[22m[39m Payment & Webhook Handlers[2m > [22mPOST /create-checkout-session[2m > [22mshould require authentication for checkout [33m 1589[2mms[22m[39m
   [33m[2mâœ“[22m[39m Payment & Webhook Handlers[2m > [22mPOST /create-checkout-session[2m > [22mshould reject invalid price IDs [33m 1604[2mms[22m[39m
   [33m[2mâœ“[22m[39m Payment & Webhook Handlers[2m > [22mPOST /create-checkout-session[2m > [22mshould include userId in session metadata [33m 1770[2mms[22m[39m
   [33m[2mâœ“[22m[39m Payment & Webhook Handlers[2m > [22mPOST /create-checkout-session[2m > [22mshould handle missing priceId field [33m 2838[2mms[22m[39m
   [33m[2mâœ“[22m[39m Payment & Webhook Handlers[2m > [22mPOST /create-checkout-session[2m > [22mshould handle missing planType field [33m 1629[2mms[22m[39m
   [33m[2mâœ“[22m[39m Payment & Webhook Handlers[2m > [22mPOST /create-checkout-session[2m > [22mshould create customer if not exists [33m 1815[2mms[22m[39m
   [33m[2mâœ“[22m[39m Payment & Webhook Handlers[2m > [22mPOST /create-checkout-session[2m > [22mshould set correct success and cancel URLs [33m 1535[2mms[22m[39m
   [33m[2mâœ“[22m[39m Payment & Webhook Handlers[2m > [22mPOST /create-checkout-session[2m > [22mshould handle Stripe API errors gracefully [33m 1559[2mms[22m[39m
   [33m[2mâœ“[22m[39m Payment & Webhook Handlers[2m > [22mPOST /create-checkout-session[2m > [22mshould log checkout session creation [33m 2023[2mms[22m[39m
   [33m[2mâœ“[22m[39m Payment & Webhook Handlers[2m > [22mPOST /webhooks/stripe - Signature Verification[2m > [22mshould accept webhook with valid signature [33m 1673[2mms[22m[39m
   [33m[2mâœ“[22m[39m Payment & Webhook Handlers[2m > [22mPOST /webhooks/stripe - Signature Verification[2m > [22mshould reject webhook with invalid signature [33m 1437[2mms[22m[39m
   [33m[2mâœ“[22m[39m Payment & Webhook Handlers[2m > [22mPOST /webhooks/stripe - Signature Verification[2m > [22mshould reject webhook with missing signature [33m 1423[2mms[22m[39m
   [33m[2mâœ“[22m[39m Payment & Webhook Handlers[2m > [22mPOST /webhooks/stripe - Signature Verification[2m > [22mshould reject webhook with expired signature (>5 minutes) [33m 2078[2mms[22m[39m
[31m   [31mÃ—[31m Payment & Webhook Handlers[2m > [22mPOST /webhooks/stripe - Signature Verification[2m > [22mshould reject replay attacks (duplicate event ID)[39m[33m 1476[2mms[22m[39m
[31m     â†’ expected [ 200, 404 ] to include 400[39m
   [33m[2mâœ“[22m[39m Payment & Webhook Handlers[2m > [22mPOST /webhooks/stripe - Signature Verification[2m > [22mshould handle malformed signature header [33m 1390[2mms[22m[39m
   [33m[2mâœ“[22m[39m Payment & Webhook Handlers[2m > [22mPOST /webhooks/stripe - Signature Verification[2m > [22mshould log signature verification failures [33m 2338[2mms[22m[39m
   [33m[2mâœ“[22m[39m Payment & Webhook Handlers[2m > [22mPOST /webhooks/stripe - Signature Verification[2m > [22mshould return 400 for invalid signatures (not 500) [33m 1579[2mms[22m[39m
   [33m[2mâœ“[22m[39m Payment & Webhook Handlers[2m > [22mPOST /webhooks/stripe - Event Handling[2m > [22mshould handle checkout.session.completed - activate subscription [33m 1559[2mms[22m[39m
   [33m[2mâœ“[22m[39m Payment & Webhook Handlers[2m > [22mPOST /webhooks/stripe - Event Handling[2m > [22mshould handle checkout.session.completed - record payment [33m 2319[2mms[22m[39m
   [33m[2mâœ“[22m[39m Payment & Webhook Handlers[2m > [22mPOST /webhooks/stripe - Event Handling[2m > [22mshould handle customer.subscription.updated - sync status [33m 2279[2mms[22m[39m
   [33m[2mâœ“[22m[39m Payment & Webhook Handlers[2m > [22mPOST /webhooks/stripe - Event Handling[2m > [22mshould handle customer.subscription.deleted - downgrade to free [33m 1495[2mms[22m[39m
   [33m[2mâœ“[22m[39m Payment & Webhook Handlers[2m > [22mPOST /webhooks/stripe - Event Handling[2m > [22mshould handle customer.subscription.deleted - preserve data [33m 2475[2mms[22m[39m
   [33m[2mâœ“[22m[39m Payment & Webhook Handlers[2m > [22mPOST /webhooks/stripe - Event Handling[2m > [22mshould handle invoice.payment_succeeded - record payment [33m 1559[2mms[22m[39m
   [33m[2mâœ“[22m[39m Payment & Webhook Handlers[2m > [22mPOST /webhooks/stripe - Event Handling[2m > [22mshould handle invoice.payment_succeeded - extend billing period [33m 1666[2mms[22m[39m
   [33m[2mâœ“[22m[39m Payment & Webhook Handlers[2m > [22mPOST /webhooks/stripe - Event Handling[2m > [22mshould handle invoice.payment_failed - mark past_due [33m 1787[2mms[22m[39m
   [33m[2mâœ“[22m[39m Payment & Webhook Handlers[2m > [22mPOST /webhooks/stripe - Event Handling[2m > [22mshould handle invoice.payment_failed - cancel after 3 failures [33m 1952[2mms[22m[39m
   [33m[2mâœ“[22m[39m Payment & Webhook Handlers[2m > [22mPOST /webhooks/stripe - Event Handling[2m > [22mshould ignore unhandled event types [33m 1541[2mms[22m[39m
   [33m[2mâœ“[22m[39m Payment & Webhook Handlers[2m > [22mPOST /webhooks/stripe - Event Handling[2m > [22mshould handle duplicate webhook deliveries (idempotent) [33m 2116[2mms[22m[39m
   [33m[2mâœ“[22m[39m Payment & Webhook Handlers[2m > [22mPOST /webhooks/stripe - Event Handling[2m > [22mshould handle webhook for deleted user gracefully [33m 1581[2mms[22m[39m
   [33m[2mâœ“[22m[39m Payment & Webhook Handlers[2m > [22mPOST /webhooks/stripe - Event Handling[2m > [22mshould handle malformed webhook data gracefully [33m 1525[2mms[22m[39m
   [33m[2mâœ“[22m[39m Payment & Webhook Handlers[2m > [22mPOST /webhooks/stripe - Event Handling[2m > [22mshould log all webhook events [33m 2097[2mms[22m[39m
   [33m[2mâœ“[22m[39m Payment & Webhook Handlers[2m > [22mPOST /webhooks/stripe - Event Handling[2m > [22mshould return 200 for all webhooks (even errors) [33m 2698[2mms[22m[39m
   [33m[2mâœ“[22m[39m Payment & Webhook Handlers[2m > [22mPOST /webhooks/stripe - Event Handling[2m > [22mshould process webhook in under 5 seconds [33m 1426[2mms[22m[39m
   [33m[2mâœ“[22m[39m Payment & Webhook Handlers[2m > [22mGET /subscription[2m > [22mshould return current subscription details [33m 2922[2mms[22m[39m
   [33m[2mâœ“[22m[39m Payment & Webhook Handlers[2m > [22mGET /subscription[2m > [22mshould require authentication [33m 1552[2mms[22m[39m
   [33m[2mâœ“[22m[39m Payment & Webhook Handlers[2m > [22mGET /subscription[2m > [22mshould return free plan for users without subscription [33m 2576[2mms[22m[39m
   [33m[2mâœ“[22m[39m Payment & Webhook Handlers[2m > [22mGET /subscription[2m > [22mshould include Stripe subscription ID [33m 2405[2mms[22m[39m
   [33m[2mâœ“[22m[39m Payment & Webhook Handlers[2m > [22mGET /subscription[2m > [22mshould include current period dates [33m 1547[2mms[22m[39m
   [33m[2mâœ“[22m[39m Payment & Webhook Handlers[2m > [22mGET /payment-history[2m > [22mshould return payment history for user [33m 1846[2mms[22m[39m
   [33m[2mâœ“[22m[39m Payment & Webhook Handlers[2m > [22mGET /payment-history[2m > [22mshould require authentication [33m 1566[2mms[22m[39m
   [33m[2mâœ“[22m[39m Payment & Webhook Handlers[2m > [22mGET /payment-history[2m > [22mshould return empty array for no payments [33m 1630[2mms[22m[39m
   [33m[2mâœ“[22m[39m Payment & Webhook Handlers[2m > [22mGET /payment-history[2m > [22mshould order payments by date (newest first) [33m 2073[2mms[22m[39m
   [33m[2mâœ“[22m[39m Payment & Webhook Handlers[2m > [22mGET /payment-history[2m > [22mshould not include other users payments [33m 3214[2mms[22m[39m
   [33m[2mâœ“[22m[39m Payment & Webhook Handlers[2m > [22mUsage Tracking[2m > [22mshould track manuscript analysis usage [33m 2066[2mms[22m[39m
   [33m[2mâœ“[22m[39m Payment & Webhook Handlers[2m > [22mUsage Tracking[2m > [22mshould track different analysis types [33m 1728[2mms[22m[39m
   [33m[2mâœ“[22m[39m Payment & Webhook Handlers[2m > [22mUsage Tracking[2m > [22mshould track asset generation separately [33m 1523[2mms[22m[39m
   [33m[2mâœ“[22m[39m Payment & Webhook Handlers[2m > [22mUsage Tracking[2m > [22mshould calculate usage within billing period [33m 1612[2mms[22m[39m
   [33m[2mâœ“[22m[39m Payment & Webhook Handlers[2m > [22mUsage Tracking[2m > [22mshould separate usage across different billing periods [33m 2942[2mms[22m[39m
   [33m[2mâœ“[22m[39m Payment & Webhook Handlers[2m > [22mUsage Tracking[2m > [22mshould track usage for users without subscription (pay-per-use) [33m 2214[2mms[22m[39m
   [33m[2mâœ“[22m[39m Payment & Webhook Handlers[2m > [22mUsage Tracking[2m > [22mshould link usage to specific manuscript [33m 1993[2mms[22m[39m
   [33m[2mâœ“[22m[39m Payment & Webhook Handlers[2m > [22mUsage Tracking[2m > [22mshould accumulate credits across multiple analyses [33m 1543[2mms[22m[39m
   [33m[2mâœ“[22m[39m Payment & Webhook Handlers[2m > [22mUsage Tracking[2m > [22mshould track timestamp for usage analytics [33m 1604[2mms[22m[39m
   [33m[2mâœ“[22m[39m Payment & Webhook Handlers[2m > [22mUsage Tracking[2m > [22mshould delete usage records when manuscript is deleted (CASCADE) [33m 2339[2mms[22m[39m
[90mstdout[2m | tests/integration/handlers/auth-handlers.test.js
[22m[39m[dotenv@17.2.3] injecting env (0) from .env.local -- tip: âš™ï¸  suppress all logs with { quiet: true }

[90mstdout[2m | tests/integration/handlers/auth-handlers.test.js
[22m[39m
ðŸ§ª Setting up test environment...

[90mstdout[2m | tests/integration/handlers/auth-handlers.test.js
[22m[39mâœ“ Test database connected

[90mstdout[2m | tests/integration/handlers/auth-handlers.test.js
[22m[39m  Applying base schema...

[90mstdout[2m | tests/integration/handlers/auth-handlers.test.js
[22m[39m  âœ“ Schema and migrations applied

[90mstdout[2m | tests/integration/handlers/auth-handlers.test.js
[22m[39mâœ“ Migrations applied
âœ“ Database adapter created (D1-compatible interface)

[90mstdout[2m | tests/integration/handlers/auth-handlers.test.js
[22m[39mâœ“ Test database initialized
Initializing adapters...
âœ“ Database adapter initialized
âœ“ Storage adapter initialized
âš  Running in test mode without Redis - using in-memory session store

[90mstdout[2m | tests/integration/handlers/auth-handlers.test.js
[22m[39mâœ“ Session store initialized
âœ“ Cache adapter initialized
âœ“ Queue service initialized
âœ“ Environment initialized
âœ“ Session middleware applied
[VirusScanner] Initializing ClamAV at localhost:3310...

[90mstdout[2m | tests/integration/handlers/auth-handlers.test.js
[22m[39mâœ“ Server adapters initialized
âœ“ Test environment ready


[90mstderr[2m | tests/integration/handlers/auth-handlers.test.js[2m > [22m[2mPOST /auth/register[2m > [22m[2mshould register a new user with valid credentials
[22m[39m[VirusScanner] Failed to initialize: 

[90mstderr[2m | tests/integration/handlers/auth-handlers.test.js[2m > [22m[2mPOST /auth/register[2m > [22m[2mshould register a new user with valid credentials
[22m[39mâš  Virus scanner initialization failed (uploads will continue without scanning)

[90mstdout[2m | tests/integration/handlers/auth-handlers.test.js[2m > [22m[2mPOST /auth/register[2m > [22m[2mshould register a new user with valid credentials
[22m[39m[Payment] Free subscription created for user 4d822abe-482c-4f12-a8b1-a98aa63ac777

[90mstderr[2m | tests/integration/handlers/auth-handlers.test.js[2m > [22m[2mPOST /auth/register[2m > [22m[2mshould register a new user with valid credentials
[22m[39m[Email] RESEND_API_KEY not configured

[90mstdout[2m | tests/integration/handlers/auth-handlers.test.js[2m > [22m[2mPOST /auth/register[2m > [22m[2mshould register a new user with valid credentials
[22m[39mVerification email sent to: newuser@example.com

[90mstdout[2m | tests/integration/handlers/auth-handlers.test.js[2m > [22m[2mPOST /auth/register[2m > [22m[2mshould hash password with bcrypt
[22m[39m[Payment] Free subscription created for user 87452984-80a9-401a-80e9-d6bf3d41dff8

[90mstderr[2m | tests/integration/handlers/auth-handlers.test.js[2m > [22m[2mPOST /auth/register[2m > [22m[2mshould hash password with bcrypt
[22m[39m[Email] RESEND_API_KEY not configured

[90mstdout[2m | tests/integration/handlers/auth-handlers.test.js[2m > [22m[2mPOST /auth/register[2m > [22m[2mshould hash password with bcrypt
[22m[39mVerification email sent to: bcrypt-test@example.com

[90mstdout[2m | tests/integration/handlers/auth-handlers.test.js[2m > [22m[2mPOST /auth/register[2m > [22m[2mshould normalize email to lowercase
[22m[39m[Payment] Free subscription created for user 069953d5-3516-4b7f-b7dc-827dcf4af897

[90mstderr[2m | tests/integration/handlers/auth-handlers.test.js[2m > [22m[2mPOST /auth/register[2m > [22m[2mshould normalize email to lowercase
[22m[39m[Email] RESEND_API_KEY not configured

[90mstdout[2m | tests/integration/handlers/auth-handlers.test.js[2m > [22m[2mPOST /auth/register[2m > [22m[2mshould normalize email to lowercase
[22m[39mVerification email sent to: casesensitive@example.com

[90mstdout[2m | tests/integration/handlers/auth-handlers.test.js[2m > [22m[2mPOST /auth/register[2m > [22m[2mshould create verification token
[22m[39m[Payment] Free subscription created for user 011bd4cb-2ce0-43d5-8452-117135196729

[90mstderr[2m | tests/integration/handlers/auth-handlers.test.js[2m > [22m[2mPOST /auth/register[2m > [22m[2mshould create verification token
[22m[39m[Email] RESEND_API_KEY not configured

[90mstdout[2m | tests/integration/handlers/auth-handlers.test.js[2m > [22m[2mPOST /auth/register[2m > [22m[2mshould create verification token
[22m[39mVerification email sent to: verify-test@example.com

[90mstdout[2m | tests/integration/handlers/auth-handlers.test.js[2m > [22m[2mPOST /auth/register[2m > [22m[2mshould send verification email
[22m[39m[Payment] Free subscription created for user 55051906-ceae-47e3-b694-1acb864ec0e5

[90mstderr[2m | tests/integration/handlers/auth-handlers.test.js[2m > [22m[2mPOST /auth/register[2m > [22m[2mshould send verification email
[22m[39m[Email] RESEND_API_KEY not configured

[90mstdout[2m | tests/integration/handlers/auth-handlers.test.js[2m > [22m[2mPOST /auth/register[2m > [22m[2mshould send verification email
[22m[39mVerification email sent to: email-test@example.com

[90mstdout[2m | tests/integration/handlers/auth-handlers.test.js[2m > [22m[2mPOST /auth/register[2m > [22m[2mshould log registration event in audit log
[22m[39m[Payment] Free subscription created for user d1c29091-9217-48e2-b7d8-14775d2e4302

[90mstderr[2m | tests/integration/handlers/auth-handlers.test.js[2m > [22m[2mPOST /auth/register[2m > [22m[2mshould log registration event in audit log
[22m[39m[Email] RESEND_API_KEY not configured

[90mstdout[2m | tests/integration/handlers/auth-handlers.test.js[2m > [22m[2mPOST /auth/register[2m > [22m[2mshould log registration event in audit log
[22m[39mVerification email sent to: audit-test@example.com

[90mstdout[2m | tests/integration/handlers/auth-handlers.test.js[2m > [22m[2mPOST /auth/register[2m > [22m[2mshould set default role to author if not specified
[22m[39m[Payment] Free subscription created for user 453b877a-e24b-49de-bcb2-e1cef176fb78

[90mstderr[2m | tests/integration/handlers/auth-handlers.test.js[2m > [22m[2mPOST /auth/register[2m > [22m[2mshould set default role to author if not specified
[22m[39m[Email] RESEND_API_KEY not configured

[90mstdout[2m | tests/integration/handlers/auth-handlers.test.js[2m > [22m[2mPOST /auth/register[2m > [22m[2mshould set default role to author if not specified
[22m[39mVerification email sent to: default-role@example.com

[90mstdout[2m | tests/integration/handlers/auth-handlers.test.js[2m > [22m[2mPOST /auth/login[2m > [22m[2mshould reject login with wrong password
[22m[39m[Audit] Skipping audit log for login_failed - no valid user_id

[90mstdout[2m | tests/integration/handlers/auth-handlers.test.js[2m > [22m[2mPOST /auth/login[2m > [22m[2mshould reject login with non-existent email
[22m[39m[Audit] Skipping audit log for login_failed - no valid user_id

[90mstdout[2m | tests/integration/handlers/auth-handlers.test.js[2m > [22m[2mPOST /auth/login[2m > [22m[2mshould rate limit after 5 failed attempts
[22m[39m[Audit] Skipping audit log for login_failed - no valid user_id

[90mstdout[2m | tests/integration/handlers/auth-handlers.test.js[2m > [22m[2mPOST /auth/login[2m > [22m[2mshould rate limit after 5 failed attempts
[22m[39m[Audit] Skipping audit log for login_failed - no valid user_id

[90mstdout[2m | tests/integration/handlers/auth-handlers.test.js[2m > [22m[2mPOST /auth/login[2m > [22m[2mshould rate limit after 5 failed attempts
[22m[39m[Audit] Skipping audit log for login_failed - no valid user_id

[90mstdout[2m | tests/integration/handlers/auth-handlers.test.js[2m > [22m[2mPOST /auth/login[2m > [22m[2mshould rate limit after 5 failed attempts
[22m[39m[Audit] Skipping audit log for login_failed - no valid user_id

[90mstdout[2m | tests/integration/handlers/auth-handlers.test.js[2m > [22m[2mPOST /auth/login[2m > [22m[2mshould rate limit after 5 failed attempts
[22m[39m[Audit] Skipping audit log for login_failed - no valid user_id

[90mstdout[2m | tests/integration/handlers/auth-handlers.test.js[2m > [22m[2mPOST /auth/login[2m > [22m[2mshould log failed login attempts
[22m[39m[Audit] Skipping audit log for login_failed - no valid user_id

[90mstderr[2m | tests/integration/handlers/auth-handlers.test.js[2m > [22m[2mPOST /auth/request-password-reset[2m > [22m[2mshould create password reset token for valid email
[22m[39mFailed to send password reset email: Error: Failed to send email: <html>
<head><title>401 Authorization Required</title></head>
<body>
<center><h1>401 Authorization Required</h1></center>
<hr><center>nginx/1.27.1</center>
</body>
</html>

    at sendPasswordResetEmail [90m(D:\manuscript-platform\[39msrc\handlers\auth-handlers.js:792:11[90m)[39m
[90m    at processTicksAndRejections (node:internal/process/task_queues:105:5)[39m
    at Module.handlePasswordResetRequest [90m(D:\manuscript-platform\[39msrc\handlers\auth-handlers.js:522:7[90m)[39m
    at [90mD:\manuscript-platform\[39mtests\integration\handlers\auth-handlers.test.js:653:22
    at [90mfile:///D:/manuscript-platform/[39mnode_modules/[4m@vitest/runner[24m/dist/chunk-hooks.js:752:20

[90mstderr[2m | tests/integration/handlers/auth-handlers.test.js[2m > [22m[2mPOST /auth/request-password-reset[2m > [22m[2mshould send password reset email
[22m[39mFailed to send password reset email: Error: Failed to send email: <html>
<head><title>401 Authorization Required</title></head>
<body>
<center><h1>401 Authorization Required</h1></center>
<hr><center>nginx/1.27.1</center>
</body>
</html>

    at sendPasswordResetEmail [90m(D:\manuscript-platform\[39msrc\handlers\auth-handlers.js:792:11[90m)[39m
[90m    at processTicksAndRejections (node:internal/process/task_queues:105:5)[39m
    at Module.handlePasswordResetRequest [90m(D:\manuscript-platform\[39msrc\handlers\auth-handlers.js:522:7[90m)[39m
    at [90mD:\manuscript-platform\[39mtests\integration\handlers\auth-handlers.test.js:677:5
    at [90mfile:///D:/manuscript-platform/[39mnode_modules/[4m@vitest/runner[24m/dist/chunk-hooks.js:752:20

[90mstderr[2m | tests/integration/handlers/auth-handlers.test.js[2m > [22m[2mPOST /auth/request-password-reset[2m > [22m[2mshould rate limit password reset requests
[22m[39mFailed to send password reset email: Error: Failed to send email: <html>
<head><title>401 Authorization Required</title></head>
<body>
<center><h1>401 Authorization Required</h1></center>
<hr><center>nginx/1.27.1</center>
</body>
</html>

    at sendPasswordResetEmail [90m(D:\manuscript-platform\[39msrc\handlers\auth-handlers.js:792:11[90m)[39m
[90m    at processTicksAndRejections (node:internal/process/task_queues:105:5)[39m
    at Module.handlePasswordResetRequest [90m(D:\manuscript-platform\[39msrc\handlers\auth-handlers.js:522:7[90m)[39m
    at [90mD:\manuscript-platform\[39mtests\integration\handlers\auth-handlers.test.js:718:7
    at [90mfile:///D:/manuscript-platform/[39mnode_modules/[4m@vitest/runner[24m/dist/chunk-hooks.js:752:20

[90mstderr[2m | tests/integration/handlers/auth-handlers.test.js[2m > [22m[2mPOST /auth/request-password-reset[2m > [22m[2mshould rate limit password reset requests
[22m[39mFailed to send password reset email: Error: Failed to send email: <html>
<head><title>401 Authorization Required</title></head>
<body>
<center><h1>401 Authorization Required</h1></center>
<hr><center>nginx/1.27.1</center>
</body>
</html>

    at sendPasswordResetEmail [90m(D:\manuscript-platform\[39msrc\handlers\auth-handlers.js:792:11[90m)[39m
[90m    at processTicksAndRejections (node:internal/process/task_queues:105:5)[39m
    at Module.handlePasswordResetRequest [90m(D:\manuscript-platform\[39msrc\handlers\auth-handlers.js:522:7[90m)[39m
    at [90mD:\manuscript-platform\[39mtests\integration\handlers\auth-handlers.test.js:718:7
    at [90mfile:///D:/manuscript-platform/[39mnode_modules/[4m@vitest/runner[24m/dist/chunk-hooks.js:752:20

[90mstderr[2m | tests/integration/handlers/auth-handlers.test.js[2m > [22m[2mPOST /auth/request-password-reset[2m > [22m[2mshould rate limit password reset requests
[22m[39mFailed to send password reset email: Error: Failed to send email: <html>
<head><title>401 Authorization Required</title></head>
<body>
<center><h1>401 Authorization Required</h1></center>
<hr><center>nginx/1.27.1</center>
</body>
</html>

    at sendPasswordResetEmail [90m(D:\manuscript-platform\[39msrc\handlers\auth-handlers.js:792:11[90m)[39m
[90m    at processTicksAndRejections (node:internal/process/task_queues:105:5)[39m
    at Module.handlePasswordResetRequest [90m(D:\manuscript-platform\[39msrc\handlers\auth-handlers.js:522:7[90m)[39m
    at [90mD:\manuscript-platform\[39mtests\integration\handlers\auth-handlers.test.js:718:7
    at [90mfile:///D:/manuscript-platform/[39mnode_modules/[4m@vitest/runner[24m/dist/chunk-hooks.js:752:20

[90mstderr[2m | tests/integration/handlers/auth-handlers.test.js[2m > [22m[2mPOST /auth/request-password-reset[2m > [22m[2mshould rate limit password reset requests
[22m[39mFailed to send password reset email: Error: Failed to send email: <html>
<head><title>401 Authorization Required</title></head>
<body>
<center><h1>401 Authorization Required</h1></center>
<hr><center>nginx/1.27.1</center>
</body>
</html>

    at sendPasswordResetEmail [90m(D:\manuscript-platform\[39msrc\handlers\auth-handlers.js:792:11[90m)[39m
[90m    at processTicksAndRejections (node:internal/process/task_queues:105:5)[39m
    at Module.handlePasswordResetRequest [90m(D:\manuscript-platform\[39msrc\handlers\auth-handlers.js:522:7[90m)[39m
    at [90mD:\manuscript-platform\[39mtests\integration\handlers\auth-handlers.test.js:729:22
    at [90mfile:///D:/manuscript-platform/[39mnode_modules/[4m@vitest/runner[24m/dist/chunk-hooks.js:752:20

[90mstderr[2m | tests/integration/handlers/auth-handlers.test.js[2m > [22m[2mPOST /auth/request-password-reset[2m > [22m[2mshould normalize email to lowercase
[22m[39mFailed to send password reset email: Error: Failed to send email: <html>
<head><title>401 Authorization Required</title></head>
<body>
<center><h1>401 Authorization Required</h1></center>
<hr><center>nginx/1.27.1</center>
</body>
</html>

    at sendPasswordResetEmail [90m(D:\manuscript-platform\[39msrc\handlers\auth-handlers.js:792:11[90m)[39m
[90m    at processTicksAndRejections (node:internal/process/task_queues:105:5)[39m
    at Module.handlePasswordResetRequest [90m(D:\manuscript-platform\[39msrc\handlers\auth-handlers.js:522:7[90m)[39m
    at [90mD:\manuscript-platform\[39mtests\integration\handlers\auth-handlers.test.js:752:22
    at [90mfile:///D:/manuscript-platform/[39mnode_modules/[4m@vitest/runner[24m/dist/chunk-hooks.js:752:20

[90mstderr[2m | tests/integration/handlers/auth-handlers.test.js[2m > [22m[2mPOST /auth/request-password-reset[2m > [22m[2mshould log password reset request
[22m[39mFailed to send password reset email: Error: Failed to send email: <html>
<head><title>401 Authorization Required</title></head>
<body>
<center><h1>401 Authorization Required</h1></center>
<hr><center>nginx/1.27.1</center>
</body>
</html>

    at sendPasswordResetEmail [90m(D:\manuscript-platform\[39msrc\handlers\auth-handlers.js:792:11[90m)[39m
[90m    at processTicksAndRejections (node:internal/process/task_queues:105:5)[39m
    at Module.handlePasswordResetRequest [90m(D:\manuscript-platform\[39msrc\handlers\auth-handlers.js:522:7[90m)[39m
    at [90mD:\manuscript-platform\[39mtests\integration\handlers\auth-handlers.test.js:799:5
    at [90mfile:///D:/manuscript-platform/[39mnode_modules/[4m@vitest/runner[24m/dist/chunk-hooks.js:752:20

[90mstderr[2m | tests/integration/handlers/auth-handlers.test.js[2m > [22m[2mPOST /auth/resend-verification[2m > [22m[2mshould resend verification email for unverified user
[22m[39m[Email] RESEND_API_KEY not configured

[90mstdout[2m | tests/integration/handlers/auth-handlers.test.js[2m > [22m[2mPOST /auth/resend-verification[2m > [22m[2mshould resend verification email for unverified user
[22m[39mVerification email resent to: resend@example.com

[90mstderr[2m | tests/integration/handlers/auth-handlers.test.js[2m > [22m[2mPOST /auth/resend-verification[2m > [22m[2mshould rate limit resend requests
[22m[39m[Email] RESEND_API_KEY not configured

[90mstdout[2m | tests/integration/handlers/auth-handlers.test.js[2m > [22m[2mPOST /auth/resend-verification[2m > [22m[2mshould rate limit resend requests
[22m[39mVerification email resent to: resend@example.com

[90mstderr[2m | tests/integration/handlers/auth-handlers.test.js[2m > [22m[2mPOST /auth/resend-verification[2m > [22m[2mshould rate limit resend requests
[22m[39m[Email] RESEND_API_KEY not configured

[90mstdout[2m | tests/integration/handlers/auth-handlers.test.js[2m > [22m[2mPOST /auth/resend-verification[2m > [22m[2mshould rate limit resend requests
[22m[39mVerification email resent to: resend@example.com

[90mstderr[2m | tests/integration/handlers/auth-handlers.test.js[2m > [22m[2mPOST /auth/resend-verification[2m > [22m[2mshould rate limit resend requests
[22m[39m[Email] RESEND_API_KEY not configured

[90mstdout[2m | tests/integration/handlers/auth-handlers.test.js[2m > [22m[2mPOST /auth/resend-verification[2m > [22m[2mshould rate limit resend requests
[22m[39mVerification email resent to: resend@example.com

[90mstderr[2m | tests/integration/handlers/auth-handlers.test.js[2m > [22m[2mPOST /auth/resend-verification[2m > [22m[2mshould rate limit resend requests
[22m[39m[Email] RESEND_API_KEY not configured

[90mstdout[2m | tests/integration/handlers/auth-handlers.test.js[2m > [22m[2mPOST /auth/resend-verification[2m > [22m[2mshould rate limit resend requests
[22m[39mVerification email resent to: resend@example.com

[90mstdout[2m | tests/integration/handlers/auth-handlers.test.js
[22m[39m
ðŸ§¹ Tearing down test environment...

[90mstdout[2m | tests/integration/handlers/auth-handlers.test.js
[22m[39mâœ“ Test database cleaned

[90mstdout[2m | tests/integration/handlers/auth-handlers.test.js
[22m[39mâœ“ Database adapter closed

[90mstdout[2m | tests/integration/handlers/auth-handlers.test.js
[22m[39mâœ“ Test database disconnected

[90mstdout[2m | tests/integration/handlers/auth-handlers.test.js
[22m[39mâœ“ Test database cleaned up
âœ“ Test environment cleaned up


 [31mâ¯[39m tests/integration/handlers/auth-handlers.test.js [2m([22m[2m53 tests[22m[2m | [22m[31m22 failed[39m[2m)[22m[33m 105949[2mms[22m[39m
[31m   [31mÃ—[31m POST /auth/register[2m > [22mshould register a new user with valid credentials[39m[33m 1564[2mms[22m[39m
[31m     â†’ expected 'Registration successful. Please checkâ€¦' to match /registered successfully/i[39m
   [33m[2mâœ“[22m[39m POST /auth/register[2m > [22mshould reject registration with weak password [33m 1425[2mms[22m[39m
   [33m[2mâœ“[22m[39m POST /auth/register[2m > [22mshould reject registration with invalid email [33m 1430[2mms[22m[39m
   [33m[2mâœ“[22m[39m POST /auth/register[2m > [22mshould reject registration with duplicate email [33m 1833[2mms[22m[39m
   [33m[2mâœ“[22m[39m POST /auth/register[2m > [22mshould hash password with bcrypt [33m 2628[2mms[22m[39m
   [33m[2mâœ“[22m[39m POST /auth/register[2m > [22mshould normalize email to lowercase [33m 1499[2mms[22m[39m
[31m   [31mÃ—[31m POST /auth/register[2m > [22mshould create verification token[39m[33m 2052[2mms[22m[39m
[31m     â†’ expected +0 to be false // Object.is equality[39m
[31m   [31mÃ—[31m POST /auth/register[2m > [22mshould send verification email[39m[33m 1555[2mms[22m[39m
[31m     â†’ expected "spy" to be called with arguments: [ ObjectContaining{â€¦}, Any<Object> ][90m

Number of calls: [1m0[22m
[31m[39m
   [33m[2mâœ“[22m[39m POST /auth/register[2m > [22mshould log registration event in audit log [33m 1519[2mms[22m[39m
   [33m[2mâœ“[22m[39m POST /auth/register[2m > [22mshould set default role to author if not specified [33m 2158[2mms[22m[39m
   [33m[2mâœ“[22m[39m POST /auth/login[2m > [22mshould login with valid credentials [33m 2228[2mms[22m[39m
   [33m[2mâœ“[22m[39m POST /auth/login[2m > [22mshould reject login with wrong password [33m 2153[2mms[22m[39m
   [33m[2mâœ“[22m[39m POST /auth/login[2m > [22mshould reject login with non-existent email [33m 1480[2mms[22m[39m
   [33m[2mâœ“[22m[39m POST /auth/login[2m > [22mshould reject login with unverified email [33m 1652[2mms[22m[39m
   [33m[2mâœ“[22m[39m POST /auth/login[2m > [22mshould rate limit after 5 failed attempts [33m 1881[2mms[22m[39m
[31m   [31mÃ—[31m POST /auth/login[2m > [22mshould update last_login timestamp[39m[33m 3081[2mms[22m[39m
[31m     â†’ expected false to be true // Object.is equality[39m
[31m   [31mÃ—[31m POST /auth/login[2m > [22mshould create session in Redis[39m[33m 1814[2mms[22m[39m
[31m     â†’ expected undefined to be 'login-test@example.com' // Object.is equality[39m
   [33m[2mâœ“[22m[39m POST /auth/login[2m > [22mshould log successful login [33m 2006[2mms[22m[39m
[31m   [31mÃ—[31m POST /auth/login[2m > [22mshould log failed login attempts[39m[33m 1493[2mms[22m[39m
[31m     â†’ expected 0 to be greater than 0[39m
[31m   [31mÃ—[31m POST /auth/verify-email[2m > [22mshould verify email with valid token[39m[33m 1532[2mms[22m[39m
[31m     â†’ expected 400 to be 200 // Object.is equality[39m
   [33m[2mâœ“[22m[39m POST /auth/verify-email[2m > [22mshould reject invalid token [33m 1431[2mms[22m[39m
   [33m[2mâœ“[22m[39m POST /auth/verify-email[2m > [22mshould reject expired token [33m 2201[2mms[22m[39m
   [33m[2mâœ“[22m[39m POST /auth/verify-email[2m > [22mshould reject already used token [33m 1814[2mms[22m[39m
   [33m[2mâœ“[22m[39m POST /auth/verify-email[2m > [22mshould handle missing token [33m 1467[2mms[22m[39m
[31m   [31mÃ—[31m POST /auth/verify-email[2m > [22mshould log email verification event[39m[33m 2202[2mms[22m[39m
[31m     â†’ expected 0 to be greater than 0[39m
   [33m[2mâœ“[22m[39m POST /auth/request-password-reset[2m > [22mshould create password reset token for valid email [33m 2217[2mms[22m[39m
[31m   [31mÃ—[31m POST /auth/request-password-reset[2m > [22mshould send password reset email[39m[33m 1861[2mms[22m[39m
[31m     â†’ expected "spy" to be called with arguments: [ ObjectContaining{â€¦}, Any<Object> ][90m

Number of calls: [1m0[22m
[31m[39m
   [33m[2mâœ“[22m[39m POST /auth/request-password-reset[2m > [22mshould not reveal if email does not exist (security) [33m 2603[2mms[22m[39m
[31m   [31mÃ—[31m POST /auth/request-password-reset[2m > [22mshould rate limit password reset requests[39m[33m 2808[2mms[22m[39m
[31m     â†’ expected 200 to be 429 // Object.is equality[39m
   [33m[2mâœ“[22m[39m POST /auth/request-password-reset[2m > [22mshould normalize email to lowercase [33m 1680[2mms[22m[39m
   [33m[2mâœ“[22m[39m POST /auth/request-password-reset[2m > [22mshould reject invalid email format [33m 1549[2mms[22m[39m
[31m   [31mÃ—[31m POST /auth/request-password-reset[2m > [22mshould handle missing email[39m[33m 1471[2mms[22m[39m
[31m     â†’ expected 'Invalid email address' to match /email.*required/i[39m
   [33m[2mâœ“[22m[39m POST /auth/request-password-reset[2m > [22mshould log password reset request [33m 2681[2mms[22m[39m
[31m   [31mÃ—[31m POST /auth/reset-password[2m > [22mshould reset password with valid token[39m[33m 1613[2mms[22m[39m
[31m     â†’ expected 400 to be 200 // Object.is equality[39m
[31m   [31mÃ—[31m POST /auth/reset-password[2m > [22mshould mark reset token as used[39m[33m 1453[2mms[22m[39m
[31m     â†’ Cannot read properties of null (reading 'used')[39m
   [33m[2mâœ“[22m[39m POST /auth/reset-password[2m > [22mshould reject weak new password [33m 2510[2mms[22m[39m
   [33m[2mâœ“[22m[39m POST /auth/reset-password[2m > [22mshould reject invalid token [33m 1531[2mms[22m[39m
   [33m[2mâœ“[22m[39m POST /auth/reset-password[2m > [22mshould reject expired token [33m 1465[2mms[22m[39m
   [33m[2mâœ“[22m[39m POST /auth/reset-password[2m > [22mshould reject already used token [33m 2154[2mms[22m[39m
   [33m[2mâœ“[22m[39m POST /auth/reset-password[2m > [22mshould hash new password with bcrypt [33m 1946[2mms[22m[39m
[31m   [31mÃ—[31m POST /auth/reset-password[2m > [22mshould log password reset event[39m[33m 1500[2mms[22m[39m
[31m     â†’ expected 0 to be greater than 0[39m
[31m   [31mÃ—[31m POST /auth/logout[2m > [22mshould logout and destroy session[39m[33m 2337[2mms[22m[39m
[31m     â†’ expected 401 to be 200 // Object.is equality[39m
[31m   [31mÃ—[31m POST /auth/logout[2m > [22mshould clear session cookie[39m[33m 1533[2mms[22m[39m
[31m     â†’ the given combination of arguments (null and string) is invalid for this assertion. You can use an array, a map, an object, a set, a string, or a weakset instead of a string[39m
[31m   [31mÃ—[31m POST /auth/logout[2m > [22mshould log logout event[39m[33m 1491[2mms[22m[39m
[31m     â†’ expected 0 to be greater than 0[39m
[31m   [31mÃ—[31m GET /auth/me[2m > [22mshould return current user with valid session[39m[33m 1567[2mms[22m[39m
[31m     â†’ expected 401 to be 200 // Object.is equality[39m
   [33m[2mâœ“[22m[39m GET /auth/me[2m > [22mshould not return password hash [33m 2718[2mms[22m[39m
   [33m[2mâœ“[22m[39m GET /auth/me[2m > [22mshould reject request without session [33m 1453[2mms[22m[39m
   [33m[2mâœ“[22m[39m GET /auth/me[2m > [22mshould reject request with invalid session [33m 1661[2mms[22m[39m
[31m   [31mÃ—[31m GET /auth/me[2m > [22mshould return email verification status[39m[33m 2097[2mms[22m[39m
[31m     â†’ expected undefined to be defined[39m
[31m   [31mÃ—[31m POST /auth/resend-verification[2m > [22mshould resend verification email for unverified user[39m[33m 1524[2mms[22m[39m
[31m     â†’ expected "spy" to be called with arguments: [ ObjectContaining{â€¦}, Any<Object> ][90m

Number of calls: [1m0[22m
[31m[39m
[31m   [31mÃ—[31m POST /auth/resend-verification[2m > [22mshould reject resend for already verified user[39m[33m 1662[2mms[22m[39m
[31m     â†’ expected 409 to be 400 // Object.is equality[39m
[31m   [31mÃ—[31m POST /auth/resend-verification[2m > [22mshould rate limit resend requests[39m[33m 3115[2mms[22m[39m
[31m     â†’ expected 200 to be 429 // Object.is equality[39m
   [33m[2mâœ“[22m[39m POST /auth/resend-verification[2m > [22mshould not reveal if email does not exist (security) [33m 1595[2mms[22m[39m
[90mstdout[2m | tests/unit/test-helpers.test.js
[22m[39m[dotenv@17.2.3] injecting env (0) from .env.local -- tip: âš™ï¸  enable debug logging with { debug: true }

[90mstdout[2m | tests/unit/test-helpers.test.js
[22m[39m
ðŸ§ª Setting up test environment...

[90mstdout[2m | tests/unit/test-helpers.test.js
[22m[39mâœ“ Test database connected

[90mstdout[2m | tests/unit/test-helpers.test.js
[22m[39m  Applying base schema...

[90mstdout[2m | tests/unit/test-helpers.test.js
[22m[39m  âœ“ Schema and migrations applied

[90mstdout[2m | tests/unit/test-helpers.test.js
[22m[39mâœ“ Migrations applied
âœ“ Database adapter created (D1-compatible interface)

[90mstdout[2m | tests/unit/test-helpers.test.js
[22m[39mâœ“ Test database initialized
Initializing adapters...
âœ“ Database adapter initialized
âœ“ Storage adapter initialized
âš  Running in test mode without Redis - using in-memory session store

[90mstdout[2m | tests/unit/test-helpers.test.js
[22m[39mâœ“ Session store initialized
âœ“ Cache adapter initialized
âœ“ Queue service initialized
âœ“ Environment initialized
âœ“ Session middleware applied
[VirusScanner] Initializing ClamAV at localhost:3310...

[90mstdout[2m | tests/unit/test-helpers.test.js
[22m[39mâœ“ Server adapters initialized
âœ“ Test environment ready


[90mstderr[2m | tests/unit/test-helpers.test.js[2m > [22m[2mMock Factories[2m > [22m[2mStorage Adapter Mock[2m > [22m[2mshould put and get objects
[22m[39m[VirusScanner] Failed to initialize: 

[90mstderr[2m | tests/unit/test-helpers.test.js[2m > [22m[2mMock Factories[2m > [22m[2mStorage Adapter Mock[2m > [22m[2mshould put and get objects
[22m[39mâš  Virus scanner initialization failed (uploads will continue without scanning)

[90mstdout[2m | tests/unit/test-helpers.test.js
[22m[39m
ðŸ§¹ Tearing down test environment...

[90mstdout[2m | tests/unit/test-helpers.test.js
[22m[39mâœ“ Test database cleaned

[90mstdout[2m | tests/unit/test-helpers.test.js
[22m[39mâœ“ Database adapter closed

[90mstdout[2m | tests/unit/test-helpers.test.js
[22m[39mâœ“ Test database disconnected

[90mstdout[2m | tests/unit/test-helpers.test.js
[22m[39mâœ“ Test database cleaned up
âœ“ Test environment cleaned up


 [31mâ¯[39m tests/unit/test-helpers.test.js [2m([22m[2m24 tests[22m[2m | [22m[31m4 failed[39m[2m)[22m[33m 48900[2mms[22m[39m
   [33m[2mâœ“[22m[39m Mock Factories[2m > [22mStorage Adapter Mock[2m > [22mshould put and get objects [33m 1423[2mms[22m[39m
   [33m[2mâœ“[22m[39m Mock Factories[2m > [22mStorage Adapter Mock[2m > [22mshould delete objects [33m 1431[2mms[22m[39m
   [33m[2mâœ“[22m[39m Mock Factories[2m > [22mStorage Adapter Mock[2m > [22mshould list objects by prefix [33m 1492[2mms[22m[39m
   [33m[2mâœ“[22m[39m Mock Factories[2m > [22mRedis Mock[2m > [22mshould set and get values [33m 1418[2mms[22m[39m
   [33m[2mâœ“[22m[39m Mock Factories[2m > [22mRedis Mock[2m > [22mshould set values with expiration [33m 1355[2mms[22m[39m
   [33m[2mâœ“[22m[39m Mock Factories[2m > [22mRedis Mock[2m > [22mshould delete keys [33m 1518[2mms[22m[39m
   [33m[2mâœ“[22m[39m Mock Factories[2m > [22mRedis Mock[2m > [22mshould increment values [33m 2044[2mms[22m[39m
   [33m[2mâœ“[22m[39m Mock Factories[2m > [22mClaude API Mock[2m > [22mshould return mock AI responses [33m 2218[2mms[22m[39m
   [33m[2mâœ“[22m[39m Mock Factories[2m > [22mClaude API Mock[2m > [22mshould include custom response text [33m 1819[2mms[22m[39m
   [33m[2mâœ“[22m[39m Mock Factories[2m > [22mEmail Service Mock[2m > [22mshould track sent emails [33m 1381[2mms[22m[39m
   [33m[2mâœ“[22m[39m Mock Factories[2m > [22mEmail Service Mock[2m > [22mshould find emails by recipient [33m 1406[2mms[22m[39m
   [33m[2mâœ“[22m[39m Mock Factories[2m > [22mEmail Service Mock[2m > [22mshould clear sent emails [33m 1558[2mms[22m[39m
   [33m[2mâœ“[22m[39m Mock Factories[2m > [22mStripe Mock[2m > [22mshould create checkout sessions [33m 2153[2mms[22m[39m
   [33m[2mâœ“[22m[39m Mock Factories[2m > [22mStripe Mock[2m > [22mshould create payment intents [33m 2231[2mms[22m[39m
   [33m[2mâœ“[22m[39m Mock Factories[2m > [22mStripe Mock[2m > [22mshould construct webhook events [33m 1423[2mms[22m[39m
[31m   [31mÃ—[31m Test Data Factories[2m > [22mUser Factory[2m > [22mshould create valid user data[39m[33m 1990[2mms[22m[39m
[31m     â†’ expected undefined to be truthy[39m
[31m   [31mÃ—[31m Test Data Factories[2m > [22mUser Factory[2m > [22mshould accept overrides[39m[33m 1463[2mms[22m[39m
[31m     â†’ expected undefined to be 'custom@test.com' // Object.is equality[39m
[31m   [31mÃ—[31m Test Data Factories[2m > [22mManuscript Factory[2m > [22mshould create valid manuscript data[39m[33m 1532[2mms[22m[39m
[31m     â†’ expected undefined to be truthy[39m
   [33m[2mâœ“[22m[39m Test Data Factories[2m > [22mManuscript Factory[2m > [22mshould accept overrides [33m 2637[2mms[22m[39m
   [33m[2mâœ“[22m[39m Test Data Factories[2m > [22mAnalysis Factory[2m > [22mshould create valid analysis data [33m 1396[2mms[22m[39m
   [33m[2mâœ“[22m[39m Test Data Factories[2m > [22mAnalysis Factory[2m > [22mshould include result JSON [33m 1530[2mms[22m[39m
[31m   [31mÃ—[31m Test Data Factories[2m > [22mPayment Factory[2m > [22mshould create valid payment data[39m[33m 2070[2mms[22m[39m
[31m     â†’ .toMatch() expects to receive a string, but got undefined[39m
   [33m[2mâœ“[22m[39m Test Data Factories[2m > [22mUtility Functions[2m > [22mshould generate unique email addresses [33m 1709[2mms[22m[39m
   [33m[2mâœ“[22m[39m Test Data Factories[2m > [22mUtility Functions[2m > [22mshould generate unique IDs [33m 1711[2mms[22m[39m
[90mstdout[2m | tests/integration/infrastructure.test.js
[22m[39m[dotenv@17.2.3] injecting env (0) from .env.local -- tip: âš™ï¸  write to custom object with { processEnv: myObject }

[90mstdout[2m | tests/integration/infrastructure.test.js
[22m[39m
ðŸ§ª Setting up test environment...

[90mstdout[2m | tests/integration/infrastructure.test.js
[22m[39mâœ“ Test database connected

[90mstdout[2m | tests/integration/infrastructure.test.js
[22m[39m  Applying base schema...

[90mstdout[2m | tests/integration/infrastructure.test.js
[22m[39m  âœ“ Schema and migrations applied

[90mstdout[2m | tests/integration/infrastructure.test.js
[22m[39mâœ“ Migrations applied
âœ“ Database adapter created (D1-compatible interface)

[90mstdout[2m | tests/integration/infrastructure.test.js
[22m[39mâœ“ Test database initialized
Initializing adapters...
âœ“ Database adapter initialized
âœ“ Storage adapter initialized
âš  Running in test mode without Redis - using in-memory session store

[90mstdout[2m | tests/integration/infrastructure.test.js
[22m[39mâœ“ Session store initialized
âœ“ Cache adapter initialized
âœ“ Queue service initialized
âœ“ Environment initialized
âœ“ Session middleware applied
[VirusScanner] Initializing ClamAV at localhost:3310...

[90mstdout[2m | tests/integration/infrastructure.test.js
[22m[39mâœ“ Server adapters initialized
âœ“ Test environment ready


[90mstderr[2m | tests/integration/infrastructure.test.js[2m > [22m[2mTest Infrastructure[2m > [22m[2mDatabase Utilities[2m > [22m[2mshould insert and retrieve test records
[22m[39m[VirusScanner] Failed to initialize: 

[90mstderr[2m | tests/integration/infrastructure.test.js[2m > [22m[2mTest Infrastructure[2m > [22m[2mDatabase Utilities[2m > [22m[2mshould insert and retrieve test records
[22m[39mâš  Virus scanner initialization failed (uploads will continue without scanning)

[0mGET /health [32m200[0m 8.806 ms - 105[0m
[90mstdout[2m | tests/integration/infrastructure.test.js
[22m[39m
ðŸ§¹ Tearing down test environment...

[90mstdout[2m | tests/integration/infrastructure.test.js
[22m[39mâœ“ Test database cleaned

[90mstdout[2m | tests/integration/infrastructure.test.js
[22m[39mâœ“ Database adapter closed

[90mstdout[2m | tests/integration/infrastructure.test.js
[22m[39mâœ“ Test database disconnected

[90mstdout[2m | tests/integration/infrastructure.test.js
[22m[39mâœ“ Test database cleaned up
âœ“ Test environment cleaned up


 [31mâ¯[39m tests/integration/infrastructure.test.js [2m([22m[2m13 tests[22m[2m | [22m[31m7 failed[39m[2m)[22m[33m 32260[2mms[22m[39m
[31m   [31mÃ—[31m Test Infrastructure[2m > [22mDatabase Utilities[2m > [22mshould insert and retrieve test records[39m[33m 1635[2mms[22m[39m
[31m     â†’ syntax error at or near ")"[39m
[31m   [31mÃ—[31m Test Infrastructure[2m > [22mDatabase Utilities[2m > [22mshould count test records[39m[33m 1639[2mms[22m[39m
[31m     â†’ syntax error at or near ")"[39m
   [33m[2mâœ“[22m[39m Test Infrastructure[2m > [22mDatabase Utilities[2m > [22mshould reset database between tests [33m 1641[2mms[22m[39m
   [33m[2mâœ“[22m[39m Test Infrastructure[2m > [22mAPI Client[2m > [22mshould make HTTP requests [33m 1631[2mms[22m[39m
   [33m[2mâœ“[22m[39m Test Infrastructure[2m > [22mMock Factories[2m > [22mshould create mock Redis client [33m 2787[2mms[22m[39m
   [33m[2mâœ“[22m[39m Test Infrastructure[2m > [22mMock Factories[2m > [22mshould create mock Redis client with expiration [33m 2115[2mms[22m[39m
[31m   [31mÃ—[31m Test Infrastructure[2m > [22mMock Factories[2m > [22mshould create mock storage adapter[39m[33m 2356[2mms[22m[39m
[31m     â†’ The first argument must be of type string or an instance of Buffer, ArrayBuffer, or Array or an Array-like Object. Received undefined[39m
[31m   [31mÃ—[31m Test Infrastructure[2m > [22mTest Data Factories[2m > [22mshould create test user data[39m[33m 1714[2mms[22m[39m
[31m     â†’ expected undefined to be truthy[39m
[31m   [31mÃ—[31m Test Infrastructure[2m > [22mTest Data Factories[2m > [22mshould create test user with overrides[39m[33m 1591[2mms[22m[39m
[31m     â†’ expected undefined to be 'custom@example.com' // Object.is equality[39m
   [33m[2mâœ“[22m[39m Test Infrastructure[2m > [22mTest Data Factories[2m > [22mshould create test manuscript data [33m 2366[2mms[22m[39m
   [33m[2mâœ“[22m[39m Test Infrastructure[2m > [22mTest Data Factories[2m > [22mshould generate unique test emails [33m 2172[2mms[22m[39m
[31m   [31mÃ—[31m Test Infrastructure[2m > [22mIntegration: Factories + Database[2m > [22mshould insert factory-generated user into database[39m[33m 2288[2mms[22m[39m
[31m     â†’ syntax error at or near ")"[39m
[31m   [31mÃ—[31m Test Infrastructure[2m > [22mIntegration: Factories + Database[2m > [22mshould insert factory-generated manuscript into database[39m[33m 1774[2mms[22m[39m
[31m     â†’ syntax error at or near ")"[39m
[90mstdout[2m | tests/document-generation.test.js
[22m[39m[dotenv@17.2.3] injecting env (0) from .env.local -- tip: ðŸ” encrypt with Dotenvx: https://dotenvx.com

[90mstdout[2m | tests/document-generation.test.js
[22m[39m
ðŸ§ª Setting up test environment...

[90mstdout[2m | tests/document-generation.test.js
[22m[39mâœ“ Test database connected

[90mstdout[2m | tests/document-generation.test.js
[22m[39m  Applying base schema...

[90mstdout[2m | tests/document-generation.test.js
[22m[39m  âœ“ Schema and migrations applied

[90mstdout[2m | tests/document-generation.test.js
[22m[39mâœ“ Migrations applied
âœ“ Database adapter created (D1-compatible interface)

[90mstdout[2m | tests/document-generation.test.js
[22m[39mâœ“ Test database initialized
Initializing adapters...
âœ“ Database adapter initialized
âœ“ Storage adapter initialized
âš  Running in test mode without Redis - using in-memory session store

[90mstdout[2m | tests/document-generation.test.js
[22m[39mâœ“ Session store initialized
âœ“ Cache adapter initialized
âœ“ Queue service initialized
âœ“ Environment initialized
âœ“ Session middleware applied
[VirusScanner] Initializing ClamAV at localhost:3310...

[90mstdout[2m | tests/document-generation.test.js
[22m[39mâœ“ Server adapters initialized
âœ“ Test environment ready


[90mstderr[2m | tests/document-generation.test.js[2m > [22m[2mDocument Generation[2m > [22m[2mQuery Letter Generation[2m > [22m[2mshould generate query letter within word count range
[22m[39m[VirusScanner] Failed to initialize: 

[90mstderr[2m | tests/document-generation.test.js[2m > [22m[2mDocument Generation[2m > [22m[2mQuery Letter Generation[2m > [22m[2mshould generate query letter within word count range
[22m[39mâš  Virus scanner initialization failed (uploads will continue without scanning)

[90mstdout[2m | tests/document-generation.test.js
[22m[39m
ðŸ§¹ Tearing down test environment...

[90mstdout[2m | tests/document-generation.test.js
[22m[39mâœ“ Test database cleaned

[90mstdout[2m | tests/document-generation.test.js
[22m[39mâœ“ Database adapter closed

[90mstdout[2m | tests/document-generation.test.js
[22m[39mâœ“ Test database disconnected

[90mstdout[2m | tests/document-generation.test.js
[22m[39mâœ“ Test database cleaned up
âœ“ Test environment cleaned up


 [32mâœ“[39m tests/document-generation.test.js [2m([22m[2m27 tests[22m[2m)[22m[33m 57198[2mms[22m[39m
   [33m[2mâœ“[22m[39m Document Generation[2m > [22mQuery Letter Generation[2m > [22mshould generate query letter within word count range [33m 1897[2mms[22m[39m
   [33m[2mâœ“[22m[39m Document Generation[2m > [22mQuery Letter Generation[2m > [22mshould include essential query letter components [33m 2063[2mms[22m[39m
   [33m[2mâœ“[22m[39m Document Generation[2m > [22mQuery Letter Generation[2m > [22mshould validate query letter structure [33m 1503[2mms[22m[39m
   [33m[2mâœ“[22m[39m Document Generation[2m > [22mQuery Letter Generation[2m > [22mshould reject query letters that are too short [33m 1453[2mms[22m[39m
   [33m[2mâœ“[22m[39m Document Generation[2m > [22mQuery Letter Generation[2m > [22mshould reject query letters that are too long [33m 1369[2mms[22m[39m
   [33m[2mâœ“[22m[39m Document Generation[2m > [22mSynopsis Generation[2m > [22mshould generate short synopsis at 500 words [33m 2847[2mms[22m[39m
   [33m[2mâœ“[22m[39m Document Generation[2m > [22mSynopsis Generation[2m > [22mshould generate long synopsis at 2500 words [33m 1397[2mms[22m[39m
   [33m[2mâœ“[22m[39m Document Generation[2m > [22mSynopsis Generation[2m > [22mshould include beginning, middle, and end [33m 1784[2mms[22m[39m
   [33m[2mâœ“[22m[39m Document Generation[2m > [22mSynopsis Generation[2m > [22mshould reveal ending (unlike blurb) [33m 1410[2mms[22m[39m
   [33m[2mâœ“[22m[39m Document Generation[2m > [22mSynopsis Generation[2m > [22mshould maintain chronological order [33m 2415[2mms[22m[39m
   [33m[2mâœ“[22m[39m Document Generation[2m > [22mVersion Management[2m > [22mshould create new version on update [33m 2202[2mms[22m[39m
   [33m[2mâœ“[22m[39m Document Generation[2m > [22mVersion Management[2m > [22mshould track version metadata [33m 1400[2mms[22m[39m
   [33m[2mâœ“[22m[39m Document Generation[2m > [22mVersion Management[2m > [22mshould allow rollback to previous version [33m 1620[2mms[22m[39m
   [33m[2mâœ“[22m[39m Document Generation[2m > [22mVersion Management[2m > [22mshould maintain version history after rollback [33m 1525[2mms[22m[39m
   [33m[2mâœ“[22m[39m Document Generation[2m > [22mDocument Validation[2m > [22mshould validate document type [33m 1852[2mms[22m[39m
   [33m[2mâœ“[22m[39m Document Generation[2m > [22mDocument Validation[2m > [22mshould reject invalid document type [33m 1406[2mms[22m[39m
   [33m[2mâœ“[22m[39m Document Generation[2m > [22mDocument Validation[2m > [22mshould validate required fields [33m 1359[2mms[22m[39m
   [33m[2mâœ“[22m[39m Document Generation[2m > [22mDocument Validation[2m > [22mshould calculate word count accurately [33m 2689[2mms[22m[39m
   [33m[2mâœ“[22m[39m Document Generation[2m > [22mDocument Validation[2m > [22mshould handle empty document [33m 2206[2mms[22m[39m
   [33m[2mâœ“[22m[39m Document Generation[2m > [22mAI Generation Metadata[2m > [22mshould track generation parameters [33m 1818[2mms[22m[39m
   [33m[2mâœ“[22m[39m Document Generation[2m > [22mAI Generation Metadata[2m > [22mshould calculate cost based on token usage [33m 1470[2mms[22m[39m
   [33m[2mâœ“[22m[39m Document Generation[2m > [22mBatch Generation[2m > [22mshould generate all document types at once [33m 1427[2mms[22m[39m
   [33m[2mâœ“[22m[39m Document Generation[2m > [22mBatch Generation[2m > [22mshould track individual generation status [33m 1375[2mms[22m[39m
   [33m[2mâœ“[22m[39m Document Generation[2m > [22mEdge Cases[2m > [22mshould handle very short manuscript title [33m 1748[2mms[22m[39m
   [33m[2mâœ“[22m[39m Document Generation[2m > [22mEdge Cases[2m > [22mshould handle very long manuscript title [33m 2067[2mms[22m[39m
   [33m[2mâœ“[22m[39m Document Generation[2m > [22mEdge Cases[2m > [22mshould handle special characters in content [33m 1629[2mms[22m[39m
   [33m[2mâœ“[22m[39m Document Generation[2m > [22mEdge Cases[2m > [22mshould handle unicode characters [33m 1537[2mms[22m[39m
[90mstdout[2m | tests/error-handling.test.js
[22m[39m[dotenv@17.2.3] injecting env (0) from .env.local -- tip: âš™ï¸  override existing env vars with { override: true }

[90mstdout[2m | tests/error-handling.test.js
[22m[39m
ðŸ§ª Setting up test environment...

[90mstdout[2m | tests/error-handling.test.js
[22m[39mâœ“ Test database connected

[90mstdout[2m | tests/error-handling.test.js
[22m[39m  Applying base schema...

[90mstdout[2m | tests/error-handling.test.js
[22m[39m  âœ“ Schema and migrations applied

[90mstdout[2m | tests/error-handling.test.js
[22m[39mâœ“ Migrations applied
âœ“ Database adapter created (D1-compatible interface)

[90mstdout[2m | tests/error-handling.test.js
[22m[39mâœ“ Test database initialized
Initializing adapters...
âœ“ Database adapter initialized
âœ“ Storage adapter initialized
âš  Running in test mode without Redis - using in-memory session store

[90mstdout[2m | tests/error-handling.test.js
[22m[39mâœ“ Session store initialized
âœ“ Cache adapter initialized
âœ“ Queue service initialized
âœ“ Environment initialized
âœ“ Session middleware applied
[VirusScanner] Initializing ClamAV at localhost:3310...

[90mstdout[2m | tests/error-handling.test.js
[22m[39mâœ“ Server adapters initialized
âœ“ Test environment ready


[90mstderr[2m | tests/error-handling.test.js[2m > [22m[2mError Handling[2m > [22m[2mError Classes[2m > [22m[2mshould create AppError with correct properties
[22m[39m[VirusScanner] Failed to initialize: 

[90mstderr[2m | tests/error-handling.test.js[2m > [22m[2mError Handling[2m > [22m[2mError Classes[2m > [22m[2mshould create AppError with correct properties
[22m[39mâš  Virus scanner initialization failed (uploads will continue without scanning)

[90mstdout[2m | tests/error-handling.test.js
[22m[39m
ðŸ§¹ Tearing down test environment...

[90mstdout[2m | tests/error-handling.test.js
[22m[39mâœ“ Test database cleaned

[90mstdout[2m | tests/error-handling.test.js
[22m[39mâœ“ Database adapter closed

[90mstdout[2m | tests/error-handling.test.js
[22m[39mâœ“ Test database disconnected

[90mstdout[2m | tests/error-handling.test.js
[22m[39mâœ“ Test database cleaned up
âœ“ Test environment cleaned up


 [32mâœ“[39m tests/error-handling.test.js [2m([22m[2m24 tests[22m[2m)[22m[33m 51243[2mms[22m[39m
   [33m[2mâœ“[22m[39m Error Handling[2m > [22mError Classes[2m > [22mshould create AppError with correct properties [33m 1492[2mms[22m[39m
   [33m[2mâœ“[22m[39m Error Handling[2m > [22mError Classes[2m > [22mshould serialize AppError to JSON correctly [33m 1422[2mms[22m[39m
   [33m[2mâœ“[22m[39m Error Handling[2m > [22mError Classes[2m > [22mshould create AuthenticationError with 401 status [33m 1435[2mms[22m[39m
   [33m[2mâœ“[22m[39m Error Handling[2m > [22mError Classes[2m > [22mshould create AuthorizationError with 403 status [33m 2036[2mms[22m[39m
   [33m[2mâœ“[22m[39m Error Handling[2m > [22mError Classes[2m > [22mshould create ValidationError with 400 status [33m 2478[2mms[22m[39m
   [33m[2mâœ“[22m[39m Error Handling[2m > [22mError Classes[2m > [22mshould create NotFoundError with 404 status [33m 1452[2mms[22m[39m
   [33m[2mâœ“[22m[39m Error Handling[2m > [22mError Classes[2m > [22mshould create RateLimitError with 429 status [33m 1699[2mms[22m[39m
   [33m[2mâœ“[22m[39m Error Handling[2m > [22mError Classes[2m > [22mshould create ConflictError with 409 status [33m 1603[2mms[22m[39m
   [33m[2mâœ“[22m[39m Error Handling[2m > [22mError Classes[2m > [22mshould create ServerError with 500 status [33m 1401[2mms[22m[39m
   [33m[2mâœ“[22m[39m Error Handling[2m > [22mError Classes[2m > [22mshould create ExternalServiceError with service name [33m 4524[2mms[22m[39m
   [33m[2mâœ“[22m[39m Error Handling[2m > [22mcreateErrorResponse[2m > [22mshould create Response with correct status and JSON [33m 1438[2mms[22m[39m
   [33m[2mâœ“[22m[39m Error Handling[2m > [22mcreateErrorResponse[2m > [22mshould handle generic Error objects [33m 1454[2mms[22m[39m
   [33m[2mâœ“[22m[39m Error Handling[2m > [22mcreateErrorResponse[2m > [22mshould include Retry-After header for rate limit errors [33m 1431[2mms[22m[39m
   [33m[2mâœ“[22m[39m Error Handling[2m > [22mcreateErrorResponse[2m > [22mshould merge additional headers [33m 1422[2mms[22m[39m
   [33m[2mâœ“[22m[39m Error Handling[2m > [22mAssertion Helpers[2m > [22massert should not throw when condition is true [33m 1502[2mms[22m[39m
   [33m[2mâœ“[22m[39m Error Handling[2m > [22mAssertion Helpers[2m > [22massert should throw ValidationError when condition is false [33m 1466[2mms[22m[39m
   [33m[2mâœ“[22m[39m Error Handling[2m > [22mAssertion Helpers[2m > [22massert should include details in error [33m 2384[2mms[22m[39m
   [33m[2mâœ“[22m[39m Error Handling[2m > [22mAssertion Helpers[2m > [22massertAuthenticated should not throw when userId exists [33m 1821[2mms[22m[39m
   [33m[2mâœ“[22m[39m Error Handling[2m > [22mAssertion Helpers[2m > [22massertAuthenticated should throw when userId is null [33m 2002[2mms[22m[39m
   [33m[2mâœ“[22m[39m Error Handling[2m > [22mAssertion Helpers[2m > [22massertAuthenticated should throw when userId is undefined [33m 1690[2mms[22m[39m
   [33m[2mâœ“[22m[39m Error Handling[2m > [22mAssertion Helpers[2m > [22massertAuthorized should not throw when permission is true [33m 1462[2mms[22m[39m
   [33m[2mâœ“[22m[39m Error Handling[2m > [22mAssertion Helpers[2m > [22massertAuthorized should throw when permission is false [33m 1468[2mms[22m[39m
   [33m[2mâœ“[22m[39m Error Handling[2m > [22mError Inheritance[2m > [22mshould maintain instanceof relationships [33m 1822[2mms[22m[39m
   [33m[2mâœ“[22m[39m Error Handling[2m > [22mError Inheritance[2m > [22mshould have correct error names [33m 1973[2mms[22m[39m
[90mstdout[2m | tests/metadata-handlers.test.js
[22m[39m[dotenv@17.2.3] injecting env (0) from .env.local -- tip: ðŸ› ï¸  run anywhere with `dotenvx run -- yourcommand`

[90mstdout[2m | tests/metadata-handlers.test.js
[22m[39m
ðŸ§ª Setting up test environment...

[90mstdout[2m | tests/metadata-handlers.test.js
[22m[39mâœ“ Test database connected

[90mstdout[2m | tests/metadata-handlers.test.js
[22m[39m  Applying base schema...

[90mstdout[2m | tests/metadata-handlers.test.js
[22m[39m  âœ“ Schema and migrations applied

[90mstdout[2m | tests/metadata-handlers.test.js
[22m[39mâœ“ Migrations applied
âœ“ Database adapter created (D1-compatible interface)

[90mstdout[2m | tests/metadata-handlers.test.js
[22m[39mâœ“ Test database initialized
Initializing adapters...
âœ“ Database adapter initialized
âœ“ Storage adapter initialized
âš  Running in test mode without Redis - using in-memory session store

[90mstdout[2m | tests/metadata-handlers.test.js
[22m[39mâœ“ Session store initialized
âœ“ Cache adapter initialized
âœ“ Queue service initialized
âœ“ Environment initialized
âœ“ Session middleware applied
[VirusScanner] Initializing ClamAV at localhost:3310...

[90mstdout[2m | tests/metadata-handlers.test.js
[22m[39mâœ“ Server adapters initialized
âœ“ Test environment ready


[90mstderr[2m | tests/metadata-handlers.test.js[2m > [22m[2mEnhanced Metadata Handlers[2m > [22m[2mGenre Validation[2m > [22m[2mshould validate word count for romance novel
[22m[39m[VirusScanner] Failed to initialize: 

[90mstderr[2m | tests/metadata-handlers.test.js[2m > [22m[2mEnhanced Metadata Handlers[2m > [22m[2mGenre Validation[2m > [22m[2mshould validate word count for romance novel
[22m[39mâš  Virus scanner initialization failed (uploads will continue without scanning)

[90mstdout[2m | tests/metadata-handlers.test.js
[22m[39m
ðŸ§¹ Tearing down test environment...

[90mstdout[2m | tests/metadata-handlers.test.js
[22m[39mâœ“ Test database cleaned

[90mstdout[2m | tests/metadata-handlers.test.js
[22m[39mâœ“ Database adapter closed

[90mstdout[2m | tests/metadata-handlers.test.js
[22m[39mâœ“ Test database disconnected

[90mstdout[2m | tests/metadata-handlers.test.js
[22m[39mâœ“ Test database cleaned up
âœ“ Test environment cleaned up


 [32mâœ“[39m tests/metadata-handlers.test.js [2m([22m[2m21 tests[22m[2m)[22m[33m 41801[2mms[22m[39m
   [33m[2mâœ“[22m[39m Enhanced Metadata Handlers[2m > [22mGenre Validation[2m > [22mshould validate word count for romance novel [33m 1439[2mms[22m[39m
   [33m[2mâœ“[22m[39m Enhanced Metadata Handlers[2m > [22mGenre Validation[2m > [22mshould flag word count outside genre norms [33m 1504[2mms[22m[39m
   [33m[2mâœ“[22m[39m Enhanced Metadata Handlers[2m > [22mGenre Validation[2m > [22mshould accept novella word counts for appropriate genres [33m 1622[2mms[22m[39m
   [33m[2mâœ“[22m[39m Enhanced Metadata Handlers[2m > [22mContent Warning Validation[2m > [22mshould validate content warning categories [33m 2072[2mms[22m[39m
   [33m[2mâœ“[22m[39m Enhanced Metadata Handlers[2m > [22mContent Warning Validation[2m > [22mshould validate severity levels [33m 1404[2mms[22m[39m
   [33m[2mâœ“[22m[39m Enhanced Metadata Handlers[2m > [22mContent Warning Validation[2m > [22mshould handle multiple content warnings [33m 1502[2mms[22m[39m
   [33m[2mâœ“[22m[39m Enhanced Metadata Handlers[2m > [22mMetadata Structure[2m > [22mshould validate primary genre and subgenres [33m 2191[2mms[22m[39m
   [33m[2mâœ“[22m[39m Enhanced Metadata Handlers[2m > [22mMetadata Structure[2m > [22mshould validate age category [33m 1570[2mms[22m[39m
   [33m[2mâœ“[22m[39m Enhanced Metadata Handlers[2m > [22mMetadata Structure[2m > [22mshould validate manuscript status [33m 1430[2mms[22m[39m
   [33m[2mâœ“[22m[39m Enhanced Metadata Handlers[2m > [22mMetadata Structure[2m > [22mshould validate series information [33m 2248[2mms[22m[39m
   [33m[2mâœ“[22m[39m Enhanced Metadata Handlers[2m > [22mMetadata History Tracking[2m > [22mshould record metadata changes with timestamp [33m 1569[2mms[22m[39m
   [33m[2mâœ“[22m[39m Enhanced Metadata Handlers[2m > [22mMetadata History Tracking[2m > [22mshould track multiple change types [33m 1369[2mms[22m[39m
   [33m[2mâœ“[22m[39m Enhanced Metadata Handlers[2m > [22mGenre Hierarchy[2m > [22mshould validate parent-child genre relationships [33m 2135[2mms[22m[39m
   [33m[2mâœ“[22m[39m Enhanced Metadata Handlers[2m > [22mGenre Hierarchy[2m > [22mshould handle subgenre depth [33m 1574[2mms[22m[39m
   [33m[2mâœ“[22m[39m Enhanced Metadata Handlers[2m > [22mWord Count Validation Logic[2m > [22mshould categorize flash fiction correctly [33m 1411[2mms[22m[39m
   [33m[2mâœ“[22m[39m Enhanced Metadata Handlers[2m > [22mWord Count Validation Logic[2m > [22mshould categorize novel correctly [33m 1495[2mms[22m[39m
   [33m[2mâœ“[22m[39m Enhanced Metadata Handlers[2m > [22mWord Count Validation Logic[2m > [22mshould categorize epic correctly [33m 2060[2mms[22m[39m
   [33m[2mâœ“[22m[39m Enhanced Metadata Handlers[2m > [22mEdge Cases[2m > [22mshould handle missing optional metadata fields [33m 1432[2mms[22m[39m
   [33m[2mâœ“[22m[39m Enhanced Metadata Handlers[2m > [22mEdge Cases[2m > [22mshould handle empty subgenres array [33m 1498[2mms[22m[39m
   [33m[2mâœ“[22m[39m Enhanced Metadata Handlers[2m > [22mEdge Cases[2m > [22mshould validate completion percentage range [33m 1926[2mms[22m[39m
   [33m[2mâœ“[22m[39m Enhanced Metadata Handlers[2m > [22mEdge Cases[2m > [22mshould reject invalid completion percentage [33m 1921[2mms[22m[39m
[90mstdout[2m | tests/submission-packages.test.js
[22m[39m[dotenv@17.2.3] injecting env (0) from .env.local -- tip: ðŸ”‘ add access controls to secrets: https://dotenvx.com/ops

[90mstdout[2m | tests/submission-packages.test.js
[22m[39m
ðŸ§ª Setting up test environment...

[90mstdout[2m | tests/submission-packages.test.js
[22m[39mâœ“ Test database connected

[90mstdout[2m | tests/submission-packages.test.js
[22m[39m  Applying base schema...

[90mstdout[2m | tests/submission-packages.test.js
[22m[39m  âœ“ Schema and migrations applied

[90mstdout[2m | tests/submission-packages.test.js
[22m[39mâœ“ Migrations applied
âœ“ Database adapter created (D1-compatible interface)

[90mstdout[2m | tests/submission-packages.test.js
[22m[39mâœ“ Test database initialized
Initializing adapters...
âœ“ Database adapter initialized
âœ“ Storage adapter initialized
âš  Running in test mode without Redis - using in-memory session store

[90mstdout[2m | tests/submission-packages.test.js
[22m[39mâœ“ Session store initialized
âœ“ Cache adapter initialized
âœ“ Queue service initialized
âœ“ Environment initialized
âœ“ Session middleware applied
[VirusScanner] Initializing ClamAV at localhost:3310...

[90mstdout[2m | tests/submission-packages.test.js
[22m[39mâœ“ Server adapters initialized
âœ“ Test environment ready


[90mstderr[2m | tests/submission-packages.test.js[2m > [22m[2mSubmission Package Bundler[2m > [22m[2mPackage Templates[2m > [22m[2mshould have agent query template
[22m[39m[VirusScanner] Failed to initialize: 

[90mstderr[2m | tests/submission-packages.test.js[2m > [22m[2mSubmission Package Bundler[2m > [22m[2mPackage Templates[2m > [22m[2mshould have agent query template
[22m[39mâš  Virus scanner initialization failed (uploads will continue without scanning)

[90mstdout[2m | tests/submission-packages.test.js
[22m[39m
ðŸ§¹ Tearing down test environment...

[90mstdout[2m | tests/submission-packages.test.js
[22m[39mâœ“ Test database cleaned

[90mstdout[2m | tests/submission-packages.test.js
[22m[39mâœ“ Database adapter closed

[90mstdout[2m | tests/submission-packages.test.js
[22m[39mâœ“ Test database disconnected

[90mstdout[2m | tests/submission-packages.test.js
[22m[39mâœ“ Test database cleaned up
âœ“ Test environment cleaned up


 [32mâœ“[39m tests/submission-packages.test.js [2m([22m[2m31 tests[22m[2m)[22m[33m 68402[2mms[22m[39m
   [33m[2mâœ“[22m[39m Submission Package Bundler[2m > [22mPackage Templates[2m > [22mshould have agent query template [33m 1422[2mms[22m[39m
   [33m[2mâœ“[22m[39m Submission Package Bundler[2m > [22mPackage Templates[2m > [22mshould have full manuscript template [33m 1592[2mms[22m[39m
   [33m[2mâœ“[22m[39m Submission Package Bundler[2m > [22mPackage Templates[2m > [22mshould have query only template [33m 2098[2mms[22m[39m
   [33m[2mâœ“[22m[39m Submission Package Bundler[2m > [22mPackage Templates[2m > [22mshould have contest template [33m 1502[2mms[22m[39m
   [33m[2mâœ“[22m[39m Submission Package Bundler[2m > [22mPackage Templates[2m > [22mshould validate required documents [33m 1673[2mms[22m[39m
   [33m[2mâœ“[22m[39m Submission Package Bundler[2m > [22mPackage Creation[2m > [22mshould create package with metadata [33m 2091[2mms[22m[39m
   [33m[2mâœ“[22m[39m Submission Package Bundler[2m > [22mPackage Creation[2m > [22mshould include document list with ordering [33m 2182[2mms[22m[39m
   [33m[2mâœ“[22m[39m Submission Package Bundler[2m > [22mPackage Creation[2m > [22mshould validate package has at least one document [33m 1665[2mms[22m[39m
   [33m[2mâœ“[22m[39m Submission Package Bundler[2m > [22mPackage Creation[2m > [22mshould allow custom package names [33m 2632[2mms[22m[39m
   [33m[2mâœ“[22m[39m Submission Package Bundler[2m > [22mDocument Selection[2m > [22mshould allow selecting multiple documents [33m 1683[2mms[22m[39m
   [33m[2mâœ“[22m[39m Submission Package Bundler[2m > [22mDocument Selection[2m > [22mshould maintain document order [33m 1754[2mms[22m[39m
   [33m[2mâœ“[22m[39m Submission Package Bundler[2m > [22mDocument Selection[2m > [22mshould allow reordering documents [33m 2615[2mms[22m[39m
   [33m[2mâœ“[22m[39m Submission Package Bundler[2m > [22mZIP File Generation[2m > [22mshould generate ZIP with multiple files [33m 1614[2mms[22m[39m
   [33m[2mâœ“[22m[39m Submission Package Bundler[2m > [22mZIP File Generation[2m > [22mshould prefix files with order numbers [33m 1910[2mms[22m[39m
   [33m[2mâœ“[22m[39m Submission Package Bundler[2m > [22mZIP File Generation[2m > [22mshould sanitize filenames [33m 2473[2mms[22m[39m
   [33m[2mâœ“[22m[39m Submission Package Bundler[2m > [22mZIP File Generation[2m > [22mshould support different file formats [33m 2183[2mms[22m[39m
   [33m[2mâœ“[22m[39m Submission Package Bundler[2m > [22mZIP File Generation[2m > [22mshould include metadata file in ZIP [33m 2040[2mms[22m[39m
   [33m[2mâœ“[22m[39m Submission Package Bundler[2m > [22mPackage Duplication[2m > [22mshould create copy of existing package [33m 2167[2mms[22m[39m
   [33m[2mâœ“[22m[39m Submission Package Bundler[2m > [22mPackage Duplication[2m > [22mshould increment copy counter in name [33m 1947[2mms[22m[39m
   [33m[2mâœ“[22m[39m Submission Package Bundler[2m > [22mPackage Management[2m > [22mshould list packages for manuscript [33m 2102[2mms[22m[39m
   [33m[2mâœ“[22m[39m Submission Package Bundler[2m > [22mPackage Management[2m > [22mshould update package details [33m 1676[2mms[22m[39m
   [33m[2mâœ“[22m[39m Submission Package Bundler[2m > [22mPackage Management[2m > [22mshould delete package [33m 2180[2mms[22m[39m
   [33m[2mâœ“[22m[39m Submission Package Bundler[2m > [22mValidation[2m > [22mshould validate package has required documents [33m 2443[2mms[22m[39m
   [33m[2mâœ“[22m[39m Submission Package Bundler[2m > [22mValidation[2m > [22mshould validate document exists before adding to package [33m 1676[2mms[22m[39m
   [33m[2mâœ“[22m[39m Submission Package Bundler[2m > [22mValidation[2m > [22mshould prevent duplicate documents in package [33m 2118[2mms[22m[39m
   [33m[2mâœ“[22m[39m Submission Package Bundler[2m > [22mDownload Tracking[2m > [22mshould track download count [33m 1662[2mms[22m[39m
   [33m[2mâœ“[22m[39m Submission Package Bundler[2m > [22mDownload Tracking[2m > [22mshould track last downloaded timestamp [33m 1732[2mms[22m[39m
   [33m[2mâœ“[22m[39m Submission Package Bundler[2m > [22mEdge Cases[2m > [22mshould handle empty package name [33m 2845[2mms[22m[39m
   [33m[2mâœ“[22m[39m Submission Package Bundler[2m > [22mEdge Cases[2m > [22mshould handle very long package name [33m 1720[2mms[22m[39m
   [33m[2mâœ“[22m[39m Submission Package Bundler[2m > [22mEdge Cases[2m > [22mshould handle package with only one document [33m 2878[2mms[22m[39m
   [33m[2mâœ“[22m[39m Submission Package Bundler[2m > [22mEdge Cases[2m > [22mshould handle large file sizes [33m 1647[2mms[22m[39m
[90mstdout[2m | tests/auth-utils.test.js
[22m[39m[dotenv@17.2.3] injecting env (0) from .env.local -- tip: âš™ï¸  load multiple .env files with { path: ['.env.local', '.env'] }

[90mstdout[2m | tests/auth-utils.test.js
[22m[39m
ðŸ§ª Setting up test environment...

[90mstdout[2m | tests/auth-utils.test.js
[22m[39mâœ“ Test database connected

[90mstdout[2m | tests/auth-utils.test.js
[22m[39m  Applying base schema...

[90mstdout[2m | tests/auth-utils.test.js
[22m[39m  âœ“ Schema and migrations applied

[90mstdout[2m | tests/auth-utils.test.js
[22m[39mâœ“ Migrations applied
âœ“ Database adapter created (D1-compatible interface)

[90mstdout[2m | tests/auth-utils.test.js
[22m[39mâœ“ Test database initialized
Initializing adapters...
âœ“ Database adapter initialized
âœ“ Storage adapter initialized
âš  Running in test mode without Redis - using in-memory session store

[90mstdout[2m | tests/auth-utils.test.js
[22m[39mâœ“ Session store initialized
âœ“ Cache adapter initialized
âœ“ Queue service initialized
âœ“ Environment initialized
âœ“ Session middleware applied
[VirusScanner] Initializing ClamAV at localhost:3310...

[90mstdout[2m | tests/auth-utils.test.js
[22m[39mâœ“ Server adapters initialized
âœ“ Test environment ready


[90mstderr[2m | tests/auth-utils.test.js[2m > [22m[2mAuthentication Utilities[2m > [22m[2mvalidatePassword[2m > [22m[2mshould accept a valid password
[22m[39m[VirusScanner] Failed to initialize: 

[90mstderr[2m | tests/auth-utils.test.js[2m > [22m[2mAuthentication Utilities[2m > [22m[2mvalidatePassword[2m > [22m[2mshould accept a valid password
[22m[39mâš  Virus scanner initialization failed (uploads will continue without scanning)

[90mstdout[2m | tests/auth-utils.test.js
[22m[39m
ðŸ§¹ Tearing down test environment...

[90mstdout[2m | tests/auth-utils.test.js
[22m[39mâœ“ Test database cleaned

[90mstdout[2m | tests/auth-utils.test.js
[22m[39mâœ“ Database adapter closed

[90mstdout[2m | tests/auth-utils.test.js
[22m[39mâœ“ Test database disconnected

[90mstdout[2m | tests/auth-utils.test.js
[22m[39mâœ“ Test database cleaned up
âœ“ Test environment cleaned up


 [32mâœ“[39m tests/auth-utils.test.js [2m([22m[2m22 tests[22m[2m)[22m[33m 53120[2mms[22m[39m
   [33m[2mâœ“[22m[39m Authentication Utilities[2m > [22mvalidatePassword[2m > [22mshould accept a valid password [33m 1621[2mms[22m[39m
   [33m[2mâœ“[22m[39m Authentication Utilities[2m > [22mvalidatePassword[2m > [22mshould reject password shorter than 8 characters [33m 1700[2mms[22m[39m
   [33m[2mâœ“[22m[39m Authentication Utilities[2m > [22mvalidatePassword[2m > [22mshould reject password without uppercase letter [33m 2633[2mms[22m[39m
   [33m[2mâœ“[22m[39m Authentication Utilities[2m > [22mvalidatePassword[2m > [22mshould reject password without lowercase letter [33m 1675[2mms[22m[39m
   [33m[2mâœ“[22m[39m Authentication Utilities[2m > [22mvalidatePassword[2m > [22mshould reject password without number [33m 2501[2mms[22m[39m
   [33m[2mâœ“[22m[39m Authentication Utilities[2m > [22mvalidatePassword[2m > [22mshould reject password without special character [33m 2109[2mms[22m[39m
   [33m[2mâœ“[22m[39m Authentication Utilities[2m > [22mvalidatePassword[2m > [22mshould reject null or undefined password [33m 1679[2mms[22m[39m
   [33m[2mâœ“[22m[39m Authentication Utilities[2m > [22mvalidatePassword[2m > [22mshould accept password with all requirements [33m 2403[2mms[22m[39m
   [33m[2mâœ“[22m[39m Authentication Utilities[2m > [22mvalidatePassword[2m > [22mshould return multiple errors for invalid password [33m 2191[2mms[22m[39m
   [33m[2mâœ“[22m[39m Authentication Utilities[2m > [22mvalidateEmail[2m > [22mshould accept valid email addresses [33m 1641[2mms[22m[39m
   [33m[2mâœ“[22m[39m Authentication Utilities[2m > [22mvalidateEmail[2m > [22mshould reject invalid email addresses [33m 2631[2mms[22m[39m
   [33m[2mâœ“[22m[39m Authentication Utilities[2m > [22mvalidateEmail[2m > [22mshould handle edge cases [33m 2037[2mms[22m[39m
   [33m[2mâœ“[22m[39m Authentication Utilities[2m > [22mhashPassword and verifyPassword[2m > [22mshould hash a password [33m 2077[2mms[22m[39m
   [33m[2mâœ“[22m[39m Authentication Utilities[2m > [22mhashPassword and verifyPassword[2m > [22mshould produce different hashes for same password [33m 1903[2mms[22m[39m
   [33m[2mâœ“[22m[39m Authentication Utilities[2m > [22mhashPassword and verifyPassword[2m > [22mshould verify correct password [33m 1815[2mms[22m[39m
   [33m[2mâœ“[22m[39m Authentication Utilities[2m > [22mhashPassword and verifyPassword[2m > [22mshould reject incorrect password [33m 2554[2mms[22m[39m
   [33m[2mâœ“[22m[39m Authentication Utilities[2m > [22mhashPassword and verifyPassword[2m > [22mshould handle empty passwords [33m 2082[2mms[22m[39m
   [33m[2mâœ“[22m[39m Authentication Utilities[2m > [22mhashPassword and verifyPassword[2m > [22mshould be case sensitive [33m 1828[2mms[22m[39m
   [33m[2mâœ“[22m[39m Authentication Utilities[2m > [22mhashPassword and verifyPassword[2m > [22mshould handle long passwords [33m 2418[2mms[22m[39m
   [33m[2mâœ“[22m[39m Authentication Utilities[2m > [22mAUTH_CONFIG[2m > [22mshould have valid configuration values [33m 1695[2mms[22m[39m
   [33m[2mâœ“[22m[39m Authentication Utilities[2m > [22mAUTH_CONFIG[2m > [22mshould have password requirements defined [33m 1601[2mms[22m[39m
   [33m[2mâœ“[22m[39m Authentication Utilities[2m > [22mAUTH_CONFIG[2m > [22mshould have rate limit configuration [33m 2992[2mms[22m[39m
[90mstdout[2m | tests/integration/webhook-signature-verification.test.js
[22m[39m[dotenv@17.2.3] injecting env (0) from .env.local -- tip: âš™ï¸  load multiple .env files with { path: ['.env.local', '.env'] }

[90mstdout[2m | tests/integration/webhook-signature-verification.test.js
[22m[39m
ðŸ§ª Setting up test environment...

[90mstdout[2m | tests/integration/webhook-signature-verification.test.js
[22m[39mâœ“ Test database connected

[90mstdout[2m | tests/integration/webhook-signature-verification.test.js
[22m[39m  Applying base schema...

[90mstdout[2m | tests/integration/webhook-signature-verification.test.js
[22m[39m  âœ“ Schema and migrations applied

[90mstdout[2m | tests/integration/webhook-signature-verification.test.js
[22m[39mâœ“ Migrations applied
âœ“ Database adapter created (D1-compatible interface)

[90mstdout[2m | tests/integration/webhook-signature-verification.test.js
[22m[39mâœ“ Test database initialized
Initializing adapters...
âœ“ Database adapter initialized
âœ“ Storage adapter initialized
âš  Running in test mode without Redis - using in-memory session store

[90mstdout[2m | tests/integration/webhook-signature-verification.test.js
[22m[39mâœ“ Session store initialized
âœ“ Cache adapter initialized
âœ“ Queue service initialized
âœ“ Environment initialized
âœ“ Session middleware applied
[VirusScanner] Initializing ClamAV at localhost:3310...

[90mstdout[2m | tests/integration/webhook-signature-verification.test.js
[22m[39mâœ“ Server adapters initialized
âœ“ Test environment ready


[90mstderr[2m | tests/integration/webhook-signature-verification.test.js[2m > [22m[2mWebhook Signature Verification[2m > [22m[2mValid Signatures[2m > [22m[2mshould accept webhook with valid signature
[22m[39m[VirusScanner] Failed to initialize: 

[90mstderr[2m | tests/integration/webhook-signature-verification.test.js[2m > [22m[2mWebhook Signature Verification[2m > [22m[2mValid Signatures[2m > [22m[2mshould accept webhook with valid signature
[22m[39mâš  Virus scanner initialization failed (uploads will continue without scanning)

[90mstdout[2m | tests/integration/webhook-signature-verification.test.js[2m > [22m[2mWebhook Signature Verification[2m > [22m[2mValid Signatures[2m > [22m[2mshould accept webhook with valid signature
[22m[39m[Webhook] Processing event: checkout.session.completed evt_test_c320d4a9c046f2d712d39b78
[Webhook] Checkout completed for user: user-123 plan: [90mundefined[39m

[90mstdout[2m | tests/integration/webhook-signature-verification.test.js[2m > [22m[2mWebhook Signature Verification[2m > [22m[2mValid Signatures[2m > [22m[2mshould accept webhook with valid signature
[22m[39m[Webhook] One-time payment recorded: 54f2f0c7-66a0-4a67-a615-abd64f7e5d66

[90mstderr[2m | tests/integration/webhook-signature-verification.test.js[2m > [22m[2mWebhook Signature Verification[2m > [22m[2mValid Signatures[2m > [22m[2mshould accept webhook with valid signature
[22m[39m[Budget] Error updating spend: TypeError: env.DB.prepare(...).first is not a function
    at updateBudgetSpend [90m(D:\manuscript-platform\[39msrc\utils\cost-utils.js:226:85[90m)[39m
    at logCost [90m(D:\manuscript-platform\[39msrc\utils\cost-utils.js:164:11[90m)[39m
[90m    at processTicksAndRejections (node:internal/process/task_queues:105:5)[39m
    at handleCheckoutCompleted [90m(D:\manuscript-platform\[39msrc\handlers\webhook-handlers.js:181:7[90m)[39m
    at handleStripeWebhook [90m(D:\manuscript-platform\[39msrc\handlers\webhook-handlers.js:54:9[90m)[39m
    at [90mD:\manuscript-platform\[39mtests\integration\webhook-signature-verification.test.js:107:26

[90mstderr[2m | tests/integration/webhook-signature-verification.test.js[2m > [22m[2mWebhook Signature Verification[2m > [22m[2mValid Signatures[2m > [22m[2mshould accept webhook with valid signature
[22m[39m[Budget] Error updating user spend: TypeError: Cannot read properties of null (reading 'current_spend_usd')
    at updateUserSpend [90m(D:\manuscript-platform\[39msrc\utils\cost-utils.js:291:34[90m)[39m
[90m    at processTicksAndRejections (node:internal/process/task_queues:105:5)[39m
    at logCost [90m(D:\manuscript-platform\[39msrc\utils\cost-utils.js:168:7[90m)[39m
    at handleCheckoutCompleted [90m(D:\manuscript-platform\[39msrc\handlers\webhook-handlers.js:181:7[90m)[39m
    at handleStripeWebhook [90m(D:\manuscript-platform\[39msrc\handlers\webhook-handlers.js:54:9[90m)[39m
    at [90mD:\manuscript-platform\[39mtests\integration\webhook-signature-verification.test.js:107:26

[90mstdout[2m | tests/integration/webhook-signature-verification.test.js[2m > [22m[2mWebhook Signature Verification[2m > [22m[2mValid Signatures[2m > [22m[2mshould accept webhook with valid signature
[22m[39m[Cost Tracking] Logged stripe_fees/payment_processing/one_time_payment: $1.1697

[90mstdout[2m | tests/integration/webhook-signature-verification.test.js[2m > [22m[2mWebhook Signature Verification[2m > [22m[2mValid Signatures[2m > [22m[2mshould accept webhook with recent timestamp (within 5 min)
[22m[39m[Webhook] Processing event: checkout.session.completed evt_test_1e1902f44110e970c0069dae
[Webhook] Checkout completed for user: [90mundefined[39m plan: [90mundefined[39m

[90mstdout[2m | tests/integration/webhook-signature-verification.test.js[2m > [22m[2mWebhook Signature Verification[2m > [22m[2mValid Signatures[2m > [22m[2mshould accept webhook with recent timestamp (within 5 min)
[22m[39m[Webhook] One-time payment recorded: 97a242b0-6cfb-4174-8df2-a38245b0bbd3

[90mstderr[2m | tests/integration/webhook-signature-verification.test.js[2m > [22m[2mWebhook Signature Verification[2m > [22m[2mValid Signatures[2m > [22m[2mshould accept webhook with recent timestamp (within 5 min)
[22m[39m[Budget] Error updating spend: TypeError: env.DB.prepare(...).first is not a function
    at updateBudgetSpend [90m(D:\manuscript-platform\[39msrc\utils\cost-utils.js:226:85[90m)[39m
    at logCost [90m(D:\manuscript-platform\[39msrc\utils\cost-utils.js:164:11[90m)[39m
[90m    at processTicksAndRejections (node:internal/process/task_queues:105:5)[39m
    at handleCheckoutCompleted [90m(D:\manuscript-platform\[39msrc\handlers\webhook-handlers.js:181:7[90m)[39m
    at handleStripeWebhook [90m(D:\manuscript-platform\[39msrc\handlers\webhook-handlers.js:54:9[90m)[39m
    at [90mD:\manuscript-platform\[39mtests\integration\webhook-signature-verification.test.js:107:26

[90mstdout[2m | tests/integration/webhook-signature-verification.test.js[2m > [22m[2mWebhook Signature Verification[2m > [22m[2mValid Signatures[2m > [22m[2mshould accept webhook with recent timestamp (within 5 min)
[22m[39m[Cost Tracking] Logged stripe_fees/payment_processing/one_time_payment: $1.1697

[90mstderr[2m | tests/integration/webhook-signature-verification.test.js[2m > [22m[2mWebhook Signature Verification[2m > [22m[2mInvalid Signatures[2m > [22m[2mshould reject webhook with incorrect signature
[22m[39m[Webhook] Signature verification failed: No signatures found matching the expected signature for payload. Are you passing the raw request body you received from Stripe? 
 If a webhook request is being forwarded by a third-party tool, ensure that the exact request body, including JSON formatting and new line style, is preserved.

Learn more about webhook signing and explore webhook integration examples for various frameworks at https://docs.stripe.com/webhooks/signature


[90mstderr[2m | tests/integration/webhook-signature-verification.test.js[2m > [22m[2mWebhook Signature Verification[2m > [22m[2mInvalid Signatures[2m > [22m[2mshould reject webhook with malformed signature format
[22m[39m[Webhook] Signature verification failed: No signatures found with expected scheme

[90mstderr[2m | tests/integration/webhook-signature-verification.test.js[2m > [22m[2mWebhook Signature Verification[2m > [22m[2mInvalid Signatures[2m > [22m[2mshould reject webhook with tampered payload
[22m[39m[Webhook] Signature verification failed: No signatures found matching the expected signature for payload. Are you passing the raw request body you received from Stripe? 
 If a webhook request is being forwarded by a third-party tool, ensure that the exact request body, including JSON formatting and new line style, is preserved.

Learn more about webhook signing and explore webhook integration examples for various frameworks at https://docs.stripe.com/webhooks/signature


[90mstderr[2m | tests/integration/webhook-signature-verification.test.js[2m > [22m[2mWebhook Signature Verification[2m > [22m[2mReplay Attack Prevention[2m > [22m[2mshould reject webhook with expired timestamp (>5 min old)
[22m[39m[Webhook] Signature verification failed: Timestamp outside the tolerance zone

[90mstdout[2m | tests/integration/webhook-signature-verification.test.js[2m > [22m[2mWebhook Signature Verification[2m > [22m[2mReplay Attack Prevention[2m > [22m[2mshould accept webhook with future timestamp (Stripe allows clock skew)
[22m[39m[Webhook] Processing event: checkout.session.completed evt_test_0ec071da63bd81dea2d9893a
[Webhook] Checkout completed for user: [90mundefined[39m plan: [90mundefined[39m

[90mstdout[2m | tests/integration/webhook-signature-verification.test.js[2m > [22m[2mWebhook Signature Verification[2m > [22m[2mReplay Attack Prevention[2m > [22m[2mshould accept webhook with future timestamp (Stripe allows clock skew)
[22m[39m[Webhook] One-time payment recorded: d0870fc5-343b-43cc-a56a-ce71f18a4188

[90mstderr[2m | tests/integration/webhook-signature-verification.test.js[2m > [22m[2mWebhook Signature Verification[2m > [22m[2mReplay Attack Prevention[2m > [22m[2mshould accept webhook with future timestamp (Stripe allows clock skew)
[22m[39m[Budget] Error updating spend: TypeError: env.DB.prepare(...).first is not a function
    at updateBudgetSpend [90m(D:\manuscript-platform\[39msrc\utils\cost-utils.js:226:85[90m)[39m
    at logCost [90m(D:\manuscript-platform\[39msrc\utils\cost-utils.js:164:11[90m)[39m
[90m    at processTicksAndRejections (node:internal/process/task_queues:105:5)[39m
    at handleCheckoutCompleted [90m(D:\manuscript-platform\[39msrc\handlers\webhook-handlers.js:181:7[90m)[39m
    at handleStripeWebhook [90m(D:\manuscript-platform\[39msrc\handlers\webhook-handlers.js:54:9[90m)[39m
    at [90mD:\manuscript-platform\[39mtests\integration\webhook-signature-verification.test.js:107:26

[90mstdout[2m | tests/integration/webhook-signature-verification.test.js[2m > [22m[2mWebhook Signature Verification[2m > [22m[2mReplay Attack Prevention[2m > [22m[2mshould accept webhook with future timestamp (Stripe allows clock skew)
[22m[39m[Cost Tracking] Logged stripe_fees/payment_processing/one_time_payment: $1.1697

[90mstdout[2m | tests/integration/webhook-signature-verification.test.js
[22m[39m
ðŸ§¹ Tearing down test environment...

[90mstdout[2m | tests/integration/webhook-signature-verification.test.js
[22m[39mâœ“ Test database cleaned

[90mstdout[2m | tests/integration/webhook-signature-verification.test.js
[22m[39mâœ“ Database adapter closed

[90mstdout[2m | tests/integration/webhook-signature-verification.test.js
[22m[39mâœ“ Test database disconnected

[90mstdout[2m | tests/integration/webhook-signature-verification.test.js
[22m[39mâœ“ Test database cleaned up
âœ“ Test environment cleaned up


 [32mâœ“[39m tests/integration/webhook-signature-verification.test.js [2m([22m[2m9 tests[22m[2m)[22m[33m 25350[2mms[22m[39m
   [33m[2mâœ“[22m[39m Webhook Signature Verification[2m > [22mValid Signatures[2m > [22mshould accept webhook with valid signature [33m 1809[2mms[22m[39m
   [33m[2mâœ“[22m[39m Webhook Signature Verification[2m > [22mValid Signatures[2m > [22mshould accept webhook with recent timestamp (within 5 min) [33m 1906[2mms[22m[39m
   [33m[2mâœ“[22m[39m Webhook Signature Verification[2m > [22mMissing Signature[2m > [22mshould reject webhook with no signature header [33m 2820[2mms[22m[39m
   [33m[2mâœ“[22m[39m Webhook Signature Verification[2m > [22mMissing Signature[2m > [22mshould reject webhook with empty signature [33m 1647[2mms[22m[39m
   [33m[2mâœ“[22m[39m Webhook Signature Verification[2m > [22mInvalid Signatures[2m > [22mshould reject webhook with incorrect signature [33m 1691[2mms[22m[39m
   [33m[2mâœ“[22m[39m Webhook Signature Verification[2m > [22mInvalid Signatures[2m > [22mshould reject webhook with malformed signature format [33m 2998[2mms[22m[39m
   [33m[2mâœ“[22m[39m Webhook Signature Verification[2m > [22mInvalid Signatures[2m > [22mshould reject webhook with tampered payload [33m 1681[2mms[22m[39m
   [33m[2mâœ“[22m[39m Webhook Signature Verification[2m > [22mReplay Attack Prevention[2m > [22mshould reject webhook with expired timestamp (>5 min old) [33m 2189[2mms[22m[39m
   [33m[2mâœ“[22m[39m Webhook Signature Verification[2m > [22mReplay Attack Prevention[2m > [22mshould accept webhook with future timestamp (Stripe allows clock skew) [33m 2185[2mms[22m[39m

[31mâŽ¯âŽ¯âŽ¯âŽ¯âŽ¯âŽ¯[39m[1m[41m Failed Tests 34 [49m[22m[31mâŽ¯âŽ¯âŽ¯âŽ¯âŽ¯âŽ¯âŽ¯[39m

[41m[1m FAIL [22m[49m tests/integration/infrastructure.test.js[2m > [22mTest Infrastructure[2m > [22mDatabase Utilities[2m > [22mshould insert and retrieve test records
[31m[1merror[22m: syntax error at or near ")"[39m
[90m [2mâ¯[22m node_modules/pg/lib/client.js:[2m545:17[22m[39m
[36m [2mâ¯[22m insertTestRecord tests/test-helpers/database.js:[2m217:18[22m[39m
    [90m215| [39m  `[39m[33m;[39m
    [90m216| [39m
    [90m217| [39m  [35mconst[39m result [33m=[39m [35mawait[39m testDb[33m.[39m[34mquery[39m(query[33m,[39m values)[33m;[39m
    [90m   | [39m                 [31m^[39m
    [90m218| [39m  [35mreturn[39m result[33m.[39mrows[[34m0[39m][33m;[39m
    [90m219| [39m}
[90m [2mâ¯[22m tests/integration/infrastructure.test.js:[2m22:24[22m[39m

[31m[2mâŽ¯âŽ¯âŽ¯âŽ¯âŽ¯âŽ¯âŽ¯âŽ¯âŽ¯âŽ¯âŽ¯âŽ¯âŽ¯âŽ¯âŽ¯âŽ¯âŽ¯âŽ¯âŽ¯âŽ¯âŽ¯âŽ¯âŽ¯[1/34]âŽ¯[22m[39m

[41m[1m FAIL [22m[49m tests/integration/infrastructure.test.js[2m > [22mTest Infrastructure[2m > [22mDatabase Utilities[2m > [22mshould count test records
[31m[1merror[22m: syntax error at or near ")"[39m
[90m [2mâ¯[22m node_modules/pg/lib/client.js:[2m545:17[22m[39m
[36m [2mâ¯[22m insertTestRecord tests/test-helpers/database.js:[2m217:18[22m[39m
    [90m215| [39m  `[39m[33m;[39m
    [90m216| [39m
    [90m217| [39m  [35mconst[39m result [33m=[39m [35mawait[39m testDb[33m.[39m[34mquery[39m(query[33m,[39m values)[33m;[39m
    [90m   | [39m                 [31m^[39m
    [90m218| [39m  [35mreturn[39m result[33m.[39mrows[[34m0[39m][33m;[39m
    [90m219| [39m}
[90m [2mâ¯[22m tests/integration/infrastructure.test.js:[2m36:7[22m[39m

[31m[2mâŽ¯âŽ¯âŽ¯âŽ¯âŽ¯âŽ¯âŽ¯âŽ¯âŽ¯âŽ¯âŽ¯âŽ¯âŽ¯âŽ¯âŽ¯âŽ¯âŽ¯âŽ¯âŽ¯âŽ¯âŽ¯âŽ¯âŽ¯[2/34]âŽ¯[22m[39m

[41m[1m FAIL [22m[49m tests/integration/infrastructure.test.js[2m > [22mTest Infrastructure[2m > [22mMock Factories[2m > [22mshould create mock storage adapter
[31m[1mTypeError[22m: The first argument must be of type string or an instance of Buffer, ArrayBuffer, or Array or an Array-like Object. Received undefined[39m
[36m [2mâ¯[22m Object.<anonymous> tests/test-helpers/mocks.js:[2m28:60[22m[39m
    [90m 26| [39m      [35mreturn[39m {
    [90m 27| [39m        key[33m,[39m
    [90m 28| [39m        size: Buffer.isBuffer(body) ? body.length : Buffer.from(body).â€¦
    [90m   | [39m                                                           [31m^[39m
    [90m 29| [39m        etag[33m:[39m crypto[33m.[39m[34mrandomBytes[39m([34m16[39m)[33m.[39m[34mtoString[39m([32m'hex'[39m)
    [90m 30| [39m      }[33m;[39m
[90m [2mâ¯[22m tests/integration/infrastructure.test.js:[2m98:20[22m[39m

[31m[2mâŽ¯âŽ¯âŽ¯âŽ¯âŽ¯âŽ¯âŽ¯âŽ¯âŽ¯âŽ¯âŽ¯âŽ¯âŽ¯âŽ¯âŽ¯âŽ¯âŽ¯âŽ¯âŽ¯âŽ¯âŽ¯âŽ¯âŽ¯[3/34]âŽ¯[22m[39m

[41m[1m FAIL [22m[49m tests/integration/infrastructure.test.js[2m > [22mTest Infrastructure[2m > [22mTest Data Factories[2m > [22mshould create test user data
[31m[1mAssertionError[22m: expected undefined to be truthy[39m

[32m- Expected:[39m 
true

[31m+ Received:[39m 
undefined

[36m [2mâ¯[22m tests/integration/infrastructure.test.js:[2m117:23[22m[39m
    [90m115| [39m      [35mconst[39m user [33m=[39m [34mcreateTestUser[39m()[33m;[39m
    [90m116| [39m
    [90m117| [39m      [34mexpect[39m(user[33m.[39mid)[33m.[39m[34mtoBeTruthy[39m()[33m;[39m
    [90m   | [39m                      [31m^[39m
    [90m118| [39m      [34mexpect[39m(user[33m.[39memail)[33m.[39m[34mtoContain[39m([32m'@example.com'[39m)[33m;[39m
    [90m119| [39m      [34mexpect[39m(user[33m.[39mrole)[33m.[39m[34mtoBe[39m([32m'author'[39m)[33m;[39m

[31m[2mâŽ¯âŽ¯âŽ¯âŽ¯âŽ¯âŽ¯âŽ¯âŽ¯âŽ¯âŽ¯âŽ¯âŽ¯âŽ¯âŽ¯âŽ¯âŽ¯âŽ¯âŽ¯âŽ¯âŽ¯âŽ¯âŽ¯âŽ¯[4/34]âŽ¯[22m[39m

[41m[1m FAIL [22m[49m tests/integration/infrastructure.test.js[2m > [22mTest Infrastructure[2m > [22mTest Data Factories[2m > [22mshould create test user with overrides
[31m[1mAssertionError[22m: expected undefined to be 'custom@example.com' // Object.is equality[39m

[32m- Expected:[39m 
"custom@example.com"

[31m+ Received:[39m 
undefined

[36m [2mâ¯[22m tests/integration/infrastructure.test.js:[2m131:26[22m[39m
    [90m129| [39m      })[33m;[39m
    [90m130| [39m
    [90m131| [39m      [34mexpect[39m(user[33m.[39memail)[33m.[39m[34mtoBe[39m([32m'custom@example.com'[39m)[33m;[39m
    [90m   | [39m                         [31m^[39m
    [90m132| [39m      [34mexpect[39m(user[33m.[39mrole)[33m.[39m[34mtoBe[39m([32m'publisher'[39m)[33m;[39m
    [90m133| [39m      [34mexpect[39m(user[33m.[39memail_verified)[33m.[39m[34mtoBe[39m([35mfalse[39m)[33m;[39m

[31m[2mâŽ¯âŽ¯âŽ¯âŽ¯âŽ¯âŽ¯âŽ¯âŽ¯âŽ¯âŽ¯âŽ¯âŽ¯âŽ¯âŽ¯âŽ¯âŽ¯âŽ¯âŽ¯âŽ¯âŽ¯âŽ¯âŽ¯âŽ¯[5/34]âŽ¯[22m[39m

[41m[1m FAIL [22m[49m tests/integration/infrastructure.test.js[2m > [22mTest Infrastructure[2m > [22mIntegration: Factories + Database[2m > [22mshould insert factory-generated user into database
[31m[1merror[22m: syntax error at or near ")"[39m
[90m [2mâ¯[22m node_modules/pg/lib/client.js:[2m545:17[22m[39m
[36m [2mâ¯[22m insertTestRecord tests/test-helpers/database.js:[2m217:18[22m[39m
    [90m215| [39m  `[39m[33m;[39m
    [90m216| [39m
    [90m217| [39m  [35mconst[39m result [33m=[39m [35mawait[39m testDb[33m.[39m[34mquery[39m(query[33m,[39m values)[33m;[39m
    [90m   | [39m                 [31m^[39m
    [90m218| [39m  [35mreturn[39m result[33m.[39mrows[[34m0[39m][33m;[39m
    [90m219| [39m}
[90m [2mâ¯[22m tests/integration/infrastructure.test.js:[2m163:7[22m[39m

[31m[2mâŽ¯âŽ¯âŽ¯âŽ¯âŽ¯âŽ¯âŽ¯âŽ¯âŽ¯âŽ¯âŽ¯âŽ¯âŽ¯âŽ¯âŽ¯âŽ¯âŽ¯âŽ¯âŽ¯âŽ¯âŽ¯âŽ¯âŽ¯[6/34]âŽ¯[22m[39m

[41m[1m FAIL [22m[49m tests/integration/infrastructure.test.js[2m > [22mTest Infrastructure[2m > [22mIntegration: Factories + Database[2m > [22mshould insert factory-generated manuscript into database
[31m[1merror[22m: syntax error at or near ")"[39m
[90m [2mâ¯[22m node_modules/pg/lib/client.js:[2m545:17[22m[39m
[36m [2mâ¯[22m insertTestRecord tests/test-helpers/database.js:[2m217:18[22m[39m
    [90m215| [39m  `[39m[33m;[39m
    [90m216| [39m
    [90m217| [39m  [35mconst[39m result [33m=[39m [35mawait[39m testDb[33m.[39m[34mquery[39m(query[33m,[39m values)[33m;[39m
    [90m   | [39m                 [31m^[39m
    [90m218| [39m  [35mreturn[39m result[33m.[39mrows[[34m0[39m][33m;[39m
    [90m219| [39m}
[90m [2mâ¯[22m tests/integration/infrastructure.test.js:[2m173:7[22m[39m

[31m[2mâŽ¯âŽ¯âŽ¯âŽ¯âŽ¯âŽ¯âŽ¯âŽ¯âŽ¯âŽ¯âŽ¯âŽ¯âŽ¯âŽ¯âŽ¯âŽ¯âŽ¯âŽ¯âŽ¯âŽ¯âŽ¯âŽ¯âŽ¯[7/34]âŽ¯[22m[39m

[41m[1m FAIL [22m[49m tests/unit/test-helpers.test.js[2m > [22mTest Data Factories[2m > [22mUser Factory[2m > [22mshould create valid user data
[31m[1mAssertionError[22m: expected undefined to be truthy[39m

[32m- Expected:[39m 
true

[31m+ Received:[39m 
undefined

[36m [2mâ¯[22m tests/unit/test-helpers.test.js:[2m241:23[22m[39m
    [90m239| [39m      [35mconst[39m user [33m=[39m [34mcreateTestUser[39m()[33m;[39m
    [90m240| [39m
    [90m241| [39m      [34mexpect[39m(user[33m.[39mid)[33m.[39m[34mtoBeTruthy[39m()[33m;[39m
    [90m   | [39m                      [31m^[39m
    [90m242| [39m      [34mexpect[39m(user[33m.[39memail)[33m.[39m[34mtoMatch[39m([36m/@example\.com$/[39m)[33m;[39m
    [90m243| [39m      [34mexpect[39m(user[33m.[39mpassword_hash)[33m.[39m[34mtoBeTruthy[39m()[33m;[39m

[31m[2mâŽ¯âŽ¯âŽ¯âŽ¯âŽ¯âŽ¯âŽ¯âŽ¯âŽ¯âŽ¯âŽ¯âŽ¯âŽ¯âŽ¯âŽ¯âŽ¯âŽ¯âŽ¯âŽ¯âŽ¯âŽ¯âŽ¯âŽ¯[8/34]âŽ¯[22m[39m

[41m[1m FAIL [22m[49m tests/unit/test-helpers.test.js[2m > [22mTest Data Factories[2m > [22mUser Factory[2m > [22mshould accept overrides
[31m[1mAssertionError[22m: expected undefined to be 'custom@test.com' // Object.is equality[39m

[32m- Expected:[39m 
"custom@test.com"

[31m+ Received:[39m 
undefined

[36m [2mâ¯[22m tests/unit/test-helpers.test.js:[2m255:26[22m[39m
    [90m253| [39m      })[33m;[39m
    [90m254| [39m
    [90m255| [39m      [34mexpect[39m(user[33m.[39memail)[33m.[39m[34mtoBe[39m([32m'custom@test.com'[39m)[33m;[39m
    [90m   | [39m                         [31m^[39m
    [90m256| [39m      [34mexpect[39m(user[33m.[39mrole)[33m.[39m[34mtoBe[39m([32m'publisher'[39m)[33m;[39m
    [90m257| [39m      [34mexpect[39m(user[33m.[39mplan)[33m.[39m[34mtoBe[39m([32m'premium'[39m)[33m;[39m

[31m[2mâŽ¯âŽ¯âŽ¯âŽ¯âŽ¯âŽ¯âŽ¯âŽ¯âŽ¯âŽ¯âŽ¯âŽ¯âŽ¯âŽ¯âŽ¯âŽ¯âŽ¯âŽ¯âŽ¯âŽ¯âŽ¯âŽ¯âŽ¯[9/34]âŽ¯[22m[39m

[41m[1m FAIL [22m[49m tests/unit/test-helpers.test.js[2m > [22mTest Data Factories[2m > [22mManuscript Factory[2m > [22mshould create valid manuscript data
[31m[1mAssertionError[22m: expected undefined to be truthy[39m

[32m- Expected:[39m 
true

[31m+ Received:[39m 
undefined

[36m [2mâ¯[22m tests/unit/test-helpers.test.js:[2m268:36[22m[39m
    [90m266| [39m      [34mexpect[39m(manuscript[33m.[39mid)[33m.[39m[34mtoBeTruthy[39m()[33m;[39m
    [90m267| [39m      [34mexpect[39m(manuscript[33m.[39muser_id)[33m.[39m[34mtoBe[39m(userId)[33m;[39m
    [90m268| [39m      [34mexpect[39m(manuscript[33m.[39mreport_id)[33m.[39m[34mtoBeTruthy[39m()[33m;[39m
    [90m   | [39m                                   [31m^[39m
    [90m269| [39m      [34mexpect[39m(manuscript[33m.[39mtitle)[33m.[39m[34mtoBeTruthy[39m()[33m;[39m
    [90m270| [39m      [34mexpect[39m(manuscript[33m.[39mgenre)[33m.[39m[34mtoBe[39m([32m'fiction'[39m)[33m;[39m

[31m[2mâŽ¯âŽ¯âŽ¯âŽ¯âŽ¯âŽ¯âŽ¯âŽ¯âŽ¯âŽ¯âŽ¯âŽ¯âŽ¯âŽ¯âŽ¯âŽ¯âŽ¯âŽ¯âŽ¯âŽ¯âŽ¯âŽ¯[10/34]âŽ¯[22m[39m

[41m[1m FAIL [22m[49m tests/unit/test-helpers.test.js[2m > [22mTest Data Factories[2m > [22mPayment Factory[2m > [22mshould create valid payment data
[31m[1mTypeError[22m: .toMatch() expects to receive a string, but got undefined[39m
[36m [2mâ¯[22m tests/unit/test-helpers.test.js:[2m322:41[22m[39m
    [90m320| [39m      [34mexpect[39m(payment[33m.[39mcurrency)[33m.[39m[34mtoBe[39m([32m'usd'[39m)[33m;[39m
    [90m321| [39m      [34mexpect[39m(payment[33m.[39mstatus)[33m.[39m[34mtoBe[39m([32m'succeeded'[39m)[33m;[39m
    [90m322| [39m      [34mexpect[39m(payment[33m.[39mstripe_payment_id)[33m.[39m[34mtoMatch[39m([36m/^pi_/[39m)[33m;[39m
    [90m   | [39m                                        [31m^[39m
    [90m323| [39m    })[33m;[39m
    [90m324| [39m  })[33m;[39m

[31m[2mâŽ¯âŽ¯âŽ¯âŽ¯âŽ¯âŽ¯âŽ¯âŽ¯âŽ¯âŽ¯âŽ¯âŽ¯âŽ¯âŽ¯âŽ¯âŽ¯âŽ¯âŽ¯âŽ¯âŽ¯âŽ¯âŽ¯[11/34]âŽ¯[22m[39m

[41m[1m FAIL [22m[49m tests/integration/handlers/auth-handlers.test.js[2m > [22mPOST /auth/register[2m > [22mshould register a new user with valid credentials
[31m[1mAssertionError[22m: expected 'Registration successful. Please checkâ€¦' to match /registered successfully/i[39m

[32m- Expected:[39m 
/registered successfully/i

[31m+ Received:[39m 
"Registration successful. Please check your email to verify your account."

[36m [2mâ¯[22m tests/integration/handlers/auth-handlers.test.js:[2m71:28[22m[39m
    [90m 69| [39m    [34mexpect[39m(result[33m.[39muserId)[33m.[39m[34mtoBeDefined[39m()[33m;[39m
    [90m 70| [39m    [34mexpect[39m(result[33m.[39mverificationToken)[33m.[39m[34mtoBeDefined[39m()[33m;[39m
    [90m 71| [39m    [34mexpect[39m(result[33m.[39mmessage)[33m.[39m[34mtoMatch[39m([36m/registered successfully/i[39m)[33m;[39m
    [90m   | [39m                           [31m^[39m
    [90m 72| [39m
    [90m 73| [39m    [90m// Verify user in database[39m

[31m[2mâŽ¯âŽ¯âŽ¯âŽ¯âŽ¯âŽ¯âŽ¯âŽ¯âŽ¯âŽ¯âŽ¯âŽ¯âŽ¯âŽ¯âŽ¯âŽ¯âŽ¯âŽ¯âŽ¯âŽ¯âŽ¯âŽ¯[12/34]âŽ¯[22m[39m

[41m[1m FAIL [22m[49m tests/integration/handlers/auth-handlers.test.js[2m > [22mPOST /auth/register[2m > [22mshould create verification token
[31m[1mAssertionError[22m: expected +0 to be false // Object.is equality[39m

[32m- Expected:[39m 
false

[31m+ Received:[39m 
0

[36m [2mâ¯[22m tests/integration/handlers/auth-handlers.test.js:[2m204:38[22m[39m
    [90m202| [39m    [34mexpect[39m(tokenRecord[33m.[39mrows[33m.[39mlength)[33m.[39m[34mtoBe[39m([34m1[39m)[33m;[39m
    [90m203| [39m    [34mexpect[39m(tokenRecord[33m.[39mrows[[34m0[39m][33m.[39mtoken_type)[33m.[39m[34mtoBe[39m([32m'email_verification'[39m)[33m;[39m
    [90m204| [39m    [34mexpect[39m(tokenRecord[33m.[39mrows[[34m0[39m][33m.[39mused)[33m.[39m[34mtoBe[39m([35mfalse[39m)[33m;[39m
    [90m   | [39m                                     [31m^[39m
    [90m205| [39m  })[33m;[39m
    [90m206| [39m

[31m[2mâŽ¯âŽ¯âŽ¯âŽ¯âŽ¯âŽ¯âŽ¯âŽ¯âŽ¯âŽ¯âŽ¯âŽ¯âŽ¯âŽ¯âŽ¯âŽ¯âŽ¯âŽ¯âŽ¯âŽ¯âŽ¯âŽ¯[13/34]âŽ¯[22m[39m

[41m[1m FAIL [22m[49m tests/integration/handlers/auth-handlers.test.js[2m > [22mPOST /auth/register[2m > [22mshould send verification email
[31m[1mAssertionError[22m: expected "spy" to be called with arguments: [ ObjectContaining{â€¦}, Any<Object> ][90m

Number of calls: [1m0[22m
[31m[39m
[36m [2mâ¯[22m tests/integration/handlers/auth-handlers.test.js:[2m219:52[22m[39m
    [90m217| [39m    [35mawait[39m authHandlers[33m.[39m[34mhandleRegister[39m(mockRequest[33m,[39m mockEnv)[33m;[39m
    [90m218| [39m
    [90m219| [39m    expect(mockEmailService.sendEmailVerification).toHaveBeenCalledWitâ€¦
    [90m   | [39m                                                   [31m^[39m
    [90m220| [39m      expect[33m.[39m[34mobjectContaining[39m({
    [90m221| [39m        userEmail[33m:[39m [32m'email-test@example.com'[39m[33m,[39m

[31m[2mâŽ¯âŽ¯âŽ¯âŽ¯âŽ¯âŽ¯âŽ¯âŽ¯âŽ¯âŽ¯âŽ¯âŽ¯âŽ¯âŽ¯âŽ¯âŽ¯âŽ¯âŽ¯âŽ¯âŽ¯âŽ¯âŽ¯[14/34]âŽ¯[22m[39m

[41m[1m FAIL [22m[49m tests/integration/handlers/auth-handlers.test.js[2m > [22mPOST /auth/login[2m > [22mshould update last_login timestamp
[31m[1mAssertionError[22m: expected false to be true // Object.is equality[39m

[32m- Expected[39m
[31m+ Received[39m

[32m- true[39m
[31m+ false[39m

[36m [2mâ¯[22m tests/integration/handlers/auth-handlers.test.js:[2m418:38[22m[39m
    [90m416| [39m    [35mconst[39m lastLogin [33m=[39m [35mnew[39m [33mDate[39m(user[33m.[39mlast_login)[33m;[39m
    [90m417| [39m
    [90m418| [39m    [34mexpect[39m(lastLogin [33m>=[39m beforeLogin)[33m.[39m[34mtoBe[39m([35mtrue[39m)[33m;[39m
    [90m   | [39m                                     [31m^[39m
    [90m419| [39m  })[33m;[39m
    [90m420| [39m

[31m[2mâŽ¯âŽ¯âŽ¯âŽ¯âŽ¯âŽ¯âŽ¯âŽ¯âŽ¯âŽ¯âŽ¯âŽ¯âŽ¯âŽ¯âŽ¯âŽ¯âŽ¯âŽ¯âŽ¯âŽ¯âŽ¯âŽ¯[15/34]âŽ¯[22m[39m

[41m[1m FAIL [22m[49m tests/integration/handlers/auth-handlers.test.js[2m > [22mPOST /auth/login[2m > [22mshould create session in Redis
[31m[1mAssertionError[22m: expected undefined to be 'login-test@example.com' // Object.is equality[39m

[32m- Expected:[39m 
"login-test@example.com"

[31m+ Received:[39m 
undefined

[36m [2mâ¯[22m tests/integration/handlers/auth-handlers.test.js:[2m447:27[22m[39m
    [90m445| [39m    [35mconst[39m session [33m=[39m [33mJSON[39m[33m.[39m[34mparse[39m(sessionData)[33m;[39m
    [90m446| [39m    [34mexpect[39m(session[33m.[39muserId)[33m.[39m[34mtoBe[39m(testUser[33m.[39mid)[33m;[39m
    [90m447| [39m    [34mexpect[39m(session[33m.[39memail)[33m.[39m[34mtoBe[39m([32m'login-test@example.com'[39m)[33m;[39m
    [90m   | [39m                          [31m^[39m
    [90m448| [39m  })[33m;[39m
    [90m449| [39m

[31m[2mâŽ¯âŽ¯âŽ¯âŽ¯âŽ¯âŽ¯âŽ¯âŽ¯âŽ¯âŽ¯âŽ¯âŽ¯âŽ¯âŽ¯âŽ¯âŽ¯âŽ¯âŽ¯âŽ¯âŽ¯âŽ¯âŽ¯[16/34]âŽ¯[22m[39m

[41m[1m FAIL [22m[49m tests/integration/handlers/auth-handlers.test.js[2m > [22mPOST /auth/login[2m > [22mshould log failed login attempts
[31m[1mAssertionError[22m: expected 0 to be greater than 0[39m
[36m [2mâ¯[22m tests/integration/handlers/auth-handlers.test.js:[2m481:24[22m[39m
    [90m479| [39m
    [90m480| [39m    const auditCount = await countTestRecords('audit_log', { event_typâ€¦
    [90m481| [39m    [34mexpect[39m(auditCount)[33m.[39m[34mtoBeGreaterThan[39m([34m0[39m)[33m;[39m
    [90m   | [39m                       [31m^[39m
    [90m482| [39m  })[33m;[39m
    [90m483| [39m})[33m;[39m

[31m[2mâŽ¯âŽ¯âŽ¯âŽ¯âŽ¯âŽ¯âŽ¯âŽ¯âŽ¯âŽ¯âŽ¯âŽ¯âŽ¯âŽ¯âŽ¯âŽ¯âŽ¯âŽ¯âŽ¯âŽ¯âŽ¯âŽ¯[17/34]âŽ¯[22m[39m

[41m[1m FAIL [22m[49m tests/integration/handlers/auth-handlers.test.js[2m > [22mPOST /auth/verify-email[2m > [22mshould verify email with valid token
[31m[1mAssertionError[22m: expected 400 to be 200 // Object.is equality[39m

[32m- Expected[39m
[31m+ Received[39m

[32m- 200[39m
[31m+ 400[39m

[36m [2mâ¯[22m tests/integration/handlers/auth-handlers.test.js:[2m522:29[22m[39m
    [90m520| [39m    [35mconst[39m result [33m=[39m [35mawait[39m response[33m.[39m[34mjson[39m()[33m;[39m
    [90m521| [39m
    [90m522| [39m    [34mexpect[39m(response[33m.[39mstatus)[33m.[39m[34mtoBe[39m([34m200[39m)[33m;[39m
    [90m   | [39m                            [31m^[39m
    [90m523| [39m    [34mexpect[39m(result[33m.[39mmessage)[33m.[39m[34mtoMatch[39m([36m/email verified/i[39m)[33m;[39m
    [90m524| [39m

[31m[2mâŽ¯âŽ¯âŽ¯âŽ¯âŽ¯âŽ¯âŽ¯âŽ¯âŽ¯âŽ¯âŽ¯âŽ¯âŽ¯âŽ¯âŽ¯âŽ¯âŽ¯âŽ¯âŽ¯âŽ¯âŽ¯âŽ¯[18/34]âŽ¯[22m[39m

[41m[1m FAIL [22m[49m tests/integration/handlers/auth-handlers.test.js[2m > [22mPOST /auth/verify-email[2m > [22mshould log email verification event
[31m[1mAssertionError[22m: expected 0 to be greater than 0[39m
[36m [2mâ¯[22m tests/integration/handlers/auth-handlers.test.js:[2m621:24[22m[39m
    [90m619| [39m
    [90m620| [39m    const auditCount = await countTestRecords('audit_log', { event_typâ€¦
    [90m621| [39m    [34mexpect[39m(auditCount)[33m.[39m[34mtoBeGreaterThan[39m([34m0[39m)[33m;[39m
    [90m   | [39m                       [31m^[39m
    [90m622| [39m  })[33m;[39m
    [90m623| [39m})[33m;[39m

[31m[2mâŽ¯âŽ¯âŽ¯âŽ¯âŽ¯âŽ¯âŽ¯âŽ¯âŽ¯âŽ¯âŽ¯âŽ¯âŽ¯âŽ¯âŽ¯âŽ¯âŽ¯âŽ¯âŽ¯âŽ¯âŽ¯âŽ¯[19/34]âŽ¯[22m[39m

[41m[1m FAIL [22m[49m tests/integration/handlers/auth-handlers.test.js[2m > [22mPOST /auth/request-password-reset[2m > [22mshould send password reset email
[31m[1mAssertionError[22m: expected "spy" to be called with arguments: [ ObjectContaining{â€¦}, Any<Object> ][90m

Number of calls: [1m0[22m
[31m[39m
[36m [2mâ¯[22m tests/integration/handlers/auth-handlers.test.js:[2m679:53[22m[39m
    [90m677| [39m    await authHandlers.handleRequestPasswordReset(mockRequest, mockEnvâ€¦
    [90m678| [39m
    [90m679| [39m    expect(mockEmailService.sendPasswordResetEmail).toHaveBeenCalledWiâ€¦
    [90m   | [39m                                                    [31m^[39m
    [90m680| [39m      expect[33m.[39m[34mobjectContaining[39m({
    [90m681| [39m        userEmail[33m:[39m [32m'reset@example.com'[39m[33m,[39m

[31m[2mâŽ¯âŽ¯âŽ¯âŽ¯âŽ¯âŽ¯âŽ¯âŽ¯âŽ¯âŽ¯âŽ¯âŽ¯âŽ¯âŽ¯âŽ¯âŽ¯âŽ¯âŽ¯âŽ¯âŽ¯âŽ¯âŽ¯[20/34]âŽ¯[22m[39m

[41m[1m FAIL [22m[49m tests/integration/handlers/auth-handlers.test.js[2m > [22mPOST /auth/request-password-reset[2m > [22mshould rate limit password reset requests
[31m[1mAssertionError[22m: expected 200 to be 429 // Object.is equality[39m

[32m- Expected[39m
[31m+ Received[39m

[32m- 429[39m
[31m+ 200[39m

[36m [2mâ¯[22m tests/integration/handlers/auth-handlers.test.js:[2m732:29[22m[39m
    [90m730| [39m    [35mconst[39m result [33m=[39m [35mawait[39m response[33m.[39m[34mjson[39m()[33m;[39m
    [90m731| [39m
    [90m732| [39m    [34mexpect[39m(response[33m.[39mstatus)[33m.[39m[34mtoBe[39m([34m429[39m)[33m;[39m
    [90m   | [39m                            [31m^[39m
    [90m733| [39m    [34mexpect[39m(result[33m.[39merror)[33m.[39m[34mtoMatch[39m([36m/too many.*requests/i[39m)[33m;[39m
    [90m734| [39m  })[33m;[39m

[31m[2mâŽ¯âŽ¯âŽ¯âŽ¯âŽ¯âŽ¯âŽ¯âŽ¯âŽ¯âŽ¯âŽ¯âŽ¯âŽ¯âŽ¯âŽ¯âŽ¯âŽ¯âŽ¯âŽ¯âŽ¯âŽ¯âŽ¯[21/34]âŽ¯[22m[39m

[41m[1m FAIL [22m[49m tests/integration/handlers/auth-handlers.test.js[2m > [22mPOST /auth/request-password-reset[2m > [22mshould handle missing email
[31m[1mAssertionError[22m: expected 'Invalid email address' to match /email.*required/i[39m

[32m- Expected:[39m 
/email.*required/i

[31m+ Received:[39m 
"Invalid email address"

[36m [2mâ¯[22m tests/integration/handlers/auth-handlers.test.js:[2m786:26[22m[39m
    [90m784| [39m
    [90m785| [39m    [34mexpect[39m(response[33m.[39mstatus)[33m.[39m[34mtoBe[39m([34m400[39m)[33m;[39m
    [90m786| [39m    [34mexpect[39m(result[33m.[39merror)[33m.[39m[34mtoMatch[39m([36m/email.*required/i[39m)[33m;[39m
    [90m   | [39m                         [31m^[39m
    [90m787| [39m  })[33m;[39m
    [90m788| [39m

[31m[2mâŽ¯âŽ¯âŽ¯âŽ¯âŽ¯âŽ¯âŽ¯âŽ¯âŽ¯âŽ¯âŽ¯âŽ¯âŽ¯âŽ¯âŽ¯âŽ¯âŽ¯âŽ¯âŽ¯âŽ¯âŽ¯âŽ¯[22/34]âŽ¯[22m[39m

[41m[1m FAIL [22m[49m tests/integration/handlers/auth-handlers.test.js[2m > [22mPOST /auth/reset-password[2m > [22mshould reset password with valid token
[31m[1mAssertionError[22m: expected 400 to be 200 // Object.is equality[39m

[32m- Expected[39m
[31m+ Received[39m

[32m- 200[39m
[31m+ 400[39m

[36m [2mâ¯[22m tests/integration/handlers/auth-handlers.test.js:[2m843:29[22m[39m
    [90m841| [39m    [35mconst[39m result [33m=[39m [35mawait[39m response[33m.[39m[34mjson[39m()[33m;[39m
    [90m842| [39m
    [90m843| [39m    [34mexpect[39m(response[33m.[39mstatus)[33m.[39m[34mtoBe[39m([34m200[39m)[33m;[39m
    [90m   | [39m                            [31m^[39m
    [90m844| [39m    [34mexpect[39m(result[33m.[39mmessage)[33m.[39m[34mtoMatch[39m([36m/password.*reset/i[39m)[33m;[39m
    [90m845| [39m

[31m[2mâŽ¯âŽ¯âŽ¯âŽ¯âŽ¯âŽ¯âŽ¯âŽ¯âŽ¯âŽ¯âŽ¯âŽ¯âŽ¯âŽ¯âŽ¯âŽ¯âŽ¯âŽ¯âŽ¯âŽ¯âŽ¯âŽ¯[23/34]âŽ¯[22m[39m

[41m[1m FAIL [22m[49m tests/integration/handlers/auth-handlers.test.js[2m > [22mPOST /auth/reset-password[2m > [22mshould mark reset token as used
[31m[1mTypeError[22m: Cannot read properties of null (reading 'used')[39m
[36m [2mâ¯[22m tests/integration/handlers/auth-handlers.test.js:[2m869:18[22m[39m
    [90m867| [39m
    [90m868| [39m    const token = await findTestRecord('verification_tokens', { token:â€¦
    [90m869| [39m    [34mexpect[39m(token[33m.[39mused)[33m.[39m[34mtoBe[39m([35mtrue[39m)[33m;[39m
    [90m   | [39m                 [31m^[39m
    [90m870| [39m  })[33m;[39m
    [90m871| [39m

[31m[2mâŽ¯âŽ¯âŽ¯âŽ¯âŽ¯âŽ¯âŽ¯âŽ¯âŽ¯âŽ¯âŽ¯âŽ¯âŽ¯âŽ¯âŽ¯âŽ¯âŽ¯âŽ¯âŽ¯âŽ¯âŽ¯âŽ¯[24/34]âŽ¯[22m[39m

[41m[1m FAIL [22m[49m tests/integration/handlers/auth-handlers.test.js[2m > [22mPOST /auth/reset-password[2m > [22mshould log password reset event
[31m[1mAssertionError[22m: expected 0 to be greater than 0[39m
[36m [2mâ¯[22m tests/integration/handlers/auth-handlers.test.js:[2m984:24[22m[39m
    [90m982| [39m
    [90m983| [39m    const auditCount = await countTestRecords('audit_log', { event_typâ€¦
    [90m984| [39m    [34mexpect[39m(auditCount)[33m.[39m[34mtoBeGreaterThan[39m([34m0[39m)[33m;[39m
    [90m   | [39m                       [31m^[39m
    [90m985| [39m  })[33m;[39m
    [90m986| [39m})[33m;[39m

[31m[2mâŽ¯âŽ¯âŽ¯âŽ¯âŽ¯âŽ¯âŽ¯âŽ¯âŽ¯âŽ¯âŽ¯âŽ¯âŽ¯âŽ¯âŽ¯âŽ¯âŽ¯âŽ¯âŽ¯âŽ¯âŽ¯âŽ¯[25/34]âŽ¯[22m[39m

[41m[1m FAIL [22m[49m tests/integration/handlers/auth-handlers.test.js[2m > [22mPOST /auth/logout[2m > [22mshould logout and destroy session
[31m[1mAssertionError[22m: expected 401 to be 200 // Object.is equality[39m

[32m- Expected[39m
[31m+ Received[39m

[32m- 200[39m
[31m+ 401[39m

[36m [2mâ¯[22m tests/integration/handlers/auth-handlers.test.js:[2m1029:29[22m[39m
    [90m1027| [39m    [35mconst[39m result [33m=[39m [35mawait[39m response[33m.[39m[34mjson[39m()[33m;[39m
    [90m1028| [39m
    [90m1029| [39m    [34mexpect[39m(response[33m.[39mstatus)[33m.[39m[34mtoBe[39m([34m200[39m)[33m;[39m
    [90m   | [39m                            [31m^[39m
    [90m1030| [39m    [34mexpect[39m(result[33m.[39mmessage)[33m.[39m[34mtoMatch[39m([36m/logged out/i[39m)[33m;[39m
    [90m1031| [39m

[31m[2mâŽ¯âŽ¯âŽ¯âŽ¯âŽ¯âŽ¯âŽ¯âŽ¯âŽ¯âŽ¯âŽ¯âŽ¯âŽ¯âŽ¯âŽ¯âŽ¯âŽ¯âŽ¯âŽ¯âŽ¯âŽ¯âŽ¯[26/34]âŽ¯[22m[39m

[41m[1m FAIL [22m[49m tests/integration/handlers/auth-handlers.test.js[2m > [22mPOST /auth/logout[2m > [22mshould clear session cookie
[31m[1mAssertionError[22m: the given combination of arguments (null and string) is invalid for this assertion. You can use an array, a map, an object, a set, a string, or a weakset instead of a string[39m
[36m [2mâ¯[22m tests/integration/handlers/auth-handlers.test.js:[2m1047:23[22m[39m
    [90m1045| [39m
    [90m1046| [39m    [35mconst[39m setCookie [33m=[39m response[33m.[39mheaders[33m.[39m[35mget[39m([32m'Set-Cookie'[39m)[33m;[39m
    [90m1047| [39m    [34mexpect[39m(setCookie)[33m.[39m[34mtoContain[39m([32m'session_id='[39m)[33m;[39m
    [90m   | [39m                      [31m^[39m
    [90m1048| [39m    [34mexpect[39m(setCookie)[33m.[39m[34mtoContain[39m([32m'Max-Age=0'[39m)[33m;[39m [90m// Cookie expired[39m
    [90m1049| [39m  })[33m;[39m

[31m[2mâŽ¯âŽ¯âŽ¯âŽ¯âŽ¯âŽ¯âŽ¯âŽ¯âŽ¯âŽ¯âŽ¯âŽ¯âŽ¯âŽ¯âŽ¯âŽ¯âŽ¯âŽ¯âŽ¯âŽ¯âŽ¯âŽ¯[27/34]âŽ¯[22m[39m

[41m[1m FAIL [22m[49m tests/integration/handlers/auth-handlers.test.js[2m > [22mPOST /auth/logout[2m > [22mshould log logout event
[31m[1mAssertionError[22m: expected 0 to be greater than 0[39m
[36m [2mâ¯[22m tests/integration/handlers/auth-handlers.test.js:[2m1061:24[22m[39m
    [90m1059| [39m
    [90m1060| [39m    const auditCount = await countTestRecords('audit_log', { event_typâ€¦
    [90m1061| [39m    [34mexpect[39m(auditCount)[33m.[39m[34mtoBeGreaterThan[39m([34m0[39m)[33m;[39m
    [90m   | [39m                       [31m^[39m
    [90m1062| [39m  })[33m;[39m
    [90m1063| [39m})[33m;[39m

[31m[2mâŽ¯âŽ¯âŽ¯âŽ¯âŽ¯âŽ¯âŽ¯âŽ¯âŽ¯âŽ¯âŽ¯âŽ¯âŽ¯âŽ¯âŽ¯âŽ¯âŽ¯âŽ¯âŽ¯âŽ¯âŽ¯âŽ¯[28/34]âŽ¯[22m[39m

[41m[1m FAIL [22m[49m tests/integration/handlers/auth-handlers.test.js[2m > [22mGET /auth/me[2m > [22mshould return current user with valid session
[31m[1mAssertionError[22m: expected 401 to be 200 // Object.is equality[39m

[32m- Expected[39m
[31m+ Received[39m

[32m- 200[39m
[31m+ 401[39m

[36m [2mâ¯[22m tests/integration/handlers/auth-handlers.test.js:[2m1108:29[22m[39m
    [90m1106| [39m    [35mconst[39m result [33m=[39m [35mawait[39m response[33m.[39m[34mjson[39m()[33m;[39m
    [90m1107| [39m
    [90m1108| [39m    [34mexpect[39m(response[33m.[39mstatus)[33m.[39m[34mtoBe[39m([34m200[39m)[33m;[39m
    [90m   | [39m                            [31m^[39m
    [90m1109| [39m    [34mexpect[39m(result[33m.[39muserId)[33m.[39m[34mtoBe[39m(testUser[33m.[39mid)[33m;[39m
    [90m1110| [39m    [34mexpect[39m(result[33m.[39memail)[33m.[39m[34mtoBe[39m([32m'me@example.com'[39m)[33m;[39m

[31m[2mâŽ¯âŽ¯âŽ¯âŽ¯âŽ¯âŽ¯âŽ¯âŽ¯âŽ¯âŽ¯âŽ¯âŽ¯âŽ¯âŽ¯âŽ¯âŽ¯âŽ¯âŽ¯âŽ¯âŽ¯âŽ¯âŽ¯[29/34]âŽ¯[22m[39m

[41m[1m FAIL [22m[49m tests/integration/handlers/auth-handlers.test.js[2m > [22mGET /auth/me[2m > [22mshould return email verification status
[31m[1mAssertionError[22m: expected undefined to be defined[39m
[36m [2mâ¯[22m tests/integration/handlers/auth-handlers.test.js:[2m1167:34[22m[39m
    [90m1165| [39m    [35mconst[39m result [33m=[39m [35mawait[39m response[33m.[39m[34mjson[39m()[33m;[39m
    [90m1166| [39m
    [90m1167| [39m    [34mexpect[39m(result[33m.[39memailVerified)[33m.[39m[34mtoBeDefined[39m()[33m;[39m
    [90m   | [39m                                 [31m^[39m
    [90m1168| [39m    [34mexpect[39m([35mtypeof[39m result[33m.[39memailVerified)[33m.[39m[34mtoBe[39m([32m'boolean'[39m)[33m;[39m
    [90m1169| [39m  })[33m;[39m

[31m[2mâŽ¯âŽ¯âŽ¯âŽ¯âŽ¯âŽ¯âŽ¯âŽ¯âŽ¯âŽ¯âŽ¯âŽ¯âŽ¯âŽ¯âŽ¯âŽ¯âŽ¯âŽ¯âŽ¯âŽ¯âŽ¯âŽ¯[30/34]âŽ¯[22m[39m

[41m[1m FAIL [22m[49m tests/integration/handlers/auth-handlers.test.js[2m > [22mPOST /auth/resend-verification[2m > [22mshould resend verification email for unverified user
[31m[1mAssertionError[22m: expected "spy" to be called with arguments: [ ObjectContaining{â€¦}, Any<Object> ][90m

Number of calls: [1m0[22m
[31m[39m
[36m [2mâ¯[22m tests/integration/handlers/auth-handlers.test.js:[2m1206:52[22m[39m
    [90m1204| [39m    [34mexpect[39m(result[33m.[39mmessage)[33m.[39m[34mtoMatch[39m([36m/verification.*sent/i[39m)[33m;[39m
    [90m1205| [39m
    [90m1206| [39m    expect(mockEmailService.sendEmailVerification).toHaveBeenCalledWitâ€¦
    [90m   | [39m                                                   [31m^[39m
    [90m1207| [39m      expect[33m.[39m[34mobjectContaining[39m({
    [90m1208| [39m        userEmail[33m:[39m [32m'resend@example.com'[39m[33m,[39m

[31m[2mâŽ¯âŽ¯âŽ¯âŽ¯âŽ¯âŽ¯âŽ¯âŽ¯âŽ¯âŽ¯âŽ¯âŽ¯âŽ¯âŽ¯âŽ¯âŽ¯âŽ¯âŽ¯âŽ¯âŽ¯âŽ¯âŽ¯[31/34]âŽ¯[22m[39m

[41m[1m FAIL [22m[49m tests/integration/handlers/auth-handlers.test.js[2m > [22mPOST /auth/resend-verification[2m > [22mshould reject resend for already verified user
[31m[1mAssertionError[22m: expected 409 to be 400 // Object.is equality[39m

[32m- Expected[39m
[31m+ Received[39m

[32m- 400[39m
[31m+ 409[39m

[36m [2mâ¯[22m tests/integration/handlers/auth-handlers.test.js:[2m1233:29[22m[39m
    [90m1231| [39m    [35mconst[39m result [33m=[39m [35mawait[39m response[33m.[39m[34mjson[39m()[33m;[39m
    [90m1232| [39m
    [90m1233| [39m    [34mexpect[39m(response[33m.[39mstatus)[33m.[39m[34mtoBe[39m([34m400[39m)[33m;[39m
    [90m   | [39m                            [31m^[39m
    [90m1234| [39m    [34mexpect[39m(result[33m.[39merror)[33m.[39m[34mtoMatch[39m([36m/already verified/i[39m)[33m;[39m
    [90m1235| [39m  })[33m;[39m

[31m[2mâŽ¯âŽ¯âŽ¯âŽ¯âŽ¯âŽ¯âŽ¯âŽ¯âŽ¯âŽ¯âŽ¯âŽ¯âŽ¯âŽ¯âŽ¯âŽ¯âŽ¯âŽ¯âŽ¯âŽ¯âŽ¯âŽ¯[32/34]âŽ¯[22m[39m

[41m[1m FAIL [22m[49m tests/integration/handlers/auth-handlers.test.js[2m > [22mPOST /auth/resend-verification[2m > [22mshould rate limit resend requests
[31m[1mAssertionError[22m: expected 200 to be 429 // Object.is equality[39m

[32m- Expected[39m
[31m+ Received[39m

[32m- 429[39m
[31m+ 200[39m

[36m [2mâ¯[22m tests/integration/handlers/auth-handlers.test.js:[2m1263:29[22m[39m
    [90m1261| [39m    [35mconst[39m result [33m=[39m [35mawait[39m response[33m.[39m[34mjson[39m()[33m;[39m
    [90m1262| [39m
    [90m1263| [39m    [34mexpect[39m(response[33m.[39mstatus)[33m.[39m[34mtoBe[39m([34m429[39m)[33m;[39m
    [90m   | [39m                            [31m^[39m
    [90m1264| [39m    [34mexpect[39m(result[33m.[39merror)[33m.[39m[34mtoMatch[39m([36m/too many.*requests/i[39m)[33m;[39m
    [90m1265| [39m  })[33m;[39m

[31m[2mâŽ¯âŽ¯âŽ¯âŽ¯âŽ¯âŽ¯âŽ¯âŽ¯âŽ¯âŽ¯âŽ¯âŽ¯âŽ¯âŽ¯âŽ¯âŽ¯âŽ¯âŽ¯âŽ¯âŽ¯âŽ¯âŽ¯[33/34]âŽ¯[22m[39m

[41m[1m FAIL [22m[49m tests/integration/handlers/payment-handlers.test.js[2m > [22mPayment & Webhook Handlers[2m > [22mPOST /webhooks/stripe - Signature Verification[2m > [22mshould reject replay attacks (duplicate event ID)
[31m[1mAssertionError[22m: expected [ 200, 404 ] to include 400[39m
[36m [2mâ¯[22m tests/integration/handlers/payment-handlers.test.js:[2m327:26[22m[39m
    [90m325| [39m
    [90m326| [39m      [90m// Should still return 200 (idempotent) or 404[39m
    [90m327| [39m      [34mexpect[39m([[34m200[39m[33m,[39m [34m404[39m])[33m.[39m[34mtoContain[39m(response2[33m.[39mstatus)[33m;[39m
    [90m   | [39m                         [31m^[39m
    [90m328| [39m    })[33m;[39m
    [90m329| [39m

[31m[2mâŽ¯âŽ¯âŽ¯âŽ¯âŽ¯âŽ¯âŽ¯âŽ¯âŽ¯âŽ¯âŽ¯âŽ¯âŽ¯âŽ¯âŽ¯âŽ¯âŽ¯âŽ¯âŽ¯âŽ¯âŽ¯âŽ¯[34/34]âŽ¯[22m[39m


[2m Test Files [22m [1m[31m4 failed[39m[22m[2m | [22m[1m[32m6 passed[39m[22m[90m (10)[39m
[2m      Tests [22m [1m[31m34 failed[39m[22m[2m | [22m[1m[32m244 passed[39m[22m[90m (278)[39m
[2m   Start at [22m 20:28:34
[2m   Duration [22m 619.08s[2m (transform 578ms, setup 20.91s, collect 706ms, tests 593.98s, environment 2ms, prepare 1.66s)[22m

