
> manuscript-upload-api@1.0.0 test
> vitest run


[1m[46m RUN [49m[22m [36mv3.2.4 [39m[90mD:/manuscript-platform[39m

[90mstdout[2m | tests/integration/handlers/auth-handlers.test.js
[22m[39m
ðŸ§ª Setting up test environment...

[90mstdout[2m | tests/integration/handlers/auth-handlers.test.js
[22m[39mâœ“ Test database connected

[90mstdout[2m | tests/integration/handlers/auth-handlers.test.js
[22m[39m  Applying base schema...

[90mstdout[2m | tests/integration/handlers/auth-handlers.test.js
[22m[39m  âœ“ Schema and migrations applied

[90mstdout[2m | tests/integration/handlers/auth-handlers.test.js
[22m[39mâœ“ Migrations applied
âœ“ Database adapter created (D1-compatible interface)

[90mstdout[2m | tests/integration/handlers/auth-handlers.test.js
[22m[39mâœ“ Test database initialized
âœ“ Test environment ready


[90mstdout[2m | tests/integration/handlers/auth-handlers.test.js[2m > [22m[2mPOST /auth/register[2m > [22m[2mshould register a new user with valid credentials
[22m[39m[Payment] Free subscription created for user 2490804e-b923-409f-afd9-8f8afd82d27d

[90mstderr[2m | tests/integration/handlers/auth-handlers.test.js[2m > [22m[2mPOST /auth/register[2m > [22m[2mshould register a new user with valid credentials
[22m[39mRegistration error: TypeError: Cannot read properties of undefined (reading 'get')
    at logAuthEvent [90m(D:\manuscript-platform\[39msrc\utils\auth-utils.js:312:37[90m)[39m
    at Module.handleRegister [90m(D:\manuscript-platform\[39msrc\handlers\auth-handlers.js:175:23[90m)[39m
[90m    at processTicksAndRejections (node:internal/process/task_queues:105:5)[39m
    at [90mD:\manuscript-platform\[39mtests\integration\handlers\auth-handlers.test.js:65:22
    at [90mfile:///D:/manuscript-platform/[39mnode_modules/[4m@vitest/runner[24m/dist/chunk-hooks.js:752:20

[90mstdout[2m | tests/integration/handlers/auth-handlers.test.js[2m > [22m[2mPOST /auth/register[2m > [22m[2mshould reject registration with duplicate email
[22m[39m[Payment] Free subscription created for user 9f3fcdcd-6231-4115-9244-5c19fd1729de

[90mstderr[2m | tests/integration/handlers/auth-handlers.test.js[2m > [22m[2mPOST /auth/register[2m > [22m[2mshould reject registration with duplicate email
[22m[39mRegistration error: TypeError: Cannot read properties of undefined (reading 'get')
    at logAuthEvent [90m(D:\manuscript-platform\[39msrc\utils\auth-utils.js:312:37[90m)[39m
    at Module.handleRegister [90m(D:\manuscript-platform\[39msrc\handlers\auth-handlers.js:175:23[90m)[39m
[90m    at processTicksAndRejections (node:internal/process/task_queues:105:5)[39m
    at [90mD:\manuscript-platform\[39mtests\integration\handlers\auth-handlers.test.js:133:22
    at [90mfile:///D:/manuscript-platform/[39mnode_modules/[4m@vitest/runner[24m/dist/chunk-hooks.js:752:20

[90mstdout[2m | tests/integration/handlers/auth-handlers.test.js[2m > [22m[2mPOST /auth/register[2m > [22m[2mshould hash password with bcrypt
[22m[39m[Payment] Free subscription created for user 3e62aa61-94a8-45e7-9a2c-527b6c84f962

[90mstderr[2m | tests/integration/handlers/auth-handlers.test.js[2m > [22m[2mPOST /auth/register[2m > [22m[2mshould hash password with bcrypt
[22m[39mRegistration error: TypeError: Cannot read properties of undefined (reading 'get')
    at logAuthEvent [90m(D:\manuscript-platform\[39msrc\utils\auth-utils.js:312:37[90m)[39m
    at Module.handleRegister [90m(D:\manuscript-platform\[39msrc\handlers\auth-handlers.js:175:23[90m)[39m
[90m    at processTicksAndRejections (node:internal/process/task_queues:105:5)[39m
    at [90mD:\manuscript-platform\[39mtests\integration\handlers\auth-handlers.test.js:150:5
    at [90mfile:///D:/manuscript-platform/[39mnode_modules/[4m@vitest/runner[24m/dist/chunk-hooks.js:752:20

[90mstdout[2m | tests/integration/handlers/auth-handlers.test.js[2m > [22m[2mPOST /auth/register[2m > [22m[2mshould normalize email to lowercase
[22m[39m[Payment] Free subscription created for user 90b9fb8c-b217-4caf-a1d3-1fe2425afe51

[90mstderr[2m | tests/integration/handlers/auth-handlers.test.js[2m > [22m[2mPOST /auth/register[2m > [22m[2mshould normalize email to lowercase
[22m[39mRegistration error: TypeError: Cannot read properties of undefined (reading 'get')
    at logAuthEvent [90m(D:\manuscript-platform\[39msrc\utils\auth-utils.js:312:37[90m)[39m
    at Module.handleRegister [90m(D:\manuscript-platform\[39msrc\handlers\auth-handlers.js:175:23[90m)[39m
[90m    at processTicksAndRejections (node:internal/process/task_queues:105:5)[39m
    at [90mD:\manuscript-platform\[39mtests\integration\handlers\auth-handlers.test.js:174:5
    at [90mfile:///D:/manuscript-platform/[39mnode_modules/[4m@vitest/runner[24m/dist/chunk-hooks.js:752:20

[90mstdout[2m | tests/integration/handlers/auth-handlers.test.js[2m > [22m[2mPOST /auth/register[2m > [22m[2mshould create verification token
[22m[39m[Payment] Free subscription created for user 36554a1f-2041-4993-a890-f5f9264cd8a7

[90mstderr[2m | tests/integration/handlers/auth-handlers.test.js[2m > [22m[2mPOST /auth/register[2m > [22m[2mshould create verification token
[22m[39mRegistration error: TypeError: Cannot read properties of undefined (reading 'get')
    at logAuthEvent [90m(D:\manuscript-platform\[39msrc\utils\auth-utils.js:312:37[90m)[39m
    at Module.handleRegister [90m(D:\manuscript-platform\[39msrc\handlers\auth-handlers.js:175:23[90m)[39m
[90m    at processTicksAndRejections (node:internal/process/task_queues:105:5)[39m
    at [90mD:\manuscript-platform\[39mtests\integration\handlers\auth-handlers.test.js:190:22
    at [90mfile:///D:/manuscript-platform/[39mnode_modules/[4m@vitest/runner[24m/dist/chunk-hooks.js:752:20

[90mstdout[2m | tests/integration/handlers/auth-handlers.test.js[2m > [22m[2mPOST /auth/register[2m > [22m[2mshould send verification email
[22m[39m[Payment] Free subscription created for user 484b973b-c38e-40b2-af3f-04e638158c73

[90mstderr[2m | tests/integration/handlers/auth-handlers.test.js[2m > [22m[2mPOST /auth/register[2m > [22m[2mshould send verification email
[22m[39mRegistration error: TypeError: Cannot read properties of undefined (reading 'get')
    at logAuthEvent [90m(D:\manuscript-platform\[39msrc\utils\auth-utils.js:312:37[90m)[39m
    at Module.handleRegister [90m(D:\manuscript-platform\[39msrc\handlers\auth-handlers.js:175:23[90m)[39m
[90m    at processTicksAndRejections (node:internal/process/task_queues:105:5)[39m
    at [90mD:\manuscript-platform\[39mtests\integration\handlers\auth-handlers.test.js:217:5
    at [90mfile:///D:/manuscript-platform/[39mnode_modules/[4m@vitest/runner[24m/dist/chunk-hooks.js:752:20

[90mstdout[2m | tests/integration/handlers/auth-handlers.test.js[2m > [22m[2mPOST /auth/register[2m > [22m[2mshould log registration event in audit log
[22m[39m[Payment] Free subscription created for user 8de7c333-227f-473f-b220-4316c14ebc2f

[90mstderr[2m | tests/integration/handlers/auth-handlers.test.js[2m > [22m[2mPOST /auth/register[2m > [22m[2mshould log registration event in audit log
[22m[39mRegistration error: TypeError: Cannot read properties of undefined (reading 'get')
    at logAuthEvent [90m(D:\manuscript-platform\[39msrc\utils\auth-utils.js:312:37[90m)[39m
    at Module.handleRegister [90m(D:\manuscript-platform\[39msrc\handlers\auth-handlers.js:175:23[90m)[39m
[90m    at processTicksAndRejections (node:internal/process/task_queues:105:5)[39m
    at [90mD:\manuscript-platform\[39mtests\integration\handlers\auth-handlers.test.js:238:5
    at [90mfile:///D:/manuscript-platform/[39mnode_modules/[4m@vitest/runner[24m/dist/chunk-hooks.js:752:20

[90mstdout[2m | tests/integration/handlers/auth-handlers.test.js[2m > [22m[2mPOST /auth/register[2m > [22m[2mshould set default role to author if not specified
[22m[39m[Payment] Free subscription created for user 61157d09-6901-46c3-89e9-c8360b8e6321

[90mstderr[2m | tests/integration/handlers/auth-handlers.test.js[2m > [22m[2mPOST /auth/register[2m > [22m[2mshould set default role to author if not specified
[22m[39mRegistration error: TypeError: Cannot read properties of undefined (reading 'get')
    at logAuthEvent [90m(D:\manuscript-platform\[39msrc\utils\auth-utils.js:312:37[90m)[39m
    at Module.handleRegister [90m(D:\manuscript-platform\[39msrc\handlers\auth-handlers.js:175:23[90m)[39m
[90m    at processTicksAndRejections (node:internal/process/task_queues:105:5)[39m
    at [90mD:\manuscript-platform\[39mtests\integration\handlers\auth-handlers.test.js:255:5
    at [90mfile:///D:/manuscript-platform/[39mnode_modules/[4m@vitest/runner[24m/dist/chunk-hooks.js:752:20

[90mstderr[2m | tests/integration/handlers/auth-handlers.test.js[2m > [22m[2mPOST /auth/login[2m > [22m[2mshould login with valid credentials
[22m[39mDatabase query error: error: insert or update on table "audit_log" violates foreign key constraint "audit_log_user_id_fkey"
    at [90mD:\manuscript-platform\[39mnode_modules\[4mpg-pool[24m\index.js:45:11
[90m    at processTicksAndRejections (node:internal/process/task_queues:105:5)[39m
    at PreparedStatement._executeQuery [90m(D:\manuscript-platform\[39msrc\adapters\database-adapter.js:185:22[90m)[39m
    at PreparedStatement.run [90m(D:\manuscript-platform\[39msrc\adapters\database-adapter.js:163:20[90m)[39m
    at logAuthEvent [90m(D:\manuscript-platform\[39msrc\utils\auth-utils.js:316:5[90m)[39m
    at Module.handleLogin [90m(D:\manuscript-platform\[39msrc\handlers\auth-handlers.js:262:7[90m)[39m
    at [90mD:\manuscript-platform\[39mtests\integration\handlers\auth-handlers.test.js:292:22
    at [90mfile:///D:/manuscript-platform/[39mnode_modules/[4m@vitest/runner[24m/dist/chunk-hooks.js:752:20 {
  length: [33m266[39m,
  severity: [32m'ERROR'[39m,
  code: [32m'23503'[39m,
  detail: [32m'Key (user_id)=(anonymous) is not present in table "users".'[39m,
  hint: [90mundefined[39m,
  position: [90mundefined[39m,
  internalPosition: [90mundefined[39m,
  internalQuery: [90mundefined[39m,
  where: [90mundefined[39m,
  schema: [32m'public'[39m,
  table: [32m'audit_log'[39m,
  column: [90mundefined[39m,
  dataType: [90mundefined[39m,
  constraint: [32m'audit_log_user_id_fkey'[39m,
  file: [32m'ri_triggers.c'[39m,
  line: [32m'2610'[39m,
  routine: [32m'ri_ReportViolation'[39m
}
Query: 
      INSERT INTO audit_log (id, user_id, event_type, resource_type, resource_id, created_at, ip_address, user_agent, event_details)
      VALUES ($1, $2, $3, $4, $5, $6, $7, $8, $9)
    
Params: [
  [32m'135850bd-1567-41e0-bf1b-7a74a12188d1'[39m,
  [32m'anonymous'[39m,
  [32m'login_failed'[39m,
  [32m'auth'[39m,
  [32m'anonymous'[39m,
  [33m1762725284[39m,
  [32m'unknown'[39m,
  [32m'unknown'[39m,
  [32m'{"email":"login-test@example.com","reason":"invalid_credentials"}'[39m
]

[90mstderr[2m | tests/integration/handlers/auth-handlers.test.js[2m > [22m[2mPOST /auth/login[2m > [22m[2mshould login with valid credentials
[22m[39mAudit log error: error: insert or update on table "audit_log" violates foreign key constraint "audit_log_user_id_fkey"
    at [90mD:\manuscript-platform\[39mnode_modules\[4mpg-pool[24m\index.js:45:11
[90m    at processTicksAndRejections (node:internal/process/task_queues:105:5)[39m
    at PreparedStatement._executeQuery [90m(D:\manuscript-platform\[39msrc\adapters\database-adapter.js:185:22[90m)[39m
    at PreparedStatement.run [90m(D:\manuscript-platform\[39msrc\adapters\database-adapter.js:163:20[90m)[39m
    at logAuthEvent [90m(D:\manuscript-platform\[39msrc\utils\auth-utils.js:316:5[90m)[39m
    at Module.handleLogin [90m(D:\manuscript-platform\[39msrc\handlers\auth-handlers.js:262:7[90m)[39m
    at [90mD:\manuscript-platform\[39mtests\integration\handlers\auth-handlers.test.js:292:22
    at [90mfile:///D:/manuscript-platform/[39mnode_modules/[4m@vitest/runner[24m/dist/chunk-hooks.js:752:20 {
  length: [33m266[39m,
  severity: [32m'ERROR'[39m,
  code: [32m'23503'[39m,
  detail: [32m'Key (user_id)=(anonymous) is not present in table "users".'[39m,
  hint: [90mundefined[39m,
  position: [90mundefined[39m,
  internalPosition: [90mundefined[39m,
  internalQuery: [90mundefined[39m,
  where: [90mundefined[39m,
  schema: [32m'public'[39m,
  table: [32m'audit_log'[39m,
  column: [90mundefined[39m,
  dataType: [90mundefined[39m,
  constraint: [32m'audit_log_user_id_fkey'[39m,
  file: [32m'ri_triggers.c'[39m,
  line: [32m'2610'[39m,
  routine: [32m'ri_ReportViolation'[39m
}

[90mstderr[2m | tests/integration/handlers/auth-handlers.test.js[2m > [22m[2mPOST /auth/login[2m > [22m[2mshould reject login with wrong password
[22m[39mDatabase query error: error: insert or update on table "audit_log" violates foreign key constraint "audit_log_user_id_fkey"
    at [90mD:\manuscript-platform\[39mnode_modules\[4mpg-pool[24m\index.js:45:11
[90m    at processTicksAndRejections (node:internal/process/task_queues:105:5)[39m
    at PreparedStatement._executeQuery [90m(D:\manuscript-platform\[39msrc\adapters\database-adapter.js:185:22[90m)[39m
    at PreparedStatement.run [90m(D:\manuscript-platform\[39msrc\adapters\database-adapter.js:163:20[90m)[39m
    at logAuthEvent [90m(D:\manuscript-platform\[39msrc\utils\auth-utils.js:316:5[90m)[39m
    at Module.handleLogin [90m(D:\manuscript-platform\[39msrc\handlers\auth-handlers.js:262:7[90m)[39m
    at [90mD:\manuscript-platform\[39mtests\integration\handlers\auth-handlers.test.js:318:22
    at [90mfile:///D:/manuscript-platform/[39mnode_modules/[4m@vitest/runner[24m/dist/chunk-hooks.js:752:20 {
  length: [33m266[39m,
  severity: [32m'ERROR'[39m,
  code: [32m'23503'[39m,
  detail: [32m'Key (user_id)=(anonymous) is not present in table "users".'[39m,
  hint: [90mundefined[39m,
  position: [90mundefined[39m,
  internalPosition: [90mundefined[39m,
  internalQuery: [90mundefined[39m,
  where: [90mundefined[39m,
  schema: [32m'public'[39m,
  table: [32m'audit_log'[39m,
  column: [90mundefined[39m,
  dataType: [90mundefined[39m,
  constraint: [32m'audit_log_user_id_fkey'[39m,
  file: [32m'ri_triggers.c'[39m,
  line: [32m'2610'[39m,
  routine: [32m'ri_ReportViolation'[39m
}
Query: 
      INSERT INTO audit_log (id, user_id, event_type, resource_type, resource_id, created_at, ip_address, user_agent, event_details)
      VALUES ($1, $2, $3, $4, $5, $6, $7, $8, $9)
    
Params: [
  [32m'2f83b30f-17fb-44bc-932d-8c3784bfa03d'[39m,
  [32m'anonymous'[39m,
  [32m'login_failed'[39m,
  [32m'auth'[39m,
  [32m'anonymous'[39m,
  [33m1762725286[39m,
  [32m'unknown'[39m,
  [32m'unknown'[39m,
  [32m'{"email":"login-test@example.com","reason":"invalid_credentials"}'[39m
]

[90mstderr[2m | tests/integration/handlers/auth-handlers.test.js[2m > [22m[2mPOST /auth/login[2m > [22m[2mshould reject login with wrong password
[22m[39mAudit log error: error: insert or update on table "audit_log" violates foreign key constraint "audit_log_user_id_fkey"
    at [90mD:\manuscript-platform\[39mnode_modules\[4mpg-pool[24m\index.js:45:11
[90m    at processTicksAndRejections (node:internal/process/task_queues:105:5)[39m
    at PreparedStatement._executeQuery [90m(D:\manuscript-platform\[39msrc\adapters\database-adapter.js:185:22[90m)[39m
    at PreparedStatement.run [90m(D:\manuscript-platform\[39msrc\adapters\database-adapter.js:163:20[90m)[39m
    at logAuthEvent [90m(D:\manuscript-platform\[39msrc\utils\auth-utils.js:316:5[90m)[39m
    at Module.handleLogin [90m(D:\manuscript-platform\[39msrc\handlers\auth-handlers.js:262:7[90m)[39m
    at [90mD:\manuscript-platform\[39mtests\integration\handlers\auth-handlers.test.js:318:22
    at [90mfile:///D:/manuscript-platform/[39mnode_modules/[4m@vitest/runner[24m/dist/chunk-hooks.js:752:20 {
  length: [33m266[39m,
  severity: [32m'ERROR'[39m,
  code: [32m'23503'[39m,
  detail: [32m'Key (user_id)=(anonymous) is not present in table "users".'[39m,
  hint: [90mundefined[39m,
  position: [90mundefined[39m,
  internalPosition: [90mundefined[39m,
  internalQuery: [90mundefined[39m,
  where: [90mundefined[39m,
  schema: [32m'public'[39m,
  table: [32m'audit_log'[39m,
  column: [90mundefined[39m,
  dataType: [90mundefined[39m,
  constraint: [32m'audit_log_user_id_fkey'[39m,
  file: [32m'ri_triggers.c'[39m,
  line: [32m'2610'[39m,
  routine: [32m'ri_ReportViolation'[39m
}

[90mstderr[2m | tests/integration/handlers/auth-handlers.test.js[2m > [22m[2mPOST /auth/login[2m > [22m[2mshould reject login with non-existent email
[22m[39mDatabase query error: error: insert or update on table "audit_log" violates foreign key constraint "audit_log_user_id_fkey"
    at [90mD:\manuscript-platform\[39mnode_modules\[4mpg-pool[24m\index.js:45:11
[90m    at processTicksAndRejections (node:internal/process/task_queues:105:5)[39m
    at PreparedStatement._executeQuery [90m(D:\manuscript-platform\[39msrc\adapters\database-adapter.js:185:22[90m)[39m
    at PreparedStatement.run [90m(D:\manuscript-platform\[39msrc\adapters\database-adapter.js:163:20[90m)[39m
    at logAuthEvent [90m(D:\manuscript-platform\[39msrc\utils\auth-utils.js:316:5[90m)[39m
    at Module.handleLogin [90m(D:\manuscript-platform\[39msrc\handlers\auth-handlers.js:262:7[90m)[39m
    at [90mD:\manuscript-platform\[39mtests\integration\handlers\auth-handlers.test.js:336:22
    at [90mfile:///D:/manuscript-platform/[39mnode_modules/[4m@vitest/runner[24m/dist/chunk-hooks.js:752:20 {
  length: [33m266[39m,
  severity: [32m'ERROR'[39m,
  code: [32m'23503'[39m,
  detail: [32m'Key (user_id)=(anonymous) is not present in table "users".'[39m,
  hint: [90mundefined[39m,
  position: [90mundefined[39m,
  internalPosition: [90mundefined[39m,
  internalQuery: [90mundefined[39m,
  where: [90mundefined[39m,
  schema: [32m'public'[39m,
  table: [32m'audit_log'[39m,
  column: [90mundefined[39m,
  dataType: [90mundefined[39m,
  constraint: [32m'audit_log_user_id_fkey'[39m,
  file: [32m'ri_triggers.c'[39m,
  line: [32m'2610'[39m,
  routine: [32m'ri_ReportViolation'[39m
}
Query: 
      INSERT INTO audit_log (id, user_id, event_type, resource_type, resource_id, created_at, ip_address, user_agent, event_details)
      VALUES ($1, $2, $3, $4, $5, $6, $7, $8, $9)
    
Params: [
  [32m'9a5c7ed8-31bd-4a91-9d3d-e595ece94e52'[39m,
  [32m'anonymous'[39m,
  [32m'login_failed'[39m,
  [32m'auth'[39m,
  [32m'anonymous'[39m,
  [33m1762725287[39m,
  [32m'unknown'[39m,
  [32m'unknown'[39m,
  [32m'{"email":"nonexistent@example.com","reason":"invalid_credentials"}'[39m
]

[90mstderr[2m | tests/integration/handlers/auth-handlers.test.js[2m > [22m[2mPOST /auth/login[2m > [22m[2mshould reject login with non-existent email
[22m[39mAudit log error: error: insert or update on table "audit_log" violates foreign key constraint "audit_log_user_id_fkey"
    at [90mD:\manuscript-platform\[39mnode_modules\[4mpg-pool[24m\index.js:45:11
[90m    at processTicksAndRejections (node:internal/process/task_queues:105:5)[39m
    at PreparedStatement._executeQuery [90m(D:\manuscript-platform\[39msrc\adapters\database-adapter.js:185:22[90m)[39m
    at PreparedStatement.run [90m(D:\manuscript-platform\[39msrc\adapters\database-adapter.js:163:20[90m)[39m
    at logAuthEvent [90m(D:\manuscript-platform\[39msrc\utils\auth-utils.js:316:5[90m)[39m
    at Module.handleLogin [90m(D:\manuscript-platform\[39msrc\handlers\auth-handlers.js:262:7[90m)[39m
    at [90mD:\manuscript-platform\[39mtests\integration\handlers\auth-handlers.test.js:336:22
    at [90mfile:///D:/manuscript-platform/[39mnode_modules/[4m@vitest/runner[24m/dist/chunk-hooks.js:752:20 {
  length: [33m266[39m,
  severity: [32m'ERROR'[39m,
  code: [32m'23503'[39m,
  detail: [32m'Key (user_id)=(anonymous) is not present in table "users".'[39m,
  hint: [90mundefined[39m,
  position: [90mundefined[39m,
  internalPosition: [90mundefined[39m,
  internalQuery: [90mundefined[39m,
  where: [90mundefined[39m,
  schema: [32m'public'[39m,
  table: [32m'audit_log'[39m,
  column: [90mundefined[39m,
  dataType: [90mundefined[39m,
  constraint: [32m'audit_log_user_id_fkey'[39m,
  file: [32m'ri_triggers.c'[39m,
  line: [32m'2610'[39m,
  routine: [32m'ri_ReportViolation'[39m
}

[90mstderr[2m | tests/integration/handlers/auth-handlers.test.js[2m > [22m[2mPOST /auth/login[2m > [22m[2mshould reject login with unverified email
[22m[39mDatabase query error: error: insert or update on table "audit_log" violates foreign key constraint "audit_log_user_id_fkey"
    at [90mD:\manuscript-platform\[39mnode_modules\[4mpg-pool[24m\index.js:45:11
[90m    at processTicksAndRejections (node:internal/process/task_queues:105:5)[39m
    at PreparedStatement._executeQuery [90m(D:\manuscript-platform\[39msrc\adapters\database-adapter.js:185:22[90m)[39m
    at PreparedStatement.run [90m(D:\manuscript-platform\[39msrc\adapters\database-adapter.js:163:20[90m)[39m
    at logAuthEvent [90m(D:\manuscript-platform\[39msrc\utils\auth-utils.js:316:5[90m)[39m
    at Module.handleLogin [90m(D:\manuscript-platform\[39msrc\handlers\auth-handlers.js:262:7[90m)[39m
    at [90mD:\manuscript-platform\[39mtests\integration\handlers\auth-handlers.test.js:361:22
    at [90mfile:///D:/manuscript-platform/[39mnode_modules/[4m@vitest/runner[24m/dist/chunk-hooks.js:752:20 {
  length: [33m266[39m,
  severity: [32m'ERROR'[39m,
  code: [32m'23503'[39m,
  detail: [32m'Key (user_id)=(anonymous) is not present in table "users".'[39m,
  hint: [90mundefined[39m,
  position: [90mundefined[39m,
  internalPosition: [90mundefined[39m,
  internalQuery: [90mundefined[39m,
  where: [90mundefined[39m,
  schema: [32m'public'[39m,
  table: [32m'audit_log'[39m,
  column: [90mundefined[39m,
  dataType: [90mundefined[39m,
  constraint: [32m'audit_log_user_id_fkey'[39m,
  file: [32m'ri_triggers.c'[39m,
  line: [32m'2610'[39m,
  routine: [32m'ri_ReportViolation'[39m
}
Query: 
      INSERT INTO audit_log (id, user_id, event_type, resource_type, resource_id, created_at, ip_address, user_agent, event_details)
      VALUES ($1, $2, $3, $4, $5, $6, $7, $8, $9)
    
Params: [
  [32m'8331275f-04c6-400c-9a15-b10585a56fdf'[39m,
  [32m'anonymous'[39m,
  [32m'login_failed'[39m,
  [32m'auth'[39m,
  [32m'anonymous'[39m,
  [33m1762725290[39m,
  [32m'unknown'[39m,
  [32m'unknown'[39m,
  [32m'{"email":"unverified@example.com","reason":"invalid_credentials"}'[39m
]

[90mstderr[2m | tests/integration/handlers/auth-handlers.test.js[2m > [22m[2mPOST /auth/login[2m > [22m[2mshould reject login with unverified email
[22m[39mAudit log error: error: insert or update on table "audit_log" violates foreign key constraint "audit_log_user_id_fkey"
    at [90mD:\manuscript-platform\[39mnode_modules\[4mpg-pool[24m\index.js:45:11
[90m    at processTicksAndRejections (node:internal/process/task_queues:105:5)[39m
    at PreparedStatement._executeQuery [90m(D:\manuscript-platform\[39msrc\adapters\database-adapter.js:185:22[90m)[39m
    at PreparedStatement.run [90m(D:\manuscript-platform\[39msrc\adapters\database-adapter.js:163:20[90m)[39m
    at logAuthEvent [90m(D:\manuscript-platform\[39msrc\utils\auth-utils.js:316:5[90m)[39m
    at Module.handleLogin [90m(D:\manuscript-platform\[39msrc\handlers\auth-handlers.js:262:7[90m)[39m
    at [90mD:\manuscript-platform\[39mtests\integration\handlers\auth-handlers.test.js:361:22
    at [90mfile:///D:/manuscript-platform/[39mnode_modules/[4m@vitest/runner[24m/dist/chunk-hooks.js:752:20 {
  length: [33m266[39m,
  severity: [32m'ERROR'[39m,
  code: [32m'23503'[39m,
  detail: [32m'Key (user_id)=(anonymous) is not present in table "users".'[39m,
  hint: [90mundefined[39m,
  position: [90mundefined[39m,
  internalPosition: [90mundefined[39m,
  internalQuery: [90mundefined[39m,
  where: [90mundefined[39m,
  schema: [32m'public'[39m,
  table: [32m'audit_log'[39m,
  column: [90mundefined[39m,
  dataType: [90mundefined[39m,
  constraint: [32m'audit_log_user_id_fkey'[39m,
  file: [32m'ri_triggers.c'[39m,
  line: [32m'2610'[39m,
  routine: [32m'ri_ReportViolation'[39m
}

[90mstderr[2m | tests/integration/handlers/auth-handlers.test.js[2m > [22m[2mPOST /auth/login[2m > [22m[2mshould rate limit after 5 failed attempts
[22m[39mDatabase query error: error: insert or update on table "audit_log" violates foreign key constraint "audit_log_user_id_fkey"
    at [90mD:\manuscript-platform\[39mnode_modules\[4mpg-pool[24m\index.js:45:11
[90m    at processTicksAndRejections (node:internal/process/task_queues:105:5)[39m
    at PreparedStatement._executeQuery [90m(D:\manuscript-platform\[39msrc\adapters\database-adapter.js:185:22[90m)[39m
    at PreparedStatement.run [90m(D:\manuscript-platform\[39msrc\adapters\database-adapter.js:163:20[90m)[39m
    at logAuthEvent [90m(D:\manuscript-platform\[39msrc\utils\auth-utils.js:316:5[90m)[39m
    at Module.handleLogin [90m(D:\manuscript-platform\[39msrc\handlers\auth-handlers.js:262:7[90m)[39m
    at [90mD:\manuscript-platform\[39mtests\integration\handlers\auth-handlers.test.js:381:7
    at [90mfile:///D:/manuscript-platform/[39mnode_modules/[4m@vitest/runner[24m/dist/chunk-hooks.js:752:20 {
  length: [33m266[39m,
  severity: [32m'ERROR'[39m,
  code: [32m'23503'[39m,
  detail: [32m'Key (user_id)=(anonymous) is not present in table "users".'[39m,
  hint: [90mundefined[39m,
  position: [90mundefined[39m,
  internalPosition: [90mundefined[39m,
  internalQuery: [90mundefined[39m,
  where: [90mundefined[39m,
  schema: [32m'public'[39m,
  table: [32m'audit_log'[39m,
  column: [90mundefined[39m,
  dataType: [90mundefined[39m,
  constraint: [32m'audit_log_user_id_fkey'[39m,
  file: [32m'ri_triggers.c'[39m,
  line: [32m'2610'[39m,
  routine: [32m'ri_ReportViolation'[39m
}
Query: 
      INSERT INTO audit_log (id, user_id, event_type, resource_type, resource_id, created_at, ip_address, user_agent, event_details)
      VALUES ($1, $2, $3, $4, $5, $6, $7, $8, $9)
    
Params: [
  [32m'8ced7f55-d647-475f-ae90-29810cf9a43e'[39m,
  [32m'anonymous'[39m,
  [32m'login_failed'[39m,
  [32m'auth'[39m,
  [32m'anonymous'[39m,
  [33m1762725292[39m,
  [32m'unknown'[39m,
  [32m'unknown'[39m,
  [32m'{"email":"login-test@example.com","reason":"invalid_credentials"}'[39m
]

[90mstderr[2m | tests/integration/handlers/auth-handlers.test.js[2m > [22m[2mPOST /auth/login[2m > [22m[2mshould rate limit after 5 failed attempts
[22m[39mAudit log error: error: insert or update on table "audit_log" violates foreign key constraint "audit_log_user_id_fkey"
    at [90mD:\manuscript-platform\[39mnode_modules\[4mpg-pool[24m\index.js:45:11
[90m    at processTicksAndRejections (node:internal/process/task_queues:105:5)[39m
    at PreparedStatement._executeQuery [90m(D:\manuscript-platform\[39msrc\adapters\database-adapter.js:185:22[90m)[39m
    at PreparedStatement.run [90m(D:\manuscript-platform\[39msrc\adapters\database-adapter.js:163:20[90m)[39m
    at logAuthEvent [90m(D:\manuscript-platform\[39msrc\utils\auth-utils.js:316:5[90m)[39m
    at Module.handleLogin [90m(D:\manuscript-platform\[39msrc\handlers\auth-handlers.js:262:7[90m)[39m
    at [90mD:\manuscript-platform\[39mtests\integration\handlers\auth-handlers.test.js:381:7
    at [90mfile:///D:/manuscript-platform/[39mnode_modules/[4m@vitest/runner[24m/dist/chunk-hooks.js:752:20 {
  length: [33m266[39m,
  severity: [32m'ERROR'[39m,
  code: [32m'23503'[39m,
  detail: [32m'Key (user_id)=(anonymous) is not present in table "users".'[39m,
  hint: [90mundefined[39m,
  position: [90mundefined[39m,
  internalPosition: [90mundefined[39m,
  internalQuery: [90mundefined[39m,
  where: [90mundefined[39m,
  schema: [32m'public'[39m,
  table: [32m'audit_log'[39m,
  column: [90mundefined[39m,
  dataType: [90mundefined[39m,
  constraint: [32m'audit_log_user_id_fkey'[39m,
  file: [32m'ri_triggers.c'[39m,
  line: [32m'2610'[39m,
  routine: [32m'ri_ReportViolation'[39m
}

[90mstderr[2m | tests/integration/handlers/auth-handlers.test.js[2m > [22m[2mPOST /auth/login[2m > [22m[2mshould rate limit after 5 failed attempts
[22m[39mDatabase query error: error: insert or update on table "audit_log" violates foreign key constraint "audit_log_user_id_fkey"
    at [90mD:\manuscript-platform\[39mnode_modules\[4mpg-pool[24m\index.js:45:11
[90m    at processTicksAndRejections (node:internal/process/task_queues:105:5)[39m
    at PreparedStatement._executeQuery [90m(D:\manuscript-platform\[39msrc\adapters\database-adapter.js:185:22[90m)[39m
    at PreparedStatement.run [90m(D:\manuscript-platform\[39msrc\adapters\database-adapter.js:163:20[90m)[39m
    at logAuthEvent [90m(D:\manuscript-platform\[39msrc\utils\auth-utils.js:316:5[90m)[39m
    at Module.handleLogin [90m(D:\manuscript-platform\[39msrc\handlers\auth-handlers.js:262:7[90m)[39m
    at [90mD:\manuscript-platform\[39mtests\integration\handlers\auth-handlers.test.js:381:7
    at [90mfile:///D:/manuscript-platform/[39mnode_modules/[4m@vitest/runner[24m/dist/chunk-hooks.js:752:20 {
  length: [33m266[39m,
  severity: [32m'ERROR'[39m,
  code: [32m'23503'[39m,
  detail: [32m'Key (user_id)=(anonymous) is not present in table "users".'[39m,
  hint: [90mundefined[39m,
  position: [90mundefined[39m,
  internalPosition: [90mundefined[39m,
  internalQuery: [90mundefined[39m,
  where: [90mundefined[39m,
  schema: [32m'public'[39m,
  table: [32m'audit_log'[39m,
  column: [90mundefined[39m,
  dataType: [90mundefined[39m,
  constraint: [32m'audit_log_user_id_fkey'[39m,
  file: [32m'ri_triggers.c'[39m,
  line: [32m'2610'[39m,
  routine: [32m'ri_ReportViolation'[39m
}
Query: 
      INSERT INTO audit_log (id, user_id, event_type, resource_type, resource_id, created_at, ip_address, user_agent, event_details)
      VALUES ($1, $2, $3, $4, $5, $6, $7, $8, $9)
    
Params: [
  [32m'47926ea1-3099-48f9-9e01-2f99e6d0a5d7'[39m,
  [32m'anonymous'[39m,
  [32m'login_failed'[39m,
  [32m'auth'[39m,
  [32m'anonymous'[39m,
  [33m1762725292[39m,
  [32m'unknown'[39m,
  [32m'unknown'[39m,
  [32m'{"email":"login-test@example.com","reason":"invalid_credentials"}'[39m
]

[90mstderr[2m | tests/integration/handlers/auth-handlers.test.js[2m > [22m[2mPOST /auth/login[2m > [22m[2mshould rate limit after 5 failed attempts
[22m[39mAudit log error: error: insert or update on table "audit_log" violates foreign key constraint "audit_log_user_id_fkey"
    at [90mD:\manuscript-platform\[39mnode_modules\[4mpg-pool[24m\index.js:45:11
[90m    at processTicksAndRejections (node:internal/process/task_queues:105:5)[39m
    at PreparedStatement._executeQuery [90m(D:\manuscript-platform\[39msrc\adapters\database-adapter.js:185:22[90m)[39m
    at PreparedStatement.run [90m(D:\manuscript-platform\[39msrc\adapters\database-adapter.js:163:20[90m)[39m
    at logAuthEvent [90m(D:\manuscript-platform\[39msrc\utils\auth-utils.js:316:5[90m)[39m
    at Module.handleLogin [90m(D:\manuscript-platform\[39msrc\handlers\auth-handlers.js:262:7[90m)[39m
    at [90mD:\manuscript-platform\[39mtests\integration\handlers\auth-handlers.test.js:381:7
    at [90mfile:///D:/manuscript-platform/[39mnode_modules/[4m@vitest/runner[24m/dist/chunk-hooks.js:752:20 {
  length: [33m266[39m,
  severity: [32m'ERROR'[39m,
  code: [32m'23503'[39m,
  detail: [32m'Key (user_id)=(anonymous) is not present in table "users".'[39m,
  hint: [90mundefined[39m,
  position: [90mundefined[39m,
  internalPosition: [90mundefined[39m,
  internalQuery: [90mundefined[39m,
  where: [90mundefined[39m,
  schema: [32m'public'[39m,
  table: [32m'audit_log'[39m,
  column: [90mundefined[39m,
  dataType: [90mundefined[39m,
  constraint: [32m'audit_log_user_id_fkey'[39m,
  file: [32m'ri_triggers.c'[39m,
  line: [32m'2610'[39m,
  routine: [32m'ri_ReportViolation'[39m
}

[90mstderr[2m | tests/integration/handlers/auth-handlers.test.js[2m > [22m[2mPOST /auth/login[2m > [22m[2mshould rate limit after 5 failed attempts
[22m[39mDatabase query error: error: insert or update on table "audit_log" violates foreign key constraint "audit_log_user_id_fkey"
    at [90mD:\manuscript-platform\[39mnode_modules\[4mpg-pool[24m\index.js:45:11
[90m    at processTicksAndRejections (node:internal/process/task_queues:105:5)[39m
    at PreparedStatement._executeQuery [90m(D:\manuscript-platform\[39msrc\adapters\database-adapter.js:185:22[90m)[39m
    at PreparedStatement.run [90m(D:\manuscript-platform\[39msrc\adapters\database-adapter.js:163:20[90m)[39m
    at logAuthEvent [90m(D:\manuscript-platform\[39msrc\utils\auth-utils.js:316:5[90m)[39m
    at Module.handleLogin [90m(D:\manuscript-platform\[39msrc\handlers\auth-handlers.js:262:7[90m)[39m
    at [90mD:\manuscript-platform\[39mtests\integration\handlers\auth-handlers.test.js:381:7
    at [90mfile:///D:/manuscript-platform/[39mnode_modules/[4m@vitest/runner[24m/dist/chunk-hooks.js:752:20 {
  length: [33m266[39m,
  severity: [32m'ERROR'[39m,
  code: [32m'23503'[39m,
  detail: [32m'Key (user_id)=(anonymous) is not present in table "users".'[39m,
  hint: [90mundefined[39m,
  position: [90mundefined[39m,
  internalPosition: [90mundefined[39m,
  internalQuery: [90mundefined[39m,
  where: [90mundefined[39m,
  schema: [32m'public'[39m,
  table: [32m'audit_log'[39m,
  column: [90mundefined[39m,
  dataType: [90mundefined[39m,
  constraint: [32m'audit_log_user_id_fkey'[39m,
  file: [32m'ri_triggers.c'[39m,
  line: [32m'2610'[39m,
  routine: [32m'ri_ReportViolation'[39m
}
Query: 
      INSERT INTO audit_log (id, user_id, event_type, resource_type, resource_id, created_at, ip_address, user_agent, event_details)
      VALUES ($1, $2, $3, $4, $5, $6, $7, $8, $9)
    
Params: [
  [32m'5118ede1-cde2-4556-a2a3-6adaa2a1d5c4'[39m,
  [32m'anonymous'[39m,
  [32m'login_failed'[39m,
  [32m'auth'[39m,
  [32m'anonymous'[39m,
  [33m1762725292[39m,
  [32m'unknown'[39m,
  [32m'unknown'[39m,
  [32m'{"email":"login-test@example.com","reason":"invalid_credentials"}'[39m
]

[90mstderr[2m | tests/integration/handlers/auth-handlers.test.js[2m > [22m[2mPOST /auth/login[2m > [22m[2mshould rate limit after 5 failed attempts
[22m[39mAudit log error: error: insert or update on table "audit_log" violates foreign key constraint "audit_log_user_id_fkey"
    at [90mD:\manuscript-platform\[39mnode_modules\[4mpg-pool[24m\index.js:45:11
[90m    at processTicksAndRejections (node:internal/process/task_queues:105:5)[39m
    at PreparedStatement._executeQuery [90m(D:\manuscript-platform\[39msrc\adapters\database-adapter.js:185:22[90m)[39m
    at PreparedStatement.run [90m(D:\manuscript-platform\[39msrc\adapters\database-adapter.js:163:20[90m)[39m
    at logAuthEvent [90m(D:\manuscript-platform\[39msrc\utils\auth-utils.js:316:5[90m)[39m
    at Module.handleLogin [90m(D:\manuscript-platform\[39msrc\handlers\auth-handlers.js:262:7[90m)[39m
    at [90mD:\manuscript-platform\[39mtests\integration\handlers\auth-handlers.test.js:381:7
    at [90mfile:///D:/manuscript-platform/[39mnode_modules/[4m@vitest/runner[24m/dist/chunk-hooks.js:752:20 {
  length: [33m266[39m,
  severity: [32m'ERROR'[39m,
  code: [32m'23503'[39m,
  detail: [32m'Key (user_id)=(anonymous) is not present in table "users".'[39m,
  hint: [90mundefined[39m,
  position: [90mundefined[39m,
  internalPosition: [90mundefined[39m,
  internalQuery: [90mundefined[39m,
  where: [90mundefined[39m,
  schema: [32m'public'[39m,
  table: [32m'audit_log'[39m,
  column: [90mundefined[39m,
  dataType: [90mundefined[39m,
  constraint: [32m'audit_log_user_id_fkey'[39m,
  file: [32m'ri_triggers.c'[39m,
  line: [32m'2610'[39m,
  routine: [32m'ri_ReportViolation'[39m
}

[90mstderr[2m | tests/integration/handlers/auth-handlers.test.js[2m > [22m[2mPOST /auth/login[2m > [22m[2mshould rate limit after 5 failed attempts
[22m[39mDatabase query error: error: insert or update on table "audit_log" violates foreign key constraint "audit_log_user_id_fkey"
    at [90mD:\manuscript-platform\[39mnode_modules\[4mpg-pool[24m\index.js:45:11
[90m    at processTicksAndRejections (node:internal/process/task_queues:105:5)[39m
    at PreparedStatement._executeQuery [90m(D:\manuscript-platform\[39msrc\adapters\database-adapter.js:185:22[90m)[39m
    at PreparedStatement.run [90m(D:\manuscript-platform\[39msrc\adapters\database-adapter.js:163:20[90m)[39m
    at logAuthEvent [90m(D:\manuscript-platform\[39msrc\utils\auth-utils.js:316:5[90m)[39m
    at Module.handleLogin [90m(D:\manuscript-platform\[39msrc\handlers\auth-handlers.js:262:7[90m)[39m
    at [90mD:\manuscript-platform\[39mtests\integration\handlers\auth-handlers.test.js:381:7
    at [90mfile:///D:/manuscript-platform/[39mnode_modules/[4m@vitest/runner[24m/dist/chunk-hooks.js:752:20 {
  length: [33m266[39m,
  severity: [32m'ERROR'[39m,
  code: [32m'23503'[39m,
  detail: [32m'Key (user_id)=(anonymous) is not present in table "users".'[39m,
  hint: [90mundefined[39m,
  position: [90mundefined[39m,
  internalPosition: [90mundefined[39m,
  internalQuery: [90mundefined[39m,
  where: [90mundefined[39m,
  schema: [32m'public'[39m,
  table: [32m'audit_log'[39m,
  column: [90mundefined[39m,
  dataType: [90mundefined[39m,
  constraint: [32m'audit_log_user_id_fkey'[39m,
  file: [32m'ri_triggers.c'[39m,
  line: [32m'2610'[39m,
  routine: [32m'ri_ReportViolation'[39m
}
Query: 
      INSERT INTO audit_log (id, user_id, event_type, resource_type, resource_id, created_at, ip_address, user_agent, event_details)
      VALUES ($1, $2, $3, $4, $5, $6, $7, $8, $9)
    
Params: [
  [32m'f54acc06-ee7f-4b4b-a9f0-f6f5dbbd5800'[39m,
  [32m'anonymous'[39m,
  [32m'login_failed'[39m,
  [32m'auth'[39m,
  [32m'anonymous'[39m,
  [33m1762725292[39m,
  [32m'unknown'[39m,
  [32m'unknown'[39m,
  [32m'{"email":"login-test@example.com","reason":"invalid_credentials"}'[39m
]

[90mstderr[2m | tests/integration/handlers/auth-handlers.test.js[2m > [22m[2mPOST /auth/login[2m > [22m[2mshould rate limit after 5 failed attempts
[22m[39mAudit log error: error: insert or update on table "audit_log" violates foreign key constraint "audit_log_user_id_fkey"
    at [90mD:\manuscript-platform\[39mnode_modules\[4mpg-pool[24m\index.js:45:11
[90m    at processTicksAndRejections (node:internal/process/task_queues:105:5)[39m
    at PreparedStatement._executeQuery [90m(D:\manuscript-platform\[39msrc\adapters\database-adapter.js:185:22[90m)[39m
    at PreparedStatement.run [90m(D:\manuscript-platform\[39msrc\adapters\database-adapter.js:163:20[90m)[39m
    at logAuthEvent [90m(D:\manuscript-platform\[39msrc\utils\auth-utils.js:316:5[90m)[39m
    at Module.handleLogin [90m(D:\manuscript-platform\[39msrc\handlers\auth-handlers.js:262:7[90m)[39m
    at [90mD:\manuscript-platform\[39mtests\integration\handlers\auth-handlers.test.js:381:7
    at [90mfile:///D:/manuscript-platform/[39mnode_modules/[4m@vitest/runner[24m/dist/chunk-hooks.js:752:20 {
  length: [33m266[39m,
  severity: [32m'ERROR'[39m,
  code: [32m'23503'[39m,
  detail: [32m'Key (user_id)=(anonymous) is not present in table "users".'[39m,
  hint: [90mundefined[39m,
  position: [90mundefined[39m,
  internalPosition: [90mundefined[39m,
  internalQuery: [90mundefined[39m,
  where: [90mundefined[39m,
  schema: [32m'public'[39m,
  table: [32m'audit_log'[39m,
  column: [90mundefined[39m,
  dataType: [90mundefined[39m,
  constraint: [32m'audit_log_user_id_fkey'[39m,
  file: [32m'ri_triggers.c'[39m,
  line: [32m'2610'[39m,
  routine: [32m'ri_ReportViolation'[39m
}

[90mstderr[2m | tests/integration/handlers/auth-handlers.test.js[2m > [22m[2mPOST /auth/login[2m > [22m[2mshould rate limit after 5 failed attempts
[22m[39mDatabase query error: error: insert or update on table "audit_log" violates foreign key constraint "audit_log_user_id_fkey"
    at [90mD:\manuscript-platform\[39mnode_modules\[4mpg-pool[24m\index.js:45:11
[90m    at processTicksAndRejections (node:internal/process/task_queues:105:5)[39m
    at PreparedStatement._executeQuery [90m(D:\manuscript-platform\[39msrc\adapters\database-adapter.js:185:22[90m)[39m
    at PreparedStatement.run [90m(D:\manuscript-platform\[39msrc\adapters\database-adapter.js:163:20[90m)[39m
    at logAuthEvent [90m(D:\manuscript-platform\[39msrc\utils\auth-utils.js:316:5[90m)[39m
    at Module.handleLogin [90m(D:\manuscript-platform\[39msrc\handlers\auth-handlers.js:262:7[90m)[39m
    at [90mD:\manuscript-platform\[39mtests\integration\handlers\auth-handlers.test.js:381:7
    at [90mfile:///D:/manuscript-platform/[39mnode_modules/[4m@vitest/runner[24m/dist/chunk-hooks.js:752:20 {
  length: [33m266[39m,
  severity: [32m'ERROR'[39m,
  code: [32m'23503'[39m,
  detail: [32m'Key (user_id)=(anonymous) is not present in table "users".'[39m,
  hint: [90mundefined[39m,
  position: [90mundefined[39m,
  internalPosition: [90mundefined[39m,
  internalQuery: [90mundefined[39m,
  where: [90mundefined[39m,
  schema: [32m'public'[39m,
  table: [32m'audit_log'[39m,
  column: [90mundefined[39m,
  dataType: [90mundefined[39m,
  constraint: [32m'audit_log_user_id_fkey'[39m,
  file: [32m'ri_triggers.c'[39m,
  line: [32m'2610'[39m,
  routine: [32m'ri_ReportViolation'[39m
}
Query: 
      INSERT INTO audit_log (id, user_id, event_type, resource_type, resource_id, created_at, ip_address, user_agent, event_details)
      VALUES ($1, $2, $3, $4, $5, $6, $7, $8, $9)
    
Params: [
  [32m'59f59767-dc50-435f-a339-67ff12740c79'[39m,
  [32m'anonymous'[39m,
  [32m'login_failed'[39m,
  [32m'auth'[39m,
  [32m'anonymous'[39m,
  [33m1762725292[39m,
  [32m'unknown'[39m,
  [32m'unknown'[39m,
  [32m'{"email":"login-test@example.com","reason":"invalid_credentials"}'[39m
]

[90mstderr[2m | tests/integration/handlers/auth-handlers.test.js[2m > [22m[2mPOST /auth/login[2m > [22m[2mshould rate limit after 5 failed attempts
[22m[39mAudit log error: error: insert or update on table "audit_log" violates foreign key constraint "audit_log_user_id_fkey"
    at [90mD:\manuscript-platform\[39mnode_modules\[4mpg-pool[24m\index.js:45:11
[90m    at processTicksAndRejections (node:internal/process/task_queues:105:5)[39m
    at PreparedStatement._executeQuery [90m(D:\manuscript-platform\[39msrc\adapters\database-adapter.js:185:22[90m)[39m
    at PreparedStatement.run [90m(D:\manuscript-platform\[39msrc\adapters\database-adapter.js:163:20[90m)[39m
    at logAuthEvent [90m(D:\manuscript-platform\[39msrc\utils\auth-utils.js:316:5[90m)[39m
    at Module.handleLogin [90m(D:\manuscript-platform\[39msrc\handlers\auth-handlers.js:262:7[90m)[39m
    at [90mD:\manuscript-platform\[39mtests\integration\handlers\auth-handlers.test.js:381:7
    at [90mfile:///D:/manuscript-platform/[39mnode_modules/[4m@vitest/runner[24m/dist/chunk-hooks.js:752:20 {
  length: [33m266[39m,
  severity: [32m'ERROR'[39m,
  code: [32m'23503'[39m,
  detail: [32m'Key (user_id)=(anonymous) is not present in table "users".'[39m,
  hint: [90mundefined[39m,
  position: [90mundefined[39m,
  internalPosition: [90mundefined[39m,
  internalQuery: [90mundefined[39m,
  where: [90mundefined[39m,
  schema: [32m'public'[39m,
  table: [32m'audit_log'[39m,
  column: [90mundefined[39m,
  dataType: [90mundefined[39m,
  constraint: [32m'audit_log_user_id_fkey'[39m,
  file: [32m'ri_triggers.c'[39m,
  line: [32m'2610'[39m,
  routine: [32m'ri_ReportViolation'[39m
}

[90mstderr[2m | tests/integration/handlers/auth-handlers.test.js[2m > [22m[2mPOST /auth/login[2m > [22m[2mshould update last_login timestamp
[22m[39mDatabase query error: error: insert or update on table "audit_log" violates foreign key constraint "audit_log_user_id_fkey"
    at [90mD:\manuscript-platform\[39mnode_modules\[4mpg-pool[24m\index.js:45:11
[90m    at processTicksAndRejections (node:internal/process/task_queues:105:5)[39m
    at PreparedStatement._executeQuery [90m(D:\manuscript-platform\[39msrc\adapters\database-adapter.js:185:22[90m)[39m
    at PreparedStatement.run [90m(D:\manuscript-platform\[39msrc\adapters\database-adapter.js:163:20[90m)[39m
    at logAuthEvent [90m(D:\manuscript-platform\[39msrc\utils\auth-utils.js:316:5[90m)[39m
    at Module.handleLogin [90m(D:\manuscript-platform\[39msrc\handlers\auth-handlers.js:262:7[90m)[39m
    at [90mD:\manuscript-platform\[39mtests\integration\handlers\auth-handlers.test.js:413:5
    at [90mfile:///D:/manuscript-platform/[39mnode_modules/[4m@vitest/runner[24m/dist/chunk-hooks.js:752:20 {
  length: [33m266[39m,
  severity: [32m'ERROR'[39m,
  code: [32m'23503'[39m,
  detail: [32m'Key (user_id)=(anonymous) is not present in table "users".'[39m,
  hint: [90mundefined[39m,
  position: [90mundefined[39m,
  internalPosition: [90mundefined[39m,
  internalQuery: [90mundefined[39m,
  where: [90mundefined[39m,
  schema: [32m'public'[39m,
  table: [32m'audit_log'[39m,
  column: [90mundefined[39m,
  dataType: [90mundefined[39m,
  constraint: [32m'audit_log_user_id_fkey'[39m,
  file: [32m'ri_triggers.c'[39m,
  line: [32m'2610'[39m,
  routine: [32m'ri_ReportViolation'[39m
}
Query: 
      INSERT INTO audit_log (id, user_id, event_type, resource_type, resource_id, created_at, ip_address, user_agent, event_details)
      VALUES ($1, $2, $3, $4, $5, $6, $7, $8, $9)
    
Params: [
  [32m'aef84683-d291-4963-ac04-402d7d9c672e'[39m,
  [32m'anonymous'[39m,
  [32m'login_failed'[39m,
  [32m'auth'[39m,
  [32m'anonymous'[39m,
  [33m1762725294[39m,
  [32m'unknown'[39m,
  [32m'unknown'[39m,
  [32m'{"email":"login-test@example.com","reason":"invalid_credentials"}'[39m
]

[90mstderr[2m | tests/integration/handlers/auth-handlers.test.js[2m > [22m[2mPOST /auth/login[2m > [22m[2mshould update last_login timestamp
[22m[39mAudit log error: error: insert or update on table "audit_log" violates foreign key constraint "audit_log_user_id_fkey"
    at [90mD:\manuscript-platform\[39mnode_modules\[4mpg-pool[24m\index.js:45:11
[90m    at processTicksAndRejections (node:internal/process/task_queues:105:5)[39m
    at PreparedStatement._executeQuery [90m(D:\manuscript-platform\[39msrc\adapters\database-adapter.js:185:22[90m)[39m
    at PreparedStatement.run [90m(D:\manuscript-platform\[39msrc\adapters\database-adapter.js:163:20[90m)[39m
    at logAuthEvent [90m(D:\manuscript-platform\[39msrc\utils\auth-utils.js:316:5[90m)[39m
    at Module.handleLogin [90m(D:\manuscript-platform\[39msrc\handlers\auth-handlers.js:262:7[90m)[39m
    at [90mD:\manuscript-platform\[39mtests\integration\handlers\auth-handlers.test.js:413:5
    at [90mfile:///D:/manuscript-platform/[39mnode_modules/[4m@vitest/runner[24m/dist/chunk-hooks.js:752:20 {
  length: [33m266[39m,
  severity: [32m'ERROR'[39m,
  code: [32m'23503'[39m,
  detail: [32m'Key (user_id)=(anonymous) is not present in table "users".'[39m,
  hint: [90mundefined[39m,
  position: [90mundefined[39m,
  internalPosition: [90mundefined[39m,
  internalQuery: [90mundefined[39m,
  where: [90mundefined[39m,
  schema: [32m'public'[39m,
  table: [32m'audit_log'[39m,
  column: [90mundefined[39m,
  dataType: [90mundefined[39m,
  constraint: [32m'audit_log_user_id_fkey'[39m,
  file: [32m'ri_triggers.c'[39m,
  line: [32m'2610'[39m,
  routine: [32m'ri_ReportViolation'[39m
}

[90mstderr[2m | tests/integration/handlers/auth-handlers.test.js[2m > [22m[2mPOST /auth/login[2m > [22m[2mshould create session in Redis
[22m[39mDatabase query error: error: insert or update on table "audit_log" violates foreign key constraint "audit_log_user_id_fkey"
    at [90mD:\manuscript-platform\[39mnode_modules\[4mpg-pool[24m\index.js:45:11
[90m    at processTicksAndRejections (node:internal/process/task_queues:105:5)[39m
    at PreparedStatement._executeQuery [90m(D:\manuscript-platform\[39msrc\adapters\database-adapter.js:185:22[90m)[39m
    at PreparedStatement.run [90m(D:\manuscript-platform\[39msrc\adapters\database-adapter.js:163:20[90m)[39m
    at logAuthEvent [90m(D:\manuscript-platform\[39msrc\utils\auth-utils.js:316:5[90m)[39m
    at Module.handleLogin [90m(D:\manuscript-platform\[39msrc\handlers\auth-handlers.js:262:7[90m)[39m
    at [90mD:\manuscript-platform\[39mtests\integration\handlers\auth-handlers.test.js:432:22
    at [90mfile:///D:/manuscript-platform/[39mnode_modules/[4m@vitest/runner[24m/dist/chunk-hooks.js:752:20 {
  length: [33m266[39m,
  severity: [32m'ERROR'[39m,
  code: [32m'23503'[39m,
  detail: [32m'Key (user_id)=(anonymous) is not present in table "users".'[39m,
  hint: [90mundefined[39m,
  position: [90mundefined[39m,
  internalPosition: [90mundefined[39m,
  internalQuery: [90mundefined[39m,
  where: [90mundefined[39m,
  schema: [32m'public'[39m,
  table: [32m'audit_log'[39m,
  column: [90mundefined[39m,
  dataType: [90mundefined[39m,
  constraint: [32m'audit_log_user_id_fkey'[39m,
  file: [32m'ri_triggers.c'[39m,
  line: [32m'2610'[39m,
  routine: [32m'ri_ReportViolation'[39m
}
Query: 
      INSERT INTO audit_log (id, user_id, event_type, resource_type, resource_id, created_at, ip_address, user_agent, event_details)
      VALUES ($1, $2, $3, $4, $5, $6, $7, $8, $9)
    
Params: [
  [32m'f3ad1e3d-ab18-4ec8-ba0e-5ff6b5291a05'[39m,
  [32m'anonymous'[39m,
  [32m'login_failed'[39m,
  [32m'auth'[39m,
  [32m'anonymous'[39m,
  [33m1762725296[39m,
  [32m'unknown'[39m,
  [32m'unknown'[39m,
  [32m'{"email":"login-test@example.com","reason":"invalid_credentials"}'[39m
]

[90mstderr[2m | tests/integration/handlers/auth-handlers.test.js[2m > [22m[2mPOST /auth/login[2m > [22m[2mshould create session in Redis
[22m[39mAudit log error: error: insert or update on table "audit_log" violates foreign key constraint "audit_log_user_id_fkey"
    at [90mD:\manuscript-platform\[39mnode_modules\[4mpg-pool[24m\index.js:45:11
[90m    at processTicksAndRejections (node:internal/process/task_queues:105:5)[39m
    at PreparedStatement._executeQuery [90m(D:\manuscript-platform\[39msrc\adapters\database-adapter.js:185:22[90m)[39m
    at PreparedStatement.run [90m(D:\manuscript-platform\[39msrc\adapters\database-adapter.js:163:20[90m)[39m
    at logAuthEvent [90m(D:\manuscript-platform\[39msrc\utils\auth-utils.js:316:5[90m)[39m
    at Module.handleLogin [90m(D:\manuscript-platform\[39msrc\handlers\auth-handlers.js:262:7[90m)[39m
    at [90mD:\manuscript-platform\[39mtests\integration\handlers\auth-handlers.test.js:432:22
    at [90mfile:///D:/manuscript-platform/[39mnode_modules/[4m@vitest/runner[24m/dist/chunk-hooks.js:752:20 {
  length: [33m266[39m,
  severity: [32m'ERROR'[39m,
  code: [32m'23503'[39m,
  detail: [32m'Key (user_id)=(anonymous) is not present in table "users".'[39m,
  hint: [90mundefined[39m,
  position: [90mundefined[39m,
  internalPosition: [90mundefined[39m,
  internalQuery: [90mundefined[39m,
  where: [90mundefined[39m,
  schema: [32m'public'[39m,
  table: [32m'audit_log'[39m,
  column: [90mundefined[39m,
  dataType: [90mundefined[39m,
  constraint: [32m'audit_log_user_id_fkey'[39m,
  file: [32m'ri_triggers.c'[39m,
  line: [32m'2610'[39m,
  routine: [32m'ri_ReportViolation'[39m
}

[90mstderr[2m | tests/integration/handlers/auth-handlers.test.js[2m > [22m[2mPOST /auth/login[2m > [22m[2mshould log successful login
[22m[39mDatabase query error: error: insert or update on table "audit_log" violates foreign key constraint "audit_log_user_id_fkey"
    at [90mD:\manuscript-platform\[39mnode_modules\[4mpg-pool[24m\index.js:45:11
[90m    at processTicksAndRejections (node:internal/process/task_queues:105:5)[39m
    at PreparedStatement._executeQuery [90m(D:\manuscript-platform\[39msrc\adapters\database-adapter.js:185:22[90m)[39m
    at PreparedStatement.run [90m(D:\manuscript-platform\[39msrc\adapters\database-adapter.js:163:20[90m)[39m
    at logAuthEvent [90m(D:\manuscript-platform\[39msrc\utils\auth-utils.js:316:5[90m)[39m
    at Module.handleLogin [90m(D:\manuscript-platform\[39msrc\handlers\auth-handlers.js:262:7[90m)[39m
    at [90mD:\manuscript-platform\[39mtests\integration\handlers\auth-handlers.test.js:461:5
    at [90mfile:///D:/manuscript-platform/[39mnode_modules/[4m@vitest/runner[24m/dist/chunk-hooks.js:752:20 {
  length: [33m266[39m,
  severity: [32m'ERROR'[39m,
  code: [32m'23503'[39m,
  detail: [32m'Key (user_id)=(anonymous) is not present in table "users".'[39m,
  hint: [90mundefined[39m,
  position: [90mundefined[39m,
  internalPosition: [90mundefined[39m,
  internalQuery: [90mundefined[39m,
  where: [90mundefined[39m,
  schema: [32m'public'[39m,
  table: [32m'audit_log'[39m,
  column: [90mundefined[39m,
  dataType: [90mundefined[39m,
  constraint: [32m'audit_log_user_id_fkey'[39m,
  file: [32m'ri_triggers.c'[39m,
  line: [32m'2610'[39m,
  routine: [32m'ri_ReportViolation'[39m
}
Query: 
      INSERT INTO audit_log (id, user_id, event_type, resource_type, resource_id, created_at, ip_address, user_agent, event_details)
      VALUES ($1, $2, $3, $4, $5, $6, $7, $8, $9)
    
Params: [
  [32m'0ff13fe1-9dfd-422c-b9b3-d7ff150ee960'[39m,
  [32m'anonymous'[39m,
  [32m'login_failed'[39m,
  [32m'auth'[39m,
  [32m'anonymous'[39m,
  [33m1762725300[39m,
  [32m'unknown'[39m,
  [32m'unknown'[39m,
  [32m'{"email":"login-test@example.com","reason":"invalid_credentials"}'[39m
]

[90mstderr[2m | tests/integration/handlers/auth-handlers.test.js[2m > [22m[2mPOST /auth/login[2m > [22m[2mshould log successful login
[22m[39mAudit log error: error: insert or update on table "audit_log" violates foreign key constraint "audit_log_user_id_fkey"
    at [90mD:\manuscript-platform\[39mnode_modules\[4mpg-pool[24m\index.js:45:11
[90m    at processTicksAndRejections (node:internal/process/task_queues:105:5)[39m
    at PreparedStatement._executeQuery [90m(D:\manuscript-platform\[39msrc\adapters\database-adapter.js:185:22[90m)[39m
    at PreparedStatement.run [90m(D:\manuscript-platform\[39msrc\adapters\database-adapter.js:163:20[90m)[39m
    at logAuthEvent [90m(D:\manuscript-platform\[39msrc\utils\auth-utils.js:316:5[90m)[39m
    at Module.handleLogin [90m(D:\manuscript-platform\[39msrc\handlers\auth-handlers.js:262:7[90m)[39m
    at [90mD:\manuscript-platform\[39mtests\integration\handlers\auth-handlers.test.js:461:5
    at [90mfile:///D:/manuscript-platform/[39mnode_modules/[4m@vitest/runner[24m/dist/chunk-hooks.js:752:20 {
  length: [33m266[39m,
  severity: [32m'ERROR'[39m,
  code: [32m'23503'[39m,
  detail: [32m'Key (user_id)=(anonymous) is not present in table "users".'[39m,
  hint: [90mundefined[39m,
  position: [90mundefined[39m,
  internalPosition: [90mundefined[39m,
  internalQuery: [90mundefined[39m,
  where: [90mundefined[39m,
  schema: [32m'public'[39m,
  table: [32m'audit_log'[39m,
  column: [90mundefined[39m,
  dataType: [90mundefined[39m,
  constraint: [32m'audit_log_user_id_fkey'[39m,
  file: [32m'ri_triggers.c'[39m,
  line: [32m'2610'[39m,
  routine: [32m'ri_ReportViolation'[39m
}

[90mstderr[2m | tests/integration/handlers/auth-handlers.test.js[2m > [22m[2mPOST /auth/login[2m > [22m[2mshould log failed login attempts
[22m[39mDatabase query error: error: insert or update on table "audit_log" violates foreign key constraint "audit_log_user_id_fkey"
    at [90mD:\manuscript-platform\[39mnode_modules\[4mpg-pool[24m\index.js:45:11
[90m    at processTicksAndRejections (node:internal/process/task_queues:105:5)[39m
    at PreparedStatement._executeQuery [90m(D:\manuscript-platform\[39msrc\adapters\database-adapter.js:185:22[90m)[39m
    at PreparedStatement.run [90m(D:\manuscript-platform\[39msrc\adapters\database-adapter.js:163:20[90m)[39m
    at logAuthEvent [90m(D:\manuscript-platform\[39msrc\utils\auth-utils.js:316:5[90m)[39m
    at Module.handleLogin [90m(D:\manuscript-platform\[39msrc\handlers\auth-handlers.js:262:7[90m)[39m
    at [90mD:\manuscript-platform\[39mtests\integration\handlers\auth-handlers.test.js:478:5
    at [90mfile:///D:/manuscript-platform/[39mnode_modules/[4m@vitest/runner[24m/dist/chunk-hooks.js:752:20 {
  length: [33m266[39m,
  severity: [32m'ERROR'[39m,
  code: [32m'23503'[39m,
  detail: [32m'Key (user_id)=(anonymous) is not present in table "users".'[39m,
  hint: [90mundefined[39m,
  position: [90mundefined[39m,
  internalPosition: [90mundefined[39m,
  internalQuery: [90mundefined[39m,
  where: [90mundefined[39m,
  schema: [32m'public'[39m,
  table: [32m'audit_log'[39m,
  column: [90mundefined[39m,
  dataType: [90mundefined[39m,
  constraint: [32m'audit_log_user_id_fkey'[39m,
  file: [32m'ri_triggers.c'[39m,
  line: [32m'2610'[39m,
  routine: [32m'ri_ReportViolation'[39m
}
Query: 
      INSERT INTO audit_log (id, user_id, event_type, resource_type, resource_id, created_at, ip_address, user_agent, event_details)
      VALUES ($1, $2, $3, $4, $5, $6, $7, $8, $9)
    
Params: [
  [32m'8cb4817c-0923-46d0-8430-fb98655bc538'[39m,
  [32m'anonymous'[39m,
  [32m'login_failed'[39m,
  [32m'auth'[39m,
  [32m'anonymous'[39m,
  [33m1762725301[39m,
  [32m'unknown'[39m,
  [32m'unknown'[39m,
  [32m'{"email":"login-test@example.com","reason":"invalid_credentials"}'[39m
]

[90mstderr[2m | tests/integration/handlers/auth-handlers.test.js[2m > [22m[2mPOST /auth/login[2m > [22m[2mshould log failed login attempts
[22m[39mAudit log error: error: insert or update on table "audit_log" violates foreign key constraint "audit_log_user_id_fkey"
    at [90mD:\manuscript-platform\[39mnode_modules\[4mpg-pool[24m\index.js:45:11
[90m    at processTicksAndRejections (node:internal/process/task_queues:105:5)[39m
    at PreparedStatement._executeQuery [90m(D:\manuscript-platform\[39msrc\adapters\database-adapter.js:185:22[90m)[39m
    at PreparedStatement.run [90m(D:\manuscript-platform\[39msrc\adapters\database-adapter.js:163:20[90m)[39m
    at logAuthEvent [90m(D:\manuscript-platform\[39msrc\utils\auth-utils.js:316:5[90m)[39m
    at Module.handleLogin [90m(D:\manuscript-platform\[39msrc\handlers\auth-handlers.js:262:7[90m)[39m
    at [90mD:\manuscript-platform\[39mtests\integration\handlers\auth-handlers.test.js:478:5
    at [90mfile:///D:/manuscript-platform/[39mnode_modules/[4m@vitest/runner[24m/dist/chunk-hooks.js:752:20 {
  length: [33m266[39m,
  severity: [32m'ERROR'[39m,
  code: [32m'23503'[39m,
  detail: [32m'Key (user_id)=(anonymous) is not present in table "users".'[39m,
  hint: [90mundefined[39m,
  position: [90mundefined[39m,
  internalPosition: [90mundefined[39m,
  internalQuery: [90mundefined[39m,
  where: [90mundefined[39m,
  schema: [32m'public'[39m,
  table: [32m'audit_log'[39m,
  column: [90mundefined[39m,
  dataType: [90mundefined[39m,
  constraint: [32m'audit_log_user_id_fkey'[39m,
  file: [32m'ri_triggers.c'[39m,
  line: [32m'2610'[39m,
  routine: [32m'ri_ReportViolation'[39m
}

[90mstdout[2m | tests/integration/handlers/auth-handlers.test.js
[22m[39m
ðŸ§¹ Tearing down test environment...

[90mstdout[2m | tests/integration/handlers/auth-handlers.test.js
[22m[39mâœ“ Test database cleaned

[90mstdout[2m | tests/integration/handlers/auth-handlers.test.js
[22m[39mâœ“ Database adapter closed

[90mstdout[2m | tests/integration/handlers/auth-handlers.test.js
[22m[39mâœ“ Test database disconnected

[90mstdout[2m | tests/integration/handlers/auth-handlers.test.js
[22m[39mâœ“ Test database cleaned up
âœ“ Test environment cleaned up


 [31mâ¯[39m tests/integration/handlers/auth-handlers.test.js [2m([22m[2m53 tests[22m[2m | [22m[31m45 failed[39m[2m)[22m[33m 114205[2mms[22m[39m
[31m   [31mÃ—[31m POST /auth/register[2m > [22mshould register a new user with valid credentials[39m[33m 2305[2mms[22m[39m
[31m     â†’ expected 500 to be 201 // Object.is equality[39m
   [33m[2mâœ“[22m[39m POST /auth/register[2m > [22mshould reject registration with weak password [33m 1455[2mms[22m[39m
   [33m[2mâœ“[22m[39m POST /auth/register[2m > [22mshould reject registration with invalid email [33m 1394[2mms[22m[39m
[31m   [31mÃ—[31m POST /auth/register[2m > [22mshould reject registration with duplicate email[39m[33m 2451[2mms[22m[39m
[31m     â†’ expected 500 to be 409 // Object.is equality[39m
[31m   [31mÃ—[31m POST /auth/register[2m > [22mshould hash password with bcrypt[39m[33m 2033[2mms[22m[39m
[31m     â†’ expected '$2b$12$1PD57x0Rg7WDnZCVG0GvlejGbuLWTFâ€¦' to match /^\$2[ab]\$10\$/[39m
   [33m[2mâœ“[22m[39m POST /auth/register[2m > [22mshould normalize email to lowercase [33m 1719[2mms[22m[39m
[31m   [31mÃ—[31m POST /auth/register[2m > [22mshould create verification token[39m[33m 2360[2mms[22m[39m
[31m     â†’ expected undefined to be truthy[39m
[31m   [31mÃ—[31m POST /auth/register[2m > [22mshould send verification email[39m[33m 1729[2mms[22m[39m
[31m     â†’ expected "spy" to be called with arguments: [ ObjectContaining{â€¦}, Any<Object> ][90m

Number of calls: [1m0[22m
[31m[39m
[31m   [31mÃ—[31m POST /auth/register[2m > [22mshould log registration event in audit log[39m[33m 1713[2mms[22m[39m
[31m     â†’ expected 0 to be greater than 0[39m
   [33m[2mâœ“[22m[39m POST /auth/register[2m > [22mshould set default role to author if not specified [33m 2552[2mms[22m[39m
[31m   [31mÃ—[31m POST /auth/login[2m > [22mshould login with valid credentials[39m[33m 1647[2mms[22m[39m
[31m     â†’ expected 400 to be 200 // Object.is equality[39m
   [33m[2mâœ“[22m[39m POST /auth/login[2m > [22mshould reject login with wrong password [33m 1516[2mms[22m[39m
   [33m[2mâœ“[22m[39m POST /auth/login[2m > [22mshould reject login with non-existent email [33m 1715[2mms[22m[39m
[31m   [31mÃ—[31m POST /auth/login[2m > [22mshould reject login with unverified email[39m[33m 2846[2mms[22m[39m
[31m     â†’ expected 400 to be 403 // Object.is equality[39m
   [33m[2mâœ“[22m[39m POST /auth/login[2m > [22mshould rate limit after 5 failed attempts [33m 1835[2mms[22m[39m
[31m   [31mÃ—[31m POST /auth/login[2m > [22mshould update last_login timestamp[39m[33m 2341[2mms[22m[39m
[31m     â†’ Cannot read properties of null (reading 'last_login')[39m
[31m   [31mÃ—[31m POST /auth/login[2m > [22mshould create session in Redis[39m[33m 1707[2mms[22m[39m
[31m     â†’ Cannot read properties of null (reading 'match')[39m
[31m   [31mÃ—[31m POST /auth/login[2m > [22mshould log successful login[39m[33m 3749[2mms[22m[39m
[31m     â†’ expected 0 to be greater than 0[39m
[31m   [31mÃ—[31m POST /auth/login[2m > [22mshould log failed login attempts[39m[33m 1638[2mms[22m[39m
[31m     â†’ expected 0 to be greater than 0[39m
[31m   [31mÃ—[31m POST /auth/verify-email[2m > [22mshould verify email with valid token[39m[33m 1400[2mms[22m[39m
[31m     â†’ createVerificationToken is not a function[39m
[31m   [31mÃ—[31m POST /auth/verify-email[2m > [22mshould reject invalid token[39m[33m 2484[2mms[22m[39m
[31m     â†’ createVerificationToken is not a function[39m
[31m   [31mÃ—[31m POST /auth/verify-email[2m > [22mshould reject expired token[39m[33m 1808[2mms[22m[39m
[31m     â†’ createVerificationToken is not a function[39m
[31m   [31mÃ—[31m POST /auth/verify-email[2m > [22mshould reject already used token[39m[33m 1685[2mms[22m[39m
[31m     â†’ createVerificationToken is not a function[39m
[31m   [31mÃ—[31m POST /auth/verify-email[2m > [22mshould handle missing token[39m[33m 2370[2mms[22m[39m
[31m     â†’ createVerificationToken is not a function[39m
[31m   [31mÃ—[31m POST /auth/verify-email[2m > [22mshould log email verification event[39m[33m 1472[2mms[22m[39m
[31m     â†’ createVerificationToken is not a function[39m
[31m   [31mÃ—[31m POST /auth/request-password-reset[2m > [22mshould create password reset token for valid email[39m[33m 1777[2mms[22m[39m
[31m     â†’ handleRequestPasswordReset is not a function[39m
[31m   [31mÃ—[31m POST /auth/request-password-reset[2m > [22mshould send password reset email[39m[33m 2107[2mms[22m[39m
[31m     â†’ handleRequestPasswordReset is not a function[39m
[31m   [31mÃ—[31m POST /auth/request-password-reset[2m > [22mshould not reveal if email does not exist (security)[39m[33m 1553[2mms[22m[39m
[31m     â†’ handleRequestPasswordReset is not a function[39m
[31m   [31mÃ—[31m POST /auth/request-password-reset[2m > [22mshould rate limit password reset requests[39m[33m 1675[2mms[22m[39m
[31m     â†’ handleRequestPasswordReset is not a function[39m
[31m   [31mÃ—[31m POST /auth/request-password-reset[2m > [22mshould normalize email to lowercase[39m[33m 2443[2mms[22m[39m
[31m     â†’ handleRequestPasswordReset is not a function[39m
[31m   [31mÃ—[31m POST /auth/request-password-reset[2m > [22mshould reject invalid email format[39m[33m 1616[2mms[22m[39m
[31m     â†’ handleRequestPasswordReset is not a function[39m
[31m   [31mÃ—[31m POST /auth/request-password-reset[2m > [22mshould handle missing email[39m[33m 2000[2mms[22m[39m
[31m     â†’ handleRequestPasswordReset is not a function[39m
[31m   [31mÃ—[31m POST /auth/request-password-reset[2m > [22mshould log password reset request[39m[33m 2151[2mms[22m[39m
[31m     â†’ handleRequestPasswordReset is not a function[39m
[31m   [31mÃ—[31m POST /auth/reset-password[2m > [22mshould reset password with valid token[39m[33m 2298[2mms[22m[39m
[31m     â†’ createVerificationToken is not a function[39m
[31m   [31mÃ—[31m POST /auth/reset-password[2m > [22mshould mark reset token as used[39m[33m 2022[2mms[22m[39m
[31m     â†’ createVerificationToken is not a function[39m
[31m   [31mÃ—[31m POST /auth/reset-password[2m > [22mshould reject weak new password[39m[33m 1893[2mms[22m[39m
[31m     â†’ createVerificationToken is not a function[39m
[31m   [31mÃ—[31m POST /auth/reset-password[2m > [22mshould reject invalid token[39m[33m 1861[2mms[22m[39m
[31m     â†’ createVerificationToken is not a function[39m
[31m   [31mÃ—[31m POST /auth/reset-password[2m > [22mshould reject expired token[39m[33m 2544[2mms[22m[39m
[31m     â†’ createVerificationToken is not a function[39m
[31m   [31mÃ—[31m POST /auth/reset-password[2m > [22mshould reject already used token[39m[33m 2088[2mms[22m[39m
[31m     â†’ createVerificationToken is not a function[39m
[31m   [31mÃ—[31m POST /auth/reset-password[2m > [22mshould hash new password with bcrypt[39m[33m 1990[2mms[22m[39m
[31m     â†’ createVerificationToken is not a function[39m
[31m   [31mÃ—[31m POST /auth/reset-password[2m > [22mshould log password reset event[39m[33m 2321[2mms[22m[39m
[31m     â†’ createVerificationToken is not a function[39m
[31m   [31mÃ—[31m POST /auth/logout[2m > [22mshould logout and destroy session[39m[33m 2047[2mms[22m[39m
[31m     â†’ expected 401 to be 200 // Object.is equality[39m
[31m   [31mÃ—[31m POST /auth/logout[2m > [22mshould clear session cookie[39m[33m 2295[2mms[22m[39m
[31m     â†’ the given combination of arguments (null and string) is invalid for this assertion. You can use an array, a map, an object, a set, a string, or a weakset instead of a string[39m
[31m   [31mÃ—[31m POST /auth/logout[2m > [22mshould log logout event[39m[33m 1808[2mms[22m[39m
[31m     â†’ expected 0 to be greater than 0[39m
[31m   [31mÃ—[31m GET /auth/me[2m > [22mshould return current user with valid session[39m[33m 2495[2mms[22m[39m
[31m     â†’ handleGetCurrentUser is not a function[39m
[31m   [31mÃ—[31m GET /auth/me[2m > [22mshould not return password hash[39m[33m 1805[2mms[22m[39m
[31m     â†’ handleGetCurrentUser is not a function[39m
[31m   [31mÃ—[31m GET /auth/me[2m > [22mshould reject request without session[39m[33m 1787[2mms[22m[39m
[31m     â†’ handleGetCurrentUser is not a function[39m
[31m   [31mÃ—[31m GET /auth/me[2m > [22mshould reject request with invalid session[39m[33m 2151[2mms[22m[39m
[31m     â†’ handleGetCurrentUser is not a function[39m
[31m   [31mÃ—[31m GET /auth/me[2m > [22mshould return email verification status[39m[33m 2727[2mms[22m[39m
[31m     â†’ handleGetCurrentUser is not a function[39m
[31m   [31mÃ—[31m POST /auth/resend-verification[2m > [22mshould resend verification email for unverified user[39m[33m 2144[2mms[22m[39m
[31m     â†’ expected "spy" to be called with arguments: [ ObjectContaining{â€¦}, Any<Object> ][90m

Number of calls: [1m0[22m
[31m[39m
[31m   [31mÃ—[31m POST /auth/resend-verification[2m > [22mshould reject resend for already verified user[39m[33m 2327[2mms[22m[39m
[31m     â†’ column "email_verified" is of type integer but expression is of type boolean[39m
[31m   [31mÃ—[31m POST /auth/resend-verification[2m > [22mshould rate limit resend requests[39m[33m 1819[2mms[22m[39m
[31m     â†’ expected 200 to be 429 // Object.is equality[39m
   [33m[2mâœ“[22m[39m POST /auth/resend-verification[2m > [22mshould not reveal if email does not exist (security) [33m 2154[2mms[22m[39m
[90mstdout[2m | tests/integration/handlers/payment-handlers.test.js
[22m[39m[dotenv@17.2.3] injecting env (0) from .env.local -- tip: âš™ï¸  override existing env vars with { override: true }
Initializing adapters...

[90mstderr[2m | tests/integration/handlers/payment-handlers.test.js
[22m[39mFailed to initialize adapters: Error: DATABASE_URL environment variable is required
    at createDatabaseAdapter [90m(D:\manuscript-platform\[39msrc\adapters\database-adapter.js:214:11[90m)[39m
    at initializeAdapters [90m(D:\manuscript-platform\[39mserver.js:68:16[90m)[39m
    at start [90m(D:\manuscript-platform\[39mserver.js:306:5[90m)[39m
    at [90mD:\manuscript-platform\[39mserver.js:320:3
[90m    at processTicksAndRejections (node:internal/process/task_queues:105:5)[39m
    at VitestExecutor.runModule [90m(file:///D:/manuscript-platform/[39mnode_modules/[4mvite-node[24m/dist/client.mjs:397:4[90m)[39m
    at VitestExecutor.directRequest [90m(file:///D:/manuscript-platform/[39mnode_modules/[4mvite-node[24m/dist/client.mjs:375:3[90m)[39m
    at VitestExecutor.cachedRequest [90m(file:///D:/manuscript-platform/[39mnode_modules/[4mvite-node[24m/dist/client.mjs:189:11[90m)[39m
    at VitestExecutor.dependencyRequest [90m(file:///D:/manuscript-platform/[39mnode_modules/[4mvite-node[24m/dist/client.mjs:239:10[90m)[39m
    at [90mD:\manuscript-platform\[39mtests\test-helpers\api-client.js:12:1
    at VitestExecutor.runModule [90m(file:///D:/manuscript-platform/[39mnode_modules/[4mvite-node[24m/dist/client.mjs:397:4[90m)[39m
    at VitestExecutor.directRequest [90m(file:///D:/manuscript-platform/[39mnode_modules/[4mvite-node[24m/dist/client.mjs:375:3[90m)[39m
    at VitestExecutor.cachedRequest [90m(file:///D:/manuscript-platform/[39mnode_modules/[4mvite-node[24m/dist/client.mjs:189:11[90m)[39m
    at VitestExecutor.dependencyRequest [90m(file:///D:/manuscript-platform/[39mnode_modules/[4mvite-node[24m/dist/client.mjs:239:10[90m)[39m
    at [90mD:\manuscript-platform\[39mtests\integration\handlers\payment-handlers.test.js:19:1
    at VitestExecutor.runModule [90m(file:///D:/manuscript-platform/[39mnode_modules/[4mvite-node[24m/dist/client.mjs:397:4[90m)[39m

[90mstderr[2m | tests/integration/handlers/payment-handlers.test.js
[22m[39mFailed to initialize adapters: Error: DATABASE_URL environment variable is required
    at createDatabaseAdapter [90m(D:\manuscript-platform\[39msrc\adapters\database-adapter.js:214:11[90m)[39m
    at initializeAdapters [90m(D:\manuscript-platform\[39mserver.js:68:16[90m)[39m
    at start [90m(D:\manuscript-platform\[39mserver.js:306:5[90m)[39m
    at [90mD:\manuscript-platform\[39mserver.js:320:3
[90m    at processTicksAndRejections (node:internal/process/task_queues:105:5)[39m
    at VitestExecutor.runModule [90m(file:///D:/manuscript-platform/[39mnode_modules/[4mvite-node[24m/dist/client.mjs:397:4[90m)[39m
    at VitestExecutor.directRequest [90m(file:///D:/manuscript-platform/[39mnode_modules/[4mvite-node[24m/dist/client.mjs:375:3[90m)[39m
    at VitestExecutor.cachedRequest [90m(file:///D:/manuscript-platform/[39mnode_modules/[4mvite-node[24m/dist/client.mjs:189:11[90m)[39m
    at VitestExecutor.dependencyRequest [90m(file:///D:/manuscript-platform/[39mnode_modules/[4mvite-node[24m/dist/client.mjs:239:10[90m)[39m
    at [90mD:\manuscript-platform\[39mtests\test-helpers\api-client.js:12:1
    at VitestExecutor.runModule [90m(file:///D:/manuscript-platform/[39mnode_modules/[4mvite-node[24m/dist/client.mjs:397:4[90m)[39m
    at VitestExecutor.directRequest [90m(file:///D:/manuscript-platform/[39mnode_modules/[4mvite-node[24m/dist/client.mjs:375:3[90m)[39m
    at VitestExecutor.cachedRequest [90m(file:///D:/manuscript-platform/[39mnode_modules/[4mvite-node[24m/dist/client.mjs:189:11[90m)[39m
    at VitestExecutor.dependencyRequest [90m(file:///D:/manuscript-platform/[39mnode_modules/[4mvite-node[24m/dist/client.mjs:239:10[90m)[39m
    at [90mD:\manuscript-platform\[39mtests\integration\handlers\payment-handlers.test.js:19:1
    at VitestExecutor.runModule [90m(file:///D:/manuscript-platform/[39mnode_modules/[4mvite-node[24m/dist/client.mjs:397:4[90m)[39m
Server will continue running but API requests will fail until adapters are ready

[90mstdout[2m | tests/integration/handlers/payment-handlers.test.js
[22m[39m
âœ“ Server running on port 3000
âœ“ Environment: development
âœ“ Health check: http://localhost:3000/health
â³ Initializing adapters...


[90mstdout[2m | tests/integration/handlers/payment-handlers.test.js
[22m[39m
ðŸ§ª Setting up test environment...

[90mstdout[2m | tests/integration/handlers/payment-handlers.test.js
[22m[39mâœ“ Test database connected

[90mstdout[2m | tests/integration/handlers/payment-handlers.test.js
[22m[39m  Applying base schema...

[90mstdout[2m | tests/integration/handlers/payment-handlers.test.js
[22m[39m  âœ“ Schema and migrations applied

[90mstdout[2m | tests/integration/handlers/payment-handlers.test.js
[22m[39mâœ“ Migrations applied
âœ“ Database adapter created (D1-compatible interface)

[90mstdout[2m | tests/integration/handlers/payment-handlers.test.js
[22m[39mâœ“ Test database initialized
âœ“ Test environment ready


[0mPOST /webhooks/stripe [31m503[0m 16.316 ms - 46[0m
[0mPOST /webhooks/stripe [31m503[0m 0.423 ms - 46[0m
[0mPOST /webhooks/stripe [31m503[0m 0.603 ms - 46[0m
[0mPOST /webhooks/stripe [31m503[0m 0.339 ms - 46[0m
[0mPOST /webhooks/stripe [31m503[0m 1.127 ms - 46[0m
[0mPOST /webhooks/stripe [31m503[0m 0.509 ms - 46[0m
[0mPOST /webhooks/stripe [31m503[0m 0.343 ms - 46[0m
[0mPOST /webhooks/stripe [31m503[0m 0.255 ms - 46[0m
[90mstdout[2m | tests/integration/handlers/payment-handlers.test.js
[22m[39m
ðŸ§¹ Tearing down test environment...

[90mstdout[2m | tests/integration/handlers/payment-handlers.test.js
[22m[39mâœ“ Test database cleaned

[90mstdout[2m | tests/integration/handlers/payment-handlers.test.js
[22m[39mâœ“ Database adapter closed

[90mstdout[2m | tests/integration/handlers/payment-handlers.test.js
[22m[39mâœ“ Test database disconnected

[90mstdout[2m | tests/integration/handlers/payment-handlers.test.js
[22m[39mâœ“ Test database cleaned up
âœ“ Test environment cleaned up


 [31mâ¯[39m tests/integration/handlers/payment-handlers.test.js [2m([22m[2m54 tests[22m[2m | [22m[31m53 failed[39m[2m)[22m[33m 132970[2mms[22m[39m
[31m   [31mÃ—[31m Payment & Webhook Handlers[2m > [22mPOST /create-checkout-session[2m > [22mshould create checkout session for valid subscription[39m[33m 1799[2mms[22m[39m
[31m     â†’ invalid input syntax for type integer: "true"[39m
[31m   [31mÃ—[31m Payment & Webhook Handlers[2m > [22mPOST /create-checkout-session[2m > [22mshould require authentication for checkout[39m[33m 2090[2mms[22m[39m
[31m     â†’ invalid input syntax for type integer: "true"[39m
[31m   [31mÃ—[31m Payment & Webhook Handlers[2m > [22mPOST /create-checkout-session[2m > [22mshould reject invalid price IDs[39m[33m 2012[2mms[22m[39m
[31m     â†’ invalid input syntax for type integer: "true"[39m
[31m   [31mÃ—[31m Payment & Webhook Handlers[2m > [22mPOST /create-checkout-session[2m > [22mshould include userId in session metadata[39m[33m 1811[2mms[22m[39m
[31m     â†’ invalid input syntax for type integer: "true"[39m
[31m   [31mÃ—[31m Payment & Webhook Handlers[2m > [22mPOST /create-checkout-session[2m > [22mshould handle missing priceId field[39m[33m 2190[2mms[22m[39m
[31m     â†’ invalid input syntax for type integer: "true"[39m
[31m   [31mÃ—[31m Payment & Webhook Handlers[2m > [22mPOST /create-checkout-session[2m > [22mshould handle missing planType field[39m[33m 2189[2mms[22m[39m
[31m     â†’ invalid input syntax for type integer: "true"[39m
[31m   [31mÃ—[31m Payment & Webhook Handlers[2m > [22mPOST /create-checkout-session[2m > [22mshould create customer if not exists[39m[33m 1788[2mms[22m[39m
[31m     â†’ invalid input syntax for type integer: "true"[39m
[31m   [31mÃ—[31m Payment & Webhook Handlers[2m > [22mPOST /create-checkout-session[2m > [22mshould set correct success and cancel URLs[39m[33m 4413[2mms[22m[39m
[31m     â†’ invalid input syntax for type integer: "true"[39m
[31m   [31mÃ—[31m Payment & Webhook Handlers[2m > [22mPOST /create-checkout-session[2m > [22mshould handle Stripe API errors gracefully[39m[33m 1752[2mms[22m[39m
[31m     â†’ invalid input syntax for type integer: "true"[39m
[31m   [31mÃ—[31m Payment & Webhook Handlers[2m > [22mPOST /create-checkout-session[2m > [22mshould log checkout session creation[39m[33m 2079[2mms[22m[39m
[31m     â†’ invalid input syntax for type integer: "true"[39m
[31m   [31mÃ—[31m Payment & Webhook Handlers[2m > [22mPOST /webhooks/stripe - Signature Verification[2m > [22mshould accept webhook with valid signature[39m[33m 1737[2mms[22m[39m
[31m     â†’ expected [ 200, 404 ] to include 503[39m
[31m   [31mÃ—[31m Payment & Webhook Handlers[2m > [22mPOST /webhooks/stripe - Signature Verification[2m > [22mshould reject webhook with invalid signature[39m[33m 1672[2mms[22m[39m
[31m     â†’ expected [ 400, 404 ] to include 503[39m
[31m   [31mÃ—[31m Payment & Webhook Handlers[2m > [22mPOST /webhooks/stripe - Signature Verification[2m > [22mshould reject webhook with missing signature[39m[33m 2341[2mms[22m[39m
[31m     â†’ expected [ 400, 404 ] to include 503[39m
[31m   [31mÃ—[31m Payment & Webhook Handlers[2m > [22mPOST /webhooks/stripe - Signature Verification[2m > [22mshould reject webhook with expired signature (>5 minutes)[39m[33m 1929[2mms[22m[39m
[31m     â†’ expected [ 400, 404 ] to include 503[39m
[31m   [31mÃ—[31m Payment & Webhook Handlers[2m > [22mPOST /webhooks/stripe - Signature Verification[2m > [22mshould reject replay attacks (duplicate event ID)[39m[33m 1767[2mms[22m[39m
[31m     â†’ expected [ 200, 404 ] to include 503[39m
[31m   [31mÃ—[31m Payment & Webhook Handlers[2m > [22mPOST /webhooks/stripe - Signature Verification[2m > [22mshould handle malformed signature header[39m[33m 2781[2mms[22m[39m
[31m     â†’ expected [ 400, 404 ] to include 503[39m
   [33m[2mâœ“[22m[39m Payment & Webhook Handlers[2m > [22mPOST /webhooks/stripe - Signature Verification[2m > [22mshould log signature verification failures [33m 1737[2mms[22m[39m
[31m   [31mÃ—[31m Payment & Webhook Handlers[2m > [22mPOST /webhooks/stripe - Signature Verification[2m > [22mshould return 400 for invalid signatures (not 500)[39m[33m 2059[2mms[22m[39m
[31m     â†’ expected [ 400, 404 ] to include 503[39m
[31m   [31mÃ—[31m Payment & Webhook Handlers[2m > [22mPOST /webhooks/stripe - Event Handling[2m > [22mshould handle checkout.session.completed - activate subscription[39m[33m 1841[2mms[22m[39m
[31m     â†’ invalid input syntax for type integer: "true"[39m
[31m   [31mÃ—[31m Payment & Webhook Handlers[2m > [22mPOST /webhooks/stripe - Event Handling[2m > [22mshould handle checkout.session.completed - record payment[39m[33m 1802[2mms[22m[39m
[31m     â†’ invalid input syntax for type integer: "true"[39m
[31m   [31mÃ—[31m Payment & Webhook Handlers[2m > [22mPOST /webhooks/stripe - Event Handling[2m > [22mshould handle customer.subscription.updated - sync status[39m[33m 2319[2mms[22m[39m
[31m     â†’ invalid input syntax for type integer: "true"[39m
[31m   [31mÃ—[31m Payment & Webhook Handlers[2m > [22mPOST /webhooks/stripe - Event Handling[2m > [22mshould handle customer.subscription.deleted - downgrade to free[39m[33m 1934[2mms[22m[39m
[31m     â†’ invalid input syntax for type integer: "true"[39m
[31m   [31mÃ—[31m Payment & Webhook Handlers[2m > [22mPOST /webhooks/stripe - Event Handling[2m > [22mshould handle customer.subscription.deleted - preserve data[39m[33m 1848[2mms[22m[39m
[31m     â†’ invalid input syntax for type integer: "true"[39m
[31m   [31mÃ—[31m Payment & Webhook Handlers[2m > [22mPOST /webhooks/stripe - Event Handling[2m > [22mshould handle invoice.payment_succeeded - record payment[39m[33m 2637[2mms[22m[39m
[31m     â†’ invalid input syntax for type integer: "true"[39m
[31m   [31mÃ—[31m Payment & Webhook Handlers[2m > [22mPOST /webhooks/stripe - Event Handling[2m > [22mshould handle invoice.payment_succeeded - extend billing period[39m[33m 1761[2mms[22m[39m
[31m     â†’ invalid input syntax for type integer: "true"[39m
[31m   [31mÃ—[31m Payment & Webhook Handlers[2m > [22mPOST /webhooks/stripe - Event Handling[2m > [22mshould handle invoice.payment_failed - mark past_due[39m[33m 3064[2mms[22m[39m
[31m     â†’ invalid input syntax for type integer: "true"[39m
[31m   [31mÃ—[31m Payment & Webhook Handlers[2m > [22mPOST /webhooks/stripe - Event Handling[2m > [22mshould handle invoice.payment_failed - cancel after 3 failures[39m[33m 2315[2mms[22m[39m
[31m     â†’ invalid input syntax for type integer: "true"[39m
[31m   [31mÃ—[31m Payment & Webhook Handlers[2m > [22mPOST /webhooks/stripe - Event Handling[2m > [22mshould ignore unhandled event types[39m[33m 2692[2mms[22m[39m
[31m     â†’ invalid input syntax for type integer: "true"[39m
[31m   [31mÃ—[31m Payment & Webhook Handlers[2m > [22mPOST /webhooks/stripe - Event Handling[2m > [22mshould handle duplicate webhook deliveries (idempotent)[39m[33m 2629[2mms[22m[39m
[31m     â†’ invalid input syntax for type integer: "true"[39m
[31m   [31mÃ—[31m Payment & Webhook Handlers[2m > [22mPOST /webhooks/stripe - Event Handling[2m > [22mshould handle webhook for deleted user gracefully[39m[33m 3328[2mms[22m[39m
[31m     â†’ invalid input syntax for type integer: "true"[39m
[31m   [31mÃ—[31m Payment & Webhook Handlers[2m > [22mPOST /webhooks/stripe - Event Handling[2m > [22mshould handle malformed webhook data gracefully[39m[33m 2686[2mms[22m[39m
[31m     â†’ invalid input syntax for type integer: "true"[39m
[31m   [31mÃ—[31m Payment & Webhook Handlers[2m > [22mPOST /webhooks/stripe - Event Handling[2m > [22mshould log all webhook events[39m[33m 2694[2mms[22m[39m
[31m     â†’ invalid input syntax for type integer: "true"[39m
[31m   [31mÃ—[31m Payment & Webhook Handlers[2m > [22mPOST /webhooks/stripe - Event Handling[2m > [22mshould return 200 for all webhooks (even errors)[39m[33m 2605[2mms[22m[39m
[31m     â†’ invalid input syntax for type integer: "true"[39m
[31m   [31mÃ—[31m Payment & Webhook Handlers[2m > [22mPOST /webhooks/stripe - Event Handling[2m > [22mshould process webhook in under 5 seconds[39m[33m 4762[2mms[22m[39m
[31m     â†’ invalid input syntax for type integer: "true"[39m
[31m   [31mÃ—[31m Payment & Webhook Handlers[2m > [22mGET /subscription[2m > [22mshould return current subscription details[39m[33m 2540[2mms[22m[39m
[31m     â†’ invalid input syntax for type integer: "true"[39m
[31m   [31mÃ—[31m Payment & Webhook Handlers[2m > [22mGET /subscription[2m > [22mshould require authentication[39m[33m 2516[2mms[22m[39m
[31m     â†’ invalid input syntax for type integer: "true"[39m
[31m   [31mÃ—[31m Payment & Webhook Handlers[2m > [22mGET /subscription[2m > [22mshould return free plan for users without subscription[39m[33m 3283[2mms[22m[39m
[31m     â†’ invalid input syntax for type integer: "true"[39m
[31m   [31mÃ—[31m Payment & Webhook Handlers[2m > [22mGET /subscription[2m > [22mshould include Stripe subscription ID[39m[33m 3310[2mms[22m[39m
[31m     â†’ invalid input syntax for type integer: "true"[39m
[31m   [31mÃ—[31m Payment & Webhook Handlers[2m > [22mGET /subscription[2m > [22mshould include current period dates[39m[33m 2700[2mms[22m[39m
[31m     â†’ invalid input syntax for type integer: "true"[39m
[31m   [31mÃ—[31m Payment & Webhook Handlers[2m > [22mGET /payment-history[2m > [22mshould return payment history for user[39m[33m 2525[2mms[22m[39m
[31m     â†’ invalid input syntax for type integer: "true"[39m
[31m   [31mÃ—[31m Payment & Webhook Handlers[2m > [22mGET /payment-history[2m > [22mshould require authentication[39m[33m 3326[2mms[22m[39m
[31m     â†’ invalid input syntax for type integer: "true"[39m
[31m   [31mÃ—[31m Payment & Webhook Handlers[2m > [22mGET /payment-history[2m > [22mshould return empty array for no payments[39m[33m 2712[2mms[22m[39m
[31m     â†’ invalid input syntax for type integer: "true"[39m
[31m   [31mÃ—[31m Payment & Webhook Handlers[2m > [22mGET /payment-history[2m > [22mshould order payments by date (newest first)[39m[33m 2755[2mms[22m[39m
[31m     â†’ invalid input syntax for type integer: "true"[39m
[31m   [31mÃ—[31m Payment & Webhook Handlers[2m > [22mGET /payment-history[2m > [22mshould not include other users payments[39m[33m 2534[2mms[22m[39m
[31m     â†’ invalid input syntax for type integer: "true"[39m
[31m   [31mÃ—[31m Payment & Webhook Handlers[2m > [22mUsage Tracking[2m > [22mshould track manuscript analysis usage[39m[33m 4009[2mms[22m[39m
[31m     â†’ invalid input syntax for type integer: "true"[39m
[31m   [31mÃ—[31m Payment & Webhook Handlers[2m > [22mUsage Tracking[2m > [22mshould track different analysis types[39m[33m 2366[2mms[22m[39m
[31m     â†’ invalid input syntax for type integer: "true"[39m
[31m   [31mÃ—[31m Payment & Webhook Handlers[2m > [22mUsage Tracking[2m > [22mshould track asset generation separately[39m[33m 1480[2mms[22m[39m
[31m     â†’ invalid input syntax for type integer: "true"[39m
[31m   [31mÃ—[31m Payment & Webhook Handlers[2m > [22mUsage Tracking[2m > [22mshould calculate usage within billing period[39m[33m 1711[2mms[22m[39m
[31m     â†’ invalid input syntax for type integer: "true"[39m
[31m   [31mÃ—[31m Payment & Webhook Handlers[2m > [22mUsage Tracking[2m > [22mshould separate usage across different billing periods[39m[33m 1615[2mms[22m[39m
[31m     â†’ invalid input syntax for type integer: "true"[39m
[31m   [31mÃ—[31m Payment & Webhook Handlers[2m > [22mUsage Tracking[2m > [22mshould track usage for users without subscription (pay-per-use)[39m[33m 1494[2mms[22m[39m
[31m     â†’ invalid input syntax for type integer: "true"[39m
[31m   [31mÃ—[31m Payment & Webhook Handlers[2m > [22mUsage Tracking[2m > [22mshould link usage to specific manuscript[39m[33m 1689[2mms[22m[39m
[31m     â†’ invalid input syntax for type integer: "true"[39m
[31m   [31mÃ—[31m Payment & Webhook Handlers[2m > [22mUsage Tracking[2m > [22mshould accumulate credits across multiple analyses[39m[33m 2376[2mms[22m[39m
[31m     â†’ invalid input syntax for type integer: "true"[39m
[31m   [31mÃ—[31m Payment & Webhook Handlers[2m > [22mUsage Tracking[2m > [22mshould track timestamp for usage analytics[39m[33m 1425[2mms[22m[39m
[31m     â†’ invalid input syntax for type integer: "true"[39m
[31m   [31mÃ—[31m Payment & Webhook Handlers[2m > [22mUsage Tracking[2m > [22mshould delete usage records when manuscript is deleted (CASCADE)[39m[33m 1452[2mms[22m[39m
[31m     â†’ invalid input syntax for type integer: "true"[39m
[90mstdout[2m | tests/integration/infrastructure.test.js
[22m[39m[dotenv@17.2.3] injecting env (0) from .env.local -- tip: âš™ï¸  override existing env vars with { override: true }
Initializing adapters...

[90mstderr[2m | tests/integration/infrastructure.test.js
[22m[39mFailed to initialize adapters: Error: DATABASE_URL environment variable is required
    at createDatabaseAdapter [90m(D:\manuscript-platform\[39msrc\adapters\database-adapter.js:214:11[90m)[39m
    at initializeAdapters [90m(D:\manuscript-platform\[39mserver.js:68:16[90m)[39m
    at start [90m(D:\manuscript-platform\[39mserver.js:306:5[90m)[39m
    at [90mD:\manuscript-platform\[39mserver.js:320:3
[90m    at processTicksAndRejections (node:internal/process/task_queues:105:5)[39m
    at VitestExecutor.runModule [90m(file:///D:/manuscript-platform/[39mnode_modules/[4mvite-node[24m/dist/client.mjs:397:4[90m)[39m
    at VitestExecutor.directRequest [90m(file:///D:/manuscript-platform/[39mnode_modules/[4mvite-node[24m/dist/client.mjs:375:3[90m)[39m
    at VitestExecutor.cachedRequest [90m(file:///D:/manuscript-platform/[39mnode_modules/[4mvite-node[24m/dist/client.mjs:189:11[90m)[39m
    at VitestExecutor.dependencyRequest [90m(file:///D:/manuscript-platform/[39mnode_modules/[4mvite-node[24m/dist/client.mjs:239:10[90m)[39m
    at [90mD:\manuscript-platform\[39mtests\test-helpers\api-client.js:12:1
    at VitestExecutor.runModule [90m(file:///D:/manuscript-platform/[39mnode_modules/[4mvite-node[24m/dist/client.mjs:397:4[90m)[39m
    at VitestExecutor.directRequest [90m(file:///D:/manuscript-platform/[39mnode_modules/[4mvite-node[24m/dist/client.mjs:375:3[90m)[39m
    at VitestExecutor.cachedRequest [90m(file:///D:/manuscript-platform/[39mnode_modules/[4mvite-node[24m/dist/client.mjs:189:11[90m)[39m
    at VitestExecutor.dependencyRequest [90m(file:///D:/manuscript-platform/[39mnode_modules/[4mvite-node[24m/dist/client.mjs:239:10[90m)[39m
    at [90mD:\manuscript-platform\[39mtests\integration\infrastructure.test.js:13:1
    at VitestExecutor.runModule [90m(file:///D:/manuscript-platform/[39mnode_modules/[4mvite-node[24m/dist/client.mjs:397:4[90m)[39m

[90mstderr[2m | tests/integration/infrastructure.test.js
[22m[39mFailed to initialize adapters: Error: DATABASE_URL environment variable is required
    at createDatabaseAdapter [90m(D:\manuscript-platform\[39msrc\adapters\database-adapter.js:214:11[90m)[39m
    at initializeAdapters [90m(D:\manuscript-platform\[39mserver.js:68:16[90m)[39m
    at start [90m(D:\manuscript-platform\[39mserver.js:306:5[90m)[39m
    at [90mD:\manuscript-platform\[39mserver.js:320:3
[90m    at processTicksAndRejections (node:internal/process/task_queues:105:5)[39m
    at VitestExecutor.runModule [90m(file:///D:/manuscript-platform/[39mnode_modules/[4mvite-node[24m/dist/client.mjs:397:4[90m)[39m
    at VitestExecutor.directRequest [90m(file:///D:/manuscript-platform/[39mnode_modules/[4mvite-node[24m/dist/client.mjs:375:3[90m)[39m
    at VitestExecutor.cachedRequest [90m(file:///D:/manuscript-platform/[39mnode_modules/[4mvite-node[24m/dist/client.mjs:189:11[90m)[39m
    at VitestExecutor.dependencyRequest [90m(file:///D:/manuscript-platform/[39mnode_modules/[4mvite-node[24m/dist/client.mjs:239:10[90m)[39m
    at [90mD:\manuscript-platform\[39mtests\test-helpers\api-client.js:12:1
    at VitestExecutor.runModule [90m(file:///D:/manuscript-platform/[39mnode_modules/[4mvite-node[24m/dist/client.mjs:397:4[90m)[39m
    at VitestExecutor.directRequest [90m(file:///D:/manuscript-platform/[39mnode_modules/[4mvite-node[24m/dist/client.mjs:375:3[90m)[39m
    at VitestExecutor.cachedRequest [90m(file:///D:/manuscript-platform/[39mnode_modules/[4mvite-node[24m/dist/client.mjs:189:11[90m)[39m
    at VitestExecutor.dependencyRequest [90m(file:///D:/manuscript-platform/[39mnode_modules/[4mvite-node[24m/dist/client.mjs:239:10[90m)[39m
    at [90mD:\manuscript-platform\[39mtests\integration\infrastructure.test.js:13:1
    at VitestExecutor.runModule [90m(file:///D:/manuscript-platform/[39mnode_modules/[4mvite-node[24m/dist/client.mjs:397:4[90m)[39m
Server will continue running but API requests will fail until adapters are ready

[90mstdout[2m | tests/integration/infrastructure.test.js
[22m[39m
âœ“ Server running on port 3000
âœ“ Environment: development
âœ“ Health check: http://localhost:3000/health
â³ Initializing adapters...


[90mstdout[2m | tests/integration/infrastructure.test.js
[22m[39m
ðŸ§ª Setting up test environment...

[90mstdout[2m | tests/integration/infrastructure.test.js
[22m[39mâœ“ Test database connected

[90mstdout[2m | tests/integration/infrastructure.test.js
[22m[39m  Applying base schema...

[90mstdout[2m | tests/integration/infrastructure.test.js
[22m[39m  âœ“ Schema and migrations applied

[90mstdout[2m | tests/integration/infrastructure.test.js
[22m[39mâœ“ Migrations applied
âœ“ Database adapter created (D1-compatible interface)

[90mstdout[2m | tests/integration/infrastructure.test.js
[22m[39mâœ“ Test database initialized
âœ“ Test environment ready


[0mGET /health [31m503[0m 2.135 ms - 46[0m
[90mstdout[2m | tests/integration/infrastructure.test.js
[22m[39m
ðŸ§¹ Tearing down test environment...

[90mstdout[2m | tests/integration/infrastructure.test.js
[22m[39mâœ“ Test database cleaned

[90mstdout[2m | tests/integration/infrastructure.test.js
[22m[39mâœ“ Database adapter closed

[90mstdout[2m | tests/integration/infrastructure.test.js
[22m[39mâœ“ Test database disconnected

[90mstdout[2m | tests/integration/infrastructure.test.js
[22m[39mâœ“ Test database cleaned up
âœ“ Test environment cleaned up


 [31mâ¯[39m tests/integration/infrastructure.test.js [2m([22m[2m13 tests[22m[2m | [22m[31m6 failed[39m[2m)[22m[33m 28242[2mms[22m[39m
[31m   [31mÃ—[31m Test Infrastructure[2m > [22mDatabase Utilities[2m > [22mshould insert and retrieve test records[39m[33m 1430[2mms[22m[39m
[31m     â†’ invalid input syntax for type integer: "true"[39m
[31m   [31mÃ—[31m Test Infrastructure[2m > [22mDatabase Utilities[2m > [22mshould count test records[39m[33m 1627[2mms[22m[39m
[31m     â†’ invalid input syntax for type integer: "true"[39m
   [33m[2mâœ“[22m[39m Test Infrastructure[2m > [22mDatabase Utilities[2m > [22mshould reset database between tests [33m 1493[2mms[22m[39m
[31m   [31mÃ—[31m Test Infrastructure[2m > [22mAPI Client[2m > [22mshould make HTTP requests[39m[33m 1400[2mms[22m[39m
[31m     â†’ expected 503 to be less than or equal to 404[39m
   [33m[2mâœ“[22m[39m Test Infrastructure[2m > [22mMock Factories[2m > [22mshould create mock Redis client [33m 1738[2mms[22m[39m
   [33m[2mâœ“[22m[39m Test Infrastructure[2m > [22mMock Factories[2m > [22mshould create mock Redis client with expiration [33m 2375[2mms[22m[39m
[31m   [31mÃ—[31m Test Infrastructure[2m > [22mMock Factories[2m > [22mshould create mock storage adapter[39m[33m 1417[2mms[22m[39m
[31m     â†’ The first argument must be of type string or an instance of Buffer, ArrayBuffer, or Array or an Array-like Object. Received undefined[39m
   [33m[2mâœ“[22m[39m Test Infrastructure[2m > [22mTest Data Factories[2m > [22mshould create test user data [33m 1390[2mms[22m[39m
   [33m[2mâœ“[22m[39m Test Infrastructure[2m > [22mTest Data Factories[2m > [22mshould create test user with overrides [33m 2378[2mms[22m[39m
   [33m[2mâœ“[22m[39m Test Infrastructure[2m > [22mTest Data Factories[2m > [22mshould create test manuscript data [33m 1389[2mms[22m[39m
   [33m[2mâœ“[22m[39m Test Infrastructure[2m > [22mTest Data Factories[2m > [22mshould generate unique test emails [33m 1397[2mms[22m[39m
[31m   [31mÃ—[31m Test Infrastructure[2m > [22mIntegration: Factories + Database[2m > [22mshould insert factory-generated user into database[39m[33m 2010[2mms[22m[39m
[31m     â†’ invalid input syntax for type integer: "true"[39m
[31m   [31mÃ—[31m Test Infrastructure[2m > [22mIntegration: Factories + Database[2m > [22mshould insert factory-generated manuscript into database[39m[33m 2000[2mms[22m[39m
[31m     â†’ invalid input syntax for type integer: "true"[39m
[90mstdout[2m | tests/submission-packages.test.js
[22m[39m
ðŸ§ª Setting up test environment...

[90mstdout[2m | tests/submission-packages.test.js
[22m[39mâœ“ Test database connected

[90mstdout[2m | tests/submission-packages.test.js
[22m[39m  Applying base schema...

[90mstdout[2m | tests/submission-packages.test.js
[22m[39m  âœ“ Schema and migrations applied

[90mstdout[2m | tests/submission-packages.test.js
[22m[39mâœ“ Migrations applied
âœ“ Database adapter created (D1-compatible interface)

[90mstdout[2m | tests/submission-packages.test.js
[22m[39mâœ“ Test database initialized
âœ“ Test environment ready


[90mstdout[2m | tests/submission-packages.test.js
[22m[39m
ðŸ§¹ Tearing down test environment...

[90mstdout[2m | tests/submission-packages.test.js
[22m[39mâœ“ Test database cleaned

[90mstdout[2m | tests/submission-packages.test.js
[22m[39mâœ“ Database adapter closed

[90mstdout[2m | tests/submission-packages.test.js
[22m[39mâœ“ Test database disconnected

[90mstdout[2m | tests/submission-packages.test.js
[22m[39mâœ“ Test database cleaned up
âœ“ Test environment cleaned up


 [32mâœ“[39m tests/submission-packages.test.js [2m([22m[2m31 tests[22m[2m)[22m[33m 59520[2mms[22m[39m
   [33m[2mâœ“[22m[39m Submission Package Bundler[2m > [22mPackage Templates[2m > [22mshould have agent query template [33m 1424[2mms[22m[39m
   [33m[2mâœ“[22m[39m Submission Package Bundler[2m > [22mPackage Templates[2m > [22mshould have full manuscript template [33m 1433[2mms[22m[39m
   [33m[2mâœ“[22m[39m Submission Package Bundler[2m > [22mPackage Templates[2m > [22mshould have query only template [33m 1436[2mms[22m[39m
   [33m[2mâœ“[22m[39m Submission Package Bundler[2m > [22mPackage Templates[2m > [22mshould have contest template [33m 1385[2mms[22m[39m
   [33m[2mâœ“[22m[39m Submission Package Bundler[2m > [22mPackage Templates[2m > [22mshould validate required documents [33m 1657[2mms[22m[39m
   [33m[2mâœ“[22m[39m Submission Package Bundler[2m > [22mPackage Creation[2m > [22mshould create package with metadata [33m 2208[2mms[22m[39m
   [33m[2mâœ“[22m[39m Submission Package Bundler[2m > [22mPackage Creation[2m > [22mshould include document list with ordering [33m 1366[2mms[22m[39m
   [33m[2mâœ“[22m[39m Submission Package Bundler[2m > [22mPackage Creation[2m > [22mshould validate package has at least one document [33m 2023[2mms[22m[39m
   [33m[2mâœ“[22m[39m Submission Package Bundler[2m > [22mPackage Creation[2m > [22mshould allow custom package names [33m 1447[2mms[22m[39m
   [33m[2mâœ“[22m[39m Submission Package Bundler[2m > [22mDocument Selection[2m > [22mshould allow selecting multiple documents [33m 1400[2mms[22m[39m
   [33m[2mâœ“[22m[39m Submission Package Bundler[2m > [22mDocument Selection[2m > [22mshould maintain document order [33m 1844[2mms[22m[39m
   [33m[2mâœ“[22m[39m Submission Package Bundler[2m > [22mDocument Selection[2m > [22mshould allow reordering documents [33m 2049[2mms[22m[39m
   [33m[2mâœ“[22m[39m Submission Package Bundler[2m > [22mZIP File Generation[2m > [22mshould generate ZIP with multiple files [33m 1411[2mms[22m[39m
   [33m[2mâœ“[22m[39m Submission Package Bundler[2m > [22mZIP File Generation[2m > [22mshould prefix files with order numbers [33m 1383[2mms[22m[39m
   [33m[2mâœ“[22m[39m Submission Package Bundler[2m > [22mZIP File Generation[2m > [22mshould sanitize filenames [33m 2127[2mms[22m[39m
   [33m[2mâœ“[22m[39m Submission Package Bundler[2m > [22mZIP File Generation[2m > [22mshould support different file formats [33m 1622[2mms[22m[39m
   [33m[2mâœ“[22m[39m Submission Package Bundler[2m > [22mZIP File Generation[2m > [22mshould include metadata file in ZIP [33m 1572[2mms[22m[39m
   [33m[2mâœ“[22m[39m Submission Package Bundler[2m > [22mPackage Duplication[2m > [22mshould create copy of existing package [33m 1332[2mms[22m[39m
   [33m[2mâœ“[22m[39m Submission Package Bundler[2m > [22mPackage Duplication[2m > [22mshould increment copy counter in name [33m 2402[2mms[22m[39m
   [33m[2mâœ“[22m[39m Submission Package Bundler[2m > [22mPackage Management[2m > [22mshould list packages for manuscript [33m 1433[2mms[22m[39m
   [33m[2mâœ“[22m[39m Submission Package Bundler[2m > [22mPackage Management[2m > [22mshould update package details [33m 1408[2mms[22m[39m
   [33m[2mâœ“[22m[39m Submission Package Bundler[2m > [22mPackage Management[2m > [22mshould delete package [33m 1848[2mms[22m[39m
   [33m[2mâœ“[22m[39m Submission Package Bundler[2m > [22mValidation[2m > [22mshould validate package has required documents [33m 1665[2mms[22m[39m
   [33m[2mâœ“[22m[39m Submission Package Bundler[2m > [22mValidation[2m > [22mshould validate document exists before adding to package [33m 1673[2mms[22m[39m
   [33m[2mâœ“[22m[39m Submission Package Bundler[2m > [22mValidation[2m > [22mshould prevent duplicate documents in package [33m 2376[2mms[22m[39m
   [33m[2mâœ“[22m[39m Submission Package Bundler[2m > [22mDownload Tracking[2m > [22mshould track download count [33m 1563[2mms[22m[39m
   [33m[2mâœ“[22m[39m Submission Package Bundler[2m > [22mDownload Tracking[2m > [22mshould track last downloaded timestamp [33m 1402[2mms[22m[39m
   [33m[2mâœ“[22m[39m Submission Package Bundler[2m > [22mEdge Cases[2m > [22mshould handle empty package name [33m 2182[2mms[22m[39m
   [33m[2mâœ“[22m[39m Submission Package Bundler[2m > [22mEdge Cases[2m > [22mshould handle very long package name [33m 1464[2mms[22m[39m
   [33m[2mâœ“[22m[39m Submission Package Bundler[2m > [22mEdge Cases[2m > [22mshould handle package with only one document [33m 1438[2mms[22m[39m
   [33m[2mâœ“[22m[39m Submission Package Bundler[2m > [22mEdge Cases[2m > [22mshould handle large file sizes [33m 1949[2mms[22m[39m
[90mstdout[2m | tests/auth-utils.test.js
[22m[39m
ðŸ§ª Setting up test environment...

[90mstdout[2m | tests/auth-utils.test.js
[22m[39mâœ“ Test database connected

[90mstdout[2m | tests/auth-utils.test.js
[22m[39m  Applying base schema...

[90mstdout[2m | tests/auth-utils.test.js
[22m[39m  âœ“ Schema and migrations applied

[90mstdout[2m | tests/auth-utils.test.js
[22m[39mâœ“ Migrations applied
âœ“ Database adapter created (D1-compatible interface)

[90mstdout[2m | tests/auth-utils.test.js
[22m[39mâœ“ Test database initialized
âœ“ Test environment ready


[90mstdout[2m | tests/auth-utils.test.js
[22m[39m
ðŸ§¹ Tearing down test environment...

[90mstdout[2m | tests/auth-utils.test.js
[22m[39mâœ“ Test database cleaned

[90mstdout[2m | tests/auth-utils.test.js
[22m[39mâœ“ Database adapter closed

[90mstdout[2m | tests/auth-utils.test.js
[22m[39mâœ“ Test database disconnected

[90mstdout[2m | tests/auth-utils.test.js
[22m[39mâœ“ Test database cleaned up
âœ“ Test environment cleaned up


 [32mâœ“[39m tests/auth-utils.test.js [2m([22m[2m22 tests[22m[2m)[22m[33m 50165[2mms[22m[39m
   [33m[2mâœ“[22m[39m Authentication Utilities[2m > [22mvalidatePassword[2m > [22mshould accept a valid password [33m 1397[2mms[22m[39m
   [33m[2mâœ“[22m[39m Authentication Utilities[2m > [22mvalidatePassword[2m > [22mshould reject password shorter than 8 characters [33m 1951[2mms[22m[39m
   [33m[2mâœ“[22m[39m Authentication Utilities[2m > [22mvalidatePassword[2m > [22mshould reject password without uppercase letter [33m 1607[2mms[22m[39m
   [33m[2mâœ“[22m[39m Authentication Utilities[2m > [22mvalidatePassword[2m > [22mshould reject password without lowercase letter [33m 1709[2mms[22m[39m
   [33m[2mâœ“[22m[39m Authentication Utilities[2m > [22mvalidatePassword[2m > [22mshould reject password without number [33m 1890[2mms[22m[39m
   [33m[2mâœ“[22m[39m Authentication Utilities[2m > [22mvalidatePassword[2m > [22mshould reject password without special character [33m 1997[2mms[22m[39m
   [33m[2mâœ“[22m[39m Authentication Utilities[2m > [22mvalidatePassword[2m > [22mshould reject null or undefined password [33m 1385[2mms[22m[39m
   [33m[2mâœ“[22m[39m Authentication Utilities[2m > [22mvalidatePassword[2m > [22mshould accept password with all requirements [33m 2619[2mms[22m[39m
   [33m[2mâœ“[22m[39m Authentication Utilities[2m > [22mvalidatePassword[2m > [22mshould return multiple errors for invalid password [33m 1415[2mms[22m[39m
   [33m[2mâœ“[22m[39m Authentication Utilities[2m > [22mvalidateEmail[2m > [22mshould accept valid email addresses [33m 1603[2mms[22m[39m
   [33m[2mâœ“[22m[39m Authentication Utilities[2m > [22mvalidateEmail[2m > [22mshould reject invalid email addresses [33m 1884[2mms[22m[39m
   [33m[2mâœ“[22m[39m Authentication Utilities[2m > [22mvalidateEmail[2m > [22mshould handle edge cases [33m 2483[2mms[22m[39m
   [33m[2mâœ“[22m[39m Authentication Utilities[2m > [22mhashPassword and verifyPassword[2m > [22mshould hash a password [33m 1905[2mms[22m[39m
   [33m[2mâœ“[22m[39m Authentication Utilities[2m > [22mhashPassword and verifyPassword[2m > [22mshould produce different hashes for same password [33m 3524[2mms[22m[39m
   [33m[2mâœ“[22m[39m Authentication Utilities[2m > [22mhashPassword and verifyPassword[2m > [22mshould verify correct password [33m 1857[2mms[22m[39m
   [33m[2mâœ“[22m[39m Authentication Utilities[2m > [22mhashPassword and verifyPassword[2m > [22mshould reject incorrect password [33m 2386[2mms[22m[39m
   [33m[2mâœ“[22m[39m Authentication Utilities[2m > [22mhashPassword and verifyPassword[2m > [22mshould handle empty passwords [33m 2159[2mms[22m[39m
   [33m[2mâœ“[22m[39m Authentication Utilities[2m > [22mhashPassword and verifyPassword[2m > [22mshould be case sensitive [33m 2185[2mms[22m[39m
   [33m[2mâœ“[22m[39m Authentication Utilities[2m > [22mhashPassword and verifyPassword[2m > [22mshould handle long passwords [33m 2713[2mms[22m[39m
   [33m[2mâœ“[22m[39m Authentication Utilities[2m > [22mAUTH_CONFIG[2m > [22mshould have valid configuration values [33m 1379[2mms[22m[39m
   [33m[2mâœ“[22m[39m Authentication Utilities[2m > [22mAUTH_CONFIG[2m > [22mshould have password requirements defined [33m 1541[2mms[22m[39m
   [33m[2mâœ“[22m[39m Authentication Utilities[2m > [22mAUTH_CONFIG[2m > [22mshould have rate limit configuration [33m 2286[2mms[22m[39m
[90mstdout[2m | tests/unit/test-helpers.test.js
[22m[39m
ðŸ§ª Setting up test environment...

[90mstdout[2m | tests/unit/test-helpers.test.js
[22m[39mâœ“ Test database connected

[90mstdout[2m | tests/unit/test-helpers.test.js
[22m[39m  Applying base schema...

[90mstdout[2m | tests/unit/test-helpers.test.js
[22m[39m  âœ“ Schema and migrations applied

[90mstdout[2m | tests/unit/test-helpers.test.js
[22m[39mâœ“ Migrations applied
âœ“ Database adapter created (D1-compatible interface)

[90mstdout[2m | tests/unit/test-helpers.test.js
[22m[39mâœ“ Test database initialized
âœ“ Test environment ready


[90mstdout[2m | tests/unit/test-helpers.test.js
[22m[39m
ðŸ§¹ Tearing down test environment...

[90mstdout[2m | tests/unit/test-helpers.test.js
[22m[39mâœ“ Test database cleaned

[90mstdout[2m | tests/unit/test-helpers.test.js
[22m[39mâœ“ Database adapter closed

[90mstdout[2m | tests/unit/test-helpers.test.js
[22m[39mâœ“ Test database disconnected

[90mstdout[2m | tests/unit/test-helpers.test.js
[22m[39mâœ“ Test database cleaned up
âœ“ Test environment cleaned up


 [32mâœ“[39m tests/unit/test-helpers.test.js [2m([22m[2m24 tests[22m[2m)[22m[33m 55320[2mms[22m[39m
   [33m[2mâœ“[22m[39m Mock Factories[2m > [22mStorage Adapter Mock[2m > [22mshould put and get objects [33m 1706[2mms[22m[39m
   [33m[2mâœ“[22m[39m Mock Factories[2m > [22mStorage Adapter Mock[2m > [22mshould delete objects [33m 1695[2mms[22m[39m
   [33m[2mâœ“[22m[39m Mock Factories[2m > [22mStorage Adapter Mock[2m > [22mshould list objects by prefix [33m 1523[2mms[22m[39m
   [33m[2mâœ“[22m[39m Mock Factories[2m > [22mRedis Mock[2m > [22mshould set and get values [33m 3972[2mms[22m[39m
   [33m[2mâœ“[22m[39m Mock Factories[2m > [22mRedis Mock[2m > [22mshould set values with expiration [33m 1646[2mms[22m[39m
   [33m[2mâœ“[22m[39m Mock Factories[2m > [22mRedis Mock[2m > [22mshould delete keys [33m 2003[2mms[22m[39m
   [33m[2mâœ“[22m[39m Mock Factories[2m > [22mRedis Mock[2m > [22mshould increment values [33m 1734[2mms[22m[39m
   [33m[2mâœ“[22m[39m Mock Factories[2m > [22mClaude API Mock[2m > [22mshould return mock AI responses [33m 1836[2mms[22m[39m
   [33m[2mâœ“[22m[39m Mock Factories[2m > [22mClaude API Mock[2m > [22mshould include custom response text [33m 2041[2mms[22m[39m
   [33m[2mâœ“[22m[39m Mock Factories[2m > [22mEmail Service Mock[2m > [22mshould track sent emails [33m 1399[2mms[22m[39m
   [33m[2mâœ“[22m[39m Mock Factories[2m > [22mEmail Service Mock[2m > [22mshould find emails by recipient [33m 1480[2mms[22m[39m
   [33m[2mâœ“[22m[39m Mock Factories[2m > [22mEmail Service Mock[2m > [22mshould clear sent emails [33m 1675[2mms[22m[39m
   [33m[2mâœ“[22m[39m Mock Factories[2m > [22mStripe Mock[2m > [22mshould create checkout sessions [33m 2487[2mms[22m[39m
   [33m[2mâœ“[22m[39m Mock Factories[2m > [22mStripe Mock[2m > [22mshould create payment intents [33m 1826[2mms[22m[39m
   [33m[2mâœ“[22m[39m Mock Factories[2m > [22mStripe Mock[2m > [22mshould construct webhook events [33m 1889[2mms[22m[39m
   [33m[2mâœ“[22m[39m Test Data Factories[2m > [22mUser Factory[2m > [22mshould create valid user data [33m 1871[2mms[22m[39m
   [33m[2mâœ“[22m[39m Test Data Factories[2m > [22mUser Factory[2m > [22mshould accept overrides [33m 1676[2mms[22m[39m
   [33m[2mâœ“[22m[39m Test Data Factories[2m > [22mManuscript Factory[2m > [22mshould create valid manuscript data [33m 1679[2mms[22m[39m
   [33m[2mâœ“[22m[39m Test Data Factories[2m > [22mManuscript Factory[2m > [22mshould accept overrides [33m 3117[2mms[22m[39m
   [33m[2mâœ“[22m[39m Test Data Factories[2m > [22mAnalysis Factory[2m > [22mshould create valid analysis data [33m 1507[2mms[22m[39m
   [33m[2mâœ“[22m[39m Test Data Factories[2m > [22mAnalysis Factory[2m > [22mshould include result JSON [33m 1702[2mms[22m[39m
   [33m[2mâœ“[22m[39m Test Data Factories[2m > [22mPayment Factory[2m > [22mshould create valid payment data [33m 2005[2mms[22m[39m
   [33m[2mâœ“[22m[39m Test Data Factories[2m > [22mUtility Functions[2m > [22mshould generate unique email addresses [33m 1764[2mms[22m[39m
   [33m[2mâœ“[22m[39m Test Data Factories[2m > [22mUtility Functions[2m > [22mshould generate unique IDs [33m 2391[2mms[22m[39m
[90mstdout[2m | tests/document-generation.test.js
[22m[39m
ðŸ§ª Setting up test environment...

[90mstdout[2m | tests/document-generation.test.js
[22m[39mâœ“ Test database connected

[90mstdout[2m | tests/document-generation.test.js
[22m[39m  Applying base schema...

[90mstdout[2m | tests/document-generation.test.js
[22m[39m  âœ“ Schema and migrations applied

[90mstdout[2m | tests/document-generation.test.js
[22m[39mâœ“ Migrations applied
âœ“ Database adapter created (D1-compatible interface)

[90mstdout[2m | tests/document-generation.test.js
[22m[39mâœ“ Test database initialized
âœ“ Test environment ready


[90mstderr[2m | tests/document-generation.test.js[2m > [22m[2mDocument Generation[2m > [22m[2mBatch Generation[2m > [22m[2mshould generate all document types at once
[22m[39mError resetting test database: error: deadlock detected
    at [90mD:\manuscript-platform\[39mnode_modules\[4mpg[24m\lib\client.js:545:17
[90m    at processTicksAndRejections (node:internal/process/task_queues:105:5)[39m
    at resetTestDatabase [90m(D:\manuscript-platform\[39mtests\test-helpers\database.js:108:5[90m)[39m
    at [90mD:\manuscript-platform\[39mtests\setup.js:77:5 {
  length: [33m329[39m,
  severity: [32m'ERROR'[39m,
  code: [32m'40P01'[39m,
  detail: [32m'Process 30316 waits for AccessExclusiveLock on relation 1215979 of database 26919; blocked by process 39660.\n'[39m +
    [32m'Process 39660 waits for AccessShareLock on relation 1215103 of database 26919; blocked by process 30316.'[39m,
  hint: [32m'See server log for query details.'[39m,
  position: [90mundefined[39m,
  internalPosition: [90mundefined[39m,
  internalQuery: [90mundefined[39m,
  where: [90mundefined[39m,
  schema: [90mundefined[39m,
  table: [90mundefined[39m,
  column: [90mundefined[39m,
  dataType: [90mundefined[39m,
  constraint: [90mundefined[39m,
  file: [32m'deadlock.c'[39m,
  line: [32m'1135'[39m,
  routine: [32m'DeadLockReport'[39m
}

[90mstderr[2m | tests/document-generation.test.js[2m > [22m[2mDocument Generation[2m > [22m[2mEdge Cases[2m > [22m[2mshould handle unicode characters
[22m[39mError resetting test database: error: relation "doc_fetch_log" does not exist
    at [90mD:\manuscript-platform\[39mnode_modules\[4mpg[24m\lib\client.js:545:17
[90m    at processTicksAndRejections (node:internal/process/task_queues:105:5)[39m
    at resetTestDatabase [90m(D:\manuscript-platform\[39mtests\test-helpers\database.js:108:5[90m)[39m
    at [90mD:\manuscript-platform\[39mtests\setup.js:77:5 {
  length: [33m111[39m,
  severity: [32m'ERROR'[39m,
  code: [32m'42P01'[39m,
  detail: [90mundefined[39m,
  hint: [90mundefined[39m,
  position: [90mundefined[39m,
  internalPosition: [90mundefined[39m,
  internalQuery: [90mundefined[39m,
  where: [90mundefined[39m,
  schema: [90mundefined[39m,
  table: [90mundefined[39m,
  column: [90mundefined[39m,
  dataType: [90mundefined[39m,
  constraint: [90mundefined[39m,
  file: [32m'namespace.c'[39m,
  line: [32m'639'[39m,
  routine: [32m'RangeVarGetRelidExtended'[39m
}

[90mstdout[2m | tests/document-generation.test.js
[22m[39m
ðŸ§¹ Tearing down test environment...

[90mstdout[2m | tests/document-generation.test.js
[22m[39mâœ“ Test database cleaned

[90mstdout[2m | tests/document-generation.test.js
[22m[39mâœ“ Database adapter closed

[90mstdout[2m | tests/document-generation.test.js
[22m[39mâœ“ Test database disconnected

[90mstdout[2m | tests/document-generation.test.js
[22m[39mâœ“ Test database cleaned up
âœ“ Test environment cleaned up


 [31mâ¯[39m tests/document-generation.test.js [2m([22m[2m27 tests[22m[2m | [22m[31m2 failed[39m[2m)[22m[33m 59587[2mms[22m[39m
   [33m[2mâœ“[22m[39m Document Generation[2m > [22mQuery Letter Generation[2m > [22mshould generate query letter within word count range [33m 1994[2mms[22m[39m
   [33m[2mâœ“[22m[39m Document Generation[2m > [22mQuery Letter Generation[2m > [22mshould include essential query letter components [33m 1938[2mms[22m[39m
   [33m[2mâœ“[22m[39m Document Generation[2m > [22mQuery Letter Generation[2m > [22mshould validate query letter structure [33m 2274[2mms[22m[39m
   [33m[2mâœ“[22m[39m Document Generation[2m > [22mQuery Letter Generation[2m > [22mshould reject query letters that are too short [33m 2574[2mms[22m[39m
   [33m[2mâœ“[22m[39m Document Generation[2m > [22mQuery Letter Generation[2m > [22mshould reject query letters that are too long [33m 1692[2mms[22m[39m
   [33m[2mâœ“[22m[39m Document Generation[2m > [22mSynopsis Generation[2m > [22mshould generate short synopsis at 500 words [33m 2059[2mms[22m[39m
   [33m[2mâœ“[22m[39m Document Generation[2m > [22mSynopsis Generation[2m > [22mshould generate long synopsis at 2500 words [33m 1872[2mms[22m[39m
   [33m[2mâœ“[22m[39m Document Generation[2m > [22mSynopsis Generation[2m > [22mshould include beginning, middle, and end [33m 1707[2mms[22m[39m
   [33m[2mâœ“[22m[39m Document Generation[2m > [22mSynopsis Generation[2m > [22mshould reveal ending (unlike blurb) [33m 1843[2mms[22m[39m
   [33m[2mâœ“[22m[39m Document Generation[2m > [22mSynopsis Generation[2m > [22mshould maintain chronological order [33m 2841[2mms[22m[39m
   [33m[2mâœ“[22m[39m Document Generation[2m > [22mVersion Management[2m > [22mshould create new version on update [33m 1659[2mms[22m[39m
   [33m[2mâœ“[22m[39m Document Generation[2m > [22mVersion Management[2m > [22mshould track version metadata [33m 1970[2mms[22m[39m
   [33m[2mâœ“[22m[39m Document Generation[2m > [22mVersion Management[2m > [22mshould allow rollback to previous version [33m 2063[2mms[22m[39m
   [33m[2mâœ“[22m[39m Document Generation[2m > [22mVersion Management[2m > [22mshould maintain version history after rollback [33m 1712[2mms[22m[39m
   [33m[2mâœ“[22m[39m Document Generation[2m > [22mDocument Validation[2m > [22mshould validate document type [33m 2022[2mms[22m[39m
   [33m[2mâœ“[22m[39m Document Generation[2m > [22mDocument Validation[2m > [22mshould reject invalid document type [33m 2498[2mms[22m[39m
   [33m[2mâœ“[22m[39m Document Generation[2m > [22mDocument Validation[2m > [22mshould validate required fields [33m 1740[2mms[22m[39m
   [33m[2mâœ“[22m[39m Document Generation[2m > [22mDocument Validation[2m > [22mshould calculate word count accurately [33m 1943[2mms[22m[39m
   [33m[2mâœ“[22m[39m Document Generation[2m > [22mDocument Validation[2m > [22mshould handle empty document [33m 1923[2mms[22m[39m
   [33m[2mâœ“[22m[39m Document Generation[2m > [22mAI Generation Metadata[2m > [22mshould track generation parameters [33m 1997[2mms[22m[39m
   [33m[2mâœ“[22m[39m Document Generation[2m > [22mAI Generation Metadata[2m > [22mshould calculate cost based on token usage [33m 1973[2mms[22m[39m
[31m   [31mÃ—[31m Document Generation[2m > [22mBatch Generation[2m > [22mshould generate all document types at once[39m[33m 1032[2mms[22m[39m
[31m     â†’ deadlock detected[39m
   [33m[2mâœ“[22m[39m Document Generation[2m > [22mBatch Generation[2m > [22mshould track individual generation status [33m 1819[2mms[22m[39m
   [33m[2mâœ“[22m[39m Document Generation[2m > [22mEdge Cases[2m > [22mshould handle very short manuscript title [33m 1923[2mms[22m[39m
   [33m[2mâœ“[22m[39m Document Generation[2m > [22mEdge Cases[2m > [22mshould handle very long manuscript title [33m 3055[2mms[22m[39m
   [33m[2mâœ“[22m[39m Document Generation[2m > [22mEdge Cases[2m > [22mshould handle special characters in content [33m 2187[2mms[22m[39m
[31m   [31mÃ—[31m Document Generation[2m > [22mEdge Cases[2m > [22mshould handle unicode characters[39m[32m 27[2mms[22m[39m
[31m     â†’ relation "doc_fetch_log" does not exist[39m
[90mstdout[2m | tests/metadata-handlers.test.js
[22m[39m
ðŸ§ª Setting up test environment...

[90mstdout[2m | tests/metadata-handlers.test.js
[22m[39mâœ“ Test database connected

[90mstdout[2m | tests/metadata-handlers.test.js
[22m[39m  Applying base schema...

[90mstdout[2m | tests/metadata-handlers.test.js
[22m[39m  âœ“ Schema and migrations applied

[90mstdout[2m | tests/metadata-handlers.test.js
[22m[39mâœ“ Migrations applied
âœ“ Database adapter created (D1-compatible interface)

[90mstdout[2m | tests/metadata-handlers.test.js
[22m[39mâœ“ Test database initialized
âœ“ Test environment ready


[90mstderr[2m | tests/metadata-handlers.test.js[2m > [22m[2mEnhanced Metadata Handlers[2m > [22m[2mEdge Cases[2m > [22m[2mshould validate completion percentage range
[22m[39mNo tables found to reset

[90mstderr[2m | tests/metadata-handlers.test.js[2m > [22m[2mEnhanced Metadata Handlers[2m > [22m[2mEdge Cases[2m > [22m[2mshould reject invalid completion percentage
[22m[39mNo tables found to reset

[90mstdout[2m | tests/metadata-handlers.test.js
[22m[39m
ðŸ§¹ Tearing down test environment...

[90mstderr[2m | tests/metadata-handlers.test.js
[22m[39mError cleaning test database: error: schema "public" does not exist
    at [90mD:\manuscript-platform\[39mnode_modules\[4mpg[24m\lib\client.js:545:17
[90m    at processTicksAndRejections (node:internal/process/task_queues:105:5)[39m
    at teardownTestDatabase [90m(D:\manuscript-platform\[39mtests\test-helpers\database.js:61:5[90m)[39m
    at [90mD:\manuscript-platform\[39mtests\setup.js:54:7 {
  length: [33m96[39m,
  severity: [32m'ERROR'[39m,
  code: [32m'3F000'[39m,
  detail: [90mundefined[39m,
  hint: [90mundefined[39m,
  position: [90mundefined[39m,
  internalPosition: [90mundefined[39m,
  internalQuery: [90mundefined[39m,
  where: [90mundefined[39m,
  schema: [90mundefined[39m,
  table: [90mundefined[39m,
  column: [90mundefined[39m,
  dataType: [90mundefined[39m,
  constraint: [90mundefined[39m,
  file: [32m'namespace.c'[39m,
  line: [32m'3544'[39m,
  routine: [32m'get_namespace_oid'[39m
}

[90mstdout[2m | tests/metadata-handlers.test.js
[22m[39mâœ“ Database adapter closed

[90mstdout[2m | tests/metadata-handlers.test.js
[22m[39mâœ“ Test database disconnected

[90mstdout[2m | tests/metadata-handlers.test.js
[22m[39mâœ“ Test database cleaned up
âœ“ Test environment cleaned up


 [32mâœ“[39m tests/metadata-handlers.test.js [2m([22m[2m21 tests[22m[2m)[22m[33m 86287[2mms[22m[39m
   [33m[2mâœ“[22m[39m Enhanced Metadata Handlers[2m > [22mGenre Validation[2m > [22mshould validate word count for romance novel [33m 2785[2mms[22m[39m
   [33m[2mâœ“[22m[39m Enhanced Metadata Handlers[2m > [22mGenre Validation[2m > [22mshould flag word count outside genre norms [33m 3084[2mms[22m[39m
   [33m[2mâœ“[22m[39m Enhanced Metadata Handlers[2m > [22mGenre Validation[2m > [22mshould accept novella word counts for appropriate genres [33m 3648[2mms[22m[39m
   [33m[2mâœ“[22m[39m Enhanced Metadata Handlers[2m > [22mContent Warning Validation[2m > [22mshould validate content warning categories [33m 4566[2mms[22m[39m
   [33m[2mâœ“[22m[39m Enhanced Metadata Handlers[2m > [22mContent Warning Validation[2m > [22mshould validate severity levels [33m 3036[2mms[22m[39m
   [33m[2mâœ“[22m[39m Enhanced Metadata Handlers[2m > [22mContent Warning Validation[2m > [22mshould handle multiple content warnings [33m 4557[2mms[22m[39m
   [33m[2mâœ“[22m[39m Enhanced Metadata Handlers[2m > [22mMetadata Structure[2m > [22mshould validate primary genre and subgenres [33m 2999[2mms[22m[39m
   [33m[2mâœ“[22m[39m Enhanced Metadata Handlers[2m > [22mMetadata Structure[2m > [22mshould validate age category [33m 4060[2mms[22m[39m
   [33m[2mâœ“[22m[39m Enhanced Metadata Handlers[2m > [22mMetadata Structure[2m > [22mshould validate manuscript status [33m 2641[2mms[22m[39m
   [33m[2mâœ“[22m[39m Enhanced Metadata Handlers[2m > [22mMetadata Structure[2m > [22mshould validate series information [33m 2834[2mms[22m[39m
   [33m[2mâœ“[22m[39m Enhanced Metadata Handlers[2m > [22mMetadata History Tracking[2m > [22mshould record metadata changes with timestamp [33m 4362[2mms[22m[39m
   [33m[2mâœ“[22m[39m Enhanced Metadata Handlers[2m > [22mMetadata History Tracking[2m > [22mshould track multiple change types [33m 3329[2mms[22m[39m
   [33m[2mâœ“[22m[39m Enhanced Metadata Handlers[2m > [22mGenre Hierarchy[2m > [22mshould validate parent-child genre relationships [33m 2546[2mms[22m[39m
   [33m[2mâœ“[22m[39m Enhanced Metadata Handlers[2m > [22mGenre Hierarchy[2m > [22mshould handle subgenre depth [33m 4058[2mms[22m[39m
   [33m[2mâœ“[22m[39m Enhanced Metadata Handlers[2m > [22mWord Count Validation Logic[2m > [22mshould categorize flash fiction correctly [33m 3922[2mms[22m[39m
   [33m[2mâœ“[22m[39m Enhanced Metadata Handlers[2m > [22mWord Count Validation Logic[2m > [22mshould categorize novel correctly [33m 2801[2mms[22m[39m
   [33m[2mâœ“[22m[39m Enhanced Metadata Handlers[2m > [22mWord Count Validation Logic[2m > [22mshould categorize epic correctly [33m 4289[2mms[22m[39m
   [33m[2mâœ“[22m[39m Enhanced Metadata Handlers[2m > [22mEdge Cases[2m > [22mshould handle missing optional metadata fields [33m 3490[2mms[22m[39m
   [33m[2mâœ“[22m[39m Enhanced Metadata Handlers[2m > [22mEdge Cases[2m > [22mshould handle empty subgenres array [33m 3438[2mms[22m[39m
[90mstdout[2m | tests/error-handling.test.js
[22m[39m
ðŸ§ª Setting up test environment...

[90mstdout[2m | tests/error-handling.test.js
[22m[39mâœ“ Test database connected

[90mstdout[2m | tests/error-handling.test.js
[22m[39m  Applying base schema...

[90mstdout[2m | tests/error-handling.test.js
[22m[39m  âœ“ Schema and migrations applied

[90mstdout[2m | tests/error-handling.test.js
[22m[39mâœ“ Migrations applied
âœ“ Database adapter created (D1-compatible interface)

[90mstdout[2m | tests/error-handling.test.js
[22m[39mâœ“ Test database initialized
âœ“ Test environment ready


[90mstdout[2m | tests/error-handling.test.js
[22m[39m
ðŸ§¹ Tearing down test environment...

[90mstdout[2m | tests/error-handling.test.js
[22m[39mâœ“ Test database cleaned

[90mstdout[2m | tests/error-handling.test.js
[22m[39mâœ“ Database adapter closed

[90mstdout[2m | tests/error-handling.test.js
[22m[39mâœ“ Test database disconnected

[90mstdout[2m | tests/error-handling.test.js
[22m[39mâœ“ Test database cleaned up
âœ“ Test environment cleaned up


 [32mâœ“[39m tests/error-handling.test.js [2m([22m[2m24 tests[22m[2m)[22m[33m 93818[2mms[22m[39m
   [33m[2mâœ“[22m[39m Error Handling[2m > [22mError Classes[2m > [22mshould create AppError with correct properties [33m 1762[2mms[22m[39m
   [33m[2mâœ“[22m[39m Error Handling[2m > [22mError Classes[2m > [22mshould serialize AppError to JSON correctly [33m 2087[2mms[22m[39m
   [33m[2mâœ“[22m[39m Error Handling[2m > [22mError Classes[2m > [22mshould create AuthenticationError with 401 status [33m 4030[2mms[22m[39m
   [33m[2mâœ“[22m[39m Error Handling[2m > [22mError Classes[2m > [22mshould create AuthorizationError with 403 status [33m 3479[2mms[22m[39m
   [33m[2mâœ“[22m[39m Error Handling[2m > [22mError Classes[2m > [22mshould create ValidationError with 400 status [33m 2633[2mms[22m[39m
   [33m[2mâœ“[22m[39m Error Handling[2m > [22mError Classes[2m > [22mshould create NotFoundError with 404 status [33m 4711[2mms[22m[39m
   [33m[2mâœ“[22m[39m Error Handling[2m > [22mError Classes[2m > [22mshould create RateLimitError with 429 status [33m 3255[2mms[22m[39m
   [33m[2mâœ“[22m[39m Error Handling[2m > [22mError Classes[2m > [22mshould create ConflictError with 409 status [33m 2722[2mms[22m[39m
   [33m[2mâœ“[22m[39m Error Handling[2m > [22mError Classes[2m > [22mshould create ServerError with 500 status [33m 3131[2mms[22m[39m
   [33m[2mâœ“[22m[39m Error Handling[2m > [22mError Classes[2m > [22mshould create ExternalServiceError with service name [33m 3864[2mms[22m[39m
   [33m[2mâœ“[22m[39m Error Handling[2m > [22mcreateErrorResponse[2m > [22mshould create Response with correct status and JSON [33m 2611[2mms[22m[39m
   [33m[2mâœ“[22m[39m Error Handling[2m > [22mcreateErrorResponse[2m > [22mshould handle generic Error objects [33m 4292[2mms[22m[39m
   [33m[2mâœ“[22m[39m Error Handling[2m > [22mcreateErrorResponse[2m > [22mshould include Retry-After header for rate limit errors [33m 3116[2mms[22m[39m
   [33m[2mâœ“[22m[39m Error Handling[2m > [22mcreateErrorResponse[2m > [22mshould merge additional headers [33m 3542[2mms[22m[39m
   [33m[2mâœ“[22m[39m Error Handling[2m > [22mAssertion Helpers[2m > [22massert should not throw when condition is true [33m 2630[2mms[22m[39m
   [33m[2mâœ“[22m[39m Error Handling[2m > [22mAssertion Helpers[2m > [22massert should throw ValidationError when condition is false [33m 4009[2mms[22m[39m
   [33m[2mâœ“[22m[39m Error Handling[2m > [22mAssertion Helpers[2m > [22massert should include details in error [33m 4830[2mms[22m[39m
   [33m[2mâœ“[22m[39m Error Handling[2m > [22mAssertion Helpers[2m > [22massertAuthenticated should not throw when userId exists [33m 3207[2mms[22m[39m
   [33m[2mâœ“[22m[39m Error Handling[2m > [22mAssertion Helpers[2m > [22massertAuthenticated should throw when userId is null [33m 3344[2mms[22m[39m
   [33m[2mâœ“[22m[39m Error Handling[2m > [22mAssertion Helpers[2m > [22massertAuthenticated should throw when userId is undefined [33m 3774[2mms[22m[39m
   [33m[2mâœ“[22m[39m Error Handling[2m > [22mAssertion Helpers[2m > [22massertAuthorized should not throw when permission is true [33m 4154[2mms[22m[39m
   [33m[2mâœ“[22m[39m Error Handling[2m > [22mAssertion Helpers[2m > [22massertAuthorized should throw when permission is false [33m 3766[2mms[22m[39m
   [33m[2mâœ“[22m[39m Error Handling[2m > [22mError Inheritance[2m > [22mshould maintain instanceof relationships [33m 5024[2mms[22m[39m
   [33m[2mâœ“[22m[39m Error Handling[2m > [22mError Inheritance[2m > [22mshould have correct error names [33m 4415[2mms[22m[39m
[90mstdout[2m | tests/integration/webhook-signature-verification.test.js
[22m[39m
ðŸ§ª Setting up test environment...

[90mstdout[2m | tests/integration/webhook-signature-verification.test.js
[22m[39mâœ“ Test database connected

[90mstdout[2m | tests/integration/webhook-signature-verification.test.js
[22m[39m  Applying base schema...

[90mstdout[2m | tests/integration/webhook-signature-verification.test.js
[22m[39m  âœ“ Schema and migrations applied

[90mstdout[2m | tests/integration/webhook-signature-verification.test.js
[22m[39mâœ“ Migrations applied
âœ“ Database adapter created (D1-compatible interface)

[90mstdout[2m | tests/integration/webhook-signature-verification.test.js
[22m[39mâœ“ Test database initialized
âœ“ Test environment ready


[90mstdout[2m | tests/integration/webhook-signature-verification.test.js[2m > [22m[2mWebhook Signature Verification[2m > [22m[2mValid Signatures[2m > [22m[2mshould accept webhook with valid signature
[22m[39m[Webhook] Processing event: checkout.session.completed evt_test_bd78301b069240783ad186a5
[Webhook] Checkout completed for user: user-123 plan: [90mundefined[39m

[90mstdout[2m | tests/integration/webhook-signature-verification.test.js[2m > [22m[2mWebhook Signature Verification[2m > [22m[2mValid Signatures[2m > [22m[2mshould accept webhook with valid signature
[22m[39m[Webhook] One-time payment recorded: 03d78e91-bbf1-43ca-929c-9ede13ba241a

[90mstderr[2m | tests/integration/webhook-signature-verification.test.js[2m > [22m[2mWebhook Signature Verification[2m > [22m[2mValid Signatures[2m > [22m[2mshould accept webhook with valid signature
[22m[39m[Budget] Error updating spend: TypeError: env.DB.prepare(...).first is not a function
    at updateBudgetSpend [90m(D:\manuscript-platform\[39msrc\utils\cost-utils.js:226:85[90m)[39m
    at logCost [90m(D:\manuscript-platform\[39msrc\utils\cost-utils.js:164:11[90m)[39m
[90m    at processTicksAndRejections (node:internal/process/task_queues:105:5)[39m
    at handleCheckoutCompleted [90m(D:\manuscript-platform\[39msrc\handlers\webhook-handlers.js:181:7[90m)[39m
    at handleStripeWebhook [90m(D:\manuscript-platform\[39msrc\handlers\webhook-handlers.js:54:9[90m)[39m
    at [90mD:\manuscript-platform\[39mtests\integration\webhook-signature-verification.test.js:107:26

[90mstderr[2m | tests/integration/webhook-signature-verification.test.js[2m > [22m[2mWebhook Signature Verification[2m > [22m[2mValid Signatures[2m > [22m[2mshould accept webhook with valid signature
[22m[39m[Budget] Error updating user spend: TypeError: Cannot read properties of null (reading 'current_spend_usd')
    at updateUserSpend [90m(D:\manuscript-platform\[39msrc\utils\cost-utils.js:291:34[90m)[39m
[90m    at processTicksAndRejections (node:internal/process/task_queues:105:5)[39m
    at logCost [90m(D:\manuscript-platform\[39msrc\utils\cost-utils.js:168:7[90m)[39m
    at handleCheckoutCompleted [90m(D:\manuscript-platform\[39msrc\handlers\webhook-handlers.js:181:7[90m)[39m
    at handleStripeWebhook [90m(D:\manuscript-platform\[39msrc\handlers\webhook-handlers.js:54:9[90m)[39m
    at [90mD:\manuscript-platform\[39mtests\integration\webhook-signature-verification.test.js:107:26

[90mstdout[2m | tests/integration/webhook-signature-verification.test.js[2m > [22m[2mWebhook Signature Verification[2m > [22m[2mValid Signatures[2m > [22m[2mshould accept webhook with valid signature
[22m[39m[Cost Tracking] Logged stripe_fees/payment_processing/one_time_payment: $1.1697

[90mstdout[2m | tests/integration/webhook-signature-verification.test.js[2m > [22m[2mWebhook Signature Verification[2m > [22m[2mValid Signatures[2m > [22m[2mshould accept webhook with recent timestamp (within 5 min)
[22m[39m[Webhook] Processing event: checkout.session.completed evt_test_6887866a21fe64c356e444e0
[Webhook] Checkout completed for user: [90mundefined[39m plan: [90mundefined[39m

[90mstdout[2m | tests/integration/webhook-signature-verification.test.js[2m > [22m[2mWebhook Signature Verification[2m > [22m[2mValid Signatures[2m > [22m[2mshould accept webhook with recent timestamp (within 5 min)
[22m[39m[Webhook] One-time payment recorded: 7c2a14cd-599f-46af-897b-f98c25be1ee0

[90mstderr[2m | tests/integration/webhook-signature-verification.test.js[2m > [22m[2mWebhook Signature Verification[2m > [22m[2mValid Signatures[2m > [22m[2mshould accept webhook with recent timestamp (within 5 min)
[22m[39m[Budget] Error updating spend: TypeError: env.DB.prepare(...).first is not a function
    at updateBudgetSpend [90m(D:\manuscript-platform\[39msrc\utils\cost-utils.js:226:85[90m)[39m
    at logCost [90m(D:\manuscript-platform\[39msrc\utils\cost-utils.js:164:11[90m)[39m
[90m    at processTicksAndRejections (node:internal/process/task_queues:105:5)[39m
    at handleCheckoutCompleted [90m(D:\manuscript-platform\[39msrc\handlers\webhook-handlers.js:181:7[90m)[39m
    at handleStripeWebhook [90m(D:\manuscript-platform\[39msrc\handlers\webhook-handlers.js:54:9[90m)[39m
    at [90mD:\manuscript-platform\[39mtests\integration\webhook-signature-verification.test.js:107:26

[90mstdout[2m | tests/integration/webhook-signature-verification.test.js[2m > [22m[2mWebhook Signature Verification[2m > [22m[2mValid Signatures[2m > [22m[2mshould accept webhook with recent timestamp (within 5 min)
[22m[39m[Cost Tracking] Logged stripe_fees/payment_processing/one_time_payment: $1.1697

[90mstderr[2m | tests/integration/webhook-signature-verification.test.js[2m > [22m[2mWebhook Signature Verification[2m > [22m[2mInvalid Signatures[2m > [22m[2mshould reject webhook with incorrect signature
[22m[39m[Webhook] Signature verification failed: No signatures found matching the expected signature for payload. Are you passing the raw request body you received from Stripe? 
 If a webhook request is being forwarded by a third-party tool, ensure that the exact request body, including JSON formatting and new line style, is preserved.

Learn more about webhook signing and explore webhook integration examples for various frameworks at https://docs.stripe.com/webhooks/signature


[90mstderr[2m | tests/integration/webhook-signature-verification.test.js[2m > [22m[2mWebhook Signature Verification[2m > [22m[2mInvalid Signatures[2m > [22m[2mshould reject webhook with malformed signature format
[22m[39m[Webhook] Signature verification failed: No signatures found with expected scheme

[90mstderr[2m | tests/integration/webhook-signature-verification.test.js[2m > [22m[2mWebhook Signature Verification[2m > [22m[2mInvalid Signatures[2m > [22m[2mshould reject webhook with tampered payload
[22m[39m[Webhook] Signature verification failed: No signatures found matching the expected signature for payload. Are you passing the raw request body you received from Stripe? 
 If a webhook request is being forwarded by a third-party tool, ensure that the exact request body, including JSON formatting and new line style, is preserved.

Learn more about webhook signing and explore webhook integration examples for various frameworks at https://docs.stripe.com/webhooks/signature


[90mstderr[2m | tests/integration/webhook-signature-verification.test.js[2m > [22m[2mWebhook Signature Verification[2m > [22m[2mReplay Attack Prevention[2m > [22m[2mshould reject webhook with expired timestamp (>5 min old)
[22m[39m[Webhook] Signature verification failed: Timestamp outside the tolerance zone

[90mstdout[2m | tests/integration/webhook-signature-verification.test.js[2m > [22m[2mWebhook Signature Verification[2m > [22m[2mReplay Attack Prevention[2m > [22m[2mshould accept webhook with future timestamp (Stripe allows clock skew)
[22m[39m[Webhook] Processing event: checkout.session.completed evt_test_6ce50435e60674fd7de8feb8
[Webhook] Checkout completed for user: [90mundefined[39m plan: [90mundefined[39m

[90mstdout[2m | tests/integration/webhook-signature-verification.test.js[2m > [22m[2mWebhook Signature Verification[2m > [22m[2mReplay Attack Prevention[2m > [22m[2mshould accept webhook with future timestamp (Stripe allows clock skew)
[22m[39m[Webhook] One-time payment recorded: 11cb15b8-acdc-4371-886a-aedf890ea5ef

[90mstderr[2m | tests/integration/webhook-signature-verification.test.js[2m > [22m[2mWebhook Signature Verification[2m > [22m[2mReplay Attack Prevention[2m > [22m[2mshould accept webhook with future timestamp (Stripe allows clock skew)
[22m[39m[Budget] Error updating spend: TypeError: env.DB.prepare(...).first is not a function
    at updateBudgetSpend [90m(D:\manuscript-platform\[39msrc\utils\cost-utils.js:226:85[90m)[39m
    at logCost [90m(D:\manuscript-platform\[39msrc\utils\cost-utils.js:164:11[90m)[39m
[90m    at processTicksAndRejections (node:internal/process/task_queues:105:5)[39m
    at handleCheckoutCompleted [90m(D:\manuscript-platform\[39msrc\handlers\webhook-handlers.js:181:7[90m)[39m
    at handleStripeWebhook [90m(D:\manuscript-platform\[39msrc\handlers\webhook-handlers.js:54:9[90m)[39m
    at [90mD:\manuscript-platform\[39mtests\integration\webhook-signature-verification.test.js:107:26

[90mstdout[2m | tests/integration/webhook-signature-verification.test.js[2m > [22m[2mWebhook Signature Verification[2m > [22m[2mReplay Attack Prevention[2m > [22m[2mshould accept webhook with future timestamp (Stripe allows clock skew)
[22m[39m[Cost Tracking] Logged stripe_fees/payment_processing/one_time_payment: $1.1697

[90mstdout[2m | tests/integration/webhook-signature-verification.test.js
[22m[39m
ðŸ§¹ Tearing down test environment...

[90mstdout[2m | tests/integration/webhook-signature-verification.test.js
[22m[39mâœ“ Test database cleaned

[90mstdout[2m | tests/integration/webhook-signature-verification.test.js
[22m[39mâœ“ Database adapter closed

[90mstdout[2m | tests/integration/webhook-signature-verification.test.js
[22m[39mâœ“ Test database disconnected

[90mstdout[2m | tests/integration/webhook-signature-verification.test.js
[22m[39mâœ“ Test database cleaned up
âœ“ Test environment cleaned up


 [32mâœ“[39m tests/integration/webhook-signature-verification.test.js [2m([22m[2m9 tests[22m[2m)[22m[33m 15256[2mms[22m[39m

[31mâŽ¯âŽ¯âŽ¯âŽ¯âŽ¯âŽ¯[39m[1m[41m Failed Tests 106 [49m[22m[31mâŽ¯âŽ¯âŽ¯âŽ¯âŽ¯âŽ¯[39m

[41m[1m FAIL [22m[49m tests/document-generation.test.js[2m > [22mDocument Generation[2m > [22mBatch Generation[2m > [22mshould generate all document types at once
[31m[1merror[22m: deadlock detected[39m
[90m [2mâ¯[22m node_modules/pg/lib/client.js:[2m545:17[22m[39m
[36m [2mâ¯[22m resetTestDatabase tests/test-helpers/database.js:[2m108:5[22m[39m
    [90m106| [39m
    [90m107| [39m    [90m// Truncate all tables and reset sequences[39m
    [90m108| [39m    [35mawait[39m testDb[33m.[39m[34mquery[39m([32m`
    [90m   | [39m    [31m^[39m
    [90m109| [39m      TRUNCATE TABLE [39m[36m${[39mtables[33m.[39m[34mjoin[39m([32m', '[39m)[36m}[39m[32m RESTART IDENTITY CASCADE
    [90m110| [39m    `[39m)[33m;[39m
[90m [2mâ¯[22m tests/setup.js:[2m77:5[22m[39m

[31m[2mâŽ¯âŽ¯âŽ¯âŽ¯âŽ¯âŽ¯âŽ¯âŽ¯âŽ¯âŽ¯âŽ¯âŽ¯âŽ¯âŽ¯âŽ¯âŽ¯âŽ¯âŽ¯âŽ¯âŽ¯âŽ¯âŽ¯[1/106]âŽ¯[22m[39m

[41m[1m FAIL [22m[49m tests/document-generation.test.js[2m > [22mDocument Generation[2m > [22mEdge Cases[2m > [22mshould handle unicode characters
[31m[1merror[22m: relation "doc_fetch_log" does not exist[39m
[90m [2mâ¯[22m node_modules/pg/lib/client.js:[2m545:17[22m[39m
[36m [2mâ¯[22m resetTestDatabase tests/test-helpers/database.js:[2m108:5[22m[39m
    [90m106| [39m
    [90m107| [39m    [90m// Truncate all tables and reset sequences[39m
    [90m108| [39m    [35mawait[39m testDb[33m.[39m[34mquery[39m([32m`
    [90m   | [39m    [31m^[39m
    [90m109| [39m      TRUNCATE TABLE [39m[36m${[39mtables[33m.[39m[34mjoin[39m([32m', '[39m)[36m}[39m[32m RESTART IDENTITY CASCADE
    [90m110| [39m    `[39m)[33m;[39m
[90m [2mâ¯[22m tests/setup.js:[2m77:5[22m[39m

[31m[2mâŽ¯âŽ¯âŽ¯âŽ¯âŽ¯âŽ¯âŽ¯âŽ¯âŽ¯âŽ¯âŽ¯âŽ¯âŽ¯âŽ¯âŽ¯âŽ¯âŽ¯âŽ¯âŽ¯âŽ¯âŽ¯âŽ¯[2/106]âŽ¯[22m[39m

[41m[1m FAIL [22m[49m tests/integration/infrastructure.test.js[2m > [22mTest Infrastructure[2m > [22mDatabase Utilities[2m > [22mshould insert and retrieve test records
[31m[1merror[22m: invalid input syntax for type integer: "true"[39m
[90m [2mâ¯[22m node_modules/pg/lib/client.js:[2m545:17[22m[39m
[36m [2mâ¯[22m insertTestRecord tests/test-helpers/database.js:[2m205:18[22m[39m
    [90m203| [39m  `[39m[33m;[39m
    [90m204| [39m
    [90m205| [39m  [35mconst[39m result [33m=[39m [35mawait[39m testDb[33m.[39m[34mquery[39m(query[33m,[39m values)[33m;[39m
    [90m   | [39m                 [31m^[39m
    [90m206| [39m  [35mreturn[39m result[33m.[39mrows[[34m0[39m][33m;[39m
    [90m207| [39m}
[90m [2mâ¯[22m tests/integration/infrastructure.test.js:[2m22:24[22m[39m

[31m[2mâŽ¯âŽ¯âŽ¯âŽ¯âŽ¯âŽ¯âŽ¯âŽ¯âŽ¯âŽ¯âŽ¯âŽ¯âŽ¯âŽ¯âŽ¯âŽ¯âŽ¯âŽ¯âŽ¯âŽ¯âŽ¯âŽ¯[3/106]âŽ¯[22m[39m

[41m[1m FAIL [22m[49m tests/integration/infrastructure.test.js[2m > [22mTest Infrastructure[2m > [22mDatabase Utilities[2m > [22mshould count test records
[31m[1merror[22m: invalid input syntax for type integer: "true"[39m
[90m [2mâ¯[22m node_modules/pg/lib/client.js:[2m545:17[22m[39m
[36m [2mâ¯[22m insertTestRecord tests/test-helpers/database.js:[2m205:18[22m[39m
    [90m203| [39m  `[39m[33m;[39m
    [90m204| [39m
    [90m205| [39m  [35mconst[39m result [33m=[39m [35mawait[39m testDb[33m.[39m[34mquery[39m(query[33m,[39m values)[33m;[39m
    [90m   | [39m                 [31m^[39m
    [90m206| [39m  [35mreturn[39m result[33m.[39mrows[[34m0[39m][33m;[39m
    [90m207| [39m}
[90m [2mâ¯[22m tests/integration/infrastructure.test.js:[2m36:7[22m[39m

[31m[2mâŽ¯âŽ¯âŽ¯âŽ¯âŽ¯âŽ¯âŽ¯âŽ¯âŽ¯âŽ¯âŽ¯âŽ¯âŽ¯âŽ¯âŽ¯âŽ¯âŽ¯âŽ¯âŽ¯âŽ¯âŽ¯âŽ¯[4/106]âŽ¯[22m[39m

[41m[1m FAIL [22m[49m tests/integration/infrastructure.test.js[2m > [22mTest Infrastructure[2m > [22mAPI Client[2m > [22mshould make HTTP requests
[31m[1mAssertionError[22m: expected 503 to be less than or equal to 404[39m
[36m [2mâ¯[22m tests/integration/infrastructure.test.js:[2m62:31[22m[39m
    [90m 60| [39m
    [90m 61| [39m      [90m// Health endpoint should exist and return 200[39m
    [90m 62| [39m      expect(response.status).toBeLessThanOrEqual(404); // Either 200 â€¦
    [90m   | [39m                              [31m^[39m
    [90m 63| [39m    })[33m;[39m
    [90m 64| [39m  })[33m;[39m

[31m[2mâŽ¯âŽ¯âŽ¯âŽ¯âŽ¯âŽ¯âŽ¯âŽ¯âŽ¯âŽ¯âŽ¯âŽ¯âŽ¯âŽ¯âŽ¯âŽ¯âŽ¯âŽ¯âŽ¯âŽ¯âŽ¯âŽ¯[5/106]âŽ¯[22m[39m

[41m[1m FAIL [22m[49m tests/integration/infrastructure.test.js[2m > [22mTest Infrastructure[2m > [22mMock Factories[2m > [22mshould create mock storage adapter
[31m[1mTypeError[22m: The first argument must be of type string or an instance of Buffer, ArrayBuffer, or Array or an Array-like Object. Received undefined[39m
[36m [2mâ¯[22m Object.<anonymous> tests/test-helpers/mocks.js:[2m28:60[22m[39m
    [90m 26| [39m      [35mreturn[39m {
    [90m 27| [39m        key[33m,[39m
    [90m 28| [39m        size: Buffer.isBuffer(body) ? body.length : Buffer.from(body).â€¦
    [90m   | [39m                                                           [31m^[39m
    [90m 29| [39m        etag[33m:[39m crypto[33m.[39m[34mrandomBytes[39m([34m16[39m)[33m.[39m[34mtoString[39m([32m'hex'[39m)
    [90m 30| [39m      }[33m;[39m
[90m [2mâ¯[22m tests/integration/infrastructure.test.js:[2m98:20[22m[39m

[31m[2mâŽ¯âŽ¯âŽ¯âŽ¯âŽ¯âŽ¯âŽ¯âŽ¯âŽ¯âŽ¯âŽ¯âŽ¯âŽ¯âŽ¯âŽ¯âŽ¯âŽ¯âŽ¯âŽ¯âŽ¯âŽ¯âŽ¯[6/106]âŽ¯[22m[39m

[41m[1m FAIL [22m[49m tests/integration/infrastructure.test.js[2m > [22mTest Infrastructure[2m > [22mIntegration: Factories + Database[2m > [22mshould insert factory-generated user into database
[31m[1merror[22m: invalid input syntax for type integer: "true"[39m
[90m [2mâ¯[22m node_modules/pg/lib/client.js:[2m545:17[22m[39m
[36m [2mâ¯[22m insertTestRecord tests/test-helpers/database.js:[2m205:18[22m[39m
    [90m203| [39m  `[39m[33m;[39m
    [90m204| [39m
    [90m205| [39m  [35mconst[39m result [33m=[39m [35mawait[39m testDb[33m.[39m[34mquery[39m(query[33m,[39m values)[33m;[39m
    [90m   | [39m                 [31m^[39m
    [90m206| [39m  [35mreturn[39m result[33m.[39mrows[[34m0[39m][33m;[39m
    [90m207| [39m}
[90m [2mâ¯[22m tests/integration/infrastructure.test.js:[2m163:7[22m[39m

[31m[2mâŽ¯âŽ¯âŽ¯âŽ¯âŽ¯âŽ¯âŽ¯âŽ¯âŽ¯âŽ¯âŽ¯âŽ¯âŽ¯âŽ¯âŽ¯âŽ¯âŽ¯âŽ¯âŽ¯âŽ¯âŽ¯âŽ¯[7/106]âŽ¯[22m[39m

[41m[1m FAIL [22m[49m tests/integration/infrastructure.test.js[2m > [22mTest Infrastructure[2m > [22mIntegration: Factories + Database[2m > [22mshould insert factory-generated manuscript into database
[31m[1merror[22m: invalid input syntax for type integer: "true"[39m
[90m [2mâ¯[22m node_modules/pg/lib/client.js:[2m545:17[22m[39m
[36m [2mâ¯[22m insertTestRecord tests/test-helpers/database.js:[2m205:18[22m[39m
    [90m203| [39m  `[39m[33m;[39m
    [90m204| [39m
    [90m205| [39m  [35mconst[39m result [33m=[39m [35mawait[39m testDb[33m.[39m[34mquery[39m(query[33m,[39m values)[33m;[39m
    [90m   | [39m                 [31m^[39m
    [90m206| [39m  [35mreturn[39m result[33m.[39mrows[[34m0[39m][33m;[39m
    [90m207| [39m}
[90m [2mâ¯[22m tests/integration/infrastructure.test.js:[2m173:7[22m[39m

[31m[2mâŽ¯âŽ¯âŽ¯âŽ¯âŽ¯âŽ¯âŽ¯âŽ¯âŽ¯âŽ¯âŽ¯âŽ¯âŽ¯âŽ¯âŽ¯âŽ¯âŽ¯âŽ¯âŽ¯âŽ¯âŽ¯âŽ¯[8/106]âŽ¯[22m[39m

[41m[1m FAIL [22m[49m tests/integration/handlers/auth-handlers.test.js[2m > [22mPOST /auth/register[2m > [22mshould register a new user with valid credentials
[31m[1mAssertionError[22m: expected 500 to be 201 // Object.is equality[39m

[32m- Expected[39m
[31m+ Received[39m

[32m- 201[39m
[31m+ 500[39m

[36m [2mâ¯[22m tests/integration/handlers/auth-handlers.test.js:[2m68:29[22m[39m
    [90m 66| [39m    [35mconst[39m result [33m=[39m [35mawait[39m response[33m.[39m[34mjson[39m()[33m;[39m
    [90m 67| [39m
    [90m 68| [39m    [34mexpect[39m(response[33m.[39mstatus)[33m.[39m[34mtoBe[39m([34m201[39m)[33m;[39m
    [90m   | [39m                            [31m^[39m
    [90m 69| [39m    [34mexpect[39m(result[33m.[39muserId)[33m.[39m[34mtoBeDefined[39m()[33m;[39m
    [90m 70| [39m    [34mexpect[39m(result[33m.[39mverificationToken)[33m.[39m[34mtoBeDefined[39m()[33m;[39m

[31m[2mâŽ¯âŽ¯âŽ¯âŽ¯âŽ¯âŽ¯âŽ¯âŽ¯âŽ¯âŽ¯âŽ¯âŽ¯âŽ¯âŽ¯âŽ¯âŽ¯âŽ¯âŽ¯âŽ¯âŽ¯âŽ¯âŽ¯[9/106]âŽ¯[22m[39m

[41m[1m FAIL [22m[49m tests/integration/handlers/auth-handlers.test.js[2m > [22mPOST /auth/register[2m > [22mshould reject registration with duplicate email
[31m[1mAssertionError[22m: expected 500 to be 409 // Object.is equality[39m

[32m- Expected[39m
[31m+ Received[39m

[32m- 409[39m
[31m+ 500[39m

[36m [2mâ¯[22m tests/integration/handlers/auth-handlers.test.js:[2m136:29[22m[39m
    [90m134| [39m    [35mconst[39m result [33m=[39m [35mawait[39m response[33m.[39m[34mjson[39m()[33m;[39m
    [90m135| [39m
    [90m136| [39m    [34mexpect[39m(response[33m.[39mstatus)[33m.[39m[34mtoBe[39m([34m409[39m)[33m;[39m
    [90m   | [39m                            [31m^[39m
    [90m137| [39m    [34mexpect[39m(result[33m.[39merror)[33m.[39m[34mtoMatch[39m([36m/email already registered/i[39m)[33m;[39m
    [90m138| [39m  })[33m;[39m

[31m[2mâŽ¯âŽ¯âŽ¯âŽ¯âŽ¯âŽ¯âŽ¯âŽ¯âŽ¯âŽ¯âŽ¯âŽ¯âŽ¯âŽ¯âŽ¯âŽ¯âŽ¯âŽ¯âŽ¯âŽ¯âŽ¯[10/106]âŽ¯[22m[39m

[41m[1m FAIL [22m[49m tests/integration/handlers/auth-handlers.test.js[2m > [22mPOST /auth/register[2m > [22mshould hash password with bcrypt
[31m[1mAssertionError[22m: expected '$2b$12$1PD57x0Rg7WDnZCVG0GvlejGbuLWTFâ€¦' to match /^\$2[ab]\$10\$/[39m

[32m- Expected:[39m 
/^\$2[ab]\$10\$/

[31m+ Received:[39m 
"$2b$12$1PD57x0Rg7WDnZCVG0GvlejGbuLWTFK7VOmJtLPjP3HzSKy76zsOC"

[36m [2mâ¯[22m tests/integration/handlers/auth-handlers.test.js:[2m156:18[22m[39m
    [90m154| [39m
    [90m155| [39m    [90m// bcrypt hashes start with $2a$10$ or $2b$10$[39m
    [90m156| [39m    [34mexpect[39m(hash)[33m.[39m[34mtoMatch[39m([36m/^\$2[ab]\$10\$/[39m)[33m;[39m
    [90m   | [39m                 [31m^[39m
    [90m157| [39m    [34mexpect[39m(hash[33m.[39mlength)[33m.[39m[34mtoBe[39m([34m60[39m)[33m;[39m [90m// bcrypt hash length[39m
    [90m158| [39m

[31m[2mâŽ¯âŽ¯âŽ¯âŽ¯âŽ¯âŽ¯âŽ¯âŽ¯âŽ¯âŽ¯âŽ¯âŽ¯âŽ¯âŽ¯âŽ¯âŽ¯âŽ¯âŽ¯âŽ¯âŽ¯âŽ¯[11/106]âŽ¯[22m[39m

[41m[1m FAIL [22m[49m tests/integration/handlers/auth-handlers.test.js[2m > [22mPOST /auth/register[2m > [22mshould create verification token
[31m[1mAssertionError[22m: expected undefined to be truthy[39m

[32m- Expected:[39m 
true

[31m+ Received:[39m 
undefined

[36m [2mâ¯[22m tests/integration/handlers/auth-handlers.test.js:[2m194:19[22m[39m
    [90m192| [39m
    [90m193| [39m    [35mconst[39m token [33m=[39m result[33m.[39mverificationToken[33m;[39m
    [90m194| [39m    [34mexpect[39m(token)[33m.[39m[34mtoBeTruthy[39m()[33m;[39m
    [90m   | [39m                  [31m^[39m
    [90m195| [39m    [34mexpect[39m(token[33m.[39mlength)[33m.[39m[34mtoBeGreaterThan[39m([34m20[39m)[33m;[39m [90m// Secure token length[39m
    [90m196| [39m

[31m[2mâŽ¯âŽ¯âŽ¯âŽ¯âŽ¯âŽ¯âŽ¯âŽ¯âŽ¯âŽ¯âŽ¯âŽ¯âŽ¯âŽ¯âŽ¯âŽ¯âŽ¯âŽ¯âŽ¯âŽ¯âŽ¯[12/106]âŽ¯[22m[39m

[41m[1m FAIL [22m[49m tests/integration/handlers/auth-handlers.test.js[2m > [22mPOST /auth/register[2m > [22mshould send verification email
[31m[1mAssertionError[22m: expected "spy" to be called with arguments: [ ObjectContaining{â€¦}, Any<Object> ][90m

Number of calls: [1m0[22m
[31m[39m
[36m [2mâ¯[22m tests/integration/handlers/auth-handlers.test.js:[2m219:52[22m[39m
    [90m217| [39m    [35mawait[39m authHandlers[33m.[39m[34mhandleRegister[39m(mockRequest[33m,[39m mockEnv)[33m;[39m
    [90m218| [39m
    [90m219| [39m    expect(mockEmailService.sendEmailVerification).toHaveBeenCalledWitâ€¦
    [90m   | [39m                                                   [31m^[39m
    [90m220| [39m      expect[33m.[39m[34mobjectContaining[39m({
    [90m221| [39m        userEmail[33m:[39m [32m'email-test@example.com'[39m[33m,[39m

[31m[2mâŽ¯âŽ¯âŽ¯âŽ¯âŽ¯âŽ¯âŽ¯âŽ¯âŽ¯âŽ¯âŽ¯âŽ¯âŽ¯âŽ¯âŽ¯âŽ¯âŽ¯âŽ¯âŽ¯âŽ¯âŽ¯[13/106]âŽ¯[22m[39m

[41m[1m FAIL [22m[49m tests/integration/handlers/auth-handlers.test.js[2m > [22mPOST /auth/register[2m > [22mshould log registration event in audit log
[31m[1mAssertionError[22m: expected 0 to be greater than 0[39m
[36m [2mâ¯[22m tests/integration/handlers/auth-handlers.test.js:[2m241:24[22m[39m
    [90m239| [39m
    [90m240| [39m    const auditCount = await countTestRecords('audit_log', { event_typâ€¦
    [90m241| [39m    [34mexpect[39m(auditCount)[33m.[39m[34mtoBeGreaterThan[39m([34m0[39m)[33m;[39m
    [90m   | [39m                       [31m^[39m
    [90m242| [39m  })[33m;[39m
    [90m243| [39m

[31m[2mâŽ¯âŽ¯âŽ¯âŽ¯âŽ¯âŽ¯âŽ¯âŽ¯âŽ¯âŽ¯âŽ¯âŽ¯âŽ¯âŽ¯âŽ¯âŽ¯âŽ¯âŽ¯âŽ¯âŽ¯âŽ¯[14/106]âŽ¯[22m[39m

[41m[1m FAIL [22m[49m tests/integration/handlers/auth-handlers.test.js[2m > [22mPOST /auth/login[2m > [22mshould login with valid credentials
[31m[1mAssertionError[22m: expected 400 to be 200 // Object.is equality[39m

[32m- Expected[39m
[31m+ Received[39m

[32m- 200[39m
[31m+ 400[39m

[36m [2mâ¯[22m tests/integration/handlers/auth-handlers.test.js:[2m295:29[22m[39m
    [90m293| [39m    [35mconst[39m result [33m=[39m [35mawait[39m response[33m.[39m[34mjson[39m()[33m;[39m
    [90m294| [39m
    [90m295| [39m    [34mexpect[39m(response[33m.[39mstatus)[33m.[39m[34mtoBe[39m([34m200[39m)[33m;[39m
    [90m   | [39m                            [31m^[39m
    [90m296| [39m    [34mexpect[39m(result[33m.[39muserId)[33m.[39m[34mtoBeDefined[39m()[33m;[39m
    [90m297| [39m    [34mexpect[39m(result[33m.[39memail)[33m.[39m[34mtoBe[39m([32m'login-test@example.com'[39m)[33m;[39m

[31m[2mâŽ¯âŽ¯âŽ¯âŽ¯âŽ¯âŽ¯âŽ¯âŽ¯âŽ¯âŽ¯âŽ¯âŽ¯âŽ¯âŽ¯âŽ¯âŽ¯âŽ¯âŽ¯âŽ¯âŽ¯âŽ¯[15/106]âŽ¯[22m[39m

[41m[1m FAIL [22m[49m tests/integration/handlers/auth-handlers.test.js[2m > [22mPOST /auth/login[2m > [22mshould reject login with unverified email
[31m[1mAssertionError[22m: expected 400 to be 403 // Object.is equality[39m

[32m- Expected[39m
[31m+ Received[39m

[32m- 403[39m
[31m+ 400[39m

[36m [2mâ¯[22m tests/integration/handlers/auth-handlers.test.js:[2m364:29[22m[39m
    [90m362| [39m    [35mconst[39m result [33m=[39m [35mawait[39m response[33m.[39m[34mjson[39m()[33m;[39m
    [90m363| [39m
    [90m364| [39m    [34mexpect[39m(response[33m.[39mstatus)[33m.[39m[34mtoBe[39m([34m403[39m)[33m;[39m
    [90m   | [39m                            [31m^[39m
    [90m365| [39m    [34mexpect[39m(result[33m.[39merror)[33m.[39m[34mtoMatch[39m([36m/email not verified/i[39m)[33m;[39m
    [90m366| [39m  })[33m;[39m

[31m[2mâŽ¯âŽ¯âŽ¯âŽ¯âŽ¯âŽ¯âŽ¯âŽ¯âŽ¯âŽ¯âŽ¯âŽ¯âŽ¯âŽ¯âŽ¯âŽ¯âŽ¯âŽ¯âŽ¯âŽ¯âŽ¯[16/106]âŽ¯[22m[39m

[41m[1m FAIL [22m[49m tests/integration/handlers/auth-handlers.test.js[2m > [22mPOST /auth/login[2m > [22mshould update last_login timestamp
[31m[1mTypeError[22m: Cannot read properties of null (reading 'last_login')[39m
[36m [2mâ¯[22m tests/integration/handlers/auth-handlers.test.js:[2m416:37[22m[39m
    [90m414| [39m
    [90m415| [39m    const user = await findTestRecord('users', { email: 'login-test@exâ€¦
    [90m416| [39m    [35mconst[39m lastLogin [33m=[39m [35mnew[39m [33mDate[39m(user[33m.[39mlast_login)[33m;[39m
    [90m   | [39m                                    [31m^[39m
    [90m417| [39m
    [90m418| [39m    [34mexpect[39m(lastLogin [33m>=[39m beforeLogin)[33m.[39m[34mtoBe[39m([35mtrue[39m)[33m;[39m

[31m[2mâŽ¯âŽ¯âŽ¯âŽ¯âŽ¯âŽ¯âŽ¯âŽ¯âŽ¯âŽ¯âŽ¯âŽ¯âŽ¯âŽ¯âŽ¯âŽ¯âŽ¯âŽ¯âŽ¯âŽ¯âŽ¯[17/106]âŽ¯[22m[39m

[41m[1m FAIL [22m[49m tests/integration/handlers/auth-handlers.test.js[2m > [22mPOST /auth/login[2m > [22mshould create session in Redis
[31m[1mTypeError[22m: Cannot read properties of null (reading 'match')[39m
[36m [2mâ¯[22m tests/integration/handlers/auth-handlers.test.js:[2m436:38[22m[39m
    [90m434| [39m    [90m// Extract session ID from Set-Cookie header[39m
    [90m435| [39m    [35mconst[39m setCookie [33m=[39m response[33m.[39mheaders[33m.[39m[35mget[39m([32m'Set-Cookie'[39m)[33m;[39m
    [90m436| [39m    [35mconst[39m sessionIdMatch [33m=[39m setCookie[33m.[39m[34mmatch[39m([36m/session_id=([^;]+)/[39m)[33m;[39m
    [90m   | [39m                                     [31m^[39m
    [90m437| [39m    [34mexpect[39m(sessionIdMatch)[33m.[39m[34mtoBeTruthy[39m()[33m;[39m
    [90m438| [39m

[31m[2mâŽ¯âŽ¯âŽ¯âŽ¯âŽ¯âŽ¯âŽ¯âŽ¯âŽ¯âŽ¯âŽ¯âŽ¯âŽ¯âŽ¯âŽ¯âŽ¯âŽ¯âŽ¯âŽ¯âŽ¯âŽ¯[18/106]âŽ¯[22m[39m

[41m[1m FAIL [22m[49m tests/integration/handlers/auth-handlers.test.js[2m > [22mPOST /auth/login[2m > [22mshould log successful login
[31m[1mAssertionError[22m: expected 0 to be greater than 0[39m
[36m [2mâ¯[22m tests/integration/handlers/auth-handlers.test.js:[2m464:24[22m[39m
    [90m462| [39m
    [90m463| [39m    const auditCount = await countTestRecords('audit_log', { event_typâ€¦
    [90m464| [39m    [34mexpect[39m(auditCount)[33m.[39m[34mtoBeGreaterThan[39m([34m0[39m)[33m;[39m
    [90m   | [39m                       [31m^[39m
    [90m465| [39m  })[33m;[39m
    [90m466| [39m

[31m[2mâŽ¯âŽ¯âŽ¯âŽ¯âŽ¯âŽ¯âŽ¯âŽ¯âŽ¯âŽ¯âŽ¯âŽ¯âŽ¯âŽ¯âŽ¯âŽ¯âŽ¯âŽ¯âŽ¯âŽ¯âŽ¯[19/106]âŽ¯[22m[39m

[41m[1m FAIL [22m[49m tests/integration/handlers/auth-handlers.test.js[2m > [22mPOST /auth/login[2m > [22mshould log failed login attempts
[31m[1mAssertionError[22m: expected 0 to be greater than 0[39m
[36m [2mâ¯[22m tests/integration/handlers/auth-handlers.test.js:[2m481:24[22m[39m
    [90m479| [39m
    [90m480| [39m    const auditCount = await countTestRecords('audit_log', { event_typâ€¦
    [90m481| [39m    [34mexpect[39m(auditCount)[33m.[39m[34mtoBeGreaterThan[39m([34m0[39m)[33m;[39m
    [90m   | [39m                       [31m^[39m
    [90m482| [39m  })[33m;[39m
    [90m483| [39m})[33m;[39m

[31m[2mâŽ¯âŽ¯âŽ¯âŽ¯âŽ¯âŽ¯âŽ¯âŽ¯âŽ¯âŽ¯âŽ¯âŽ¯âŽ¯âŽ¯âŽ¯âŽ¯âŽ¯âŽ¯âŽ¯âŽ¯âŽ¯[20/106]âŽ¯[22m[39m

[41m[1m FAIL [22m[49m tests/integration/handlers/auth-handlers.test.js[2m > [22mPOST /auth/verify-email[2m > [22mshould verify email with valid token
[41m[1m FAIL [22m[49m tests/integration/handlers/auth-handlers.test.js[2m > [22mPOST /auth/verify-email[2m > [22mshould reject invalid token
[41m[1m FAIL [22m[49m tests/integration/handlers/auth-handlers.test.js[2m > [22mPOST /auth/verify-email[2m > [22mshould reject expired token
[41m[1m FAIL [22m[49m tests/integration/handlers/auth-handlers.test.js[2m > [22mPOST /auth/verify-email[2m > [22mshould reject already used token
[41m[1m FAIL [22m[49m tests/integration/handlers/auth-handlers.test.js[2m > [22mPOST /auth/verify-email[2m > [22mshould handle missing token
[41m[1m FAIL [22m[49m tests/integration/handlers/auth-handlers.test.js[2m > [22mPOST /auth/verify-email[2m > [22mshould log email verification event
[31m[1mTypeError[22m: createVerificationToken is not a function[39m
[36m [2mâ¯[22m tests/integration/handlers/auth-handlers.test.js:[2m504:31[22m[39m
    [90m502| [39m    })[33m;[39m
    [90m503| [39m
    [90m504| [39m    verificationToken [33m=[39m [35mawait[39m [34mcreateVerificationToken[39m(testDb[33m,[39m {
    [90m   | [39m                              [31m^[39m
    [90m505| [39m      user_id[33m:[39m testUser[33m.[39mid[33m,[39m
    [90m506| [39m      token_type[33m:[39m [32m'email_verification'[39m

[31m[2mâŽ¯âŽ¯âŽ¯âŽ¯âŽ¯âŽ¯âŽ¯âŽ¯âŽ¯âŽ¯âŽ¯âŽ¯âŽ¯âŽ¯âŽ¯âŽ¯âŽ¯âŽ¯âŽ¯âŽ¯âŽ¯[21/106]âŽ¯[22m[39m

[41m[1m FAIL [22m[49m tests/integration/handlers/auth-handlers.test.js[2m > [22mPOST /auth/request-password-reset[2m > [22mshould create password reset token for valid email
[31m[1mTypeError[22m: handleRequestPasswordReset is not a function[39m
[36m [2mâ¯[22m tests/integration/handlers/auth-handlers.test.js:[2m653:41[22m[39m
    [90m651| [39m    [35mconst[39m mockEnv [33m=[39m { [33mDB[39m[33m:[39m testDbAdapter[33m,[39m [33mREDIS[39m[33m:[39m mockRedisInstance }[33m;[39m
    [90m652| [39m
    [90m653| [39m    const response = await authHandlers.handleRequestPasswordReset(mocâ€¦
    [90m   | [39m                                        [31m^[39m
    [90m654| [39m    [35mconst[39m result [33m=[39m [35mawait[39m response[33m.[39m[34mjson[39m()[33m;[39m
    [90m655| [39m

[31m[2mâŽ¯âŽ¯âŽ¯âŽ¯âŽ¯âŽ¯âŽ¯âŽ¯âŽ¯âŽ¯âŽ¯âŽ¯âŽ¯âŽ¯âŽ¯âŽ¯âŽ¯âŽ¯âŽ¯âŽ¯âŽ¯[22/106]âŽ¯[22m[39m

[41m[1m FAIL [22m[49m tests/integration/handlers/auth-handlers.test.js[2m > [22mPOST /auth/request-password-reset[2m > [22mshould send password reset email
[31m[1mTypeError[22m: handleRequestPasswordReset is not a function[39m
[36m [2mâ¯[22m tests/integration/handlers/auth-handlers.test.js:[2m677:24[22m[39m
    [90m675| [39m    [35mconst[39m mockEnv [33m=[39m { [33mDB[39m[33m:[39m testDbAdapter[33m,[39m [33mREDIS[39m[33m:[39m mockRedisInstance }[33m;[39m
    [90m676| [39m
    [90m677| [39m    await authHandlers.handleRequestPasswordReset(mockRequest, mockEnvâ€¦
    [90m   | [39m                       [31m^[39m
    [90m678| [39m
    [90m679| [39m    expect(mockEmailService.sendPasswordResetEmail).toHaveBeenCalledWiâ€¦

[31m[2mâŽ¯âŽ¯âŽ¯âŽ¯âŽ¯âŽ¯âŽ¯âŽ¯âŽ¯âŽ¯âŽ¯âŽ¯âŽ¯âŽ¯âŽ¯âŽ¯âŽ¯âŽ¯âŽ¯âŽ¯âŽ¯[23/106]âŽ¯[22m[39m

[41m[1m FAIL [22m[49m tests/integration/handlers/auth-handlers.test.js[2m > [22mPOST /auth/request-password-reset[2m > [22mshould not reveal if email does not exist (security)
[31m[1mTypeError[22m: handleRequestPasswordReset is not a function[39m
[36m [2mâ¯[22m tests/integration/handlers/auth-handlers.test.js:[2m698:41[22m[39m
    [90m696| [39m    [35mconst[39m mockEnv [33m=[39m { [33mDB[39m[33m:[39m testDbAdapter[33m,[39m [33mREDIS[39m[33m:[39m mockRedisInstance }[33m;[39m
    [90m697| [39m
    [90m698| [39m    const response = await authHandlers.handleRequestPasswordReset(mocâ€¦
    [90m   | [39m                                        [31m^[39m
    [90m699| [39m    [35mconst[39m result [33m=[39m [35mawait[39m response[33m.[39m[34mjson[39m()[33m;[39m
    [90m700| [39m

[31m[2mâŽ¯âŽ¯âŽ¯âŽ¯âŽ¯âŽ¯âŽ¯âŽ¯âŽ¯âŽ¯âŽ¯âŽ¯âŽ¯âŽ¯âŽ¯âŽ¯âŽ¯âŽ¯âŽ¯âŽ¯âŽ¯[24/106]âŽ¯[22m[39m

[41m[1m FAIL [22m[49m tests/integration/handlers/auth-handlers.test.js[2m > [22mPOST /auth/request-password-reset[2m > [22mshould rate limit password reset requests
[31m[1mTypeError[22m: handleRequestPasswordReset is not a function[39m
[36m [2mâ¯[22m tests/integration/handlers/auth-handlers.test.js:[2m718:26[22m[39m
    [90m716| [39m      }[33m;[39m
    [90m717| [39m
    [90m718| [39m      await authHandlers.handleRequestPasswordReset(mockRequest, mockEâ€¦
    [90m   | [39m                         [31m^[39m
    [90m719| [39m    }
    [90m720| [39m

[31m[2mâŽ¯âŽ¯âŽ¯âŽ¯âŽ¯âŽ¯âŽ¯âŽ¯âŽ¯âŽ¯âŽ¯âŽ¯âŽ¯âŽ¯âŽ¯âŽ¯âŽ¯âŽ¯âŽ¯âŽ¯âŽ¯[25/106]âŽ¯[22m[39m

[41m[1m FAIL [22m[49m tests/integration/handlers/auth-handlers.test.js[2m > [22mPOST /auth/request-password-reset[2m > [22mshould normalize email to lowercase
[31m[1mTypeError[22m: handleRequestPasswordReset is not a function[39m
[36m [2mâ¯[22m tests/integration/handlers/auth-handlers.test.js:[2m752:41[22m[39m
    [90m750| [39m    [35mconst[39m mockEnv [33m=[39m { [33mDB[39m[33m:[39m testDbAdapter[33m,[39m [33mREDIS[39m[33m:[39m mockRedisInstance }[33m;[39m
    [90m751| [39m
    [90m752| [39m    const response = await authHandlers.handleRequestPasswordReset(mocâ€¦
    [90m   | [39m                                        [31m^[39m
    [90m753| [39m
    [90m754| [39m    [34mexpect[39m(response[33m.[39mstatus)[33m.[39m[34mtoBe[39m([34m200[39m)[33m;[39m

[31m[2mâŽ¯âŽ¯âŽ¯âŽ¯âŽ¯âŽ¯âŽ¯âŽ¯âŽ¯âŽ¯âŽ¯âŽ¯âŽ¯âŽ¯âŽ¯âŽ¯âŽ¯âŽ¯âŽ¯âŽ¯âŽ¯[26/106]âŽ¯[22m[39m

[41m[1m FAIL [22m[49m tests/integration/handlers/auth-handlers.test.js[2m > [22mPOST /auth/request-password-reset[2m > [22mshould reject invalid email format
[31m[1mTypeError[22m: handleRequestPasswordReset is not a function[39m
[36m [2mâ¯[22m tests/integration/handlers/auth-handlers.test.js:[2m767:41[22m[39m
    [90m765| [39m    [35mconst[39m mockEnv [33m=[39m { [33mDB[39m[33m:[39m testDbAdapter[33m,[39m [33mREDIS[39m[33m:[39m mockRedisInstance }[33m;[39m
    [90m766| [39m
    [90m767| [39m    const response = await authHandlers.handleRequestPasswordReset(mocâ€¦
    [90m   | [39m                                        [31m^[39m
    [90m768| [39m    [35mconst[39m result [33m=[39m [35mawait[39m response[33m.[39m[34mjson[39m()[33m;[39m
    [90m769| [39m

[31m[2mâŽ¯âŽ¯âŽ¯âŽ¯âŽ¯âŽ¯âŽ¯âŽ¯âŽ¯âŽ¯âŽ¯âŽ¯âŽ¯âŽ¯âŽ¯âŽ¯âŽ¯âŽ¯âŽ¯âŽ¯âŽ¯[27/106]âŽ¯[22m[39m

[41m[1m FAIL [22m[49m tests/integration/handlers/auth-handlers.test.js[2m > [22mPOST /auth/request-password-reset[2m > [22mshould handle missing email
[31m[1mTypeError[22m: handleRequestPasswordReset is not a function[39m
[36m [2mâ¯[22m tests/integration/handlers/auth-handlers.test.js:[2m782:41[22m[39m
    [90m780| [39m    [35mconst[39m mockEnv [33m=[39m { [33mDB[39m[33m:[39m testDbAdapter[33m,[39m [33mREDIS[39m[33m:[39m mockRedisInstance }[33m;[39m
    [90m781| [39m
    [90m782| [39m    const response = await authHandlers.handleRequestPasswordReset(mocâ€¦
    [90m   | [39m                                        [31m^[39m
    [90m783| [39m    [35mconst[39m result [33m=[39m [35mawait[39m response[33m.[39m[34mjson[39m()[33m;[39m
    [90m784| [39m

[31m[2mâŽ¯âŽ¯âŽ¯âŽ¯âŽ¯âŽ¯âŽ¯âŽ¯âŽ¯âŽ¯âŽ¯âŽ¯âŽ¯âŽ¯âŽ¯âŽ¯âŽ¯âŽ¯âŽ¯âŽ¯âŽ¯[28/106]âŽ¯[22m[39m

[41m[1m FAIL [22m[49m tests/integration/handlers/auth-handlers.test.js[2m > [22mPOST /auth/request-password-reset[2m > [22mshould log password reset request
[31m[1mTypeError[22m: handleRequestPasswordReset is not a function[39m
[36m [2mâ¯[22m tests/integration/handlers/auth-handlers.test.js:[2m799:24[22m[39m
    [90m797| [39m    [35mconst[39m mockEnv [33m=[39m { [33mDB[39m[33m:[39m testDbAdapter[33m,[39m [33mREDIS[39m[33m:[39m mockRedisInstance }[33m;[39m
    [90m798| [39m
    [90m799| [39m    await authHandlers.handleRequestPasswordReset(mockRequest, mockEnvâ€¦
    [90m   | [39m                       [31m^[39m
    [90m800| [39m
    [90m801| [39m    const auditCount = await countTestRecords('audit_log', { event_typâ€¦

[31m[2mâŽ¯âŽ¯âŽ¯âŽ¯âŽ¯âŽ¯âŽ¯âŽ¯âŽ¯âŽ¯âŽ¯âŽ¯âŽ¯âŽ¯âŽ¯âŽ¯âŽ¯âŽ¯âŽ¯âŽ¯âŽ¯[29/106]âŽ¯[22m[39m

[41m[1m FAIL [22m[49m tests/integration/handlers/auth-handlers.test.js[2m > [22mPOST /auth/reset-password[2m > [22mshould reset password with valid token
[41m[1m FAIL [22m[49m tests/integration/handlers/auth-handlers.test.js[2m > [22mPOST /auth/reset-password[2m > [22mshould mark reset token as used
[41m[1m FAIL [22m[49m tests/integration/handlers/auth-handlers.test.js[2m > [22mPOST /auth/reset-password[2m > [22mshould reject weak new password
[41m[1m FAIL [22m[49m tests/integration/handlers/auth-handlers.test.js[2m > [22mPOST /auth/reset-password[2m > [22mshould reject invalid token
[41m[1m FAIL [22m[49m tests/integration/handlers/auth-handlers.test.js[2m > [22mPOST /auth/reset-password[2m > [22mshould reject expired token
[41m[1m FAIL [22m[49m tests/integration/handlers/auth-handlers.test.js[2m > [22mPOST /auth/reset-password[2m > [22mshould reject already used token
[41m[1m FAIL [22m[49m tests/integration/handlers/auth-handlers.test.js[2m > [22mPOST /auth/reset-password[2m > [22mshould hash new password with bcrypt
[41m[1m FAIL [22m[49m tests/integration/handlers/auth-handlers.test.js[2m > [22mPOST /auth/reset-password[2m > [22mshould log password reset event
[31m[1mTypeError[22m: createVerificationToken is not a function[39m
[36m [2mâ¯[22m tests/integration/handlers/auth-handlers.test.js:[2m824:24[22m[39m
    [90m822| [39m    })[33m;[39m
    [90m823| [39m
    [90m824| [39m    resetToken [33m=[39m [35mawait[39m [34mcreateVerificationToken[39m(testDb[33m,[39m {
    [90m   | [39m                       [31m^[39m
    [90m825| [39m      user_id[33m:[39m testUser[33m.[39mid[33m,[39m
    [90m826| [39m      token_type[33m:[39m [32m'password_reset'[39m

[31m[2mâŽ¯âŽ¯âŽ¯âŽ¯âŽ¯âŽ¯âŽ¯âŽ¯âŽ¯âŽ¯âŽ¯âŽ¯âŽ¯âŽ¯âŽ¯âŽ¯âŽ¯âŽ¯âŽ¯âŽ¯âŽ¯[30/106]âŽ¯[22m[39m

[41m[1m FAIL [22m[49m tests/integration/handlers/auth-handlers.test.js[2m > [22mPOST /auth/logout[2m > [22mshould logout and destroy session
[31m[1mAssertionError[22m: expected 401 to be 200 // Object.is equality[39m

[32m- Expected[39m
[31m+ Received[39m

[32m- 200[39m
[31m+ 401[39m

[36m [2mâ¯[22m tests/integration/handlers/auth-handlers.test.js:[2m1029:29[22m[39m
    [90m1027| [39m    [35mconst[39m result [33m=[39m [35mawait[39m response[33m.[39m[34mjson[39m()[33m;[39m
    [90m1028| [39m
    [90m1029| [39m    [34mexpect[39m(response[33m.[39mstatus)[33m.[39m[34mtoBe[39m([34m200[39m)[33m;[39m
    [90m   | [39m                            [31m^[39m
    [90m1030| [39m    [34mexpect[39m(result[33m.[39mmessage)[33m.[39m[34mtoMatch[39m([36m/logged out/i[39m)[33m;[39m
    [90m1031| [39m

[31m[2mâŽ¯âŽ¯âŽ¯âŽ¯âŽ¯âŽ¯âŽ¯âŽ¯âŽ¯âŽ¯âŽ¯âŽ¯âŽ¯âŽ¯âŽ¯âŽ¯âŽ¯âŽ¯âŽ¯âŽ¯âŽ¯[31/106]âŽ¯[22m[39m

[41m[1m FAIL [22m[49m tests/integration/handlers/auth-handlers.test.js[2m > [22mPOST /auth/logout[2m > [22mshould clear session cookie
[31m[1mAssertionError[22m: the given combination of arguments (null and string) is invalid for this assertion. You can use an array, a map, an object, a set, a string, or a weakset instead of a string[39m
[36m [2mâ¯[22m tests/integration/handlers/auth-handlers.test.js:[2m1047:23[22m[39m
    [90m1045| [39m
    [90m1046| [39m    [35mconst[39m setCookie [33m=[39m response[33m.[39mheaders[33m.[39m[35mget[39m([32m'Set-Cookie'[39m)[33m;[39m
    [90m1047| [39m    [34mexpect[39m(setCookie)[33m.[39m[34mtoContain[39m([32m'session_id='[39m)[33m;[39m
    [90m   | [39m                      [31m^[39m
    [90m1048| [39m    [34mexpect[39m(setCookie)[33m.[39m[34mtoContain[39m([32m'Max-Age=0'[39m)[33m;[39m [90m// Cookie expired[39m
    [90m1049| [39m  })[33m;[39m

[31m[2mâŽ¯âŽ¯âŽ¯âŽ¯âŽ¯âŽ¯âŽ¯âŽ¯âŽ¯âŽ¯âŽ¯âŽ¯âŽ¯âŽ¯âŽ¯âŽ¯âŽ¯âŽ¯âŽ¯âŽ¯âŽ¯[32/106]âŽ¯[22m[39m

[41m[1m FAIL [22m[49m tests/integration/handlers/auth-handlers.test.js[2m > [22mPOST /auth/logout[2m > [22mshould log logout event
[31m[1mAssertionError[22m: expected 0 to be greater than 0[39m
[36m [2mâ¯[22m tests/integration/handlers/auth-handlers.test.js:[2m1061:24[22m[39m
    [90m1059| [39m
    [90m1060| [39m    const auditCount = await countTestRecords('audit_log', { event_typâ€¦
    [90m1061| [39m    [34mexpect[39m(auditCount)[33m.[39m[34mtoBeGreaterThan[39m([34m0[39m)[33m;[39m
    [90m   | [39m                       [31m^[39m
    [90m1062| [39m  })[33m;[39m
    [90m1063| [39m})[33m;[39m

[31m[2mâŽ¯âŽ¯âŽ¯âŽ¯âŽ¯âŽ¯âŽ¯âŽ¯âŽ¯âŽ¯âŽ¯âŽ¯âŽ¯âŽ¯âŽ¯âŽ¯âŽ¯âŽ¯âŽ¯âŽ¯âŽ¯[33/106]âŽ¯[22m[39m

[41m[1m FAIL [22m[49m tests/integration/handlers/auth-handlers.test.js[2m > [22mGET /auth/me[2m > [22mshould return current user with valid session
[31m[1mTypeError[22m: handleGetCurrentUser is not a function[39m
[36m [2mâ¯[22m tests/integration/handlers/auth-handlers.test.js:[2m1105:41[22m[39m
    [90m1103| [39m    [35mconst[39m mockEnv [33m=[39m { [33mDB[39m[33m:[39m testDbAdapter[33m,[39m [33mREDIS[39m[33m:[39m mockRedisInstance }[33m;[39m
    [90m1104| [39m
    [90m1105| [39m    const response = await authHandlers.handleGetCurrentUser(mockRequeâ€¦
    [90m   | [39m                                        [31m^[39m
    [90m1106| [39m    [35mconst[39m result [33m=[39m [35mawait[39m response[33m.[39m[34mjson[39m()[33m;[39m
    [90m1107| [39m

[31m[2mâŽ¯âŽ¯âŽ¯âŽ¯âŽ¯âŽ¯âŽ¯âŽ¯âŽ¯âŽ¯âŽ¯âŽ¯âŽ¯âŽ¯âŽ¯âŽ¯âŽ¯âŽ¯âŽ¯âŽ¯âŽ¯[34/106]âŽ¯[22m[39m

[41m[1m FAIL [22m[49m tests/integration/handlers/auth-handlers.test.js[2m > [22mGET /auth/me[2m > [22mshould not return password hash
[31m[1mTypeError[22m: handleGetCurrentUser is not a function[39m
[36m [2mâ¯[22m tests/integration/handlers/auth-handlers.test.js:[2m1122:41[22m[39m
    [90m1120| [39m    [35mconst[39m mockEnv [33m=[39m { [33mDB[39m[33m:[39m testDbAdapter[33m,[39m [33mREDIS[39m[33m:[39m mockRedisInstance }[33m;[39m
    [90m1121| [39m
    [90m1122| [39m    const response = await authHandlers.handleGetCurrentUser(mockRequeâ€¦
    [90m   | [39m                                        [31m^[39m
    [90m1123| [39m    [35mconst[39m result [33m=[39m [35mawait[39m response[33m.[39m[34mjson[39m()[33m;[39m
    [90m1124| [39m

[31m[2mâŽ¯âŽ¯âŽ¯âŽ¯âŽ¯âŽ¯âŽ¯âŽ¯âŽ¯âŽ¯âŽ¯âŽ¯âŽ¯âŽ¯âŽ¯âŽ¯âŽ¯âŽ¯âŽ¯âŽ¯âŽ¯[35/106]âŽ¯[22m[39m

[41m[1m FAIL [22m[49m tests/integration/handlers/auth-handlers.test.js[2m > [22mGET /auth/me[2m > [22mshould reject request without session
[31m[1mTypeError[22m: handleGetCurrentUser is not a function[39m
[36m [2mâ¯[22m tests/integration/handlers/auth-handlers.test.js:[2m1136:41[22m[39m
    [90m1134| [39m    [35mconst[39m mockEnv [33m=[39m { [33mDB[39m[33m:[39m testDbAdapter[33m,[39m [33mREDIS[39m[33m:[39m mockRedisInstance }[33m;[39m
    [90m1135| [39m
    [90m1136| [39m    const response = await authHandlers.handleGetCurrentUser(mockRequeâ€¦
    [90m   | [39m                                        [31m^[39m
    [90m1137| [39m    [35mconst[39m result [33m=[39m [35mawait[39m response[33m.[39m[34mjson[39m()[33m;[39m
    [90m1138| [39m

[31m[2mâŽ¯âŽ¯âŽ¯âŽ¯âŽ¯âŽ¯âŽ¯âŽ¯âŽ¯âŽ¯âŽ¯âŽ¯âŽ¯âŽ¯âŽ¯âŽ¯âŽ¯âŽ¯âŽ¯âŽ¯âŽ¯[36/106]âŽ¯[22m[39m

[41m[1m FAIL [22m[49m tests/integration/handlers/auth-handlers.test.js[2m > [22mGET /auth/me[2m > [22mshould reject request with invalid session
[31m[1mTypeError[22m: handleGetCurrentUser is not a function[39m
[36m [2mâ¯[22m tests/integration/handlers/auth-handlers.test.js:[2m1150:41[22m[39m
    [90m1148| [39m    [35mconst[39m mockEnv [33m=[39m { [33mDB[39m[33m:[39m testDbAdapter[33m,[39m [33mREDIS[39m[33m:[39m mockRedisInstance }[33m;[39m
    [90m1149| [39m
    [90m1150| [39m    const response = await authHandlers.handleGetCurrentUser(mockRequeâ€¦
    [90m   | [39m                                        [31m^[39m
    [90m1151| [39m    [35mconst[39m result [33m=[39m [35mawait[39m response[33m.[39m[34mjson[39m()[33m;[39m
    [90m1152| [39m

[31m[2mâŽ¯âŽ¯âŽ¯âŽ¯âŽ¯âŽ¯âŽ¯âŽ¯âŽ¯âŽ¯âŽ¯âŽ¯âŽ¯âŽ¯âŽ¯âŽ¯âŽ¯âŽ¯âŽ¯âŽ¯âŽ¯[37/106]âŽ¯[22m[39m

[41m[1m FAIL [22m[49m tests/integration/handlers/auth-handlers.test.js[2m > [22mGET /auth/me[2m > [22mshould return email verification status
[31m[1mTypeError[22m: handleGetCurrentUser is not a function[39m
[36m [2mâ¯[22m tests/integration/handlers/auth-handlers.test.js:[2m1164:41[22m[39m
    [90m1162| [39m    [35mconst[39m mockEnv [33m=[39m { [33mDB[39m[33m:[39m testDbAdapter[33m,[39m [33mREDIS[39m[33m:[39m mockRedisInstance }[33m;[39m
    [90m1163| [39m
    [90m1164| [39m    const response = await authHandlers.handleGetCurrentUser(mockRequeâ€¦
    [90m   | [39m                                        [31m^[39m
    [90m1165| [39m    [35mconst[39m result [33m=[39m [35mawait[39m response[33m.[39m[34mjson[39m()[33m;[39m
    [90m1166| [39m

[31m[2mâŽ¯âŽ¯âŽ¯âŽ¯âŽ¯âŽ¯âŽ¯âŽ¯âŽ¯âŽ¯âŽ¯âŽ¯âŽ¯âŽ¯âŽ¯âŽ¯âŽ¯âŽ¯âŽ¯âŽ¯âŽ¯[38/106]âŽ¯[22m[39m

[41m[1m FAIL [22m[49m tests/integration/handlers/auth-handlers.test.js[2m > [22mPOST /auth/resend-verification[2m > [22mshould resend verification email for unverified user
[31m[1mAssertionError[22m: expected "spy" to be called with arguments: [ ObjectContaining{â€¦}, Any<Object> ][90m

Number of calls: [1m0[22m
[31m[39m
[36m [2mâ¯[22m tests/integration/handlers/auth-handlers.test.js:[2m1206:52[22m[39m
    [90m1204| [39m    [34mexpect[39m(result[33m.[39mmessage)[33m.[39m[34mtoMatch[39m([36m/verification.*sent/i[39m)[33m;[39m
    [90m1205| [39m
    [90m1206| [39m    expect(mockEmailService.sendEmailVerification).toHaveBeenCalledWitâ€¦
    [90m   | [39m                                                   [31m^[39m
    [90m1207| [39m      expect[33m.[39m[34mobjectContaining[39m({
    [90m1208| [39m        userEmail[33m:[39m [32m'resend@example.com'[39m[33m,[39m

[31m[2mâŽ¯âŽ¯âŽ¯âŽ¯âŽ¯âŽ¯âŽ¯âŽ¯âŽ¯âŽ¯âŽ¯âŽ¯âŽ¯âŽ¯âŽ¯âŽ¯âŽ¯âŽ¯âŽ¯âŽ¯âŽ¯[39/106]âŽ¯[22m[39m

[41m[1m FAIL [22m[49m tests/integration/handlers/auth-handlers.test.js[2m > [22mPOST /auth/resend-verification[2m > [22mshould reject resend for already verified user
[31m[1merror[22m: column "email_verified" is of type integer but expression is of type boolean[39m
[90m [2mâ¯[22m node_modules/pg/lib/client.js:[2m545:17[22m[39m
[36m [2mâ¯[22m tests/integration/handlers/auth-handlers.test.js:[2m1216:5[22m[39m
    [90m1214| [39m
    [90m1215| [39m  [34mit[39m([32m'should reject resend for already verified user'[39m[33m,[39m [35masync[39m () [33m=>[39m {
    [90m1216| [39m    [35mawait[39m testDb[33m.[39m[34mquery[39m(
    [90m   | [39m    [31m^[39m
    [90m1217| [39m      [32m'UPDATE users SET email_verified = TRUE WHERE id = $1'[39m[33m,[39m
    [90m1218| [39m      [testUser[33m.[39mid]

[31m[2mâŽ¯âŽ¯âŽ¯âŽ¯âŽ¯âŽ¯âŽ¯âŽ¯âŽ¯âŽ¯âŽ¯âŽ¯âŽ¯âŽ¯âŽ¯âŽ¯âŽ¯âŽ¯âŽ¯âŽ¯âŽ¯[40/106]âŽ¯[22m[39m

[41m[1m FAIL [22m[49m tests/integration/handlers/auth-handlers.test.js[2m > [22mPOST /auth/resend-verification[2m > [22mshould rate limit resend requests
[31m[1mAssertionError[22m: expected 200 to be 429 // Object.is equality[39m

[32m- Expected[39m
[31m+ Received[39m

[32m- 429[39m
[31m+ 200[39m

[36m [2mâ¯[22m tests/integration/handlers/auth-handlers.test.js:[2m1263:29[22m[39m
    [90m1261| [39m    [35mconst[39m result [33m=[39m [35mawait[39m response[33m.[39m[34mjson[39m()[33m;[39m
    [90m1262| [39m
    [90m1263| [39m    [34mexpect[39m(response[33m.[39mstatus)[33m.[39m[34mtoBe[39m([34m429[39m)[33m;[39m
    [90m   | [39m                            [31m^[39m
    [90m1264| [39m    [34mexpect[39m(result[33m.[39merror)[33m.[39m[34mtoMatch[39m([36m/too many.*requests/i[39m)[33m;[39m
    [90m1265| [39m  })[33m;[39m

[31m[2mâŽ¯âŽ¯âŽ¯âŽ¯âŽ¯âŽ¯âŽ¯âŽ¯âŽ¯âŽ¯âŽ¯âŽ¯âŽ¯âŽ¯âŽ¯âŽ¯âŽ¯âŽ¯âŽ¯âŽ¯âŽ¯[41/106]âŽ¯[22m[39m

[41m[1m FAIL [22m[49m tests/integration/handlers/payment-handlers.test.js[2m > [22mPayment & Webhook Handlers[2m > [22mPOST /create-checkout-session[2m > [22mshould create checkout session for valid subscription
[41m[1m FAIL [22m[49m tests/integration/handlers/payment-handlers.test.js[2m > [22mPayment & Webhook Handlers[2m > [22mPOST /create-checkout-session[2m > [22mshould require authentication for checkout
[41m[1m FAIL [22m[49m tests/integration/handlers/payment-handlers.test.js[2m > [22mPayment & Webhook Handlers[2m > [22mPOST /create-checkout-session[2m > [22mshould reject invalid price IDs
[41m[1m FAIL [22m[49m tests/integration/handlers/payment-handlers.test.js[2m > [22mPayment & Webhook Handlers[2m > [22mPOST /create-checkout-session[2m > [22mshould include userId in session metadata
[41m[1m FAIL [22m[49m tests/integration/handlers/payment-handlers.test.js[2m > [22mPayment & Webhook Handlers[2m > [22mPOST /create-checkout-session[2m > [22mshould handle missing priceId field
[41m[1m FAIL [22m[49m tests/integration/handlers/payment-handlers.test.js[2m > [22mPayment & Webhook Handlers[2m > [22mPOST /create-checkout-session[2m > [22mshould handle missing planType field
[41m[1m FAIL [22m[49m tests/integration/handlers/payment-handlers.test.js[2m > [22mPayment & Webhook Handlers[2m > [22mPOST /create-checkout-session[2m > [22mshould create customer if not exists
[41m[1m FAIL [22m[49m tests/integration/handlers/payment-handlers.test.js[2m > [22mPayment & Webhook Handlers[2m > [22mPOST /create-checkout-session[2m > [22mshould set correct success and cancel URLs
[41m[1m FAIL [22m[49m tests/integration/handlers/payment-handlers.test.js[2m > [22mPayment & Webhook Handlers[2m > [22mPOST /create-checkout-session[2m > [22mshould handle Stripe API errors gracefully
[41m[1m FAIL [22m[49m tests/integration/handlers/payment-handlers.test.js[2m > [22mPayment & Webhook Handlers[2m > [22mPOST /create-checkout-session[2m > [22mshould log checkout session creation
[31m[1merror[22m: invalid input syntax for type integer: "true"[39m
[90m [2mâ¯[22m node_modules/pg/lib/client.js:[2m545:17[22m[39m
[36m [2mâ¯[22m insertTestRecord tests/test-helpers/database.js:[2m205:18[22m[39m
    [90m203| [39m  `[39m[33m;[39m
    [90m204| [39m
    [90m205| [39m  [35mconst[39m result [33m=[39m [35mawait[39m testDb[33m.[39m[34mquery[39m(query[33m,[39m values)[33m;[39m
    [90m   | [39m                 [31m^[39m
    [90m206| [39m  [35mreturn[39m result[33m.[39mrows[[34m0[39m][33m;[39m
    [90m207| [39m}
[90m [2mâ¯[22m tests/integration/handlers/payment-handlers.test.js:[2m57:7[22m[39m

[31m[2mâŽ¯âŽ¯âŽ¯âŽ¯âŽ¯âŽ¯âŽ¯âŽ¯âŽ¯âŽ¯âŽ¯âŽ¯âŽ¯âŽ¯âŽ¯âŽ¯âŽ¯âŽ¯âŽ¯âŽ¯âŽ¯[42/106]âŽ¯[22m[39m

[41m[1m FAIL [22m[49m tests/integration/handlers/payment-handlers.test.js[2m > [22mPayment & Webhook Handlers[2m > [22mPOST /webhooks/stripe - Signature Verification[2m > [22mshould accept webhook with valid signature
[31m[1mAssertionError[22m: expected [ 200, 404 ] to include 503[39m
[36m [2mâ¯[22m tests/integration/handlers/payment-handlers.test.js:[2m250:26[22m[39m
    [90m248| [39m
    [90m249| [39m      [90m// Accept 200 (processed) or 404 (endpoint not implemented)[39m
    [90m250| [39m      [34mexpect[39m([[34m200[39m[33m,[39m [34m404[39m])[33m.[39m[34mtoContain[39m(response[33m.[39mstatus)[33m;[39m
    [90m   | [39m                         [31m^[39m
    [90m251| [39m    })[33m;[39m
    [90m252| [39m

[31m[2mâŽ¯âŽ¯âŽ¯âŽ¯âŽ¯âŽ¯âŽ¯âŽ¯âŽ¯âŽ¯âŽ¯âŽ¯âŽ¯âŽ¯âŽ¯âŽ¯âŽ¯âŽ¯âŽ¯âŽ¯âŽ¯[43/106]âŽ¯[22m[39m

[41m[1m FAIL [22m[49m tests/integration/handlers/payment-handlers.test.js[2m > [22mPayment & Webhook Handlers[2m > [22mPOST /webhooks/stripe - Signature Verification[2m > [22mshould reject webhook with invalid signature
[31m[1mAssertionError[22m: expected [ 400, 404 ] to include 503[39m
[36m [2mâ¯[22m tests/integration/handlers/payment-handlers.test.js:[2m263:26[22m[39m
    [90m261| [39m        [33m.[39m[34msend[39m(payload)[33m;[39m
    [90m262| [39m
    [90m263| [39m      [34mexpect[39m([[34m400[39m[33m,[39m [34m404[39m])[33m.[39m[34mtoContain[39m(response[33m.[39mstatus)[33m;[39m
    [90m   | [39m                         [31m^[39m
    [90m264| [39m      [35mif[39m (response[33m.[39mstatus [33m===[39m [34m400[39m) {
    [90m265| [39m        [34mexpect[39m(response[33m.[39mbody[33m.[39merror)[33m.[39m[34mtoMatch[39m([36m/signature/i[39m)[33m;[39m

[31m[2mâŽ¯âŽ¯âŽ¯âŽ¯âŽ¯âŽ¯âŽ¯âŽ¯âŽ¯âŽ¯âŽ¯âŽ¯âŽ¯âŽ¯âŽ¯âŽ¯âŽ¯âŽ¯âŽ¯âŽ¯âŽ¯[44/106]âŽ¯[22m[39m

[41m[1m FAIL [22m[49m tests/integration/handlers/payment-handlers.test.js[2m > [22mPayment & Webhook Handlers[2m > [22mPOST /webhooks/stripe - Signature Verification[2m > [22mshould reject webhook with missing signature
[31m[1mAssertionError[22m: expected [ 400, 404 ] to include 503[39m
[36m [2mâ¯[22m tests/integration/handlers/payment-handlers.test.js:[2m277:26[22m[39m
    [90m275| [39m        [33m.[39m[34msend[39m(event)[33m;[39m
    [90m276| [39m
    [90m277| [39m      [34mexpect[39m([[34m400[39m[33m,[39m [34m404[39m])[33m.[39m[34mtoContain[39m(response[33m.[39mstatus)[33m;[39m
    [90m   | [39m                         [31m^[39m
    [90m278| [39m    })[33m;[39m
    [90m279| [39m

[31m[2mâŽ¯âŽ¯âŽ¯âŽ¯âŽ¯âŽ¯âŽ¯âŽ¯âŽ¯âŽ¯âŽ¯âŽ¯âŽ¯âŽ¯âŽ¯âŽ¯âŽ¯âŽ¯âŽ¯âŽ¯âŽ¯[45/106]âŽ¯[22m[39m

[41m[1m FAIL [22m[49m tests/integration/handlers/payment-handlers.test.js[2m > [22mPayment & Webhook Handlers[2m > [22mPOST /webhooks/stripe - Signature Verification[2m > [22mshould reject webhook with expired signature (>5 minutes)
[31m[1mAssertionError[22m: expected [ 400, 404 ] to include 503[39m
[36m [2mâ¯[22m tests/integration/handlers/payment-handlers.test.js:[2m299:26[22m[39m
    [90m297| [39m
    [90m298| [39m      [90m// Stripe would reject expired signatures[39m
    [90m299| [39m      [34mexpect[39m([[34m400[39m[33m,[39m [34m404[39m])[33m.[39m[34mtoContain[39m(response[33m.[39mstatus)[33m;[39m
    [90m   | [39m                         [31m^[39m
    [90m300| [39m    })[33m;[39m
    [90m301| [39m

[31m[2mâŽ¯âŽ¯âŽ¯âŽ¯âŽ¯âŽ¯âŽ¯âŽ¯âŽ¯âŽ¯âŽ¯âŽ¯âŽ¯âŽ¯âŽ¯âŽ¯âŽ¯âŽ¯âŽ¯âŽ¯âŽ¯[46/106]âŽ¯[22m[39m

[41m[1m FAIL [22m[49m tests/integration/handlers/payment-handlers.test.js[2m > [22mPayment & Webhook Handlers[2m > [22mPOST /webhooks/stripe - Signature Verification[2m > [22mshould reject replay attacks (duplicate event ID)
[31m[1mAssertionError[22m: expected [ 200, 404 ] to include 503[39m
[36m [2mâ¯[22m tests/integration/handlers/payment-handlers.test.js:[2m316:26[22m[39m
    [90m314| [39m        [33m.[39m[34msend[39m(payload)[33m;[39m
    [90m315| [39m
    [90m316| [39m      [34mexpect[39m([[34m200[39m[33m,[39m [34m404[39m])[33m.[39m[34mtoContain[39m(response1[33m.[39mstatus)[33m;[39m
    [90m   | [39m                         [31m^[39m
    [90m317| [39m
    [90m318| [39m      [90m// Duplicate request with same event ID should be idempotent[39m

[31m[2mâŽ¯âŽ¯âŽ¯âŽ¯âŽ¯âŽ¯âŽ¯âŽ¯âŽ¯âŽ¯âŽ¯âŽ¯âŽ¯âŽ¯âŽ¯âŽ¯âŽ¯âŽ¯âŽ¯âŽ¯âŽ¯[47/106]âŽ¯[22m[39m

[41m[1m FAIL [22m[49m tests/integration/handlers/payment-handlers.test.js[2m > [22mPayment & Webhook Handlers[2m > [22mPOST /webhooks/stripe - Signature Verification[2m > [22mshould handle malformed signature header
[31m[1mAssertionError[22m: expected [ 400, 404 ] to include 503[39m
[36m [2mâ¯[22m tests/integration/handlers/payment-handlers.test.js:[2m336:26[22m[39m
    [90m334| [39m        [33m.[39m[34msend[39m(event)[33m;[39m
    [90m335| [39m
    [90m336| [39m      [34mexpect[39m([[34m400[39m[33m,[39m [34m404[39m])[33m.[39m[34mtoContain[39m(response[33m.[39mstatus)[33m;[39m
    [90m   | [39m                         [31m^[39m
    [90m337| [39m    })[33m;[39m
    [90m338| [39m

[31m[2mâŽ¯âŽ¯âŽ¯âŽ¯âŽ¯âŽ¯âŽ¯âŽ¯âŽ¯âŽ¯âŽ¯âŽ¯âŽ¯âŽ¯âŽ¯âŽ¯âŽ¯âŽ¯âŽ¯âŽ¯âŽ¯[48/106]âŽ¯[22m[39m

[41m[1m FAIL [22m[49m tests/integration/handlers/payment-handlers.test.js[2m > [22mPayment & Webhook Handlers[2m > [22mPOST /webhooks/stripe - Signature Verification[2m > [22mshould return 400 for invalid signatures (not 500)
[31m[1mAssertionError[22m: expected [ 400, 404 ] to include 503[39m
[36m [2mâ¯[22m tests/integration/handlers/payment-handlers.test.js:[2m366:26[22m[39m
    [90m364| [39m
    [90m365| [39m      [90m// Should return 400 (client error), not 500 (server error)[39m
    [90m366| [39m      [34mexpect[39m([[34m400[39m[33m,[39m [34m404[39m])[33m.[39m[34mtoContain[39m(response[33m.[39mstatus)[33m;[39m
    [90m   | [39m                         [31m^[39m
    [90m367| [39m    })[33m;[39m
    [90m368| [39m  })[33m;[39m

[31m[2mâŽ¯âŽ¯âŽ¯âŽ¯âŽ¯âŽ¯âŽ¯âŽ¯âŽ¯âŽ¯âŽ¯âŽ¯âŽ¯âŽ¯âŽ¯âŽ¯âŽ¯âŽ¯âŽ¯âŽ¯âŽ¯[49/106]âŽ¯[22m[39m

[41m[1m FAIL [22m[49m tests/integration/handlers/payment-handlers.test.js[2m > [22mPayment & Webhook Handlers[2m > [22mPOST /webhooks/stripe - Event Handling[2m > [22mshould handle checkout.session.completed - activate subscription
[41m[1m FAIL [22m[49m tests/integration/handlers/payment-handlers.test.js[2m > [22mPayment & Webhook Handlers[2m > [22mPOST /webhooks/stripe - Event Handling[2m > [22mshould handle checkout.session.completed - record payment
[41m[1m FAIL [22m[49m tests/integration/handlers/payment-handlers.test.js[2m > [22mPayment & Webhook Handlers[2m > [22mPOST /webhooks/stripe - Event Handling[2m > [22mshould handle customer.subscription.updated - sync status
[41m[1m FAIL [22m[49m tests/integration/handlers/payment-handlers.test.js[2m > [22mPayment & Webhook Handlers[2m > [22mPOST /webhooks/stripe - Event Handling[2m > [22mshould handle customer.subscription.deleted - downgrade to free
[41m[1m FAIL [22m[49m tests/integration/handlers/payment-handlers.test.js[2m > [22mPayment & Webhook Handlers[2m > [22mPOST /webhooks/stripe - Event Handling[2m > [22mshould handle customer.subscription.deleted - preserve data
[41m[1m FAIL [22m[49m tests/integration/handlers/payment-handlers.test.js[2m > [22mPayment & Webhook Handlers[2m > [22mPOST /webhooks/stripe - Event Handling[2m > [22mshould handle invoice.payment_succeeded - record payment
[41m[1m FAIL [22m[49m tests/integration/handlers/payment-handlers.test.js[2m > [22mPayment & Webhook Handlers[2m > [22mPOST /webhooks/stripe - Event Handling[2m > [22mshould handle invoice.payment_succeeded - extend billing period
[41m[1m FAIL [22m[49m tests/integration/handlers/payment-handlers.test.js[2m > [22mPayment & Webhook Handlers[2m > [22mPOST /webhooks/stripe - Event Handling[2m > [22mshould handle invoice.payment_failed - mark past_due
[41m[1m FAIL [22m[49m tests/integration/handlers/payment-handlers.test.js[2m > [22mPayment & Webhook Handlers[2m > [22mPOST /webhooks/stripe - Event Handling[2m > [22mshould handle invoice.payment_failed - cancel after 3 failures
[41m[1m FAIL [22m[49m tests/integration/handlers/payment-handlers.test.js[2m > [22mPayment & Webhook Handlers[2m > [22mPOST /webhooks/stripe - Event Handling[2m > [22mshould ignore unhandled event types
[41m[1m FAIL [22m[49m tests/integration/handlers/payment-handlers.test.js[2m > [22mPayment & Webhook Handlers[2m > [22mPOST /webhooks/stripe - Event Handling[2m > [22mshould handle duplicate webhook deliveries (idempotent)
[41m[1m FAIL [22m[49m tests/integration/handlers/payment-handlers.test.js[2m > [22mPayment & Webhook Handlers[2m > [22mPOST /webhooks/stripe - Event Handling[2m > [22mshould handle webhook for deleted user gracefully
[41m[1m FAIL [22m[49m tests/integration/handlers/payment-handlers.test.js[2m > [22mPayment & Webhook Handlers[2m > [22mPOST /webhooks/stripe - Event Handling[2m > [22mshould handle malformed webhook data gracefully
[41m[1m FAIL [22m[49m tests/integration/handlers/payment-handlers.test.js[2m > [22mPayment & Webhook Handlers[2m > [22mPOST /webhooks/stripe - Event Handling[2m > [22mshould log all webhook events
[41m[1m FAIL [22m[49m tests/integration/handlers/payment-handlers.test.js[2m > [22mPayment & Webhook Handlers[2m > [22mPOST /webhooks/stripe - Event Handling[2m > [22mshould return 200 for all webhooks (even errors)
[41m[1m FAIL [22m[49m tests/integration/handlers/payment-handlers.test.js[2m > [22mPayment & Webhook Handlers[2m > [22mPOST /webhooks/stripe - Event Handling[2m > [22mshould process webhook in under 5 seconds
[31m[1merror[22m: invalid input syntax for type integer: "true"[39m
[90m [2mâ¯[22m node_modules/pg/lib/client.js:[2m545:17[22m[39m
[36m [2mâ¯[22m insertTestRecord tests/test-helpers/database.js:[2m205:18[22m[39m
    [90m203| [39m  `[39m[33m;[39m
    [90m204| [39m
    [90m205| [39m  [35mconst[39m result [33m=[39m [35mawait[39m testDb[33m.[39m[34mquery[39m(query[33m,[39m values)[33m;[39m
    [90m   | [39m                 [31m^[39m
    [90m206| [39m  [35mreturn[39m result[33m.[39mrows[[34m0[39m][33m;[39m
    [90m207| [39m}
[90m [2mâ¯[22m tests/integration/handlers/payment-handlers.test.js:[2m386:7[22m[39m

[31m[2mâŽ¯âŽ¯âŽ¯âŽ¯âŽ¯âŽ¯âŽ¯âŽ¯âŽ¯âŽ¯âŽ¯âŽ¯âŽ¯âŽ¯âŽ¯âŽ¯âŽ¯âŽ¯âŽ¯âŽ¯âŽ¯[50/106]âŽ¯[22m[39m

[41m[1m FAIL [22m[49m tests/integration/handlers/payment-handlers.test.js[2m > [22mPayment & Webhook Handlers[2m > [22mGET /subscription[2m > [22mshould return current subscription details
[41m[1m FAIL [22m[49m tests/integration/handlers/payment-handlers.test.js[2m > [22mPayment & Webhook Handlers[2m > [22mGET /subscription[2m > [22mshould require authentication
[41m[1m FAIL [22m[49m tests/integration/handlers/payment-handlers.test.js[2m > [22mPayment & Webhook Handlers[2m > [22mGET /subscription[2m > [22mshould return free plan for users without subscription
[41m[1m FAIL [22m[49m tests/integration/handlers/payment-handlers.test.js[2m > [22mPayment & Webhook Handlers[2m > [22mGET /subscription[2m > [22mshould include Stripe subscription ID
[41m[1m FAIL [22m[49m tests/integration/handlers/payment-handlers.test.js[2m > [22mPayment & Webhook Handlers[2m > [22mGET /subscription[2m > [22mshould include current period dates
[31m[1merror[22m: invalid input syntax for type integer: "true"[39m
[90m [2mâ¯[22m node_modules/pg/lib/client.js:[2m545:17[22m[39m
[36m [2mâ¯[22m insertTestRecord tests/test-helpers/database.js:[2m205:18[22m[39m
    [90m203| [39m  `[39m[33m;[39m
    [90m204| [39m
    [90m205| [39m  [35mconst[39m result [33m=[39m [35mawait[39m testDb[33m.[39m[34mquery[39m(query[33m,[39m values)[33m;[39m
    [90m   | [39m                 [31m^[39m
    [90m206| [39m  [35mreturn[39m result[33m.[39mrows[[34m0[39m][33m;[39m
    [90m207| [39m}
[90m [2mâ¯[22m tests/integration/handlers/payment-handlers.test.js:[2m800:7[22m[39m

[31m[2mâŽ¯âŽ¯âŽ¯âŽ¯âŽ¯âŽ¯âŽ¯âŽ¯âŽ¯âŽ¯âŽ¯âŽ¯âŽ¯âŽ¯âŽ¯âŽ¯âŽ¯âŽ¯âŽ¯âŽ¯âŽ¯[51/106]âŽ¯[22m[39m

[41m[1m FAIL [22m[49m tests/integration/handlers/payment-handlers.test.js[2m > [22mPayment & Webhook Handlers[2m > [22mGET /payment-history[2m > [22mshould return payment history for user
[41m[1m FAIL [22m[49m tests/integration/handlers/payment-handlers.test.js[2m > [22mPayment & Webhook Handlers[2m > [22mGET /payment-history[2m > [22mshould require authentication
[41m[1m FAIL [22m[49m tests/integration/handlers/payment-handlers.test.js[2m > [22mPayment & Webhook Handlers[2m > [22mGET /payment-history[2m > [22mshould return empty array for no payments
[41m[1m FAIL [22m[49m tests/integration/handlers/payment-handlers.test.js[2m > [22mPayment & Webhook Handlers[2m > [22mGET /payment-history[2m > [22mshould order payments by date (newest first)
[41m[1m FAIL [22m[49m tests/integration/handlers/payment-handlers.test.js[2m > [22mPayment & Webhook Handlers[2m > [22mGET /payment-history[2m > [22mshould not include other users payments
[31m[1merror[22m: invalid input syntax for type integer: "true"[39m
[90m [2mâ¯[22m node_modules/pg/lib/client.js:[2m545:17[22m[39m
[36m [2mâ¯[22m insertTestRecord tests/test-helpers/database.js:[2m205:18[22m[39m
    [90m203| [39m  `[39m[33m;[39m
    [90m204| [39m
    [90m205| [39m  [35mconst[39m result [33m=[39m [35mawait[39m testDb[33m.[39m[34mquery[39m(query[33m,[39m values)[33m;[39m
    [90m   | [39m                 [31m^[39m
    [90m206| [39m  [35mreturn[39m result[33m.[39mrows[[34m0[39m][33m;[39m
    [90m207| [39m}
[90m [2mâ¯[22m tests/integration/handlers/payment-handlers.test.js:[2m895:7[22m[39m

[31m[2mâŽ¯âŽ¯âŽ¯âŽ¯âŽ¯âŽ¯âŽ¯âŽ¯âŽ¯âŽ¯âŽ¯âŽ¯âŽ¯âŽ¯âŽ¯âŽ¯âŽ¯âŽ¯âŽ¯âŽ¯âŽ¯[52/106]âŽ¯[22m[39m

[41m[1m FAIL [22m[49m tests/integration/handlers/payment-handlers.test.js[2m > [22mPayment & Webhook Handlers[2m > [22mUsage Tracking[2m > [22mshould track manuscript analysis usage
[41m[1m FAIL [22m[49m tests/integration/handlers/payment-handlers.test.js[2m > [22mPayment & Webhook Handlers[2m > [22mUsage Tracking[2m > [22mshould track different analysis types
[41m[1m FAIL [22m[49m tests/integration/handlers/payment-handlers.test.js[2m > [22mPayment & Webhook Handlers[2m > [22mUsage Tracking[2m > [22mshould track asset generation separately
[41m[1m FAIL [22m[49m tests/integration/handlers/payment-handlers.test.js[2m > [22mPayment & Webhook Handlers[2m > [22mUsage Tracking[2m > [22mshould calculate usage within billing period
[41m[1m FAIL [22m[49m tests/integration/handlers/payment-handlers.test.js[2m > [22mPayment & Webhook Handlers[2m > [22mUsage Tracking[2m > [22mshould separate usage across different billing periods
[41m[1m FAIL [22m[49m tests/integration/handlers/payment-handlers.test.js[2m > [22mPayment & Webhook Handlers[2m > [22mUsage Tracking[2m > [22mshould track usage for users without subscription (pay-per-use)
[41m[1m FAIL [22m[49m tests/integration/handlers/payment-handlers.test.js[2m > [22mPayment & Webhook Handlers[2m > [22mUsage Tracking[2m > [22mshould link usage to specific manuscript
[41m[1m FAIL [22m[49m tests/integration/handlers/payment-handlers.test.js[2m > [22mPayment & Webhook Handlers[2m > [22mUsage Tracking[2m > [22mshould accumulate credits across multiple analyses
[41m[1m FAIL [22m[49m tests/integration/handlers/payment-handlers.test.js[2m > [22mPayment & Webhook Handlers[2m > [22mUsage Tracking[2m > [22mshould track timestamp for usage analytics
[41m[1m FAIL [22m[49m tests/integration/handlers/payment-handlers.test.js[2m > [22mPayment & Webhook Handlers[2m > [22mUsage Tracking[2m > [22mshould delete usage records when manuscript is deleted (CASCADE)
[31m[1merror[22m: invalid input syntax for type integer: "true"[39m
[90m [2mâ¯[22m node_modules/pg/lib/client.js:[2m545:17[22m[39m
[36m [2mâ¯[22m insertTestRecord tests/test-helpers/database.js:[2m205:18[22m[39m
    [90m203| [39m  `[39m[33m;[39m
    [90m204| [39m
    [90m205| [39m  [35mconst[39m result [33m=[39m [35mawait[39m testDb[33m.[39m[34mquery[39m(query[33m,[39m values)[33m;[39m
    [90m   | [39m                 [31m^[39m
    [90m206| [39m  [35mreturn[39m result[33m.[39mrows[[34m0[39m][33m;[39m
    [90m207| [39m}
[90m [2mâ¯[22m tests/integration/handlers/payment-handlers.test.js:[2m1018:7[22m[39m

[31m[2mâŽ¯âŽ¯âŽ¯âŽ¯âŽ¯âŽ¯âŽ¯âŽ¯âŽ¯âŽ¯âŽ¯âŽ¯âŽ¯âŽ¯âŽ¯âŽ¯âŽ¯âŽ¯âŽ¯âŽ¯âŽ¯[53/106]âŽ¯[22m[39m


[2m Test Files [22m [1m[31m4 failed[39m[22m[2m | [22m[1m[32m6 passed[39m[22m[90m (10)[39m
[2m      Tests [22m [1m[31m106 failed[39m[22m[2m | [22m[1m[32m172 passed[39m[22m[90m (278)[39m
[2m   Start at [22m 16:54:17
[2m   Duration [22m 707.05s[2m (transform 642ms, setup 680ms, collect 7.34s, tests 695.37s, environment 2ms, prepare 1.41s)[22m

