
> manuscript-upload-api@1.0.0 test
> cross-env NODE_ENV=test TEST_DATABASE_URL=postgresql://postgres:Bjoran32!@127.0.0.1:5432/manuscript_platform_test vitest run tests/integration/handlers/auth-handlers.test.js


[1m[46m RUN [49m[22m [36mv3.2.4 [39m[90mD:/manuscript-platform[39m

[90mstdout[2m | tests/integration/handlers/auth-handlers.test.js
[22m[39m[dotenv@17.2.3] injecting env (0) from .env.local -- tip: ‚öôÔ∏è  load multiple .env files with { path: ['.env.local', '.env'] }

[90mstdout[2m | tests/integration/handlers/auth-handlers.test.js
[22m[39m
üß™ Setting up test environment...

[90mstdout[2m | tests/integration/handlers/auth-handlers.test.js
[22m[39m‚úì Test database connected

[90mstdout[2m | tests/integration/handlers/auth-handlers.test.js
[22m[39m  Applying base schema...

[90mstdout[2m | tests/integration/handlers/auth-handlers.test.js
[22m[39m  ‚úì Schema and migrations applied

[90mstdout[2m | tests/integration/handlers/auth-handlers.test.js
[22m[39m‚úì Migrations applied
‚úì Database adapter created (D1-compatible interface)

[90mstdout[2m | tests/integration/handlers/auth-handlers.test.js
[22m[39m‚úì Test database initialized
Initializing adapters...
‚úì Database adapter initialized
‚úì Storage adapter initialized
‚ö† Running in test mode without Redis - using in-memory session store

[90mstdout[2m | tests/integration/handlers/auth-handlers.test.js
[22m[39m‚úì Session store initialized
‚úì Cache adapter initialized
‚úì Queue service initialized
‚úì Environment initialized
‚úì Session middleware applied
[VirusScanner] Initializing ClamAV at localhost:3310...

[90mstdout[2m | tests/integration/handlers/auth-handlers.test.js
[22m[39m‚úì Server adapters initialized
‚úì Test environment ready


[90mstderr[2m | tests/integration/handlers/auth-handlers.test.js[2m > [22m[2mPOST /auth/register[2m > [22m[2mshould register a new user with valid credentials
[22m[39m[VirusScanner] Failed to initialize: 

[90mstderr[2m | tests/integration/handlers/auth-handlers.test.js[2m > [22m[2mPOST /auth/register[2m > [22m[2mshould register a new user with valid credentials
[22m[39m‚ö† Virus scanner initialization failed (uploads will continue without scanning)

[90mstdout[2m | tests/integration/handlers/auth-handlers.test.js[2m > [22m[2mPOST /auth/register[2m > [22m[2mshould register a new user with valid credentials
[22m[39m[Payment] Free subscription created for user b65d389a-4e60-4dc9-9e92-2326762e01a0

[90mstderr[2m | tests/integration/handlers/auth-handlers.test.js[2m > [22m[2mPOST /auth/register[2m > [22m[2mshould register a new user with valid credentials
[22m[39m[Email] RESEND_API_KEY not configured

[90mstdout[2m | tests/integration/handlers/auth-handlers.test.js[2m > [22m[2mPOST /auth/register[2m > [22m[2mshould register a new user with valid credentials
[22m[39mVerification email sent to: newuser@example.com

[90mstdout[2m | tests/integration/handlers/auth-handlers.test.js[2m > [22m[2mPOST /auth/register[2m > [22m[2mshould hash password with bcrypt
[22m[39m[Payment] Free subscription created for user 834bfa43-2d16-4678-93b3-a6371ed6f6b3

[90mstderr[2m | tests/integration/handlers/auth-handlers.test.js[2m > [22m[2mPOST /auth/register[2m > [22m[2mshould hash password with bcrypt
[22m[39m[Email] RESEND_API_KEY not configured

[90mstdout[2m | tests/integration/handlers/auth-handlers.test.js[2m > [22m[2mPOST /auth/register[2m > [22m[2mshould hash password with bcrypt
[22m[39mVerification email sent to: bcrypt-test@example.com

[90mstdout[2m | tests/integration/handlers/auth-handlers.test.js[2m > [22m[2mPOST /auth/register[2m > [22m[2mshould normalize email to lowercase
[22m[39m[Payment] Free subscription created for user b650a121-31bc-46cb-9b8f-7f9784b086fe

[90mstderr[2m | tests/integration/handlers/auth-handlers.test.js[2m > [22m[2mPOST /auth/register[2m > [22m[2mshould normalize email to lowercase
[22m[39m[Email] RESEND_API_KEY not configured

[90mstdout[2m | tests/integration/handlers/auth-handlers.test.js[2m > [22m[2mPOST /auth/register[2m > [22m[2mshould normalize email to lowercase
[22m[39mVerification email sent to: casesensitive@example.com

[90mstdout[2m | tests/integration/handlers/auth-handlers.test.js[2m > [22m[2mPOST /auth/register[2m > [22m[2mshould create verification token
[22m[39m[Payment] Free subscription created for user b3345bd1-84af-4717-b5ef-19427c00bb08

[90mstderr[2m | tests/integration/handlers/auth-handlers.test.js[2m > [22m[2mPOST /auth/register[2m > [22m[2mshould create verification token
[22m[39m[Email] RESEND_API_KEY not configured

[90mstdout[2m | tests/integration/handlers/auth-handlers.test.js[2m > [22m[2mPOST /auth/register[2m > [22m[2mshould create verification token
[22m[39mVerification email sent to: verify-test@example.com

[90mstdout[2m | tests/integration/handlers/auth-handlers.test.js[2m > [22m[2mPOST /auth/register[2m > [22m[2mshould send verification email
[22m[39m[Payment] Free subscription created for user 342d83b7-bade-4bc1-97c5-c6f45f724d9a

[90mstderr[2m | tests/integration/handlers/auth-handlers.test.js[2m > [22m[2mPOST /auth/register[2m > [22m[2mshould send verification email
[22m[39m[Email] RESEND_API_KEY not configured

[90mstdout[2m | tests/integration/handlers/auth-handlers.test.js[2m > [22m[2mPOST /auth/register[2m > [22m[2mshould send verification email
[22m[39mVerification email sent to: email-test@example.com

[90mstdout[2m | tests/integration/handlers/auth-handlers.test.js[2m > [22m[2mPOST /auth/register[2m > [22m[2mshould log registration event in audit log
[22m[39m[Payment] Free subscription created for user 83fd5867-b682-403d-b4ed-9e20091842cc

[90mstderr[2m | tests/integration/handlers/auth-handlers.test.js[2m > [22m[2mPOST /auth/register[2m > [22m[2mshould log registration event in audit log
[22m[39m[Email] RESEND_API_KEY not configured

[90mstdout[2m | tests/integration/handlers/auth-handlers.test.js[2m > [22m[2mPOST /auth/register[2m > [22m[2mshould log registration event in audit log
[22m[39mVerification email sent to: audit-test@example.com

[90mstdout[2m | tests/integration/handlers/auth-handlers.test.js[2m > [22m[2mPOST /auth/register[2m > [22m[2mshould set default role to author if not specified
[22m[39m[Payment] Free subscription created for user 2883f403-e897-4de2-b6d7-b26771d1037e

[90mstderr[2m | tests/integration/handlers/auth-handlers.test.js[2m > [22m[2mPOST /auth/register[2m > [22m[2mshould set default role to author if not specified
[22m[39m[Email] RESEND_API_KEY not configured

[90mstdout[2m | tests/integration/handlers/auth-handlers.test.js[2m > [22m[2mPOST /auth/register[2m > [22m[2mshould set default role to author if not specified
[22m[39mVerification email sent to: default-role@example.com

[90mstdout[2m | tests/integration/handlers/auth-handlers.test.js[2m > [22m[2mPOST /auth/login[2m > [22m[2mshould reject login with wrong password
[22m[39m[Audit] Skipping audit log for login_failed - no valid user_id

[90mstdout[2m | tests/integration/handlers/auth-handlers.test.js[2m > [22m[2mPOST /auth/login[2m > [22m[2mshould reject login with non-existent email
[22m[39m[Audit] Skipping audit log for login_failed - no valid user_id

[90mstdout[2m | tests/integration/handlers/auth-handlers.test.js[2m > [22m[2mPOST /auth/login[2m > [22m[2mshould rate limit after 5 failed attempts
[22m[39m[Audit] Skipping audit log for login_failed - no valid user_id

[90mstdout[2m | tests/integration/handlers/auth-handlers.test.js[2m > [22m[2mPOST /auth/login[2m > [22m[2mshould rate limit after 5 failed attempts
[22m[39m[Audit] Skipping audit log for login_failed - no valid user_id

[90mstdout[2m | tests/integration/handlers/auth-handlers.test.js[2m > [22m[2mPOST /auth/login[2m > [22m[2mshould rate limit after 5 failed attempts
[22m[39m[Audit] Skipping audit log for login_failed - no valid user_id

[90mstdout[2m | tests/integration/handlers/auth-handlers.test.js[2m > [22m[2mPOST /auth/login[2m > [22m[2mshould rate limit after 5 failed attempts
[22m[39m[Audit] Skipping audit log for login_failed - no valid user_id

[90mstdout[2m | tests/integration/handlers/auth-handlers.test.js[2m > [22m[2mPOST /auth/login[2m > [22m[2mshould rate limit after 5 failed attempts
[22m[39m[Audit] Skipping audit log for login_failed - no valid user_id

[90mstdout[2m | tests/integration/handlers/auth-handlers.test.js[2m > [22m[2mPOST /auth/login[2m > [22m[2mshould log failed login attempts
[22m[39m[Audit] Skipping audit log for login_failed - no valid user_id

[90mstderr[2m | tests/integration/handlers/auth-handlers.test.js[2m > [22m[2mPOST /auth/verify-email[2m > [22m[2mshould verify email with valid token
[22m[39mCache delete many error: TypeError: Cannot read properties of undefined (reading 'delete')
    at [90mD:\manuscript-platform\[39msrc\utils\db-cache.js:109:49
    at Array.map (<anonymous>)
    at CacheManager.deleteMany [90m(D:\manuscript-platform\[39msrc\utils\db-cache.js:109:30[90m)[39m
    at UserCache.invalidate [90m(D:\manuscript-platform\[39msrc\utils\db-cache.js:185:22[90m)[39m
    at Module.handleVerifyEmail [90m(D:\manuscript-platform\[39msrc\handlers\auth-handlers.js:452:22[90m)[39m
[90m    at processTicksAndRejections (node:internal/process/task_queues:105:5)[39m
    at [90mD:\manuscript-platform\[39mtests\integration\handlers\auth-handlers.test.js:519:22
    at [90mfile:///D:/manuscript-platform/[39mnode_modules/[4m@vitest/runner[24m/dist/chunk-hooks.js:752:20

[90mstdout[2m | tests/integration/handlers/auth-handlers.test.js[2m > [22m[2mPOST /auth/verify-email[2m > [22m[2mshould verify email with valid token
[22m[39mCache INVALIDATED: user 6ef78aebf1532ca5053593e1839c142f

[90mstderr[2m | tests/integration/handlers/auth-handlers.test.js[2m > [22m[2mPOST /auth/verify-email[2m > [22m[2mshould log email verification event
[22m[39mCache delete many error: TypeError: Cannot read properties of undefined (reading 'delete')
    at [90mD:\manuscript-platform\[39msrc\utils\db-cache.js:109:49
    at Array.map (<anonymous>)
    at CacheManager.deleteMany [90m(D:\manuscript-platform\[39msrc\utils\db-cache.js:109:30[90m)[39m
    at UserCache.invalidate [90m(D:\manuscript-platform\[39msrc\utils\db-cache.js:185:22[90m)[39m
    at Module.handleVerifyEmail [90m(D:\manuscript-platform\[39msrc\handlers\auth-handlers.js:452:22[90m)[39m
[90m    at processTicksAndRejections (node:internal/process/task_queues:105:5)[39m
    at [90mD:\manuscript-platform\[39mtests\integration\handlers\auth-handlers.test.js:618:5
    at [90mfile:///D:/manuscript-platform/[39mnode_modules/[4m@vitest/runner[24m/dist/chunk-hooks.js:752:20

[90mstdout[2m | tests/integration/handlers/auth-handlers.test.js[2m > [22m[2mPOST /auth/verify-email[2m > [22m[2mshould log email verification event
[22m[39mCache INVALIDATED: user 1549331bdf14cb8d1c20a8fd97e9260c

[90mstderr[2m | tests/integration/handlers/auth-handlers.test.js[2m > [22m[2mPOST /auth/request-password-reset[2m > [22m[2mshould create password reset token for valid email
[22m[39mFailed to send password reset email: Error: Failed to send email: <html>
<head><title>401 Authorization Required</title></head>
<body>
<center><h1>401 Authorization Required</h1></center>
<hr><center>nginx/1.27.1</center>
</body>
</html>

    at sendPasswordResetEmail [90m(D:\manuscript-platform\[39msrc\handlers\auth-handlers.js:792:11[90m)[39m
[90m    at processTicksAndRejections (node:internal/process/task_queues:105:5)[39m
    at Module.handlePasswordResetRequest [90m(D:\manuscript-platform\[39msrc\handlers\auth-handlers.js:522:7[90m)[39m
    at [90mD:\manuscript-platform\[39mtests\integration\handlers\auth-handlers.test.js:653:22
    at [90mfile:///D:/manuscript-platform/[39mnode_modules/[4m@vitest/runner[24m/dist/chunk-hooks.js:752:20

[90mstderr[2m | tests/integration/handlers/auth-handlers.test.js[2m > [22m[2mPOST /auth/request-password-reset[2m > [22m[2mshould send password reset email
[22m[39mFailed to send password reset email: Error: Failed to send email: <html>
<head><title>401 Authorization Required</title></head>
<body>
<center><h1>401 Authorization Required</h1></center>
<hr><center>nginx/1.27.1</center>
</body>
</html>

    at sendPasswordResetEmail [90m(D:\manuscript-platform\[39msrc\handlers\auth-handlers.js:792:11[90m)[39m
[90m    at processTicksAndRejections (node:internal/process/task_queues:105:5)[39m
    at Module.handlePasswordResetRequest [90m(D:\manuscript-platform\[39msrc\handlers\auth-handlers.js:522:7[90m)[39m
    at [90mD:\manuscript-platform\[39mtests\integration\handlers\auth-handlers.test.js:677:5
    at [90mfile:///D:/manuscript-platform/[39mnode_modules/[4m@vitest/runner[24m/dist/chunk-hooks.js:752:20

[90mstderr[2m | tests/integration/handlers/auth-handlers.test.js[2m > [22m[2mPOST /auth/request-password-reset[2m > [22m[2mshould rate limit password reset requests
[22m[39mFailed to send password reset email: Error: Failed to send email: <html>
<head><title>401 Authorization Required</title></head>
<body>
<center><h1>401 Authorization Required</h1></center>
<hr><center>nginx/1.27.1</center>
</body>
</html>

    at sendPasswordResetEmail [90m(D:\manuscript-platform\[39msrc\handlers\auth-handlers.js:792:11[90m)[39m
[90m    at processTicksAndRejections (node:internal/process/task_queues:105:5)[39m
    at Module.handlePasswordResetRequest [90m(D:\manuscript-platform\[39msrc\handlers\auth-handlers.js:522:7[90m)[39m
    at [90mD:\manuscript-platform\[39mtests\integration\handlers\auth-handlers.test.js:718:7
    at [90mfile:///D:/manuscript-platform/[39mnode_modules/[4m@vitest/runner[24m/dist/chunk-hooks.js:752:20

[90mstderr[2m | tests/integration/handlers/auth-handlers.test.js[2m > [22m[2mPOST /auth/request-password-reset[2m > [22m[2mshould rate limit password reset requests
[22m[39mFailed to send password reset email: Error: Failed to send email: <html>
<head><title>401 Authorization Required</title></head>
<body>
<center><h1>401 Authorization Required</h1></center>
<hr><center>nginx/1.27.1</center>
</body>
</html>

    at sendPasswordResetEmail [90m(D:\manuscript-platform\[39msrc\handlers\auth-handlers.js:792:11[90m)[39m
[90m    at processTicksAndRejections (node:internal/process/task_queues:105:5)[39m
    at Module.handlePasswordResetRequest [90m(D:\manuscript-platform\[39msrc\handlers\auth-handlers.js:522:7[90m)[39m
    at [90mD:\manuscript-platform\[39mtests\integration\handlers\auth-handlers.test.js:718:7
    at [90mfile:///D:/manuscript-platform/[39mnode_modules/[4m@vitest/runner[24m/dist/chunk-hooks.js:752:20

[90mstderr[2m | tests/integration/handlers/auth-handlers.test.js[2m > [22m[2mPOST /auth/request-password-reset[2m > [22m[2mshould rate limit password reset requests
[22m[39mFailed to send password reset email: Error: Failed to send email: <html>
<head><title>401 Authorization Required</title></head>
<body>
<center><h1>401 Authorization Required</h1></center>
<hr><center>nginx/1.27.1</center>
</body>
</html>

    at sendPasswordResetEmail [90m(D:\manuscript-platform\[39msrc\handlers\auth-handlers.js:792:11[90m)[39m
[90m    at processTicksAndRejections (node:internal/process/task_queues:105:5)[39m
    at Module.handlePasswordResetRequest [90m(D:\manuscript-platform\[39msrc\handlers\auth-handlers.js:522:7[90m)[39m
    at [90mD:\manuscript-platform\[39mtests\integration\handlers\auth-handlers.test.js:718:7
    at [90mfile:///D:/manuscript-platform/[39mnode_modules/[4m@vitest/runner[24m/dist/chunk-hooks.js:752:20

[90mstderr[2m | tests/integration/handlers/auth-handlers.test.js[2m > [22m[2mPOST /auth/request-password-reset[2m > [22m[2mshould rate limit password reset requests
[22m[39mFailed to send password reset email: Error: Failed to send email: <html>
<head><title>401 Authorization Required</title></head>
<body>
<center><h1>401 Authorization Required</h1></center>
<hr><center>nginx/1.27.1</center>
</body>
</html>

    at sendPasswordResetEmail [90m(D:\manuscript-platform\[39msrc\handlers\auth-handlers.js:792:11[90m)[39m
[90m    at processTicksAndRejections (node:internal/process/task_queues:105:5)[39m
    at Module.handlePasswordResetRequest [90m(D:\manuscript-platform\[39msrc\handlers\auth-handlers.js:522:7[90m)[39m
    at [90mD:\manuscript-platform\[39mtests\integration\handlers\auth-handlers.test.js:729:22
    at [90mfile:///D:/manuscript-platform/[39mnode_modules/[4m@vitest/runner[24m/dist/chunk-hooks.js:752:20

[90mstderr[2m | tests/integration/handlers/auth-handlers.test.js[2m > [22m[2mPOST /auth/request-password-reset[2m > [22m[2mshould normalize email to lowercase
[22m[39mFailed to send password reset email: Error: Failed to send email: <html>
<head><title>401 Authorization Required</title></head>
<body>
<center><h1>401 Authorization Required</h1></center>
<hr><center>nginx/1.27.1</center>
</body>
</html>

    at sendPasswordResetEmail [90m(D:\manuscript-platform\[39msrc\handlers\auth-handlers.js:792:11[90m)[39m
[90m    at processTicksAndRejections (node:internal/process/task_queues:105:5)[39m
    at Module.handlePasswordResetRequest [90m(D:\manuscript-platform\[39msrc\handlers\auth-handlers.js:522:7[90m)[39m
    at [90mD:\manuscript-platform\[39mtests\integration\handlers\auth-handlers.test.js:752:22
    at [90mfile:///D:/manuscript-platform/[39mnode_modules/[4m@vitest/runner[24m/dist/chunk-hooks.js:752:20

[90mstderr[2m | tests/integration/handlers/auth-handlers.test.js[2m > [22m[2mPOST /auth/request-password-reset[2m > [22m[2mshould log password reset request
[22m[39mFailed to send password reset email: Error: Failed to send email: <html>
<head><title>401 Authorization Required</title></head>
<body>
<center><h1>401 Authorization Required</h1></center>
<hr><center>nginx/1.27.1</center>
</body>
</html>

    at sendPasswordResetEmail [90m(D:\manuscript-platform\[39msrc\handlers\auth-handlers.js:792:11[90m)[39m
[90m    at processTicksAndRejections (node:internal/process/task_queues:105:5)[39m
    at Module.handlePasswordResetRequest [90m(D:\manuscript-platform\[39msrc\handlers\auth-handlers.js:522:7[90m)[39m
    at [90mD:\manuscript-platform\[39mtests\integration\handlers\auth-handlers.test.js:799:5
    at [90mfile:///D:/manuscript-platform/[39mnode_modules/[4m@vitest/runner[24m/dist/chunk-hooks.js:752:20

[90mstderr[2m | tests/integration/handlers/auth-handlers.test.js[2m > [22m[2mGET /auth/me[2m > [22m[2mshould return current user with valid session
[22m[39mCache get error for key user:53947f987d011b2411f069c2860ef2c6: TypeError: Cannot read properties of undefined (reading 'get')
    at CacheManager.get [90m(D:\manuscript-platform\[39msrc\utils\db-cache.js:62:35[90m)[39m
    at CacheManager.getOrFetch [90m(D:\manuscript-platform\[39msrc\utils\db-cache.js:124:31[90m)[39m
    at UserCache.getProfile [90m(D:\manuscript-platform\[39msrc\utils\db-cache.js:153:23[90m)[39m
    at Module.handleGetMe [90m(D:\manuscript-platform\[39msrc\handlers\auth-handlers.js:385:35[90m)[39m
[90m    at processTicksAndRejections (node:internal/process/task_queues:105:5)[39m
    at [90mD:\manuscript-platform\[39mtests\integration\handlers\auth-handlers.test.js:1109:22
    at [90mfile:///D:/manuscript-platform/[39mnode_modules/[4m@vitest/runner[24m/dist/chunk-hooks.js:752:20

[90mstderr[2m | tests/integration/handlers/auth-handlers.test.js[2m > [22m[2mGET /auth/me[2m > [22m[2mshould return current user with valid session
[22m[39mCache set error for key user:53947f987d011b2411f069c2860ef2c6: TypeError: Cannot read properties of undefined (reading 'put')
    at CacheManager.set [90m(D:\manuscript-platform\[39msrc\utils\db-cache.js:79:21[90m)[39m
    at CacheManager.getOrFetch [90m(D:\manuscript-platform\[39msrc\utils\db-cache.js:134:18[90m)[39m
[90m    at processTicksAndRejections (node:internal/process/task_queues:105:5)[39m
    at Module.handleGetMe [90m(D:\manuscript-platform\[39msrc\handlers\auth-handlers.js:385:18[90m)[39m
    at [90mD:\manuscript-platform\[39mtests\integration\handlers\auth-handlers.test.js:1109:22
    at [90mfile:///D:/manuscript-platform/[39mnode_modules/[4m@vitest/runner[24m/dist/chunk-hooks.js:752:20

[90mstderr[2m | tests/integration/handlers/auth-handlers.test.js[2m > [22m[2mGET /auth/me[2m > [22m[2mshould not return password hash
[22m[39mCache get error for key user:923e48140f779b06a0acd6846a1aee97: TypeError: Cannot read properties of undefined (reading 'get')
    at CacheManager.get [90m(D:\manuscript-platform\[39msrc\utils\db-cache.js:62:35[90m)[39m
    at CacheManager.getOrFetch [90m(D:\manuscript-platform\[39msrc\utils\db-cache.js:124:31[90m)[39m
    at UserCache.getProfile [90m(D:\manuscript-platform\[39msrc\utils\db-cache.js:153:23[90m)[39m
    at Module.handleGetMe [90m(D:\manuscript-platform\[39msrc\handlers\auth-handlers.js:385:35[90m)[39m
[90m    at processTicksAndRejections (node:internal/process/task_queues:105:5)[39m
    at [90mD:\manuscript-platform\[39mtests\integration\handlers\auth-handlers.test.js:1126:22
    at [90mfile:///D:/manuscript-platform/[39mnode_modules/[4m@vitest/runner[24m/dist/chunk-hooks.js:752:20

[90mstderr[2m | tests/integration/handlers/auth-handlers.test.js[2m > [22m[2mGET /auth/me[2m > [22m[2mshould not return password hash
[22m[39mCache set error for key user:923e48140f779b06a0acd6846a1aee97: TypeError: Cannot read properties of undefined (reading 'put')
    at CacheManager.set [90m(D:\manuscript-platform\[39msrc\utils\db-cache.js:79:21[90m)[39m
    at CacheManager.getOrFetch [90m(D:\manuscript-platform\[39msrc\utils\db-cache.js:134:18[90m)[39m
[90m    at processTicksAndRejections (node:internal/process/task_queues:105:5)[39m
    at Module.handleGetMe [90m(D:\manuscript-platform\[39msrc\handlers\auth-handlers.js:385:18[90m)[39m
    at [90mD:\manuscript-platform\[39mtests\integration\handlers\auth-handlers.test.js:1126:22
    at [90mfile:///D:/manuscript-platform/[39mnode_modules/[4m@vitest/runner[24m/dist/chunk-hooks.js:752:20

[90mstderr[2m | tests/integration/handlers/auth-handlers.test.js[2m > [22m[2mGET /auth/me[2m > [22m[2mshould return email verification status
[22m[39mCache get error for key user:9f2d6033ee51b2d412fffeb629c599d4: TypeError: Cannot read properties of undefined (reading 'get')
    at CacheManager.get [90m(D:\manuscript-platform\[39msrc\utils\db-cache.js:62:35[90m)[39m
    at CacheManager.getOrFetch [90m(D:\manuscript-platform\[39msrc\utils\db-cache.js:124:31[90m)[39m
    at UserCache.getProfile [90m(D:\manuscript-platform\[39msrc\utils\db-cache.js:153:23[90m)[39m
    at Module.handleGetMe [90m(D:\manuscript-platform\[39msrc\handlers\auth-handlers.js:385:35[90m)[39m
[90m    at processTicksAndRejections (node:internal/process/task_queues:105:5)[39m
    at [90mD:\manuscript-platform\[39mtests\integration\handlers\auth-handlers.test.js:1168:22
    at [90mfile:///D:/manuscript-platform/[39mnode_modules/[4m@vitest/runner[24m/dist/chunk-hooks.js:752:20

[90mstderr[2m | tests/integration/handlers/auth-handlers.test.js[2m > [22m[2mGET /auth/me[2m > [22m[2mshould return email verification status
[22m[39mCache set error for key user:9f2d6033ee51b2d412fffeb629c599d4: TypeError: Cannot read properties of undefined (reading 'put')
    at CacheManager.set [90m(D:\manuscript-platform\[39msrc\utils\db-cache.js:79:21[90m)[39m
    at CacheManager.getOrFetch [90m(D:\manuscript-platform\[39msrc\utils\db-cache.js:134:18[90m)[39m
[90m    at processTicksAndRejections (node:internal/process/task_queues:105:5)[39m
    at Module.handleGetMe [90m(D:\manuscript-platform\[39msrc\handlers\auth-handlers.js:385:18[90m)[39m
    at [90mD:\manuscript-platform\[39mtests\integration\handlers\auth-handlers.test.js:1168:22
    at [90mfile:///D:/manuscript-platform/[39mnode_modules/[4m@vitest/runner[24m/dist/chunk-hooks.js:752:20

[90mstderr[2m | tests/integration/handlers/auth-handlers.test.js[2m > [22m[2mPOST /auth/resend-verification[2m > [22m[2mshould resend verification email for unverified user
[22m[39m[Email] RESEND_API_KEY not configured

[90mstdout[2m | tests/integration/handlers/auth-handlers.test.js[2m > [22m[2mPOST /auth/resend-verification[2m > [22m[2mshould resend verification email for unverified user
[22m[39mVerification email resent to: resend@example.com

[90mstderr[2m | tests/integration/handlers/auth-handlers.test.js[2m > [22m[2mPOST /auth/resend-verification[2m > [22m[2mshould rate limit resend requests
[22m[39m[Email] RESEND_API_KEY not configured

[90mstdout[2m | tests/integration/handlers/auth-handlers.test.js[2m > [22m[2mPOST /auth/resend-verification[2m > [22m[2mshould rate limit resend requests
[22m[39mVerification email resent to: resend@example.com

[90mstderr[2m | tests/integration/handlers/auth-handlers.test.js[2m > [22m[2mPOST /auth/resend-verification[2m > [22m[2mshould rate limit resend requests
[22m[39m[Email] RESEND_API_KEY not configured

[90mstdout[2m | tests/integration/handlers/auth-handlers.test.js[2m > [22m[2mPOST /auth/resend-verification[2m > [22m[2mshould rate limit resend requests
[22m[39mVerification email resent to: resend@example.com

[90mstderr[2m | tests/integration/handlers/auth-handlers.test.js[2m > [22m[2mPOST /auth/resend-verification[2m > [22m[2mshould rate limit resend requests
[22m[39m[Email] RESEND_API_KEY not configured

[90mstdout[2m | tests/integration/handlers/auth-handlers.test.js[2m > [22m[2mPOST /auth/resend-verification[2m > [22m[2mshould rate limit resend requests
[22m[39mVerification email resent to: resend@example.com

[90mstderr[2m | tests/integration/handlers/auth-handlers.test.js[2m > [22m[2mPOST /auth/resend-verification[2m > [22m[2mshould rate limit resend requests
[22m[39m[Email] RESEND_API_KEY not configured

[90mstdout[2m | tests/integration/handlers/auth-handlers.test.js[2m > [22m[2mPOST /auth/resend-verification[2m > [22m[2mshould rate limit resend requests
[22m[39mVerification email resent to: resend@example.com

[90mstdout[2m | tests/integration/handlers/auth-handlers.test.js
[22m[39m
üßπ Tearing down test environment...

[90mstdout[2m | tests/integration/handlers/auth-handlers.test.js
[22m[39m‚úì Test database cleaned

[90mstdout[2m | tests/integration/handlers/auth-handlers.test.js
[22m[39m‚úì Database adapter closed

[90mstdout[2m | tests/integration/handlers/auth-handlers.test.js
[22m[39m‚úì Test database disconnected

[90mstdout[2m | tests/integration/handlers/auth-handlers.test.js
[22m[39m‚úì Test database cleaned up
‚úì Test environment cleaned up


 [31m‚ùØ[39m tests/integration/handlers/auth-handlers.test.js [2m([22m[2m53 tests[22m[2m | [22m[31m10 failed[39m[2m)[22m[33m 106158[2mms[22m[39m
   [33m[2m‚úì[22m[39m POST /auth/register[2m > [22mshould register a new user with valid credentials [33m 1677[2mms[22m[39m
   [33m[2m‚úì[22m[39m POST /auth/register[2m > [22mshould reject registration with weak password [33m 1715[2mms[22m[39m
   [33m[2m‚úì[22m[39m POST /auth/register[2m > [22mshould reject registration with invalid email [33m 1457[2mms[22m[39m
   [33m[2m‚úì[22m[39m POST /auth/register[2m > [22mshould reject registration with duplicate email [33m 1744[2mms[22m[39m
   [33m[2m‚úì[22m[39m POST /auth/register[2m > [22mshould hash password with bcrypt [33m 2468[2mms[22m[39m
   [33m[2m‚úì[22m[39m POST /auth/register[2m > [22mshould normalize email to lowercase [33m 2285[2mms[22m[39m
   [33m[2m‚úì[22m[39m POST /auth/register[2m > [22mshould create verification token [33m 1450[2mms[22m[39m
[31m   [31m√ó[31m POST /auth/register[2m > [22mshould send verification email[39m[33m 2400[2mms[22m[39m
[31m     ‚Üí expected "spy" to be called with arguments: [ ObjectContaining{‚Ä¶}, Any<Object> ][90m

Number of calls: [1m0[22m
[31m[39m
   [33m[2m‚úì[22m[39m POST /auth/register[2m > [22mshould log registration event in audit log [33m 1696[2mms[22m[39m
   [33m[2m‚úì[22m[39m POST /auth/register[2m > [22mshould set default role to author if not specified [33m 3643[2mms[22m[39m
   [33m[2m‚úì[22m[39m POST /auth/login[2m > [22mshould login with valid credentials [33m 1517[2mms[22m[39m
   [33m[2m‚úì[22m[39m POST /auth/login[2m > [22mshould reject login with wrong password [33m 1472[2mms[22m[39m
   [33m[2m‚úì[22m[39m POST /auth/login[2m > [22mshould reject login with non-existent email [33m 1826[2mms[22m[39m
   [33m[2m‚úì[22m[39m POST /auth/login[2m > [22mshould reject login with unverified email [33m 2105[2mms[22m[39m
   [33m[2m‚úì[22m[39m POST /auth/login[2m > [22mshould rate limit after 5 failed attempts [33m 1719[2mms[22m[39m
[31m   [31m√ó[31m POST /auth/login[2m > [22mshould update last_login timestamp[39m[33m 2260[2mms[22m[39m
[31m     ‚Üí expected false to be true // Object.is equality[39m
[31m   [31m√ó[31m POST /auth/login[2m > [22mshould create session in Redis[39m[33m 2259[2mms[22m[39m
[31m     ‚Üí expected undefined to be 'login-test@example.com' // Object.is equality[39m
   [33m[2m‚úì[22m[39m POST /auth/login[2m > [22mshould log successful login [33m 1472[2mms[22m[39m
[31m   [31m√ó[31m POST /auth/login[2m > [22mshould log failed login attempts[39m[33m 2007[2mms[22m[39m
[31m     ‚Üí expected 0 to be greater than 0[39m
[31m   [31m√ó[31m POST /auth/verify-email[2m > [22mshould verify email with valid token[39m[33m 1624[2mms[22m[39m
[31m     ‚Üí expected 1 to be true // Object.is equality[39m
   [33m[2m‚úì[22m[39m POST /auth/verify-email[2m > [22mshould reject invalid token [33m 1451[2mms[22m[39m
   [33m[2m‚úì[22m[39m POST /auth/verify-email[2m > [22mshould reject expired token [33m 2182[2mms[22m[39m
   [33m[2m‚úì[22m[39m POST /auth/verify-email[2m > [22mshould reject already used token [33m 2313[2mms[22m[39m
   [33m[2m‚úì[22m[39m POST /auth/verify-email[2m > [22mshould handle missing token [33m 1667[2mms[22m[39m
   [33m[2m‚úì[22m[39m POST /auth/verify-email[2m > [22mshould log email verification event [33m 2045[2mms[22m[39m
   [33m[2m‚úì[22m[39m POST /auth/request-password-reset[2m > [22mshould create password reset token for valid email [33m 1805[2mms[22m[39m
[31m   [31m√ó[31m POST /auth/request-password-reset[2m > [22mshould send password reset email[39m[33m 1562[2mms[22m[39m
[31m     ‚Üí expected "spy" to be called with arguments: [ ObjectContaining{‚Ä¶}, Any<Object> ][90m

Number of calls: [1m0[22m
[31m[39m
   [33m[2m‚úì[22m[39m POST /auth/request-password-reset[2m > [22mshould not reveal if email does not exist (security) [33m 1761[2mms[22m[39m
[31m   [31m√ó[31m POST /auth/request-password-reset[2m > [22mshould rate limit password reset requests[39m[33m 2767[2mms[22m[39m
[31m     ‚Üí expected 200 to be 429 // Object.is equality[39m
   [33m[2m‚úì[22m[39m POST /auth/request-password-reset[2m > [22mshould normalize email to lowercase [33m 1580[2mms[22m[39m
   [33m[2m‚úì[22m[39m POST /auth/request-password-reset[2m > [22mshould reject invalid email format [33m 2171[2mms[22m[39m
   [33m[2m‚úì[22m[39m POST /auth/request-password-reset[2m > [22mshould handle missing email [33m 2386[2mms[22m[39m
   [33m[2m‚úì[22m[39m POST /auth/request-password-reset[2m > [22mshould log password reset request [33m 1946[2mms[22m[39m
   [33m[2m‚úì[22m[39m POST /auth/reset-password[2m > [22mshould reset password with valid token [33m 2436[2mms[22m[39m
[31m   [31m√ó[31m POST /auth/reset-password[2m > [22mshould mark reset token as used[39m[33m 1582[2mms[22m[39m
[31m     ‚Üí expected 1 to be true // Object.is equality[39m
   [33m[2m‚úì[22m[39m POST /auth/reset-password[2m > [22mshould reject weak new password [33m 1515[2mms[22m[39m
   [33m[2m‚úì[22m[39m POST /auth/reset-password[2m > [22mshould reject invalid token [33m 1993[2mms[22m[39m
   [33m[2m‚úì[22m[39m POST /auth/reset-password[2m > [22mshould reject expired token [33m 1450[2mms[22m[39m
   [33m[2m‚úì[22m[39m POST /auth/reset-password[2m > [22mshould reject already used token [33m 1711[2mms[22m[39m
   [33m[2m‚úì[22m[39m POST /auth/reset-password[2m > [22mshould hash new password with bcrypt [33m 3080[2mms[22m[39m
   [33m[2m‚úì[22m[39m POST /auth/reset-password[2m > [22mshould log password reset event [33m 2903[2mms[22m[39m
   [33m[2m‚úì[22m[39m POST /auth/logout[2m > [22mshould logout and destroy session [33m 1668[2mms[22m[39m
   [33m[2m‚úì[22m[39m POST /auth/logout[2m > [22mshould clear session cookie [33m 1509[2mms[22m[39m
   [33m[2m‚úì[22m[39m POST /auth/logout[2m > [22mshould log logout event [33m 1538[2mms[22m[39m
   [33m[2m‚úì[22m[39m GET /auth/me[2m > [22mshould return current user with valid session [33m 2007[2mms[22m[39m
   [33m[2m‚úì[22m[39m GET /auth/me[2m > [22mshould not return password hash [33m 1488[2mms[22m[39m
   [33m[2m‚úì[22m[39m GET /auth/me[2m > [22mshould reject request without session [33m 1454[2mms[22m[39m
   [33m[2m‚úì[22m[39m GET /auth/me[2m > [22mshould reject request with invalid session [33m 1986[2mms[22m[39m
   [33m[2m‚úì[22m[39m GET /auth/me[2m > [22mshould return email verification status [33m 2158[2mms[22m[39m
[31m   [31m√ó[31m POST /auth/resend-verification[2m > [22mshould resend verification email for unverified user[39m[33m 1477[2mms[22m[39m
[31m     ‚Üí expected "spy" to be called with arguments: [ ObjectContaining{‚Ä¶}, Any<Object> ][90m

Number of calls: [1m0[22m
[31m[39m
   [33m[2m‚úì[22m[39m POST /auth/resend-verification[2m > [22mshould reject resend for already verified user [33m 2033[2mms[22m[39m
[31m   [31m√ó[31m POST /auth/resend-verification[2m > [22mshould rate limit resend requests[39m[33m 1444[2mms[22m[39m
[31m     ‚Üí expected 200 to be 429 // Object.is equality[39m
   [33m[2m‚úì[22m[39m POST /auth/resend-verification[2m > [22mshould not reveal if email does not exist (security) [33m 1419[2mms[22m[39m

[31m‚éØ‚éØ‚éØ‚éØ‚éØ‚éØ[39m[1m[41m Failed Tests 10 [49m[22m[31m‚éØ‚éØ‚éØ‚éØ‚éØ‚éØ‚éØ[39m

[41m[1m FAIL [22m[49m tests/integration/handlers/auth-handlers.test.js[2m > [22mPOST /auth/register[2m > [22mshould send verification email
[31m[1mAssertionError[22m: expected "spy" to be called with arguments: [ ObjectContaining{‚Ä¶}, Any<Object> ][90m

Number of calls: [1m0[22m
[31m[39m
[36m [2m‚ùØ[22m tests/integration/handlers/auth-handlers.test.js:[2m219:52[22m[39m
    [90m217| [39m    [35mawait[39m authHandlers[33m.[39m[34mhandleRegister[39m(mockRequest[33m,[39m mockEnv)[33m;[39m
    [90m218| [39m
    [90m219| [39m    expect(mockEmailService.sendEmailVerification).toHaveBeenCalledWit‚Ä¶
    [90m   | [39m                                                   [31m^[39m
    [90m220| [39m      expect[33m.[39m[34mobjectContaining[39m({
    [90m221| [39m        userEmail[33m:[39m [32m'email-test@example.com'[39m[33m,[39m

[31m[2m‚éØ‚éØ‚éØ‚éØ‚éØ‚éØ‚éØ‚éØ‚éØ‚éØ‚éØ‚éØ‚éØ‚éØ‚éØ‚éØ‚éØ‚éØ‚éØ‚éØ‚éØ‚éØ‚éØ[1/10]‚éØ[22m[39m

[41m[1m FAIL [22m[49m tests/integration/handlers/auth-handlers.test.js[2m > [22mPOST /auth/login[2m > [22mshould update last_login timestamp
[31m[1mAssertionError[22m: expected false to be true // Object.is equality[39m

[32m- Expected[39m
[31m+ Received[39m

[32m- true[39m
[31m+ false[39m

[36m [2m‚ùØ[22m tests/integration/handlers/auth-handlers.test.js:[2m418:38[22m[39m
    [90m416| [39m    [35mconst[39m lastLogin [33m=[39m [35mnew[39m [33mDate[39m(user[33m.[39mlast_login)[33m;[39m
    [90m417| [39m
    [90m418| [39m    [34mexpect[39m(lastLogin [33m>=[39m beforeLogin)[33m.[39m[34mtoBe[39m([35mtrue[39m)[33m;[39m
    [90m   | [39m                                     [31m^[39m
    [90m419| [39m  })[33m;[39m
    [90m420| [39m

[31m[2m‚éØ‚éØ‚éØ‚éØ‚éØ‚éØ‚éØ‚éØ‚éØ‚éØ‚éØ‚éØ‚éØ‚éØ‚éØ‚éØ‚éØ‚éØ‚éØ‚éØ‚éØ‚éØ‚éØ[2/10]‚éØ[22m[39m

[41m[1m FAIL [22m[49m tests/integration/handlers/auth-handlers.test.js[2m > [22mPOST /auth/login[2m > [22mshould create session in Redis
[31m[1mAssertionError[22m: expected undefined to be 'login-test@example.com' // Object.is equality[39m

[32m- Expected:[39m 
"login-test@example.com"

[31m+ Received:[39m 
undefined

[36m [2m‚ùØ[22m tests/integration/handlers/auth-handlers.test.js:[2m447:27[22m[39m
    [90m445| [39m    [35mconst[39m session [33m=[39m [33mJSON[39m[33m.[39m[34mparse[39m(sessionData)[33m;[39m
    [90m446| [39m    [34mexpect[39m(session[33m.[39muserId)[33m.[39m[34mtoBe[39m(testUser[33m.[39mid)[33m;[39m
    [90m447| [39m    [34mexpect[39m(session[33m.[39memail)[33m.[39m[34mtoBe[39m([32m'login-test@example.com'[39m)[33m;[39m
    [90m   | [39m                          [31m^[39m
    [90m448| [39m  })[33m;[39m
    [90m449| [39m

[31m[2m‚éØ‚éØ‚éØ‚éØ‚éØ‚éØ‚éØ‚éØ‚éØ‚éØ‚éØ‚éØ‚éØ‚éØ‚éØ‚éØ‚éØ‚éØ‚éØ‚éØ‚éØ‚éØ‚éØ[3/10]‚éØ[22m[39m

[41m[1m FAIL [22m[49m tests/integration/handlers/auth-handlers.test.js[2m > [22mPOST /auth/login[2m > [22mshould log failed login attempts
[31m[1mAssertionError[22m: expected 0 to be greater than 0[39m
[36m [2m‚ùØ[22m tests/integration/handlers/auth-handlers.test.js:[2m481:24[22m[39m
    [90m479| [39m
    [90m480| [39m    const auditCount = await countTestRecords('audit_log', { event_typ‚Ä¶
    [90m481| [39m    [34mexpect[39m(auditCount)[33m.[39m[34mtoBeGreaterThan[39m([34m0[39m)[33m;[39m
    [90m   | [39m                       [31m^[39m
    [90m482| [39m  })[33m;[39m
    [90m483| [39m})[33m;[39m

[31m[2m‚éØ‚éØ‚éØ‚éØ‚éØ‚éØ‚éØ‚éØ‚éØ‚éØ‚éØ‚éØ‚éØ‚éØ‚éØ‚éØ‚éØ‚éØ‚éØ‚éØ‚éØ‚éØ‚éØ[4/10]‚éØ[22m[39m

[41m[1m FAIL [22m[49m tests/integration/handlers/auth-handlers.test.js[2m > [22mPOST /auth/verify-email[2m > [22mshould verify email with valid token
[31m[1mAssertionError[22m: expected 1 to be true // Object.is equality[39m

[32m- Expected:[39m 
true

[31m+ Received:[39m 
1

[36m [2m‚ùØ[22m tests/integration/handlers/auth-handlers.test.js:[2m527:33[22m[39m
    [90m525| [39m    [90m// Verify user's email_verified flag is true[39m
    [90m526| [39m    [35mconst[39m user [33m=[39m [35mawait[39m [34mfindTestRecord[39m([32m'users'[39m[33m,[39m { id[33m:[39m testUser[33m.[39mid })[33m;[39m
    [90m527| [39m    [34mexpect[39m(user[33m.[39memail_verified)[33m.[39m[34mtoBe[39m([35mtrue[39m)[33m;[39m
    [90m   | [39m                                [31m^[39m
    [90m528| [39m
    [90m529| [39m    [90m// Verify token is marked as used[39m

[31m[2m‚éØ‚éØ‚éØ‚éØ‚éØ‚éØ‚éØ‚éØ‚éØ‚éØ‚éØ‚éØ‚éØ‚éØ‚éØ‚éØ‚éØ‚éØ‚éØ‚éØ‚éØ‚éØ‚éØ[5/10]‚éØ[22m[39m

[41m[1m FAIL [22m[49m tests/integration/handlers/auth-handlers.test.js[2m > [22mPOST /auth/request-password-reset[2m > [22mshould send password reset email
[31m[1mAssertionError[22m: expected "spy" to be called with arguments: [ ObjectContaining{‚Ä¶}, Any<Object> ][90m

Number of calls: [1m0[22m
[31m[39m
[36m [2m‚ùØ[22m tests/integration/handlers/auth-handlers.test.js:[2m679:53[22m[39m
    [90m677| [39m    await authHandlers.handleRequestPasswordReset(mockRequest, mockEnv‚Ä¶
    [90m678| [39m
    [90m679| [39m    expect(mockEmailService.sendPasswordResetEmail).toHaveBeenCalledWi‚Ä¶
    [90m   | [39m                                                    [31m^[39m
    [90m680| [39m      expect[33m.[39m[34mobjectContaining[39m({
    [90m681| [39m        userEmail[33m:[39m [32m'reset@example.com'[39m[33m,[39m

[31m[2m‚éØ‚éØ‚éØ‚éØ‚éØ‚éØ‚éØ‚éØ‚éØ‚éØ‚éØ‚éØ‚éØ‚éØ‚éØ‚éØ‚éØ‚éØ‚éØ‚éØ‚éØ‚éØ‚éØ[6/10]‚éØ[22m[39m

[41m[1m FAIL [22m[49m tests/integration/handlers/auth-handlers.test.js[2m > [22mPOST /auth/request-password-reset[2m > [22mshould rate limit password reset requests
[31m[1mAssertionError[22m: expected 200 to be 429 // Object.is equality[39m

[32m- Expected[39m
[31m+ Received[39m

[32m- 429[39m
[31m+ 200[39m

[36m [2m‚ùØ[22m tests/integration/handlers/auth-handlers.test.js:[2m732:29[22m[39m
    [90m730| [39m    [35mconst[39m result [33m=[39m [35mawait[39m response[33m.[39m[34mjson[39m()[33m;[39m
    [90m731| [39m
    [90m732| [39m    [34mexpect[39m(response[33m.[39mstatus)[33m.[39m[34mtoBe[39m([34m429[39m)[33m;[39m
    [90m   | [39m                            [31m^[39m
    [90m733| [39m    [34mexpect[39m(result[33m.[39merror)[33m.[39m[34mtoMatch[39m([36m/too many.*requests/i[39m)[33m;[39m
    [90m734| [39m  })[33m;[39m

[31m[2m‚éØ‚éØ‚éØ‚éØ‚éØ‚éØ‚éØ‚éØ‚éØ‚éØ‚éØ‚éØ‚éØ‚éØ‚éØ‚éØ‚éØ‚éØ‚éØ‚éØ‚éØ‚éØ‚éØ[7/10]‚éØ[22m[39m

[41m[1m FAIL [22m[49m tests/integration/handlers/auth-handlers.test.js[2m > [22mPOST /auth/reset-password[2m > [22mshould mark reset token as used
[31m[1mAssertionError[22m: expected 1 to be true // Object.is equality[39m

[32m- Expected:[39m 
true

[31m+ Received:[39m 
1

[36m [2m‚ùØ[22m tests/integration/handlers/auth-handlers.test.js:[2m869:24[22m[39m
    [90m867| [39m
    [90m868| [39m    const token = await findTestRecord('verification_tokens', { token:‚Ä¶
    [90m869| [39m    [34mexpect[39m(token[33m.[39mused)[33m.[39m[34mtoBe[39m([35mtrue[39m)[33m;[39m
    [90m   | [39m                       [31m^[39m
    [90m870| [39m  })[33m;[39m
    [90m871| [39m

[31m[2m‚éØ‚éØ‚éØ‚éØ‚éØ‚éØ‚éØ‚éØ‚éØ‚éØ‚éØ‚éØ‚éØ‚éØ‚éØ‚éØ‚éØ‚éØ‚éØ‚éØ‚éØ‚éØ‚éØ[8/10]‚éØ[22m[39m

[41m[1m FAIL [22m[49m tests/integration/handlers/auth-handlers.test.js[2m > [22mPOST /auth/resend-verification[2m > [22mshould resend verification email for unverified user
[31m[1mAssertionError[22m: expected "spy" to be called with arguments: [ ObjectContaining{‚Ä¶}, Any<Object> ][90m

Number of calls: [1m0[22m
[31m[39m
[36m [2m‚ùØ[22m tests/integration/handlers/auth-handlers.test.js:[2m1210:52[22m[39m
    [90m1208| [39m    [34mexpect[39m(result[33m.[39mmessage)[33m.[39m[34mtoMatch[39m([36m/verification.*sent/i[39m)[33m;[39m
    [90m1209| [39m
    [90m1210| [39m    expect(mockEmailService.sendEmailVerification).toHaveBeenCalledWit‚Ä¶
    [90m   | [39m                                                   [31m^[39m
    [90m1211| [39m      expect[33m.[39m[34mobjectContaining[39m({
    [90m1212| [39m        userEmail[33m:[39m [32m'resend@example.com'[39m[33m,[39m

[31m[2m‚éØ‚éØ‚éØ‚éØ‚éØ‚éØ‚éØ‚éØ‚éØ‚éØ‚éØ‚éØ‚éØ‚éØ‚éØ‚éØ‚éØ‚éØ‚éØ‚éØ‚éØ‚éØ‚éØ[9/10]‚éØ[22m[39m

[41m[1m FAIL [22m[49m tests/integration/handlers/auth-handlers.test.js[2m > [22mPOST /auth/resend-verification[2m > [22mshould rate limit resend requests
[31m[1mAssertionError[22m: expected 200 to be 429 // Object.is equality[39m

[32m- Expected[39m
[31m+ Received[39m

[32m- 429[39m
[31m+ 200[39m

[36m [2m‚ùØ[22m tests/integration/handlers/auth-handlers.test.js:[2m1267:29[22m[39m
    [90m1265| [39m    [35mconst[39m result [33m=[39m [35mawait[39m response[33m.[39m[34mjson[39m()[33m;[39m
    [90m1266| [39m
    [90m1267| [39m    [34mexpect[39m(response[33m.[39mstatus)[33m.[39m[34mtoBe[39m([34m429[39m)[33m;[39m
    [90m   | [39m                            [31m^[39m
    [90m1268| [39m    [34mexpect[39m(result[33m.[39merror)[33m.[39m[34mtoMatch[39m([36m/too many.*requests/i[39m)[33m;[39m
    [90m1269| [39m  })[33m;[39m

[31m[2m‚éØ‚éØ‚éØ‚éØ‚éØ‚éØ‚éØ‚éØ‚éØ‚éØ‚éØ‚éØ‚éØ‚éØ‚éØ‚éØ‚éØ‚éØ‚éØ‚éØ‚éØ‚éØ[10/10]‚éØ[22m[39m


[2m Test Files [22m [1m[31m1 failed[39m[22m[90m (1)[39m
[2m      Tests [22m [1m[31m10 failed[39m[22m[2m | [22m[1m[32m43 passed[39m[22m[90m (53)[39m
[2m   Start at [22m 12:07:03
[2m   Duration [22m 110.53s[2m (transform 472ms, setup 3.58s, collect 121ms, tests 106.16s, environment 0ms, prepare 443ms)[22m

