
> manuscript-upload-api@1.0.0 test
> cross-env NODE_ENV=test TEST_DATABASE_URL=postgresql://postgres:Bjoran32!@127.0.0.1:5432/manuscript_platform_test vitest run tests/integration/handlers/auth-handlers.test.js


[1m[46m RUN [49m[22m [36mv3.2.4 [39m[90mD:/manuscript-platform[39m

[90mstdout[2m | tests/integration/handlers/auth-handlers.test.js
[22m[39m[dotenv@17.2.3] injecting env (0) from .env.local -- tip: üë• sync secrets across teammates & machines: https://dotenvx.com/ops

[90mstdout[2m | tests/integration/handlers/auth-handlers.test.js
[22m[39m
üß™ Setting up test environment...

[90mstdout[2m | tests/integration/handlers/auth-handlers.test.js
[22m[39m‚úì Test database connected

[90mstdout[2m | tests/integration/handlers/auth-handlers.test.js
[22m[39m  Applying base schema...

[90mstdout[2m | tests/integration/handlers/auth-handlers.test.js
[22m[39m  ‚úì Schema and migrations applied

[90mstdout[2m | tests/integration/handlers/auth-handlers.test.js
[22m[39m‚úì Migrations applied
‚úì Database adapter created (D1-compatible interface)

[90mstdout[2m | tests/integration/handlers/auth-handlers.test.js
[22m[39m‚úì Test database initialized
Initializing adapters...
‚úì Database adapter initialized
‚úì Storage adapter initialized
‚ö† Running in test mode without Redis - using in-memory session store

[90mstdout[2m | tests/integration/handlers/auth-handlers.test.js
[22m[39m‚úì Session store initialized
‚úì Cache adapter initialized
‚úì Queue service initialized
‚úì Environment initialized
‚úì Session middleware applied
[VirusScanner] Initializing ClamAV at localhost:3310...

[90mstdout[2m | tests/integration/handlers/auth-handlers.test.js
[22m[39m‚úì Server adapters initialized
‚úì Test environment ready


[90mstderr[2m | tests/integration/handlers/auth-handlers.test.js[2m > [22m[2mPOST /auth/register[2m > [22m[2mshould register a new user with valid credentials
[22m[39m[VirusScanner] Failed to initialize: 

[90mstderr[2m | tests/integration/handlers/auth-handlers.test.js[2m > [22m[2mPOST /auth/register[2m > [22m[2mshould register a new user with valid credentials
[22m[39m‚ö† Virus scanner initialization failed (uploads will continue without scanning)

[90mstdout[2m | tests/integration/handlers/auth-handlers.test.js[2m > [22m[2mPOST /auth/register[2m > [22m[2mshould register a new user with valid credentials
[22m[39m[Payment] Free subscription created for user af5a1850-75b4-4b6f-9004-3c1e821a2fe1

[90mstderr[2m | tests/integration/handlers/auth-handlers.test.js[2m > [22m[2mPOST /auth/register[2m > [22m[2mshould register a new user with valid credentials
[22m[39m[Email] RESEND_API_KEY not configured

[90mstdout[2m | tests/integration/handlers/auth-handlers.test.js[2m > [22m[2mPOST /auth/register[2m > [22m[2mshould register a new user with valid credentials
[22m[39mVerification email sent to: newuser@example.com

[90mstdout[2m | tests/integration/handlers/auth-handlers.test.js[2m > [22m[2mPOST /auth/register[2m > [22m[2mshould hash password with bcrypt
[22m[39m[Payment] Free subscription created for user a2f55841-86fd-436c-b000-0197aca7bdbe

[90mstderr[2m | tests/integration/handlers/auth-handlers.test.js[2m > [22m[2mPOST /auth/register[2m > [22m[2mshould hash password with bcrypt
[22m[39m[Email] RESEND_API_KEY not configured

[90mstdout[2m | tests/integration/handlers/auth-handlers.test.js[2m > [22m[2mPOST /auth/register[2m > [22m[2mshould hash password with bcrypt
[22m[39mVerification email sent to: bcrypt-test@example.com

[90mstdout[2m | tests/integration/handlers/auth-handlers.test.js[2m > [22m[2mPOST /auth/register[2m > [22m[2mshould normalize email to lowercase
[22m[39m[Payment] Free subscription created for user b5991998-3c72-4bd5-9761-d83aa0613d46

[90mstderr[2m | tests/integration/handlers/auth-handlers.test.js[2m > [22m[2mPOST /auth/register[2m > [22m[2mshould normalize email to lowercase
[22m[39m[Email] RESEND_API_KEY not configured

[90mstdout[2m | tests/integration/handlers/auth-handlers.test.js[2m > [22m[2mPOST /auth/register[2m > [22m[2mshould normalize email to lowercase
[22m[39mVerification email sent to: casesensitive@example.com

[90mstdout[2m | tests/integration/handlers/auth-handlers.test.js[2m > [22m[2mPOST /auth/register[2m > [22m[2mshould create verification token
[22m[39m[Payment] Free subscription created for user 4ded5a3b-c5f3-4fed-806b-51c853686cd4

[90mstderr[2m | tests/integration/handlers/auth-handlers.test.js[2m > [22m[2mPOST /auth/register[2m > [22m[2mshould create verification token
[22m[39m[Email] RESEND_API_KEY not configured

[90mstdout[2m | tests/integration/handlers/auth-handlers.test.js[2m > [22m[2mPOST /auth/register[2m > [22m[2mshould create verification token
[22m[39mVerification email sent to: verify-test@example.com

[90mstdout[2m | tests/integration/handlers/auth-handlers.test.js[2m > [22m[2mPOST /auth/register[2m > [22m[2mshould send verification email
[22m[39m[Payment] Free subscription created for user 882049f2-3011-4e11-8bf0-01644b53657c

[90mstderr[2m | tests/integration/handlers/auth-handlers.test.js[2m > [22m[2mPOST /auth/register[2m > [22m[2mshould send verification email
[22m[39m[Email] RESEND_API_KEY not configured

[90mstdout[2m | tests/integration/handlers/auth-handlers.test.js[2m > [22m[2mPOST /auth/register[2m > [22m[2mshould send verification email
[22m[39mVerification email sent to: email-test@example.com

[90mstdout[2m | tests/integration/handlers/auth-handlers.test.js[2m > [22m[2mPOST /auth/register[2m > [22m[2mshould log registration event in audit log
[22m[39m[Payment] Free subscription created for user 5c12b173-f9cb-4f0e-b7f9-3b98201a56ad

[90mstderr[2m | tests/integration/handlers/auth-handlers.test.js[2m > [22m[2mPOST /auth/register[2m > [22m[2mshould log registration event in audit log
[22m[39m[Email] RESEND_API_KEY not configured

[90mstdout[2m | tests/integration/handlers/auth-handlers.test.js[2m > [22m[2mPOST /auth/register[2m > [22m[2mshould log registration event in audit log
[22m[39mVerification email sent to: audit-test@example.com

[90mstdout[2m | tests/integration/handlers/auth-handlers.test.js[2m > [22m[2mPOST /auth/register[2m > [22m[2mshould set default role to author if not specified
[22m[39m[Payment] Free subscription created for user 5d35cf58-a2bb-4274-a29c-d1c0e3266f2a

[90mstderr[2m | tests/integration/handlers/auth-handlers.test.js[2m > [22m[2mPOST /auth/register[2m > [22m[2mshould set default role to author if not specified
[22m[39m[Email] RESEND_API_KEY not configured

[90mstdout[2m | tests/integration/handlers/auth-handlers.test.js[2m > [22m[2mPOST /auth/register[2m > [22m[2mshould set default role to author if not specified
[22m[39mVerification email sent to: default-role@example.com

[90mstdout[2m | tests/integration/handlers/auth-handlers.test.js[2m > [22m[2mPOST /auth/login[2m > [22m[2mshould reject login with wrong password
[22m[39m[Audit] Skipping audit log for login_failed - no valid user_id

[90mstdout[2m | tests/integration/handlers/auth-handlers.test.js[2m > [22m[2mPOST /auth/login[2m > [22m[2mshould reject login with non-existent email
[22m[39m[Audit] Skipping audit log for login_failed - no valid user_id

[90mstdout[2m | tests/integration/handlers/auth-handlers.test.js[2m > [22m[2mPOST /auth/login[2m > [22m[2mshould rate limit after 5 failed attempts
[22m[39m[Audit] Skipping audit log for login_failed - no valid user_id

[90mstdout[2m | tests/integration/handlers/auth-handlers.test.js[2m > [22m[2mPOST /auth/login[2m > [22m[2mshould rate limit after 5 failed attempts
[22m[39m[Audit] Skipping audit log for login_failed - no valid user_id

[90mstdout[2m | tests/integration/handlers/auth-handlers.test.js[2m > [22m[2mPOST /auth/login[2m > [22m[2mshould rate limit after 5 failed attempts
[22m[39m[Audit] Skipping audit log for login_failed - no valid user_id

[90mstdout[2m | tests/integration/handlers/auth-handlers.test.js[2m > [22m[2mPOST /auth/login[2m > [22m[2mshould rate limit after 5 failed attempts
[22m[39m[Audit] Skipping audit log for login_failed - no valid user_id

[90mstdout[2m | tests/integration/handlers/auth-handlers.test.js[2m > [22m[2mPOST /auth/login[2m > [22m[2mshould rate limit after 5 failed attempts
[22m[39m[Audit] Skipping audit log for login_failed - no valid user_id

[90mstdout[2m | tests/integration/handlers/auth-handlers.test.js[2m > [22m[2mPOST /auth/login[2m > [22m[2mshould log failed login attempts
[22m[39m[Audit] Skipping audit log for login_failed - no valid user_id

[90mstderr[2m | tests/integration/handlers/auth-handlers.test.js[2m > [22m[2mPOST /auth/verify-email[2m > [22m[2mshould verify email with valid token
[22m[39mCache delete many error: TypeError: Cannot read properties of undefined (reading 'delete')
    at [90mD:\manuscript-platform\[39msrc\utils\db-cache.js:109:49
    at Array.map (<anonymous>)
    at CacheManager.deleteMany [90m(D:\manuscript-platform\[39msrc\utils\db-cache.js:109:30[90m)[39m
    at UserCache.invalidate [90m(D:\manuscript-platform\[39msrc\utils\db-cache.js:185:22[90m)[39m
    at Module.handleVerifyEmail [90m(D:\manuscript-platform\[39msrc\handlers\auth-handlers.js:452:22[90m)[39m
[90m    at processTicksAndRejections (node:internal/process/task_queues:105:5)[39m
    at [90mD:\manuscript-platform\[39mtests\integration\handlers\auth-handlers.test.js:519:22
    at [90mfile:///D:/manuscript-platform/[39mnode_modules/[4m@vitest/runner[24m/dist/chunk-hooks.js:752:20

[90mstdout[2m | tests/integration/handlers/auth-handlers.test.js[2m > [22m[2mPOST /auth/verify-email[2m > [22m[2mshould verify email with valid token
[22m[39mCache INVALIDATED: user e80c8093c5ebe171f119a8edc0d71fad

[90mstderr[2m | tests/integration/handlers/auth-handlers.test.js[2m > [22m[2mPOST /auth/verify-email[2m > [22m[2mshould log email verification event
[22m[39mCache delete many error: TypeError: Cannot read properties of undefined (reading 'delete')
    at [90mD:\manuscript-platform\[39msrc\utils\db-cache.js:109:49
    at Array.map (<anonymous>)
    at CacheManager.deleteMany [90m(D:\manuscript-platform\[39msrc\utils\db-cache.js:109:30[90m)[39m
    at UserCache.invalidate [90m(D:\manuscript-platform\[39msrc\utils\db-cache.js:185:22[90m)[39m
    at Module.handleVerifyEmail [90m(D:\manuscript-platform\[39msrc\handlers\auth-handlers.js:452:22[90m)[39m
[90m    at processTicksAndRejections (node:internal/process/task_queues:105:5)[39m
    at [90mD:\manuscript-platform\[39mtests\integration\handlers\auth-handlers.test.js:618:5
    at [90mfile:///D:/manuscript-platform/[39mnode_modules/[4m@vitest/runner[24m/dist/chunk-hooks.js:752:20

[90mstdout[2m | tests/integration/handlers/auth-handlers.test.js[2m > [22m[2mPOST /auth/verify-email[2m > [22m[2mshould log email verification event
[22m[39mCache INVALIDATED: user 60b936eb9beb8e6cdd5a878430b271e8

[90mstderr[2m | tests/integration/handlers/auth-handlers.test.js[2m > [22m[2mPOST /auth/request-password-reset[2m > [22m[2mshould create password reset token for valid email
[22m[39mFailed to send password reset email: Error: Failed to send email: <html>
<head><title>401 Authorization Required</title></head>
<body>
<center><h1>401 Authorization Required</h1></center>
<hr><center>nginx/1.27.1</center>
</body>
</html>

    at sendPasswordResetEmail [90m(D:\manuscript-platform\[39msrc\handlers\auth-handlers.js:792:11[90m)[39m
[90m    at processTicksAndRejections (node:internal/process/task_queues:105:5)[39m
    at Module.handlePasswordResetRequest [90m(D:\manuscript-platform\[39msrc\handlers\auth-handlers.js:522:7[90m)[39m
    at [90mD:\manuscript-platform\[39mtests\integration\handlers\auth-handlers.test.js:653:22
    at [90mfile:///D:/manuscript-platform/[39mnode_modules/[4m@vitest/runner[24m/dist/chunk-hooks.js:752:20

[90mstderr[2m | tests/integration/handlers/auth-handlers.test.js[2m > [22m[2mPOST /auth/request-password-reset[2m > [22m[2mshould send password reset email
[22m[39mFailed to send password reset email: Error: Failed to send email: <html>
<head><title>401 Authorization Required</title></head>
<body>
<center><h1>401 Authorization Required</h1></center>
<hr><center>nginx/1.27.1</center>
</body>
</html>

    at sendPasswordResetEmail [90m(D:\manuscript-platform\[39msrc\handlers\auth-handlers.js:792:11[90m)[39m
[90m    at processTicksAndRejections (node:internal/process/task_queues:105:5)[39m
    at Module.handlePasswordResetRequest [90m(D:\manuscript-platform\[39msrc\handlers\auth-handlers.js:522:7[90m)[39m
    at [90mD:\manuscript-platform\[39mtests\integration\handlers\auth-handlers.test.js:677:5
    at [90mfile:///D:/manuscript-platform/[39mnode_modules/[4m@vitest/runner[24m/dist/chunk-hooks.js:752:20

[90mstderr[2m | tests/integration/handlers/auth-handlers.test.js[2m > [22m[2mPOST /auth/request-password-reset[2m > [22m[2mshould rate limit password reset requests
[22m[39mFailed to send password reset email: Error: Failed to send email: <html>
<head><title>401 Authorization Required</title></head>
<body>
<center><h1>401 Authorization Required</h1></center>
<hr><center>nginx/1.27.1</center>
</body>
</html>

    at sendPasswordResetEmail [90m(D:\manuscript-platform\[39msrc\handlers\auth-handlers.js:792:11[90m)[39m
[90m    at processTicksAndRejections (node:internal/process/task_queues:105:5)[39m
    at Module.handlePasswordResetRequest [90m(D:\manuscript-platform\[39msrc\handlers\auth-handlers.js:522:7[90m)[39m
    at [90mD:\manuscript-platform\[39mtests\integration\handlers\auth-handlers.test.js:718:7
    at [90mfile:///D:/manuscript-platform/[39mnode_modules/[4m@vitest/runner[24m/dist/chunk-hooks.js:752:20

[90mstderr[2m | tests/integration/handlers/auth-handlers.test.js[2m > [22m[2mPOST /auth/request-password-reset[2m > [22m[2mshould rate limit password reset requests
[22m[39mFailed to send password reset email: Error: Failed to send email: <html>
<head><title>401 Authorization Required</title></head>
<body>
<center><h1>401 Authorization Required</h1></center>
<hr><center>nginx/1.27.1</center>
</body>
</html>

    at sendPasswordResetEmail [90m(D:\manuscript-platform\[39msrc\handlers\auth-handlers.js:792:11[90m)[39m
[90m    at processTicksAndRejections (node:internal/process/task_queues:105:5)[39m
    at Module.handlePasswordResetRequest [90m(D:\manuscript-platform\[39msrc\handlers\auth-handlers.js:522:7[90m)[39m
    at [90mD:\manuscript-platform\[39mtests\integration\handlers\auth-handlers.test.js:718:7
    at [90mfile:///D:/manuscript-platform/[39mnode_modules/[4m@vitest/runner[24m/dist/chunk-hooks.js:752:20

[90mstderr[2m | tests/integration/handlers/auth-handlers.test.js[2m > [22m[2mPOST /auth/request-password-reset[2m > [22m[2mshould rate limit password reset requests
[22m[39mFailed to send password reset email: Error: Failed to send email: <html>
<head><title>401 Authorization Required</title></head>
<body>
<center><h1>401 Authorization Required</h1></center>
<hr><center>nginx/1.27.1</center>
</body>
</html>

    at sendPasswordResetEmail [90m(D:\manuscript-platform\[39msrc\handlers\auth-handlers.js:792:11[90m)[39m
[90m    at processTicksAndRejections (node:internal/process/task_queues:105:5)[39m
    at Module.handlePasswordResetRequest [90m(D:\manuscript-platform\[39msrc\handlers\auth-handlers.js:522:7[90m)[39m
    at [90mD:\manuscript-platform\[39mtests\integration\handlers\auth-handlers.test.js:718:7
    at [90mfile:///D:/manuscript-platform/[39mnode_modules/[4m@vitest/runner[24m/dist/chunk-hooks.js:752:20

[90mstderr[2m | tests/integration/handlers/auth-handlers.test.js[2m > [22m[2mPOST /auth/request-password-reset[2m > [22m[2mshould rate limit password reset requests
[22m[39mFailed to send password reset email: Error: Failed to send email: <html>
<head><title>401 Authorization Required</title></head>
<body>
<center><h1>401 Authorization Required</h1></center>
<hr><center>nginx/1.27.1</center>
</body>
</html>

    at sendPasswordResetEmail [90m(D:\manuscript-platform\[39msrc\handlers\auth-handlers.js:792:11[90m)[39m
[90m    at processTicksAndRejections (node:internal/process/task_queues:105:5)[39m
    at Module.handlePasswordResetRequest [90m(D:\manuscript-platform\[39msrc\handlers\auth-handlers.js:522:7[90m)[39m
    at [90mD:\manuscript-platform\[39mtests\integration\handlers\auth-handlers.test.js:729:22
    at [90mfile:///D:/manuscript-platform/[39mnode_modules/[4m@vitest/runner[24m/dist/chunk-hooks.js:752:20

[90mstderr[2m | tests/integration/handlers/auth-handlers.test.js[2m > [22m[2mPOST /auth/request-password-reset[2m > [22m[2mshould normalize email to lowercase
[22m[39mFailed to send password reset email: Error: Failed to send email: <html>
<head><title>401 Authorization Required</title></head>
<body>
<center><h1>401 Authorization Required</h1></center>
<hr><center>nginx/1.27.1</center>
</body>
</html>

    at sendPasswordResetEmail [90m(D:\manuscript-platform\[39msrc\handlers\auth-handlers.js:792:11[90m)[39m
[90m    at processTicksAndRejections (node:internal/process/task_queues:105:5)[39m
    at Module.handlePasswordResetRequest [90m(D:\manuscript-platform\[39msrc\handlers\auth-handlers.js:522:7[90m)[39m
    at [90mD:\manuscript-platform\[39mtests\integration\handlers\auth-handlers.test.js:752:22
    at [90mfile:///D:/manuscript-platform/[39mnode_modules/[4m@vitest/runner[24m/dist/chunk-hooks.js:752:20

[90mstderr[2m | tests/integration/handlers/auth-handlers.test.js[2m > [22m[2mPOST /auth/request-password-reset[2m > [22m[2mshould log password reset request
[22m[39mFailed to send password reset email: Error: Failed to send email: <html>
<head><title>401 Authorization Required</title></head>
<body>
<center><h1>401 Authorization Required</h1></center>
<hr><center>nginx/1.27.1</center>
</body>
</html>

    at sendPasswordResetEmail [90m(D:\manuscript-platform\[39msrc\handlers\auth-handlers.js:792:11[90m)[39m
[90m    at processTicksAndRejections (node:internal/process/task_queues:105:5)[39m
    at Module.handlePasswordResetRequest [90m(D:\manuscript-platform\[39msrc\handlers\auth-handlers.js:522:7[90m)[39m
    at [90mD:\manuscript-platform\[39mtests\integration\handlers\auth-handlers.test.js:799:5
    at [90mfile:///D:/manuscript-platform/[39mnode_modules/[4m@vitest/runner[24m/dist/chunk-hooks.js:752:20

[90mstderr[2m | tests/integration/handlers/auth-handlers.test.js[2m > [22m[2mGET /auth/me[2m > [22m[2mshould return current user with valid session
[22m[39mCache get error for key user:d5025e919bf4ab94f579275d6dea48ed: TypeError: Cannot read properties of undefined (reading 'get')
    at CacheManager.get [90m(D:\manuscript-platform\[39msrc\utils\db-cache.js:62:35[90m)[39m
    at CacheManager.getOrFetch [90m(D:\manuscript-platform\[39msrc\utils\db-cache.js:124:31[90m)[39m
    at UserCache.getProfile [90m(D:\manuscript-platform\[39msrc\utils\db-cache.js:153:23[90m)[39m
    at Module.handleGetMe [90m(D:\manuscript-platform\[39msrc\handlers\auth-handlers.js:385:35[90m)[39m
[90m    at processTicksAndRejections (node:internal/process/task_queues:105:5)[39m
    at [90mD:\manuscript-platform\[39mtests\integration\handlers\auth-handlers.test.js:1109:22
    at [90mfile:///D:/manuscript-platform/[39mnode_modules/[4m@vitest/runner[24m/dist/chunk-hooks.js:752:20

[90mstderr[2m | tests/integration/handlers/auth-handlers.test.js[2m > [22m[2mGET /auth/me[2m > [22m[2mshould return current user with valid session
[22m[39mCache set error for key user:d5025e919bf4ab94f579275d6dea48ed: TypeError: Cannot read properties of undefined (reading 'put')
    at CacheManager.set [90m(D:\manuscript-platform\[39msrc\utils\db-cache.js:79:21[90m)[39m
    at CacheManager.getOrFetch [90m(D:\manuscript-platform\[39msrc\utils\db-cache.js:134:18[90m)[39m
[90m    at processTicksAndRejections (node:internal/process/task_queues:105:5)[39m
    at Module.handleGetMe [90m(D:\manuscript-platform\[39msrc\handlers\auth-handlers.js:385:18[90m)[39m
    at [90mD:\manuscript-platform\[39mtests\integration\handlers\auth-handlers.test.js:1109:22
    at [90mfile:///D:/manuscript-platform/[39mnode_modules/[4m@vitest/runner[24m/dist/chunk-hooks.js:752:20

[90mstderr[2m | tests/integration/handlers/auth-handlers.test.js[2m > [22m[2mGET /auth/me[2m > [22m[2mshould not return password hash
[22m[39mCache get error for key user:7f4892beb55a55d3041d0e0a05494822: TypeError: Cannot read properties of undefined (reading 'get')
    at CacheManager.get [90m(D:\manuscript-platform\[39msrc\utils\db-cache.js:62:35[90m)[39m
    at CacheManager.getOrFetch [90m(D:\manuscript-platform\[39msrc\utils\db-cache.js:124:31[90m)[39m
    at UserCache.getProfile [90m(D:\manuscript-platform\[39msrc\utils\db-cache.js:153:23[90m)[39m
    at Module.handleGetMe [90m(D:\manuscript-platform\[39msrc\handlers\auth-handlers.js:385:35[90m)[39m
[90m    at processTicksAndRejections (node:internal/process/task_queues:105:5)[39m
    at [90mD:\manuscript-platform\[39mtests\integration\handlers\auth-handlers.test.js:1126:22
    at [90mfile:///D:/manuscript-platform/[39mnode_modules/[4m@vitest/runner[24m/dist/chunk-hooks.js:752:20

[90mstderr[2m | tests/integration/handlers/auth-handlers.test.js[2m > [22m[2mGET /auth/me[2m > [22m[2mshould not return password hash
[22m[39mCache set error for key user:7f4892beb55a55d3041d0e0a05494822: TypeError: Cannot read properties of undefined (reading 'put')
    at CacheManager.set [90m(D:\manuscript-platform\[39msrc\utils\db-cache.js:79:21[90m)[39m
    at CacheManager.getOrFetch [90m(D:\manuscript-platform\[39msrc\utils\db-cache.js:134:18[90m)[39m
[90m    at processTicksAndRejections (node:internal/process/task_queues:105:5)[39m
    at Module.handleGetMe [90m(D:\manuscript-platform\[39msrc\handlers\auth-handlers.js:385:18[90m)[39m
    at [90mD:\manuscript-platform\[39mtests\integration\handlers\auth-handlers.test.js:1126:22
    at [90mfile:///D:/manuscript-platform/[39mnode_modules/[4m@vitest/runner[24m/dist/chunk-hooks.js:752:20

[90mstderr[2m | tests/integration/handlers/auth-handlers.test.js[2m > [22m[2mGET /auth/me[2m > [22m[2mshould return email verification status
[22m[39mCache get error for key user:976d44c8ba780dcf20c43ce945eb1f61: TypeError: Cannot read properties of undefined (reading 'get')
    at CacheManager.get [90m(D:\manuscript-platform\[39msrc\utils\db-cache.js:62:35[90m)[39m
    at CacheManager.getOrFetch [90m(D:\manuscript-platform\[39msrc\utils\db-cache.js:124:31[90m)[39m
    at UserCache.getProfile [90m(D:\manuscript-platform\[39msrc\utils\db-cache.js:153:23[90m)[39m
    at Module.handleGetMe [90m(D:\manuscript-platform\[39msrc\handlers\auth-handlers.js:385:35[90m)[39m
[90m    at processTicksAndRejections (node:internal/process/task_queues:105:5)[39m
    at [90mD:\manuscript-platform\[39mtests\integration\handlers\auth-handlers.test.js:1168:22
    at [90mfile:///D:/manuscript-platform/[39mnode_modules/[4m@vitest/runner[24m/dist/chunk-hooks.js:752:20

[90mstderr[2m | tests/integration/handlers/auth-handlers.test.js[2m > [22m[2mGET /auth/me[2m > [22m[2mshould return email verification status
[22m[39mCache set error for key user:976d44c8ba780dcf20c43ce945eb1f61: TypeError: Cannot read properties of undefined (reading 'put')
    at CacheManager.set [90m(D:\manuscript-platform\[39msrc\utils\db-cache.js:79:21[90m)[39m
    at CacheManager.getOrFetch [90m(D:\manuscript-platform\[39msrc\utils\db-cache.js:134:18[90m)[39m
[90m    at processTicksAndRejections (node:internal/process/task_queues:105:5)[39m
    at Module.handleGetMe [90m(D:\manuscript-platform\[39msrc\handlers\auth-handlers.js:385:18[90m)[39m
    at [90mD:\manuscript-platform\[39mtests\integration\handlers\auth-handlers.test.js:1168:22
    at [90mfile:///D:/manuscript-platform/[39mnode_modules/[4m@vitest/runner[24m/dist/chunk-hooks.js:752:20

[90mstderr[2m | tests/integration/handlers/auth-handlers.test.js[2m > [22m[2mPOST /auth/resend-verification[2m > [22m[2mshould resend verification email for unverified user
[22m[39m[Email] RESEND_API_KEY not configured

[90mstdout[2m | tests/integration/handlers/auth-handlers.test.js[2m > [22m[2mPOST /auth/resend-verification[2m > [22m[2mshould resend verification email for unverified user
[22m[39mVerification email resent to: resend@example.com

[90mstderr[2m | tests/integration/handlers/auth-handlers.test.js[2m > [22m[2mPOST /auth/resend-verification[2m > [22m[2mshould rate limit resend requests
[22m[39m[Email] RESEND_API_KEY not configured

[90mstdout[2m | tests/integration/handlers/auth-handlers.test.js[2m > [22m[2mPOST /auth/resend-verification[2m > [22m[2mshould rate limit resend requests
[22m[39mVerification email resent to: resend@example.com

[90mstderr[2m | tests/integration/handlers/auth-handlers.test.js[2m > [22m[2mPOST /auth/resend-verification[2m > [22m[2mshould rate limit resend requests
[22m[39m[Email] RESEND_API_KEY not configured

[90mstdout[2m | tests/integration/handlers/auth-handlers.test.js[2m > [22m[2mPOST /auth/resend-verification[2m > [22m[2mshould rate limit resend requests
[22m[39mVerification email resent to: resend@example.com

[90mstderr[2m | tests/integration/handlers/auth-handlers.test.js[2m > [22m[2mPOST /auth/resend-verification[2m > [22m[2mshould rate limit resend requests
[22m[39m[Email] RESEND_API_KEY not configured

[90mstdout[2m | tests/integration/handlers/auth-handlers.test.js[2m > [22m[2mPOST /auth/resend-verification[2m > [22m[2mshould rate limit resend requests
[22m[39mVerification email resent to: resend@example.com

[90mstderr[2m | tests/integration/handlers/auth-handlers.test.js[2m > [22m[2mPOST /auth/resend-verification[2m > [22m[2mshould rate limit resend requests
[22m[39m[Email] RESEND_API_KEY not configured

[90mstdout[2m | tests/integration/handlers/auth-handlers.test.js[2m > [22m[2mPOST /auth/resend-verification[2m > [22m[2mshould rate limit resend requests
[22m[39mVerification email resent to: resend@example.com

[90mstdout[2m | tests/integration/handlers/auth-handlers.test.js
[22m[39m
üßπ Tearing down test environment...

[90mstdout[2m | tests/integration/handlers/auth-handlers.test.js
[22m[39m‚úì Test database cleaned

[90mstdout[2m | tests/integration/handlers/auth-handlers.test.js
[22m[39m‚úì Database adapter closed

[90mstdout[2m | tests/integration/handlers/auth-handlers.test.js
[22m[39m‚úì Test database disconnected

[90mstdout[2m | tests/integration/handlers/auth-handlers.test.js
[22m[39m‚úì Test database cleaned up
‚úì Test environment cleaned up


 [31m‚ùØ[39m tests/integration/handlers/auth-handlers.test.js [2m([22m[2m53 tests[22m[2m | [22m[31m7 failed[39m[2m)[22m[33m 109686[2mms[22m[39m
   [33m[2m‚úì[22m[39m POST /auth/register[2m > [22mshould register a new user with valid credentials [33m 1697[2mms[22m[39m
   [33m[2m‚úì[22m[39m POST /auth/register[2m > [22mshould reject registration with weak password [33m 1443[2mms[22m[39m
   [33m[2m‚úì[22m[39m POST /auth/register[2m > [22mshould reject registration with invalid email [33m 1610[2mms[22m[39m
   [33m[2m‚úì[22m[39m POST /auth/register[2m > [22mshould reject registration with duplicate email [33m 1958[2mms[22m[39m
   [33m[2m‚úì[22m[39m POST /auth/register[2m > [22mshould hash password with bcrypt [33m 2646[2mms[22m[39m
   [33m[2m‚úì[22m[39m POST /auth/register[2m > [22mshould normalize email to lowercase [33m 2044[2mms[22m[39m
   [33m[2m‚úì[22m[39m POST /auth/register[2m > [22mshould create verification token [33m 1903[2mms[22m[39m
[31m   [31m√ó[31m POST /auth/register[2m > [22mshould send verification email[39m[33m 1720[2mms[22m[39m
[31m     ‚Üí expected "spy" to be called with arguments: [ ObjectContaining{‚Ä¶}, Any<Object> ][90m

Number of calls: [1m0[22m
[31m[39m
   [33m[2m‚úì[22m[39m POST /auth/register[2m > [22mshould log registration event in audit log [33m 2418[2mms[22m[39m
   [33m[2m‚úì[22m[39m POST /auth/register[2m > [22mshould set default role to author if not specified [33m 1997[2mms[22m[39m
   [33m[2m‚úì[22m[39m POST /auth/login[2m > [22mshould login with valid credentials [33m 2158[2mms[22m[39m
   [33m[2m‚úì[22m[39m POST /auth/login[2m > [22mshould reject login with wrong password [33m 1907[2mms[22m[39m
   [33m[2m‚úì[22m[39m POST /auth/login[2m > [22mshould reject login with non-existent email [33m 1504[2mms[22m[39m
   [33m[2m‚úì[22m[39m POST /auth/login[2m > [22mshould reject login with unverified email [33m 1733[2mms[22m[39m
   [33m[2m‚úì[22m[39m POST /auth/login[2m > [22mshould rate limit after 5 failed attempts [33m 2025[2mms[22m[39m
[31m   [31m√ó[31m POST /auth/login[2m > [22mshould update last_login timestamp[39m[33m 1796[2mms[22m[39m
[31m     ‚Üí expected false to be true // Object.is equality[39m
   [33m[2m‚úì[22m[39m POST /auth/login[2m > [22mshould create session in Redis [33m 2035[2mms[22m[39m
   [33m[2m‚úì[22m[39m POST /auth/login[2m > [22mshould log successful login [33m 1760[2mms[22m[39m
[31m   [31m√ó[31m POST /auth/login[2m > [22mshould log failed login attempts[39m[33m 1654[2mms[22m[39m
[31m     ‚Üí expected 0 to be greater than 0[39m
   [33m[2m‚úì[22m[39m POST /auth/verify-email[2m > [22mshould verify email with valid token [33m 1559[2mms[22m[39m
   [33m[2m‚úì[22m[39m POST /auth/verify-email[2m > [22mshould reject invalid token [33m 1930[2mms[22m[39m
   [33m[2m‚úì[22m[39m POST /auth/verify-email[2m > [22mshould reject expired token [33m 2073[2mms[22m[39m
   [33m[2m‚úì[22m[39m POST /auth/verify-email[2m > [22mshould reject already used token [33m 1533[2mms[22m[39m
   [33m[2m‚úì[22m[39m POST /auth/verify-email[2m > [22mshould handle missing token [33m 1628[2mms[22m[39m
   [33m[2m‚úì[22m[39m POST /auth/verify-email[2m > [22mshould log email verification event [33m 2299[2mms[22m[39m
   [33m[2m‚úì[22m[39m POST /auth/request-password-reset[2m > [22mshould create password reset token for valid email [33m 2027[2mms[22m[39m
[31m   [31m√ó[31m POST /auth/request-password-reset[2m > [22mshould send password reset email[39m[33m 2160[2mms[22m[39m
[31m     ‚Üí expected "spy" to be called with arguments: [ ObjectContaining{‚Ä¶}, Any<Object> ][90m

Number of calls: [1m0[22m
[31m[39m
   [33m[2m‚úì[22m[39m POST /auth/request-password-reset[2m > [22mshould not reveal if email does not exist (security) [33m 1643[2mms[22m[39m
[31m   [31m√ó[31m POST /auth/request-password-reset[2m > [22mshould rate limit password reset requests[39m[33m 2855[2mms[22m[39m
[31m     ‚Üí expected 200 to be 429 // Object.is equality[39m
   [33m[2m‚úì[22m[39m POST /auth/request-password-reset[2m > [22mshould normalize email to lowercase [33m 3109[2mms[22m[39m
   [33m[2m‚úì[22m[39m POST /auth/request-password-reset[2m > [22mshould reject invalid email format [33m 1481[2mms[22m[39m
   [33m[2m‚úì[22m[39m POST /auth/request-password-reset[2m > [22mshould handle missing email [33m 2302[2mms[22m[39m
   [33m[2m‚úì[22m[39m POST /auth/request-password-reset[2m > [22mshould log password reset request [33m 1969[2mms[22m[39m
   [33m[2m‚úì[22m[39m POST /auth/reset-password[2m > [22mshould reset password with valid token [33m 1809[2mms[22m[39m
   [33m[2m‚úì[22m[39m POST /auth/reset-password[2m > [22mshould mark reset token as used [33m 2091[2mms[22m[39m
   [33m[2m‚úì[22m[39m POST /auth/reset-password[2m > [22mshould reject weak new password [33m 1901[2mms[22m[39m
   [33m[2m‚úì[22m[39m POST /auth/reset-password[2m > [22mshould reject invalid token [33m 1465[2mms[22m[39m
   [33m[2m‚úì[22m[39m POST /auth/reset-password[2m > [22mshould reject expired token [33m 2435[2mms[22m[39m
   [33m[2m‚úì[22m[39m POST /auth/reset-password[2m > [22mshould reject already used token [33m 1840[2mms[22m[39m
   [33m[2m‚úì[22m[39m POST /auth/reset-password[2m > [22mshould hash new password with bcrypt [33m 1818[2mms[22m[39m
   [33m[2m‚úì[22m[39m POST /auth/reset-password[2m > [22mshould log password reset event [33m 2456[2mms[22m[39m
   [33m[2m‚úì[22m[39m POST /auth/logout[2m > [22mshould logout and destroy session [33m 1516[2mms[22m[39m
   [33m[2m‚úì[22m[39m POST /auth/logout[2m > [22mshould clear session cookie [33m 2323[2mms[22m[39m
   [33m[2m‚úì[22m[39m POST /auth/logout[2m > [22mshould log logout event [33m 1538[2mms[22m[39m
   [33m[2m‚úì[22m[39m GET /auth/me[2m > [22mshould return current user with valid session [33m 1510[2mms[22m[39m
   [33m[2m‚úì[22m[39m GET /auth/me[2m > [22mshould not return password hash [33m 1619[2mms[22m[39m
   [33m[2m‚úì[22m[39m GET /auth/me[2m > [22mshould reject request without session [33m 2394[2mms[22m[39m
   [33m[2m‚úì[22m[39m GET /auth/me[2m > [22mshould reject request with invalid session [33m 1455[2mms[22m[39m
   [33m[2m‚úì[22m[39m GET /auth/me[2m > [22mshould return email verification status [33m 1487[2mms[22m[39m
[31m   [31m√ó[31m POST /auth/resend-verification[2m > [22mshould resend verification email for unverified user[39m[33m 2935[2mms[22m[39m
[31m     ‚Üí expected "spy" to be called with arguments: [ ObjectContaining{‚Ä¶}, Any<Object> ][90m

Number of calls: [1m0[22m
[31m[39m
   [33m[2m‚úì[22m[39m POST /auth/resend-verification[2m > [22mshould reject resend for already verified user [33m 1500[2mms[22m[39m
[31m   [31m√ó[31m POST /auth/resend-verification[2m > [22mshould rate limit resend requests[39m[33m 2907[2mms[22m[39m
[31m     ‚Üí expected 200 to be 429 // Object.is equality[39m
   [33m[2m‚úì[22m[39m POST /auth/resend-verification[2m > [22mshould not reveal if email does not exist (security) [33m 1733[2mms[22m[39m

[31m‚éØ‚éØ‚éØ‚éØ‚éØ‚éØ‚éØ[39m[1m[41m Failed Tests 7 [49m[22m[31m‚éØ‚éØ‚éØ‚éØ‚éØ‚éØ‚éØ[39m

[41m[1m FAIL [22m[49m tests/integration/handlers/auth-handlers.test.js[2m > [22mPOST /auth/register[2m > [22mshould send verification email
[31m[1mAssertionError[22m: expected "spy" to be called with arguments: [ ObjectContaining{‚Ä¶}, Any<Object> ][90m

Number of calls: [1m0[22m
[31m[39m
[36m [2m‚ùØ[22m tests/integration/handlers/auth-handlers.test.js:[2m219:52[22m[39m
    [90m217| [39m    [35mawait[39m authHandlers[33m.[39m[34mhandleRegister[39m(mockRequest[33m,[39m mockEnv)[33m;[39m
    [90m218| [39m
    [90m219| [39m    expect(mockEmailService.sendEmailVerification).toHaveBeenCalledWit‚Ä¶
    [90m   | [39m                                                   [31m^[39m
    [90m220| [39m      expect[33m.[39m[34mobjectContaining[39m({
    [90m221| [39m        userEmail[33m:[39m [32m'email-test@example.com'[39m[33m,[39m

[31m[2m‚éØ‚éØ‚éØ‚éØ‚éØ‚éØ‚éØ‚éØ‚éØ‚éØ‚éØ‚éØ‚éØ‚éØ‚éØ‚éØ‚éØ‚éØ‚éØ‚éØ‚éØ‚éØ‚éØ‚éØ[1/7]‚éØ[22m[39m

[41m[1m FAIL [22m[49m tests/integration/handlers/auth-handlers.test.js[2m > [22mPOST /auth/login[2m > [22mshould update last_login timestamp
[31m[1mAssertionError[22m: expected false to be true // Object.is equality[39m

[32m- Expected[39m
[31m+ Received[39m

[32m- true[39m
[31m+ false[39m

[36m [2m‚ùØ[22m tests/integration/handlers/auth-handlers.test.js:[2m418:38[22m[39m
    [90m416| [39m    [35mconst[39m lastLogin [33m=[39m [35mnew[39m [33mDate[39m(user[33m.[39mlast_login)[33m;[39m
    [90m417| [39m
    [90m418| [39m    [34mexpect[39m(lastLogin [33m>=[39m beforeLogin)[33m.[39m[34mtoBe[39m([35mtrue[39m)[33m;[39m
    [90m   | [39m                                     [31m^[39m
    [90m419| [39m  })[33m;[39m
    [90m420| [39m

[31m[2m‚éØ‚éØ‚éØ‚éØ‚éØ‚éØ‚éØ‚éØ‚éØ‚éØ‚éØ‚éØ‚éØ‚éØ‚éØ‚éØ‚éØ‚éØ‚éØ‚éØ‚éØ‚éØ‚éØ‚éØ[2/7]‚éØ[22m[39m

[41m[1m FAIL [22m[49m tests/integration/handlers/auth-handlers.test.js[2m > [22mPOST /auth/login[2m > [22mshould log failed login attempts
[31m[1mAssertionError[22m: expected 0 to be greater than 0[39m
[36m [2m‚ùØ[22m tests/integration/handlers/auth-handlers.test.js:[2m481:24[22m[39m
    [90m479| [39m
    [90m480| [39m    const auditCount = await countTestRecords('audit_log', { event_typ‚Ä¶
    [90m481| [39m    [34mexpect[39m(auditCount)[33m.[39m[34mtoBeGreaterThan[39m([34m0[39m)[33m;[39m
    [90m   | [39m                       [31m^[39m
    [90m482| [39m  })[33m;[39m
    [90m483| [39m})[33m;[39m

[31m[2m‚éØ‚éØ‚éØ‚éØ‚éØ‚éØ‚éØ‚éØ‚éØ‚éØ‚éØ‚éØ‚éØ‚éØ‚éØ‚éØ‚éØ‚éØ‚éØ‚éØ‚éØ‚éØ‚éØ‚éØ[3/7]‚éØ[22m[39m

[41m[1m FAIL [22m[49m tests/integration/handlers/auth-handlers.test.js[2m > [22mPOST /auth/request-password-reset[2m > [22mshould send password reset email
[31m[1mAssertionError[22m: expected "spy" to be called with arguments: [ ObjectContaining{‚Ä¶}, Any<Object> ][90m

Number of calls: [1m0[22m
[31m[39m
[36m [2m‚ùØ[22m tests/integration/handlers/auth-handlers.test.js:[2m679:53[22m[39m
    [90m677| [39m    await authHandlers.handleRequestPasswordReset(mockRequest, mockEnv‚Ä¶
    [90m678| [39m
    [90m679| [39m    expect(mockEmailService.sendPasswordResetEmail).toHaveBeenCalledWi‚Ä¶
    [90m   | [39m                                                    [31m^[39m
    [90m680| [39m      expect[33m.[39m[34mobjectContaining[39m({
    [90m681| [39m        userEmail[33m:[39m [32m'reset@example.com'[39m[33m,[39m

[31m[2m‚éØ‚éØ‚éØ‚éØ‚éØ‚éØ‚éØ‚éØ‚éØ‚éØ‚éØ‚éØ‚éØ‚éØ‚éØ‚éØ‚éØ‚éØ‚éØ‚éØ‚éØ‚éØ‚éØ‚éØ[4/7]‚éØ[22m[39m

[41m[1m FAIL [22m[49m tests/integration/handlers/auth-handlers.test.js[2m > [22mPOST /auth/request-password-reset[2m > [22mshould rate limit password reset requests
[31m[1mAssertionError[22m: expected 200 to be 429 // Object.is equality[39m

[32m- Expected[39m
[31m+ Received[39m

[32m- 429[39m
[31m+ 200[39m

[36m [2m‚ùØ[22m tests/integration/handlers/auth-handlers.test.js:[2m732:29[22m[39m
    [90m730| [39m    [35mconst[39m result [33m=[39m [35mawait[39m response[33m.[39m[34mjson[39m()[33m;[39m
    [90m731| [39m
    [90m732| [39m    [34mexpect[39m(response[33m.[39mstatus)[33m.[39m[34mtoBe[39m([34m429[39m)[33m;[39m
    [90m   | [39m                            [31m^[39m
    [90m733| [39m    [34mexpect[39m(result[33m.[39merror)[33m.[39m[34mtoMatch[39m([36m/too many.*requests/i[39m)[33m;[39m
    [90m734| [39m  })[33m;[39m

[31m[2m‚éØ‚éØ‚éØ‚éØ‚éØ‚éØ‚éØ‚éØ‚éØ‚éØ‚éØ‚éØ‚éØ‚éØ‚éØ‚éØ‚éØ‚éØ‚éØ‚éØ‚éØ‚éØ‚éØ‚éØ[5/7]‚éØ[22m[39m

[41m[1m FAIL [22m[49m tests/integration/handlers/auth-handlers.test.js[2m > [22mPOST /auth/resend-verification[2m > [22mshould resend verification email for unverified user
[31m[1mAssertionError[22m: expected "spy" to be called with arguments: [ ObjectContaining{‚Ä¶}, Any<Object> ][90m

Number of calls: [1m0[22m
[31m[39m
[36m [2m‚ùØ[22m tests/integration/handlers/auth-handlers.test.js:[2m1210:52[22m[39m
    [90m1208| [39m    [34mexpect[39m(result[33m.[39mmessage)[33m.[39m[34mtoMatch[39m([36m/verification.*sent/i[39m)[33m;[39m
    [90m1209| [39m
    [90m1210| [39m    expect(mockEmailService.sendEmailVerification).toHaveBeenCalledWit‚Ä¶
    [90m   | [39m                                                   [31m^[39m
    [90m1211| [39m      expect[33m.[39m[34mobjectContaining[39m({
    [90m1212| [39m        userEmail[33m:[39m [32m'resend@example.com'[39m[33m,[39m

[31m[2m‚éØ‚éØ‚éØ‚éØ‚éØ‚éØ‚éØ‚éØ‚éØ‚éØ‚éØ‚éØ‚éØ‚éØ‚éØ‚éØ‚éØ‚éØ‚éØ‚éØ‚éØ‚éØ‚éØ‚éØ[6/7]‚éØ[22m[39m

[41m[1m FAIL [22m[49m tests/integration/handlers/auth-handlers.test.js[2m > [22mPOST /auth/resend-verification[2m > [22mshould rate limit resend requests
[31m[1mAssertionError[22m: expected 200 to be 429 // Object.is equality[39m

[32m- Expected[39m
[31m+ Received[39m

[32m- 429[39m
[31m+ 200[39m

[36m [2m‚ùØ[22m tests/integration/handlers/auth-handlers.test.js:[2m1267:29[22m[39m
    [90m1265| [39m    [35mconst[39m result [33m=[39m [35mawait[39m response[33m.[39m[34mjson[39m()[33m;[39m
    [90m1266| [39m
    [90m1267| [39m    [34mexpect[39m(response[33m.[39mstatus)[33m.[39m[34mtoBe[39m([34m429[39m)[33m;[39m
    [90m   | [39m                            [31m^[39m
    [90m1268| [39m    [34mexpect[39m(result[33m.[39merror)[33m.[39m[34mtoMatch[39m([36m/too many.*requests/i[39m)[33m;[39m
    [90m1269| [39m  })[33m;[39m

[31m[2m‚éØ‚éØ‚éØ‚éØ‚éØ‚éØ‚éØ‚éØ‚éØ‚éØ‚éØ‚éØ‚éØ‚éØ‚éØ‚éØ‚éØ‚éØ‚éØ‚éØ‚éØ‚éØ‚éØ‚éØ[7/7]‚éØ[22m[39m


[2m Test Files [22m [1m[31m1 failed[39m[22m[90m (1)[39m
[2m      Tests [22m [1m[31m7 failed[39m[22m[2m | [22m[1m[32m46 passed[39m[22m[90m (53)[39m
[2m   Start at [22m 12:34:09
[2m   Duration [22m 114.64s[2m (transform 523ms, setup 4.15s, collect 123ms, tests 109.69s, environment 0ms, prepare 453ms)[22m

