
> manuscript-upload-api@1.0.0 test
> cross-env NODE_ENV=test TEST_DATABASE_URL=postgresql://postgres:Bjoran32!@127.0.0.1:5432/manuscript_platform_test vitest run


[1m[46m RUN [49m[22m [36mv3.2.4 [39m[90mD:/manuscript-platform[39m

[90mstdout[2m | tests/integration/handlers/auth-handlers.test.js
[22m[39m[dotenv@17.2.3] injecting env (0) from .env.local -- tip: üîë add access controls to secrets: https://dotenvx.com/ops

[90mstdout[2m | tests/integration/handlers/auth-handlers.test.js
[22m[39m
üß™ Setting up test environment...

[90mstdout[2m | tests/integration/handlers/auth-handlers.test.js
[22m[39m‚úì Test database connected

[90mstdout[2m | tests/integration/handlers/auth-handlers.test.js
[22m[39m  Applying base schema...

[90mstdout[2m | tests/integration/handlers/auth-handlers.test.js
[22m[39m  ‚úì Schema and migrations applied

[90mstdout[2m | tests/integration/handlers/auth-handlers.test.js
[22m[39m‚úì Migrations applied
‚úì Database adapter created (D1-compatible interface)

[90mstdout[2m | tests/integration/handlers/auth-handlers.test.js
[22m[39m‚úì Test database initialized
Initializing adapters...
‚úì Database adapter initialized
‚úì Storage adapter initialized
‚ö† Running in test mode without Redis - using in-memory session store

[90mstdout[2m | tests/integration/handlers/auth-handlers.test.js
[22m[39m‚úì Session store initialized
‚úì Cache adapter initialized
‚úì Queue service initialized
‚úì Environment initialized
‚úì Session middleware applied
[VirusScanner] Initializing ClamAV at localhost:3310...

[90mstdout[2m | tests/integration/handlers/auth-handlers.test.js
[22m[39m‚úì Server adapters initialized
‚úì Test environment ready


[90mstderr[2m | tests/integration/handlers/auth-handlers.test.js[2m > [22m[2mPOST /auth/register[2m > [22m[2mshould register a new user with valid credentials
[22m[39m[VirusScanner] Failed to initialize: 

[90mstderr[2m | tests/integration/handlers/auth-handlers.test.js[2m > [22m[2mPOST /auth/register[2m > [22m[2mshould register a new user with valid credentials
[22m[39m‚ö† Virus scanner initialization failed (uploads will continue without scanning)

[90mstdout[2m | tests/integration/handlers/auth-handlers.test.js[2m > [22m[2mPOST /auth/register[2m > [22m[2mshould register a new user with valid credentials
[22m[39m[Payment] Free subscription created for user 6ef636d3-09e0-44a5-b8ab-cb434583affc

[90mstderr[2m | tests/integration/handlers/auth-handlers.test.js[2m > [22m[2mPOST /auth/register[2m > [22m[2mshould register a new user with valid credentials
[22m[39m[Email] RESEND_API_KEY not configured

[90mstdout[2m | tests/integration/handlers/auth-handlers.test.js[2m > [22m[2mPOST /auth/register[2m > [22m[2mshould register a new user with valid credentials
[22m[39mVerification email sent to: newuser@example.com

[90mstdout[2m | tests/integration/handlers/auth-handlers.test.js[2m > [22m[2mPOST /auth/register[2m > [22m[2mshould reject registration with duplicate email
[22m[39m[Payment] Free subscription created for user ffe989b5-f741-468f-83b0-0ec111a14b25

[90mstderr[2m | tests/integration/handlers/auth-handlers.test.js[2m > [22m[2mPOST /auth/register[2m > [22m[2mshould reject registration with duplicate email
[22m[39m[Email] RESEND_API_KEY not configured

[90mstdout[2m | tests/integration/handlers/auth-handlers.test.js[2m > [22m[2mPOST /auth/register[2m > [22m[2mshould reject registration with duplicate email
[22m[39mVerification email sent to: duplicate@example.com

[90mstdout[2m | tests/integration/handlers/auth-handlers.test.js[2m > [22m[2mPOST /auth/register[2m > [22m[2mshould hash password with bcrypt
[22m[39m[Payment] Free subscription created for user 690b3174-fb19-4f97-8c49-c74e69d19fe1

[90mstderr[2m | tests/integration/handlers/auth-handlers.test.js[2m > [22m[2mPOST /auth/register[2m > [22m[2mshould hash password with bcrypt
[22m[39m[Email] RESEND_API_KEY not configured

[90mstdout[2m | tests/integration/handlers/auth-handlers.test.js[2m > [22m[2mPOST /auth/register[2m > [22m[2mshould hash password with bcrypt
[22m[39mVerification email sent to: bcrypt-test@example.com

[90mstdout[2m | tests/integration/handlers/auth-handlers.test.js[2m > [22m[2mPOST /auth/register[2m > [22m[2mshould normalize email to lowercase
[22m[39m[Payment] Free subscription created for user edc10f49-a109-422e-a9fe-dd0936b0641d

[90mstderr[2m | tests/integration/handlers/auth-handlers.test.js[2m > [22m[2mPOST /auth/register[2m > [22m[2mshould normalize email to lowercase
[22m[39m[Email] RESEND_API_KEY not configured

[90mstdout[2m | tests/integration/handlers/auth-handlers.test.js[2m > [22m[2mPOST /auth/register[2m > [22m[2mshould normalize email to lowercase
[22m[39mVerification email sent to: casesensitive@example.com

[90mstdout[2m | tests/integration/handlers/auth-handlers.test.js[2m > [22m[2mPOST /auth/register[2m > [22m[2mshould create verification token
[22m[39m[Payment] Free subscription created for user b7bb9f93-3197-4626-b165-7cd054d8e38b

[90mstderr[2m | tests/integration/handlers/auth-handlers.test.js[2m > [22m[2mPOST /auth/register[2m > [22m[2mshould create verification token
[22m[39m[Email] RESEND_API_KEY not configured

[90mstdout[2m | tests/integration/handlers/auth-handlers.test.js[2m > [22m[2mPOST /auth/register[2m > [22m[2mshould create verification token
[22m[39mVerification email sent to: verify-test@example.com

[90mstdout[2m | tests/integration/handlers/auth-handlers.test.js[2m > [22m[2mPOST /auth/register[2m > [22m[2mshould send verification email
[22m[39m[Payment] Free subscription created for user 3f79a14b-3983-47ec-8ecb-664dac4bc3de

[90mstderr[2m | tests/integration/handlers/auth-handlers.test.js[2m > [22m[2mPOST /auth/register[2m > [22m[2mshould send verification email
[22m[39m[Email] RESEND_API_KEY not configured

[90mstdout[2m | tests/integration/handlers/auth-handlers.test.js[2m > [22m[2mPOST /auth/register[2m > [22m[2mshould send verification email
[22m[39mVerification email sent to: email-test@example.com

[90mstdout[2m | tests/integration/handlers/auth-handlers.test.js[2m > [22m[2mPOST /auth/register[2m > [22m[2mshould log registration event in audit log
[22m[39m[Payment] Free subscription created for user 5293c6f0-2f3e-4012-99a8-ce9116fd34e0

[90mstderr[2m | tests/integration/handlers/auth-handlers.test.js[2m > [22m[2mPOST /auth/register[2m > [22m[2mshould log registration event in audit log
[22m[39m[Email] RESEND_API_KEY not configured

[90mstdout[2m | tests/integration/handlers/auth-handlers.test.js[2m > [22m[2mPOST /auth/register[2m > [22m[2mshould log registration event in audit log
[22m[39mVerification email sent to: audit-test@example.com

[90mstdout[2m | tests/integration/handlers/auth-handlers.test.js[2m > [22m[2mPOST /auth/register[2m > [22m[2mshould set default role to author if not specified
[22m[39m[Payment] Free subscription created for user 2cc5d9db-e7d5-4242-bed3-d7ef962f985f

[90mstderr[2m | tests/integration/handlers/auth-handlers.test.js[2m > [22m[2mPOST /auth/register[2m > [22m[2mshould set default role to author if not specified
[22m[39m[Email] RESEND_API_KEY not configured

[90mstdout[2m | tests/integration/handlers/auth-handlers.test.js[2m > [22m[2mPOST /auth/register[2m > [22m[2mshould set default role to author if not specified
[22m[39mVerification email sent to: default-role@example.com

[90mstdout[2m | tests/integration/handlers/auth-handlers.test.js[2m > [22m[2mPOST /auth/login[2m > [22m[2mshould login with valid credentials
[22m[39m[Audit] Skipping audit log for login_failed - no valid user_id

[90mstdout[2m | tests/integration/handlers/auth-handlers.test.js[2m > [22m[2mPOST /auth/login[2m > [22m[2mshould reject login with wrong password
[22m[39m[Audit] Skipping audit log for login_failed - no valid user_id

[90mstdout[2m | tests/integration/handlers/auth-handlers.test.js[2m > [22m[2mPOST /auth/login[2m > [22m[2mshould reject login with non-existent email
[22m[39m[Audit] Skipping audit log for login_failed - no valid user_id

[90mstdout[2m | tests/integration/handlers/auth-handlers.test.js[2m > [22m[2mPOST /auth/login[2m > [22m[2mshould reject login with unverified email
[22m[39m[Audit] Skipping audit log for login_failed - no valid user_id

[90mstdout[2m | tests/integration/handlers/auth-handlers.test.js[2m > [22m[2mPOST /auth/login[2m > [22m[2mshould rate limit after 5 failed attempts
[22m[39m[Audit] Skipping audit log for login_failed - no valid user_id

[90mstdout[2m | tests/integration/handlers/auth-handlers.test.js[2m > [22m[2mPOST /auth/login[2m > [22m[2mshould rate limit after 5 failed attempts
[22m[39m[Audit] Skipping audit log for login_failed - no valid user_id

[90mstdout[2m | tests/integration/handlers/auth-handlers.test.js[2m > [22m[2mPOST /auth/login[2m > [22m[2mshould rate limit after 5 failed attempts
[22m[39m[Audit] Skipping audit log for login_failed - no valid user_id

[90mstdout[2m | tests/integration/handlers/auth-handlers.test.js[2m > [22m[2mPOST /auth/login[2m > [22m[2mshould rate limit after 5 failed attempts
[22m[39m[Audit] Skipping audit log for login_failed - no valid user_id

[90mstdout[2m | tests/integration/handlers/auth-handlers.test.js[2m > [22m[2mPOST /auth/login[2m > [22m[2mshould rate limit after 5 failed attempts
[22m[39m[Audit] Skipping audit log for login_failed - no valid user_id

[90mstdout[2m | tests/integration/handlers/auth-handlers.test.js[2m > [22m[2mPOST /auth/login[2m > [22m[2mshould update last_login timestamp
[22m[39m[Audit] Skipping audit log for login_failed - no valid user_id

[90mstdout[2m | tests/integration/handlers/auth-handlers.test.js[2m > [22m[2mPOST /auth/login[2m > [22m[2mshould create session in Redis
[22m[39m[Audit] Skipping audit log for login_failed - no valid user_id

[90mstdout[2m | tests/integration/handlers/auth-handlers.test.js[2m > [22m[2mPOST /auth/login[2m > [22m[2mshould log successful login
[22m[39m[Audit] Skipping audit log for login_failed - no valid user_id

[90mstdout[2m | tests/integration/handlers/auth-handlers.test.js[2m > [22m[2mPOST /auth/login[2m > [22m[2mshould log failed login attempts
[22m[39m[Audit] Skipping audit log for login_failed - no valid user_id

[90mstderr[2m | tests/integration/handlers/auth-handlers.test.js[2m > [22m[2mPOST /auth/verify-email[2m > [22m[2mshould verify email with valid token
[22m[39mEmail verification error: TypeError: Invalid URL
[90m    at new URL (node:internal/url:825:25)[39m
    at Module.handleVerifyEmail [90m(D:\manuscript-platform\[39msrc\handlers\auth-handlers.js:425:17[90m)[39m
    at [90mD:\manuscript-platform\[39mtests\integration\handlers\auth-handlers.test.js:519:41
    at [90mfile:///D:/manuscript-platform/[39mnode_modules/[4m@vitest/runner[24m/dist/chunk-hooks.js:155:11
    at [90mfile:///D:/manuscript-platform/[39mnode_modules/[4m@vitest/runner[24m/dist/chunk-hooks.js:752:26
    at [90mfile:///D:/manuscript-platform/[39mnode_modules/[4m@vitest/runner[24m/dist/chunk-hooks.js:1897:20
    at new Promise (<anonymous>)
    at runWithTimeout [90m(file:///D:/manuscript-platform/[39mnode_modules/[4m@vitest/runner[24m/dist/chunk-hooks.js:1863:10[90m)[39m
    at runTest [90m(file:///D:/manuscript-platform/[39mnode_modules/[4m@vitest/runner[24m/dist/chunk-hooks.js:1574:12[90m)[39m
    at runSuite [90m(file:///D:/manuscript-platform/[39mnode_modules/[4m@vitest/runner[24m/dist/chunk-hooks.js:1729:8[90m)[39m
    at runSuite [90m(file:///D:/manuscript-platform/[39mnode_modules/[4m@vitest/runner[24m/dist/chunk-hooks.js:1729:8[90m)[39m
    at runFiles [90m(file:///D:/manuscript-platform/[39mnode_modules/[4m@vitest/runner[24m/dist/chunk-hooks.js:1787:3[90m)[39m
    at startTests [90m(file:///D:/manuscript-platform/[39mnode_modules/[4m@vitest/runner[24m/dist/chunk-hooks.js:1820:3[90m)[39m
    at [90mfile:///D:/manuscript-platform/[39mnode_modules/[4mvitest[24m/dist/chunks/runBaseTests.9Ij9_de-.js:117:26
    at withEnv [90m(file:///D:/manuscript-platform/[39mnode_modules/[4mvitest[24m/dist/chunks/runBaseTests.9Ij9_de-.js:84:3[90m)[39m
    at run [90m(file:///D:/manuscript-platform/[39mnode_modules/[4mvitest[24m/dist/chunks/runBaseTests.9Ij9_de-.js:109:2[90m)[39m {
  code: [32m'ERR_INVALID_URL'[39m,
  input: [32m'undefined'[39m
}

[90mstderr[2m | tests/integration/handlers/auth-handlers.test.js[2m > [22m[2mPOST /auth/verify-email[2m > [22m[2mshould reject invalid token
[22m[39mEmail verification error: TypeError: Invalid URL
[90m    at new URL (node:internal/url:825:25)[39m
    at Module.handleVerifyEmail [90m(D:\manuscript-platform\[39msrc\handlers\auth-handlers.js:425:17[90m)[39m
    at [90mD:\manuscript-platform\[39mtests\integration\handlers\auth-handlers.test.js:543:41
    at [90mfile:///D:/manuscript-platform/[39mnode_modules/[4m@vitest/runner[24m/dist/chunk-hooks.js:155:11
    at [90mfile:///D:/manuscript-platform/[39mnode_modules/[4m@vitest/runner[24m/dist/chunk-hooks.js:752:26
    at [90mfile:///D:/manuscript-platform/[39mnode_modules/[4m@vitest/runner[24m/dist/chunk-hooks.js:1897:20
    at new Promise (<anonymous>)
    at runWithTimeout [90m(file:///D:/manuscript-platform/[39mnode_modules/[4m@vitest/runner[24m/dist/chunk-hooks.js:1863:10[90m)[39m
    at runTest [90m(file:///D:/manuscript-platform/[39mnode_modules/[4m@vitest/runner[24m/dist/chunk-hooks.js:1574:12[90m)[39m
    at runSuite [90m(file:///D:/manuscript-platform/[39mnode_modules/[4m@vitest/runner[24m/dist/chunk-hooks.js:1729:8[90m)[39m
    at runSuite [90m(file:///D:/manuscript-platform/[39mnode_modules/[4m@vitest/runner[24m/dist/chunk-hooks.js:1729:8[90m)[39m
    at runFiles [90m(file:///D:/manuscript-platform/[39mnode_modules/[4m@vitest/runner[24m/dist/chunk-hooks.js:1787:3[90m)[39m
    at startTests [90m(file:///D:/manuscript-platform/[39mnode_modules/[4m@vitest/runner[24m/dist/chunk-hooks.js:1820:3[90m)[39m
    at [90mfile:///D:/manuscript-platform/[39mnode_modules/[4mvitest[24m/dist/chunks/runBaseTests.9Ij9_de-.js:117:26
    at withEnv [90m(file:///D:/manuscript-platform/[39mnode_modules/[4mvitest[24m/dist/chunks/runBaseTests.9Ij9_de-.js:84:3[90m)[39m
    at run [90m(file:///D:/manuscript-platform/[39mnode_modules/[4mvitest[24m/dist/chunks/runBaseTests.9Ij9_de-.js:109:2[90m)[39m {
  code: [32m'ERR_INVALID_URL'[39m,
  input: [32m'undefined'[39m
}

[90mstderr[2m | tests/integration/handlers/auth-handlers.test.js[2m > [22m[2mPOST /auth/verify-email[2m > [22m[2mshould reject expired token
[22m[39mEmail verification error: TypeError: Invalid URL
[90m    at new URL (node:internal/url:825:25)[39m
    at Module.handleVerifyEmail [90m(D:\manuscript-platform\[39msrc\handlers\auth-handlers.js:425:17[90m)[39m
    at [90mD:\manuscript-platform\[39mtests\integration\handlers\auth-handlers.test.js:566:41
    at [90mfile:///D:/manuscript-platform/[39mnode_modules/[4m@vitest/runner[24m/dist/chunk-hooks.js:752:20 {
  code: [32m'ERR_INVALID_URL'[39m,
  input: [32m'undefined'[39m
}

[90mstderr[2m | tests/integration/handlers/auth-handlers.test.js[2m > [22m[2mPOST /auth/verify-email[2m > [22m[2mshould handle missing token
[22m[39mEmail verification error: TypeError: Invalid URL
[90m    at new URL (node:internal/url:825:25)[39m
    at Module.handleVerifyEmail [90m(D:\manuscript-platform\[39msrc\handlers\auth-handlers.js:425:17[90m)[39m
    at [90mD:\manuscript-platform\[39mtests\integration\handlers\auth-handlers.test.js:602:41
    at [90mfile:///D:/manuscript-platform/[39mnode_modules/[4m@vitest/runner[24m/dist/chunk-hooks.js:155:11
    at [90mfile:///D:/manuscript-platform/[39mnode_modules/[4m@vitest/runner[24m/dist/chunk-hooks.js:752:26
    at [90mfile:///D:/manuscript-platform/[39mnode_modules/[4m@vitest/runner[24m/dist/chunk-hooks.js:1897:20
    at new Promise (<anonymous>)
    at runWithTimeout [90m(file:///D:/manuscript-platform/[39mnode_modules/[4m@vitest/runner[24m/dist/chunk-hooks.js:1863:10[90m)[39m
    at runTest [90m(file:///D:/manuscript-platform/[39mnode_modules/[4m@vitest/runner[24m/dist/chunk-hooks.js:1574:12[90m)[39m
    at runSuite [90m(file:///D:/manuscript-platform/[39mnode_modules/[4m@vitest/runner[24m/dist/chunk-hooks.js:1729:8[90m)[39m
    at runSuite [90m(file:///D:/manuscript-platform/[39mnode_modules/[4m@vitest/runner[24m/dist/chunk-hooks.js:1729:8[90m)[39m
    at runFiles [90m(file:///D:/manuscript-platform/[39mnode_modules/[4m@vitest/runner[24m/dist/chunk-hooks.js:1787:3[90m)[39m
    at startTests [90m(file:///D:/manuscript-platform/[39mnode_modules/[4m@vitest/runner[24m/dist/chunk-hooks.js:1820:3[90m)[39m
    at [90mfile:///D:/manuscript-platform/[39mnode_modules/[4mvitest[24m/dist/chunks/runBaseTests.9Ij9_de-.js:117:26
    at withEnv [90m(file:///D:/manuscript-platform/[39mnode_modules/[4mvitest[24m/dist/chunks/runBaseTests.9Ij9_de-.js:84:3[90m)[39m
    at run [90m(file:///D:/manuscript-platform/[39mnode_modules/[4mvitest[24m/dist/chunks/runBaseTests.9Ij9_de-.js:109:2[90m)[39m {
  code: [32m'ERR_INVALID_URL'[39m,
  input: [32m'undefined'[39m
}

[90mstderr[2m | tests/integration/handlers/auth-handlers.test.js[2m > [22m[2mPOST /auth/verify-email[2m > [22m[2mshould log email verification event
[22m[39mEmail verification error: TypeError: Invalid URL
[90m    at new URL (node:internal/url:825:25)[39m
    at Module.handleVerifyEmail [90m(D:\manuscript-platform\[39msrc\handlers\auth-handlers.js:425:17[90m)[39m
    at [90mD:\manuscript-platform\[39mtests\integration\handlers\auth-handlers.test.js:618:24
    at [90mfile:///D:/manuscript-platform/[39mnode_modules/[4m@vitest/runner[24m/dist/chunk-hooks.js:155:11
    at [90mfile:///D:/manuscript-platform/[39mnode_modules/[4m@vitest/runner[24m/dist/chunk-hooks.js:752:26
    at [90mfile:///D:/manuscript-platform/[39mnode_modules/[4m@vitest/runner[24m/dist/chunk-hooks.js:1897:20
    at new Promise (<anonymous>)
    at runWithTimeout [90m(file:///D:/manuscript-platform/[39mnode_modules/[4m@vitest/runner[24m/dist/chunk-hooks.js:1863:10[90m)[39m
    at runTest [90m(file:///D:/manuscript-platform/[39mnode_modules/[4m@vitest/runner[24m/dist/chunk-hooks.js:1574:12[90m)[39m
    at runSuite [90m(file:///D:/manuscript-platform/[39mnode_modules/[4m@vitest/runner[24m/dist/chunk-hooks.js:1729:8[90m)[39m
    at runSuite [90m(file:///D:/manuscript-platform/[39mnode_modules/[4m@vitest/runner[24m/dist/chunk-hooks.js:1729:8[90m)[39m
    at runFiles [90m(file:///D:/manuscript-platform/[39mnode_modules/[4m@vitest/runner[24m/dist/chunk-hooks.js:1787:3[90m)[39m
    at startTests [90m(file:///D:/manuscript-platform/[39mnode_modules/[4m@vitest/runner[24m/dist/chunk-hooks.js:1820:3[90m)[39m
    at [90mfile:///D:/manuscript-platform/[39mnode_modules/[4mvitest[24m/dist/chunks/runBaseTests.9Ij9_de-.js:117:26
    at withEnv [90m(file:///D:/manuscript-platform/[39mnode_modules/[4mvitest[24m/dist/chunks/runBaseTests.9Ij9_de-.js:84:3[90m)[39m
    at run [90m(file:///D:/manuscript-platform/[39mnode_modules/[4mvitest[24m/dist/chunks/runBaseTests.9Ij9_de-.js:109:2[90m)[39m {
  code: [32m'ERR_INVALID_URL'[39m,
  input: [32m'undefined'[39m
}

[90mstdout[2m | tests/integration/handlers/auth-handlers.test.js
[22m[39m
üßπ Tearing down test environment...

[90mstdout[2m | tests/integration/handlers/auth-handlers.test.js
[22m[39m‚úì Test database cleaned

[90mstdout[2m | tests/integration/handlers/auth-handlers.test.js
[22m[39m‚úì Database adapter closed

[90mstdout[2m | tests/integration/handlers/auth-handlers.test.js
[22m[39m‚úì Test database disconnected

[90mstdout[2m | tests/integration/handlers/auth-handlers.test.js
[22m[39m‚úì Test database cleaned up
‚úì Test environment cleaned up


 [31m‚ùØ[39m tests/integration/handlers/auth-handlers.test.js [2m([22m[2m53 tests[22m[2m | [22m[31m38 failed[39m[2m)[22m[33m 101991[2mms[22m[39m
[31m   [31m√ó[31m POST /auth/register[2m > [22mshould register a new user with valid credentials[39m[33m 1873[2mms[22m[39m
[31m     ‚Üí expected 'Registration successful. Please check‚Ä¶' to match /registered successfully/i[39m
   [33m[2m‚úì[22m[39m POST /auth/register[2m > [22mshould reject registration with weak password [33m 1856[2mms[22m[39m
   [33m[2m‚úì[22m[39m POST /auth/register[2m > [22mshould reject registration with invalid email [33m 1466[2mms[22m[39m
[31m   [31m√ó[31m POST /auth/register[2m > [22mshould reject registration with duplicate email[39m[33m 1834[2mms[22m[39m
[31m     ‚Üí expected 201 to be 409 // Object.is equality[39m
[31m   [31m√ó[31m POST /auth/register[2m > [22mshould hash password with bcrypt[39m[33m 2139[2mms[22m[39m
[31m     ‚Üí expected '$2b$12$yRqNI0QbwHzpZ2EhCakBzeiibhuMbK‚Ä¶' to match /^\$2[ab]\$10\$/[39m
   [33m[2m‚úì[22m[39m POST /auth/register[2m > [22mshould normalize email to lowercase [33m 2709[2mms[22m[39m
[31m   [31m√ó[31m POST /auth/register[2m > [22mshould create verification token[39m[33m 1799[2mms[22m[39m
[31m     ‚Üí expected +0 to be false // Object.is equality[39m
[31m   [31m√ó[31m POST /auth/register[2m > [22mshould send verification email[39m[33m 2488[2mms[22m[39m
[31m     ‚Üí expected "spy" to be called with arguments: [ ObjectContaining{‚Ä¶}, Any<Object> ][90m

Number of calls: [1m0[22m
[31m[39m
   [33m[2m‚úì[22m[39m POST /auth/register[2m > [22mshould log registration event in audit log [33m 1930[2mms[22m[39m
   [33m[2m‚úì[22m[39m POST /auth/register[2m > [22mshould set default role to author if not specified [33m 2329[2mms[22m[39m
[31m   [31m√ó[31m POST /auth/login[2m > [22mshould login with valid credentials[39m[33m 2521[2mms[22m[39m
[31m     ‚Üí expected 400 to be 200 // Object.is equality[39m
   [33m[2m‚úì[22m[39m POST /auth/login[2m > [22mshould reject login with wrong password [33m 1490[2mms[22m[39m
   [33m[2m‚úì[22m[39m POST /auth/login[2m > [22mshould reject login with non-existent email [33m 1553[2mms[22m[39m
[31m   [31m√ó[31m POST /auth/login[2m > [22mshould reject login with unverified email[39m[33m 1559[2mms[22m[39m
[31m     ‚Üí expected 400 to be 403 // Object.is equality[39m
   [33m[2m‚úì[22m[39m POST /auth/login[2m > [22mshould rate limit after 5 failed attempts [33m 1424[2mms[22m[39m
[31m   [31m√ó[31m POST /auth/login[2m > [22mshould update last_login timestamp[39m[33m 1527[2mms[22m[39m
[31m     ‚Üí Cannot read properties of null (reading 'last_login')[39m
[31m   [31m√ó[31m POST /auth/login[2m > [22mshould create session in Redis[39m[33m 2305[2mms[22m[39m
[31m     ‚Üí Cannot read properties of null (reading 'match')[39m
[31m   [31m√ó[31m POST /auth/login[2m > [22mshould log successful login[39m[33m 1472[2mms[22m[39m
[31m     ‚Üí expected 0 to be greater than 0[39m
[31m   [31m√ó[31m POST /auth/login[2m > [22mshould log failed login attempts[39m[33m 1633[2mms[22m[39m
[31m     ‚Üí expected 0 to be greater than 0[39m
[31m   [31m√ó[31m POST /auth/verify-email[2m > [22mshould verify email with valid token[39m[33m 2113[2mms[22m[39m
[31m     ‚Üí expected 500 to be 200 // Object.is equality[39m
[31m   [31m√ó[31m POST /auth/verify-email[2m > [22mshould reject invalid token[39m[33m 1430[2mms[22m[39m
[31m     ‚Üí expected 500 to be 400 // Object.is equality[39m
[31m   [31m√ó[31m POST /auth/verify-email[2m > [22mshould reject expired token[39m[33m 1464[2mms[22m[39m
[31m     ‚Üí expected 500 to be 400 // Object.is equality[39m
[31m   [31m√ó[31m POST /auth/verify-email[2m > [22mshould reject already used token[39m[33m 1660[2mms[22m[39m
[31m     ‚Üí column "used" is of type integer but expression is of type boolean[39m
[31m   [31m√ó[31m POST /auth/verify-email[2m > [22mshould handle missing token[39m[33m 2244[2mms[22m[39m
[31m     ‚Üí expected 500 to be 400 // Object.is equality[39m
[31m   [31m√ó[31m POST /auth/verify-email[2m > [22mshould log email verification event[39m[33m 1449[2mms[22m[39m
[31m     ‚Üí expected 0 to be greater than 0[39m
[31m   [31m√ó[31m POST /auth/request-password-reset[2m > [22mshould create password reset token for valid email[39m[33m 1416[2mms[22m[39m
[31m     ‚Üí expected 0 to be greater than 0[39m
[31m   [31m√ó[31m POST /auth/request-password-reset[2m > [22mshould send password reset email[39m[33m 2238[2mms[22m[39m
[31m     ‚Üí expected "spy" to be called with arguments: [ ObjectContaining{‚Ä¶}, Any<Object> ][90m

Number of calls: [1m0[22m
[31m[39m
   [33m[2m‚úì[22m[39m POST /auth/request-password-reset[2m > [22mshould not reveal if email does not exist (security) [33m 2153[2mms[22m[39m
[31m   [31m√ó[31m POST /auth/request-password-reset[2m > [22mshould rate limit password reset requests[39m[33m 1449[2mms[22m[39m
[31m     ‚Üí expected 200 to be 429 // Object.is equality[39m
   [33m[2m‚úì[22m[39m POST /auth/request-password-reset[2m > [22mshould normalize email to lowercase [33m 1826[2mms[22m[39m
   [33m[2m‚úì[22m[39m POST /auth/request-password-reset[2m > [22mshould reject invalid email format [33m 1500[2mms[22m[39m
[31m   [31m√ó[31m POST /auth/request-password-reset[2m > [22mshould handle missing email[39m[33m 1432[2mms[22m[39m
[31m     ‚Üí expected 'Invalid email address' to match /email.*required/i[39m
[31m   [31m√ó[31m POST /auth/request-password-reset[2m > [22mshould log password reset request[39m[33m 1855[2mms[22m[39m
[31m     ‚Üí expected 0 to be greater than 0[39m
[31m   [31m√ó[31m POST /auth/reset-password[2m > [22mshould reset password with valid token[39m[33m 2527[2mms[22m[39m
[31m     ‚Üí handleResetPassword is not a function[39m
[31m   [31m√ó[31m POST /auth/reset-password[2m > [22mshould mark reset token as used[39m[33m 1441[2mms[22m[39m
[31m     ‚Üí handleResetPassword is not a function[39m
[31m   [31m√ó[31m POST /auth/reset-password[2m > [22mshould reject weak new password[39m[33m 1907[2mms[22m[39m
[31m     ‚Üí handleResetPassword is not a function[39m
[31m   [31m√ó[31m POST /auth/reset-password[2m > [22mshould reject invalid token[39m[33m 1463[2mms[22m[39m
[31m     ‚Üí handleResetPassword is not a function[39m
[31m   [31m√ó[31m POST /auth/reset-password[2m > [22mshould reject expired token[39m[33m 1472[2mms[22m[39m
[31m     ‚Üí handleResetPassword is not a function[39m
[31m   [31m√ó[31m POST /auth/reset-password[2m > [22mshould reject already used token[39m[33m 2396[2mms[22m[39m
[31m     ‚Üí column "used" is of type integer but expression is of type boolean[39m
[31m   [31m√ó[31m POST /auth/reset-password[2m > [22mshould hash new password with bcrypt[39m[33m 1712[2mms[22m[39m
[31m     ‚Üí handleResetPassword is not a function[39m
[31m   [31m√ó[31m POST /auth/reset-password[2m > [22mshould log password reset event[39m[33m 1426[2mms[22m[39m
[31m     ‚Üí handleResetPassword is not a function[39m
[31m   [31m√ó[31m POST /auth/logout[2m > [22mshould logout and destroy session[39m[33m 1553[2mms[22m[39m
[31m     ‚Üí expected 401 to be 200 // Object.is equality[39m
[31m   [31m√ó[31m POST /auth/logout[2m > [22mshould clear session cookie[39m[33m 2321[2mms[22m[39m
[31m     ‚Üí the given combination of arguments (null and string) is invalid for this assertion. You can use an array, a map, an object, a set, a string, or a weakset instead of a string[39m
[31m   [31m√ó[31m POST /auth/logout[2m > [22mshould log logout event[39m[33m 1618[2mms[22m[39m
[31m     ‚Üí expected 0 to be greater than 0[39m
[31m   [31m√ó[31m GET /auth/me[2m > [22mshould return current user with valid session[39m[33m 1564[2mms[22m[39m
[31m     ‚Üí expected 401 to be 200 // Object.is equality[39m
   [33m[2m‚úì[22m[39m GET /auth/me[2m > [22mshould not return password hash [33m 2493[2mms[22m[39m
   [33m[2m‚úì[22m[39m GET /auth/me[2m > [22mshould reject request without session [33m 1469[2mms[22m[39m
   [33m[2m‚úì[22m[39m GET /auth/me[2m > [22mshould reject request with invalid session [33m 1439[2mms[22m[39m
[31m   [31m√ó[31m GET /auth/me[2m > [22mshould return email verification status[39m[33m 2538[2mms[22m[39m
[31m     ‚Üí expected undefined to be defined[39m
[31m   [31m√ó[31m POST /auth/resend-verification[2m > [22mshould resend verification email for unverified user[39m[33m 1522[2mms[22m[39m
[31m     ‚Üí expected "spy" to be called with arguments: [ ObjectContaining{‚Ä¶}, Any<Object> ][90m

Number of calls: [1m0[22m
[31m[39m
[31m   [31m√ó[31m POST /auth/resend-verification[2m > [22mshould reject resend for already verified user[39m[33m 1412[2mms[22m[39m
[31m     ‚Üí column "email_verified" is of type integer but expression is of type boolean[39m
[31m   [31m√ó[31m POST /auth/resend-verification[2m > [22mshould rate limit resend requests[39m[33m 2199[2mms[22m[39m
[31m     ‚Üí expected 200 to be 429 // Object.is equality[39m
   [33m[2m‚úì[22m[39m POST /auth/resend-verification[2m > [22mshould not reveal if email does not exist (security) [33m 1619[2mms[22m[39m
[90mstdout[2m | tests/integration/handlers/payment-handlers.test.js
[22m[39m[dotenv@17.2.3] injecting env (0) from .env.local -- tip: üîê prevent committing .env to code: https://dotenvx.com/precommit

[90mstdout[2m | tests/integration/handlers/payment-handlers.test.js
[22m[39m
üß™ Setting up test environment...

[90mstdout[2m | tests/integration/handlers/payment-handlers.test.js
[22m[39m‚úì Test database connected

[90mstdout[2m | tests/integration/handlers/payment-handlers.test.js
[22m[39m  Applying base schema...

[90mstdout[2m | tests/integration/handlers/payment-handlers.test.js
[22m[39m  ‚úì Schema and migrations applied

[90mstdout[2m | tests/integration/handlers/payment-handlers.test.js
[22m[39m‚úì Migrations applied
‚úì Database adapter created (D1-compatible interface)

[90mstdout[2m | tests/integration/handlers/payment-handlers.test.js
[22m[39m‚úì Test database initialized
Initializing adapters...
‚úì Database adapter initialized
‚úì Storage adapter initialized
‚ö† Running in test mode without Redis - using in-memory session store

[90mstdout[2m | tests/integration/handlers/payment-handlers.test.js
[22m[39m‚úì Session store initialized
‚úì Cache adapter initialized
‚úì Queue service initialized
‚úì Environment initialized
‚úì Session middleware applied
[VirusScanner] Initializing ClamAV at localhost:3310...

[90mstdout[2m | tests/integration/handlers/payment-handlers.test.js
[22m[39m‚úì Server adapters initialized
‚úì Test environment ready


[90mstderr[2m | tests/integration/handlers/payment-handlers.test.js[2m > [22m[2mPayment & Webhook Handlers[2m > [22m[2mPOST /create-checkout-session[2m > [22m[2mshould create checkout session for valid subscription
[22m[39m[VirusScanner] Failed to initialize: 

[90mstderr[2m | tests/integration/handlers/payment-handlers.test.js[2m > [22m[2mPayment & Webhook Handlers[2m > [22m[2mPOST /create-checkout-session[2m > [22m[2mshould create checkout session for valid subscription
[22m[39m‚ö† Virus scanner initialization failed (uploads will continue without scanning)

[0mPOST /auth/login [32m200[0m 279.478 ms - 128[0m
[0mPOST /create-checkout-session [33m404[0m 3.642 ms - 55[0m
[0mPOST /auth/login [32m200[0m 127.102 ms - 128[0m
[0mPOST /create-checkout-session [33m404[0m 1.708 ms - 55[0m
[0mPOST /auth/login [32m200[0m 69.034 ms - 128[0m
[0mPOST /create-checkout-session [33m404[0m 0.709 ms - 55[0m
[0mPOST /auth/login [32m200[0m 67.126 ms - 128[0m
[0mPOST /create-checkout-session [33m404[0m 0.566 ms - 55[0m
[0mPOST /auth/login [32m200[0m 237.875 ms - 128[0m
[0mPOST /create-checkout-session [33m404[0m 0.661 ms - 55[0m
[0mPOST /auth/login [32m200[0m 359.443 ms - 128[0m
[0mPOST /create-checkout-session [33m404[0m 0.440 ms - 55[0m
[0mPOST /auth/login [32m200[0m 86.749 ms - 128[0m
[0mPOST /create-checkout-session [33m404[0m 0.791 ms - 55[0m
[0mPOST /auth/login [32m200[0m 75.693 ms - 128[0m
[0mPOST /create-checkout-session [33m404[0m 1.116 ms - 55[0m
[0mPOST /auth/login [32m200[0m 77.538 ms - 128[0m
[0mPOST /create-checkout-session [33m404[0m 0.891 ms - 55[0m
[0mPOST /auth/login [32m200[0m 66.710 ms - 128[0m
[0mPOST /create-checkout-session [33m404[0m 0.420 ms - 55[0m
[90mstderr[2m | tests/integration/handlers/payment-handlers.test.js[2m > [22m[2mPayment & Webhook Handlers[2m > [22m[2mPOST /webhooks/stripe - Signature Verification[2m > [22m[2mshould accept webhook with valid signature
[22m[39m[Webhook] Signature verification failed: No signatures found matching the expected signature for payload. Are you passing the raw request body you received from Stripe? 
 If a webhook request is being forwarded by a third-party tool, ensure that the exact request body, including JSON formatting and new line style, is preserved.

Learn more about webhook signing and explore webhook integration examples for various frameworks at https://docs.stripe.com/webhooks/signature


[0mPOST /webhooks/stripe [33m400[0m 3.285 ms - 29[0m
[90mstderr[2m | tests/integration/handlers/payment-handlers.test.js[2m > [22m[2mPayment & Webhook Handlers[2m > [22m[2mPOST /webhooks/stripe - Signature Verification[2m > [22m[2mshould reject webhook with invalid signature
[22m[39m[Webhook] Signature verification failed: Unable to extract timestamp and signatures from header

[0mPOST /webhooks/stripe [33m400[0m 2.720 ms - 29[0m
[0mPOST /webhooks/stripe [33m400[0m 0.562 ms - 33[0m
[90mstderr[2m | tests/integration/handlers/payment-handlers.test.js[2m > [22m[2mPayment & Webhook Handlers[2m > [22m[2mPOST /webhooks/stripe - Signature Verification[2m > [22m[2mshould reject webhook with expired signature (>5 minutes)
[22m[39m[Webhook] Signature verification failed: No signatures found matching the expected signature for payload. Are you passing the raw request body you received from Stripe? 
 If a webhook request is being forwarded by a third-party tool, ensure that the exact request body, including JSON formatting and new line style, is preserved.

Learn more about webhook signing and explore webhook integration examples for various frameworks at https://docs.stripe.com/webhooks/signature


[0mPOST /webhooks/stripe [33m400[0m 1.067 ms - 29[0m
[90mstderr[2m | tests/integration/handlers/payment-handlers.test.js[2m > [22m[2mPayment & Webhook Handlers[2m > [22m[2mPOST /webhooks/stripe - Signature Verification[2m > [22m[2mshould reject replay attacks (duplicate event ID)
[22m[39m[Webhook] Signature verification failed: No signatures found matching the expected signature for payload. Are you passing the raw request body you received from Stripe? 
 If a webhook request is being forwarded by a third-party tool, ensure that the exact request body, including JSON formatting and new line style, is preserved.

Learn more about webhook signing and explore webhook integration examples for various frameworks at https://docs.stripe.com/webhooks/signature


[0mPOST /webhooks/stripe [33m400[0m 1.975 ms - 29[0m
[90mstderr[2m | tests/integration/handlers/payment-handlers.test.js[2m > [22m[2mPayment & Webhook Handlers[2m > [22m[2mPOST /webhooks/stripe - Signature Verification[2m > [22m[2mshould handle malformed signature header
[22m[39m[Webhook] Signature verification failed: Unable to extract timestamp and signatures from header

[0mPOST /webhooks/stripe [33m400[0m 0.996 ms - 29[0m
[90mstderr[2m | tests/integration/handlers/payment-handlers.test.js[2m > [22m[2mPayment & Webhook Handlers[2m > [22m[2mPOST /webhooks/stripe - Signature Verification[2m > [22m[2mshould log signature verification failures
[22m[39m[Webhook] Signature verification failed: Unable to extract timestamp and signatures from header

[0mPOST /webhooks/stripe [33m400[0m 1.053 ms - 29[0m
[90mstderr[2m | tests/integration/handlers/payment-handlers.test.js[2m > [22m[2mPayment & Webhook Handlers[2m > [22m[2mPOST /webhooks/stripe - Signature Verification[2m > [22m[2mshould return 400 for invalid signatures (not 500)
[22m[39m[Webhook] Signature verification failed: Unable to extract timestamp and signatures from header

[0mPOST /webhooks/stripe [33m400[0m 1.088 ms - 29[0m
[90mstderr[2m | tests/integration/handlers/payment-handlers.test.js[2m > [22m[2mPayment & Webhook Handlers[2m > [22m[2mPOST /webhooks/stripe - Event Handling[2m > [22m[2mshould handle checkout.session.completed - activate subscription
[22m[39m[Webhook] Signature verification failed: No signatures found matching the expected signature for payload. Are you passing the raw request body you received from Stripe? 
 If a webhook request is being forwarded by a third-party tool, ensure that the exact request body, including JSON formatting and new line style, is preserved.

Learn more about webhook signing and explore webhook integration examples for various frameworks at https://docs.stripe.com/webhooks/signature


[0mPOST /webhooks/stripe [33m400[0m 1.203 ms - 29[0m
[90mstderr[2m | tests/integration/handlers/payment-handlers.test.js[2m > [22m[2mPayment & Webhook Handlers[2m > [22m[2mPOST /webhooks/stripe - Event Handling[2m > [22m[2mshould handle checkout.session.completed - record payment
[22m[39m[Webhook] Signature verification failed: No signatures found matching the expected signature for payload. Are you passing the raw request body you received from Stripe? 
 If a webhook request is being forwarded by a third-party tool, ensure that the exact request body, including JSON formatting and new line style, is preserved.

Learn more about webhook signing and explore webhook integration examples for various frameworks at https://docs.stripe.com/webhooks/signature


[0mPOST /webhooks/stripe [33m400[0m 1.266 ms - 29[0m
[90mstderr[2m | tests/integration/handlers/payment-handlers.test.js[2m > [22m[2mPayment & Webhook Handlers[2m > [22m[2mPOST /webhooks/stripe - Event Handling[2m > [22m[2mshould handle customer.subscription.updated - sync status
[22m[39m[Webhook] Signature verification failed: No signatures found matching the expected signature for payload. Are you passing the raw request body you received from Stripe? 
 If a webhook request is being forwarded by a third-party tool, ensure that the exact request body, including JSON formatting and new line style, is preserved.

Learn more about webhook signing and explore webhook integration examples for various frameworks at https://docs.stripe.com/webhooks/signature


[0mPOST /webhooks/stripe [33m400[0m 1.259 ms - 29[0m
[90mstderr[2m | tests/integration/handlers/payment-handlers.test.js[2m > [22m[2mPayment & Webhook Handlers[2m > [22m[2mPOST /webhooks/stripe - Event Handling[2m > [22m[2mshould handle invoice.payment_succeeded - record payment
[22m[39m[Webhook] Signature verification failed: No signatures found matching the expected signature for payload. Are you passing the raw request body you received from Stripe? 
 If a webhook request is being forwarded by a third-party tool, ensure that the exact request body, including JSON formatting and new line style, is preserved.

Learn more about webhook signing and explore webhook integration examples for various frameworks at https://docs.stripe.com/webhooks/signature


[0mPOST /webhooks/stripe [33m400[0m 1.999 ms - 29[0m
[90mstderr[2m | tests/integration/handlers/payment-handlers.test.js[2m > [22m[2mPayment & Webhook Handlers[2m > [22m[2mPOST /webhooks/stripe - Event Handling[2m > [22m[2mshould handle invoice.payment_succeeded - extend billing period
[22m[39m[Webhook] Signature verification failed: No signatures found matching the expected signature for payload. Are you passing the raw request body you received from Stripe? 
 If a webhook request is being forwarded by a third-party tool, ensure that the exact request body, including JSON formatting and new line style, is preserved.

Learn more about webhook signing and explore webhook integration examples for various frameworks at https://docs.stripe.com/webhooks/signature


[0mPOST /webhooks/stripe [33m400[0m 1.414 ms - 29[0m
[90mstderr[2m | tests/integration/handlers/payment-handlers.test.js[2m > [22m[2mPayment & Webhook Handlers[2m > [22m[2mPOST /webhooks/stripe - Event Handling[2m > [22m[2mshould handle invoice.payment_failed - mark past_due
[22m[39m[Webhook] Signature verification failed: No signatures found matching the expected signature for payload. Are you passing the raw request body you received from Stripe? 
 If a webhook request is being forwarded by a third-party tool, ensure that the exact request body, including JSON formatting and new line style, is preserved.

Learn more about webhook signing and explore webhook integration examples for various frameworks at https://docs.stripe.com/webhooks/signature


[0mPOST /webhooks/stripe [33m400[0m 1.295 ms - 29[0m
[90mstderr[2m | tests/integration/handlers/payment-handlers.test.js[2m > [22m[2mPayment & Webhook Handlers[2m > [22m[2mPOST /webhooks/stripe - Event Handling[2m > [22m[2mshould handle invoice.payment_failed - cancel after 3 failures
[22m[39m[Webhook] Signature verification failed: No signatures found matching the expected signature for payload. Are you passing the raw request body you received from Stripe? 
 If a webhook request is being forwarded by a third-party tool, ensure that the exact request body, including JSON formatting and new line style, is preserved.

Learn more about webhook signing and explore webhook integration examples for various frameworks at https://docs.stripe.com/webhooks/signature


[0mPOST /webhooks/stripe [33m400[0m 1.138 ms - 29[0m
[90mstderr[2m | tests/integration/handlers/payment-handlers.test.js[2m > [22m[2mPayment & Webhook Handlers[2m > [22m[2mPOST /webhooks/stripe - Event Handling[2m > [22m[2mshould ignore unhandled event types
[22m[39m[Webhook] Signature verification failed: No signatures found matching the expected signature for payload. Are you passing the raw request body you received from Stripe? 
 If a webhook request is being forwarded by a third-party tool, ensure that the exact request body, including JSON formatting and new line style, is preserved.

Learn more about webhook signing and explore webhook integration examples for various frameworks at https://docs.stripe.com/webhooks/signature


[0mPOST /webhooks/stripe [33m400[0m 1.386 ms - 29[0m
[90mstderr[2m | tests/integration/handlers/payment-handlers.test.js[2m > [22m[2mPayment & Webhook Handlers[2m > [22m[2mPOST /webhooks/stripe - Event Handling[2m > [22m[2mshould handle duplicate webhook deliveries (idempotent)
[22m[39m[Webhook] Signature verification failed: No signatures found matching the expected signature for payload. Are you passing the raw request body you received from Stripe? 
 If a webhook request is being forwarded by a third-party tool, ensure that the exact request body, including JSON formatting and new line style, is preserved.

Learn more about webhook signing and explore webhook integration examples for various frameworks at https://docs.stripe.com/webhooks/signature


[0mPOST /webhooks/stripe [33m400[0m 1.509 ms - 29[0m
[90mstderr[2m | tests/integration/handlers/payment-handlers.test.js[2m > [22m[2mPayment & Webhook Handlers[2m > [22m[2mPOST /webhooks/stripe - Event Handling[2m > [22m[2mshould handle duplicate webhook deliveries (idempotent)
[22m[39m[Webhook] Signature verification failed: No signatures found matching the expected signature for payload. Are you passing the raw request body you received from Stripe? 
 If a webhook request is being forwarded by a third-party tool, ensure that the exact request body, including JSON formatting and new line style, is preserved.

Learn more about webhook signing and explore webhook integration examples for various frameworks at https://docs.stripe.com/webhooks/signature


[0mPOST /webhooks/stripe [33m400[0m 2.505 ms - 29[0m
[90mstderr[2m | tests/integration/handlers/payment-handlers.test.js[2m > [22m[2mPayment & Webhook Handlers[2m > [22m[2mPOST /webhooks/stripe - Event Handling[2m > [22m[2mshould handle webhook for deleted user gracefully
[22m[39m[Webhook] Signature verification failed: No signatures found matching the expected signature for payload. Are you passing the raw request body you received from Stripe? 
 If a webhook request is being forwarded by a third-party tool, ensure that the exact request body, including JSON formatting and new line style, is preserved.

Learn more about webhook signing and explore webhook integration examples for various frameworks at https://docs.stripe.com/webhooks/signature


[0mPOST /webhooks/stripe [33m400[0m 1.107 ms - 29[0m
[90mstderr[2m | tests/integration/handlers/payment-handlers.test.js[2m > [22m[2mPayment & Webhook Handlers[2m > [22m[2mPOST /webhooks/stripe - Event Handling[2m > [22m[2mshould handle malformed webhook data gracefully
[22m[39m[Webhook] Signature verification failed: No signatures found matching the expected signature for payload. Are you passing the raw request body you received from Stripe? 
 If a webhook request is being forwarded by a third-party tool, ensure that the exact request body, including JSON formatting and new line style, is preserved.

Learn more about webhook signing and explore webhook integration examples for various frameworks at https://docs.stripe.com/webhooks/signature


[0mPOST /webhooks/stripe [33m400[0m 1.056 ms - 29[0m
[90mstderr[2m | tests/integration/handlers/payment-handlers.test.js[2m > [22m[2mPayment & Webhook Handlers[2m > [22m[2mPOST /webhooks/stripe - Event Handling[2m > [22m[2mshould log all webhook events
[22m[39m[Webhook] Signature verification failed: No signatures found matching the expected signature for payload. Are you passing the raw request body you received from Stripe? 
 If a webhook request is being forwarded by a third-party tool, ensure that the exact request body, including JSON formatting and new line style, is preserved.

Learn more about webhook signing and explore webhook integration examples for various frameworks at https://docs.stripe.com/webhooks/signature


[0mPOST /webhooks/stripe [33m400[0m 0.944 ms - 29[0m
[90mstderr[2m | tests/integration/handlers/payment-handlers.test.js[2m > [22m[2mPayment & Webhook Handlers[2m > [22m[2mPOST /webhooks/stripe - Event Handling[2m > [22m[2mshould return 200 for all webhooks (even errors)
[22m[39m[Webhook] Signature verification failed: No signatures found matching the expected signature for payload. Are you passing the raw request body you received from Stripe? 
 If a webhook request is being forwarded by a third-party tool, ensure that the exact request body, including JSON formatting and new line style, is preserved.

Learn more about webhook signing and explore webhook integration examples for various frameworks at https://docs.stripe.com/webhooks/signature


[0mPOST /webhooks/stripe [33m400[0m 1.353 ms - 29[0m
[90mstderr[2m | tests/integration/handlers/payment-handlers.test.js[2m > [22m[2mPayment & Webhook Handlers[2m > [22m[2mPOST /webhooks/stripe - Event Handling[2m > [22m[2mshould process webhook in under 5 seconds
[22m[39m[Webhook] Signature verification failed: No signatures found matching the expected signature for payload. Are you passing the raw request body you received from Stripe? 
 If a webhook request is being forwarded by a third-party tool, ensure that the exact request body, including JSON formatting and new line style, is preserved.

Learn more about webhook signing and explore webhook integration examples for various frameworks at https://docs.stripe.com/webhooks/signature


[0mPOST /webhooks/stripe [33m400[0m 1.319 ms - 29[0m
[0mPOST /auth/login [32m200[0m 118.460 ms - 132[0m
[0mGET /subscription [33m404[0m 0.992 ms - 44[0m
[0mPOST /auth/login [32m200[0m 597.823 ms - 132[0m
[0mGET /subscription [33m404[0m 0.800 ms - 44[0m
[0mPOST /auth/login [32m200[0m 70.193 ms - 132[0m
[0mGET /subscription [33m404[0m 0.597 ms - 44[0m
[0mPOST /auth/login [32m200[0m 238.480 ms - 132[0m
[0mGET /subscription [33m404[0m 0.513 ms - 44[0m
[0mPOST /auth/login [32m200[0m 72.302 ms - 132[0m
[0mGET /subscription [33m404[0m 0.555 ms - 44[0m
[90mstdout[2m | tests/integration/handlers/payment-handlers.test.js
[22m[39m
üßπ Tearing down test environment...

[90mstdout[2m | tests/integration/handlers/payment-handlers.test.js
[22m[39m‚úì Test database cleaned

[90mstdout[2m | tests/integration/handlers/payment-handlers.test.js
[22m[39m‚úì Database adapter closed

[90mstdout[2m | tests/integration/handlers/payment-handlers.test.js
[22m[39m‚úì Test database disconnected

[90mstdout[2m | tests/integration/handlers/payment-handlers.test.js
[22m[39m‚úì Test database cleaned up
‚úì Test environment cleaned up


 [31m‚ùØ[39m tests/integration/handlers/payment-handlers.test.js [2m([22m[2m54 tests[22m[2m | [22m[31m24 failed[39m[2m)[22m[33m 107648[2mms[22m[39m
   [33m[2m‚úì[22m[39m Payment & Webhook Handlers[2m > [22mPOST /create-checkout-session[2m > [22mshould create checkout session for valid subscription [33m 1882[2mms[22m[39m
   [33m[2m‚úì[22m[39m Payment & Webhook Handlers[2m > [22mPOST /create-checkout-session[2m > [22mshould require authentication for checkout [33m 2402[2mms[22m[39m
   [33m[2m‚úì[22m[39m Payment & Webhook Handlers[2m > [22mPOST /create-checkout-session[2m > [22mshould reject invalid price IDs [33m 1603[2mms[22m[39m
   [33m[2m‚úì[22m[39m Payment & Webhook Handlers[2m > [22mPOST /create-checkout-session[2m > [22mshould include userId in session metadata [33m 1501[2mms[22m[39m
   [33m[2m‚úì[22m[39m Payment & Webhook Handlers[2m > [22mPOST /create-checkout-session[2m > [22mshould handle missing priceId field [33m 2219[2mms[22m[39m
   [33m[2m‚úì[22m[39m Payment & Webhook Handlers[2m > [22mPOST /create-checkout-session[2m > [22mshould handle missing planType field [33m 3036[2mms[22m[39m
   [33m[2m‚úì[22m[39m Payment & Webhook Handlers[2m > [22mPOST /create-checkout-session[2m > [22mshould create customer if not exists [33m 1528[2mms[22m[39m
   [33m[2m‚úì[22m[39m Payment & Webhook Handlers[2m > [22mPOST /create-checkout-session[2m > [22mshould set correct success and cancel URLs [33m 1598[2mms[22m[39m
   [33m[2m‚úì[22m[39m Payment & Webhook Handlers[2m > [22mPOST /create-checkout-session[2m > [22mshould handle Stripe API errors gracefully [33m 1511[2mms[22m[39m
   [33m[2m‚úì[22m[39m Payment & Webhook Handlers[2m > [22mPOST /create-checkout-session[2m > [22mshould log checkout session creation [33m 1557[2mms[22m[39m
[31m   [31m√ó[31m Payment & Webhook Handlers[2m > [22mPOST /webhooks/stripe - Signature Verification[2m > [22mshould accept webhook with valid signature[39m[33m 2107[2mms[22m[39m
[31m     ‚Üí expected [ 200, 404 ] to include 400[39m
   [33m[2m‚úì[22m[39m Payment & Webhook Handlers[2m > [22mPOST /webhooks/stripe - Signature Verification[2m > [22mshould reject webhook with invalid signature [33m 2010[2mms[22m[39m
   [33m[2m‚úì[22m[39m Payment & Webhook Handlers[2m > [22mPOST /webhooks/stripe - Signature Verification[2m > [22mshould reject webhook with missing signature [33m 1470[2mms[22m[39m
   [33m[2m‚úì[22m[39m Payment & Webhook Handlers[2m > [22mPOST /webhooks/stripe - Signature Verification[2m > [22mshould reject webhook with expired signature (>5 minutes) [33m 2198[2mms[22m[39m
[31m   [31m√ó[31m Payment & Webhook Handlers[2m > [22mPOST /webhooks/stripe - Signature Verification[2m > [22mshould reject replay attacks (duplicate event ID)[39m[33m 1396[2mms[22m[39m
[31m     ‚Üí expected [ 200, 404 ] to include 400[39m
   [33m[2m‚úì[22m[39m Payment & Webhook Handlers[2m > [22mPOST /webhooks/stripe - Signature Verification[2m > [22mshould handle malformed signature header [33m 1899[2mms[22m[39m
   [33m[2m‚úì[22m[39m Payment & Webhook Handlers[2m > [22mPOST /webhooks/stripe - Signature Verification[2m > [22mshould log signature verification failures [33m 2320[2mms[22m[39m
   [33m[2m‚úì[22m[39m Payment & Webhook Handlers[2m > [22mPOST /webhooks/stripe - Signature Verification[2m > [22mshould return 400 for invalid signatures (not 500) [33m 1461[2mms[22m[39m
   [33m[2m‚úì[22m[39m Payment & Webhook Handlers[2m > [22mPOST /webhooks/stripe - Event Handling[2m > [22mshould handle checkout.session.completed - activate subscription [33m 1490[2mms[22m[39m
   [33m[2m‚úì[22m[39m Payment & Webhook Handlers[2m > [22mPOST /webhooks/stripe - Event Handling[2m > [22mshould handle checkout.session.completed - record payment [33m 1464[2mms[22m[39m
[31m   [31m√ó[31m Payment & Webhook Handlers[2m > [22mPOST /webhooks/stripe - Event Handling[2m > [22mshould handle customer.subscription.updated - sync status[39m[33m 1911[2mms[22m[39m
[31m     ‚Üí expected [ 200, 404 ] to include 400[39m
[31m   [31m√ó[31m Payment & Webhook Handlers[2m > [22mPOST /webhooks/stripe - Event Handling[2m > [22mshould handle customer.subscription.deleted - downgrade to free[39m[33m 1464[2mms[22m[39m
[31m     ‚Üí column "plan" of relation "subscriptions" does not exist[39m
[31m   [31m√ó[31m Payment & Webhook Handlers[2m > [22mPOST /webhooks/stripe - Event Handling[2m > [22mshould handle customer.subscription.deleted - preserve data[39m[33m 1522[2mms[22m[39m
[31m     ‚Üí column "storage_key" of relation "manuscripts" does not exist[39m
[31m   [31m√ó[31m Payment & Webhook Handlers[2m > [22mPOST /webhooks/stripe - Event Handling[2m > [22mshould handle invoice.payment_succeeded - record payment[39m[33m 2058[2mms[22m[39m
[31m     ‚Üí expected [ 200, 404 ] to include 400[39m
   [33m[2m‚úì[22m[39m Payment & Webhook Handlers[2m > [22mPOST /webhooks/stripe - Event Handling[2m > [22mshould handle invoice.payment_succeeded - extend billing period [33m 2094[2mms[22m[39m
   [33m[2m‚úì[22m[39m Payment & Webhook Handlers[2m > [22mPOST /webhooks/stripe - Event Handling[2m > [22mshould handle invoice.payment_failed - mark past_due [33m 1749[2mms[22m[39m
   [33m[2m‚úì[22m[39m Payment & Webhook Handlers[2m > [22mPOST /webhooks/stripe - Event Handling[2m > [22mshould handle invoice.payment_failed - cancel after 3 failures [33m 2077[2mms[22m[39m
[31m   [31m√ó[31m Payment & Webhook Handlers[2m > [22mPOST /webhooks/stripe - Event Handling[2m > [22mshould ignore unhandled event types[39m[33m 1428[2mms[22m[39m
[31m     ‚Üí expected [ 200, 404 ] to include 400[39m
[31m   [31m√ó[31m Payment & Webhook Handlers[2m > [22mPOST /webhooks/stripe - Event Handling[2m > [22mshould handle duplicate webhook deliveries (idempotent)[39m[33m 1462[2mms[22m[39m
[31m     ‚Üí expected [ 200, 404 ] to include 400[39m
   [33m[2m‚úì[22m[39m Payment & Webhook Handlers[2m > [22mPOST /webhooks/stripe - Event Handling[2m > [22mshould handle webhook for deleted user gracefully [33m 2569[2mms[22m[39m
   [33m[2m‚úì[22m[39m Payment & Webhook Handlers[2m > [22mPOST /webhooks/stripe - Event Handling[2m > [22mshould handle malformed webhook data gracefully [33m 1896[2mms[22m[39m
   [33m[2m‚úì[22m[39m Payment & Webhook Handlers[2m > [22mPOST /webhooks/stripe - Event Handling[2m > [22mshould log all webhook events [33m 1442[2mms[22m[39m
[31m   [31m√ó[31m Payment & Webhook Handlers[2m > [22mPOST /webhooks/stripe - Event Handling[2m > [22mshould return 200 for all webhooks (even errors)[39m[33m 2118[2mms[22m[39m
[31m     ‚Üí expected [ 200, 404, 500 ] to include 400[39m
   [33m[2m‚úì[22m[39m Payment & Webhook Handlers[2m > [22mPOST /webhooks/stripe - Event Handling[2m > [22mshould process webhook in under 5 seconds [33m 1460[2mms[22m[39m
   [33m[2m‚úì[22m[39m Payment & Webhook Handlers[2m > [22mGET /subscription[2m > [22mshould return current subscription details [33m 1633[2mms[22m[39m
   [33m[2m‚úì[22m[39m Payment & Webhook Handlers[2m > [22mGET /subscription[2m > [22mshould require authentication [33m 2298[2mms[22m[39m
   [33m[2m‚úì[22m[39m Payment & Webhook Handlers[2m > [22mGET /subscription[2m > [22mshould return free plan for users without subscription [33m 2322[2mms[22m[39m
   [33m[2m‚úì[22m[39m Payment & Webhook Handlers[2m > [22mGET /subscription[2m > [22mshould include Stripe subscription ID [33m 1894[2mms[22m[39m
   [33m[2m‚úì[22m[39m Payment & Webhook Handlers[2m > [22mGET /subscription[2m > [22mshould include current period dates [33m 2099[2mms[22m[39m
[31m   [31m√ó[31m Payment & Webhook Handlers[2m > [22mGET /payment-history[2m > [22mshould return payment history for user[39m[33m 1461[2mms[22m[39m
[31m     ‚Üí column "stripe_payment_id" of relation "payment_history" does not exist[39m
[31m   [31m√ó[31m Payment & Webhook Handlers[2m > [22mGET /payment-history[2m > [22mshould require authentication[39m[33m 2283[2mms[22m[39m
[31m     ‚Üí column "stripe_payment_id" of relation "payment_history" does not exist[39m
[31m   [31m√ó[31m Payment & Webhook Handlers[2m > [22mGET /payment-history[2m > [22mshould return empty array for no payments[39m[33m 2340[2mms[22m[39m
[31m     ‚Üí column "stripe_payment_id" of relation "payment_history" does not exist[39m
[31m   [31m√ó[31m Payment & Webhook Handlers[2m > [22mGET /payment-history[2m > [22mshould order payments by date (newest first)[39m[33m 1518[2mms[22m[39m
[31m     ‚Üí column "stripe_payment_id" of relation "payment_history" does not exist[39m
[31m   [31m√ó[31m Payment & Webhook Handlers[2m > [22mGET /payment-history[2m > [22mshould not include other users payments[39m[33m 2367[2mms[22m[39m
[31m     ‚Üí column "stripe_payment_id" of relation "payment_history" does not exist[39m
[31m   [31m√ó[31m Payment & Webhook Handlers[2m > [22mUsage Tracking[2m > [22mshould track manuscript analysis usage[39m[33m 1448[2mms[22m[39m
[31m     ‚Üí createTestManuscript is not defined[39m
[31m   [31m√ó[31m Payment & Webhook Handlers[2m > [22mUsage Tracking[2m > [22mshould track different analysis types[39m[33m 1512[2mms[22m[39m
[31m     ‚Üí createTestManuscript is not defined[39m
[31m   [31m√ó[31m Payment & Webhook Handlers[2m > [22mUsage Tracking[2m > [22mshould track asset generation separately[39m[33m 2288[2mms[22m[39m
[31m     ‚Üí createTestManuscript is not defined[39m
[31m   [31m√ó[31m Payment & Webhook Handlers[2m > [22mUsage Tracking[2m > [22mshould calculate usage within billing period[39m[33m 1910[2mms[22m[39m
[31m     ‚Üí createTestManuscript is not defined[39m
[31m   [31m√ó[31m Payment & Webhook Handlers[2m > [22mUsage Tracking[2m > [22mshould separate usage across different billing periods[39m[33m 1706[2mms[22m[39m
[31m     ‚Üí createTestManuscript is not defined[39m
[31m   [31m√ó[31m Payment & Webhook Handlers[2m > [22mUsage Tracking[2m > [22mshould track usage for users without subscription (pay-per-use)[39m[33m 1748[2mms[22m[39m
[31m     ‚Üí createTestManuscript is not defined[39m
[31m   [31m√ó[31m Payment & Webhook Handlers[2m > [22mUsage Tracking[2m > [22mshould link usage to specific manuscript[39m[33m 1528[2mms[22m[39m
[31m     ‚Üí createTestManuscript is not defined[39m
[31m   [31m√ó[31m Payment & Webhook Handlers[2m > [22mUsage Tracking[2m > [22mshould accumulate credits across multiple analyses[39m[33m 1499[2mms[22m[39m
[31m     ‚Üí createTestManuscript is not defined[39m
[31m   [31m√ó[31m Payment & Webhook Handlers[2m > [22mUsage Tracking[2m > [22mshould track timestamp for usage analytics[39m[33m 1681[2mms[22m[39m
[31m     ‚Üí createTestManuscript is not defined[39m
[31m   [31m√ó[31m Payment & Webhook Handlers[2m > [22mUsage Tracking[2m > [22mshould delete usage records when manuscript is deleted (CASCADE)[39m[33m 3888[2mms[22m[39m
[31m     ‚Üí createTestManuscript is not defined[39m
[90mstdout[2m | tests/unit/test-helpers.test.js
[22m[39m[dotenv@17.2.3] injecting env (0) from .env.local -- tip: üîê encrypt with Dotenvx: https://dotenvx.com

[90mstdout[2m | tests/unit/test-helpers.test.js
[22m[39m
üß™ Setting up test environment...

[90mstdout[2m | tests/unit/test-helpers.test.js
[22m[39m‚úì Test database connected

[90mstdout[2m | tests/unit/test-helpers.test.js
[22m[39m  Applying base schema...

[90mstdout[2m | tests/unit/test-helpers.test.js
[22m[39m  ‚úì Schema and migrations applied

[90mstdout[2m | tests/unit/test-helpers.test.js
[22m[39m‚úì Migrations applied
‚úì Database adapter created (D1-compatible interface)

[90mstdout[2m | tests/unit/test-helpers.test.js
[22m[39m‚úì Test database initialized
Initializing adapters...
‚úì Database adapter initialized
‚úì Storage adapter initialized
‚ö† Running in test mode without Redis - using in-memory session store

[90mstdout[2m | tests/unit/test-helpers.test.js
[22m[39m‚úì Session store initialized
‚úì Cache adapter initialized
‚úì Queue service initialized
‚úì Environment initialized
‚úì Session middleware applied
[VirusScanner] Initializing ClamAV at localhost:3310...

[90mstdout[2m | tests/unit/test-helpers.test.js
[22m[39m‚úì Server adapters initialized
‚úì Test environment ready


[90mstderr[2m | tests/unit/test-helpers.test.js[2m > [22m[2mMock Factories[2m > [22m[2mStorage Adapter Mock[2m > [22m[2mshould put and get objects
[22m[39m[VirusScanner] Failed to initialize: 

[90mstderr[2m | tests/unit/test-helpers.test.js[2m > [22m[2mMock Factories[2m > [22m[2mStorage Adapter Mock[2m > [22m[2mshould put and get objects
[22m[39m‚ö† Virus scanner initialization failed (uploads will continue without scanning)

[90mstdout[2m | tests/unit/test-helpers.test.js
[22m[39m
üßπ Tearing down test environment...

[90mstdout[2m | tests/unit/test-helpers.test.js
[22m[39m‚úì Test database cleaned

[90mstdout[2m | tests/unit/test-helpers.test.js
[22m[39m‚úì Database adapter closed

[90mstdout[2m | tests/unit/test-helpers.test.js
[22m[39m‚úì Test database disconnected

[90mstdout[2m | tests/unit/test-helpers.test.js
[22m[39m‚úì Test database cleaned up
‚úì Test environment cleaned up


 [31m‚ùØ[39m tests/unit/test-helpers.test.js [2m([22m[2m24 tests[22m[2m | [22m[31m1 failed[39m[2m)[22m[33m 49157[2mms[22m[39m
   [33m[2m‚úì[22m[39m Mock Factories[2m > [22mStorage Adapter Mock[2m > [22mshould put and get objects [33m 1488[2mms[22m[39m
   [33m[2m‚úì[22m[39m Mock Factories[2m > [22mStorage Adapter Mock[2m > [22mshould delete objects [33m 1472[2mms[22m[39m
   [33m[2m‚úì[22m[39m Mock Factories[2m > [22mStorage Adapter Mock[2m > [22mshould list objects by prefix [33m 2322[2mms[22m[39m
   [33m[2m‚úì[22m[39m Mock Factories[2m > [22mRedis Mock[2m > [22mshould set and get values [33m 1505[2mms[22m[39m
   [33m[2m‚úì[22m[39m Mock Factories[2m > [22mRedis Mock[2m > [22mshould set values with expiration [33m 1406[2mms[22m[39m
   [33m[2m‚úì[22m[39m Mock Factories[2m > [22mRedis Mock[2m > [22mshould delete keys [33m 2047[2mms[22m[39m
   [33m[2m‚úì[22m[39m Mock Factories[2m > [22mRedis Mock[2m > [22mshould increment values [33m 1868[2mms[22m[39m
   [33m[2m‚úì[22m[39m Mock Factories[2m > [22mClaude API Mock[2m > [22mshould return mock AI responses [33m 1394[2mms[22m[39m
   [33m[2m‚úì[22m[39m Mock Factories[2m > [22mClaude API Mock[2m > [22mshould include custom response text [33m 1823[2mms[22m[39m
   [33m[2m‚úì[22m[39m Mock Factories[2m > [22mEmail Service Mock[2m > [22mshould track sent emails [33m 1835[2mms[22m[39m
   [33m[2m‚úì[22m[39m Mock Factories[2m > [22mEmail Service Mock[2m > [22mshould find emails by recipient [33m 1425[2mms[22m[39m
   [33m[2m‚úì[22m[39m Mock Factories[2m > [22mEmail Service Mock[2m > [22mshould clear sent emails [33m 1770[2mms[22m[39m
   [33m[2m‚úì[22m[39m Mock Factories[2m > [22mStripe Mock[2m > [22mshould create checkout sessions [33m 2222[2mms[22m[39m
   [33m[2m‚úì[22m[39m Mock Factories[2m > [22mStripe Mock[2m > [22mshould create payment intents [33m 1498[2mms[22m[39m
   [33m[2m‚úì[22m[39m Mock Factories[2m > [22mStripe Mock[2m > [22mshould construct webhook events [33m 1980[2mms[22m[39m
   [33m[2m‚úì[22m[39m Test Data Factories[2m > [22mUser Factory[2m > [22mshould create valid user data [33m 2228[2mms[22m[39m
   [33m[2m‚úì[22m[39m Test Data Factories[2m > [22mUser Factory[2m > [22mshould accept overrides [33m 1454[2mms[22m[39m
[31m   [31m√ó[31m Test Data Factories[2m > [22mManuscript Factory[2m > [22mshould create valid manuscript data[39m[33m 1460[2mms[22m[39m
[31m     ‚Üí expected undefined to be truthy[39m
   [33m[2m‚úì[22m[39m Test Data Factories[2m > [22mManuscript Factory[2m > [22mshould accept overrides [33m 2348[2mms[22m[39m
   [33m[2m‚úì[22m[39m Test Data Factories[2m > [22mAnalysis Factory[2m > [22mshould create valid analysis data [33m 1618[2mms[22m[39m
   [33m[2m‚úì[22m[39m Test Data Factories[2m > [22mAnalysis Factory[2m > [22mshould include result JSON [33m 1442[2mms[22m[39m
   [33m[2m‚úì[22m[39m Test Data Factories[2m > [22mPayment Factory[2m > [22mshould create valid payment data [33m 1898[2mms[22m[39m
   [33m[2m‚úì[22m[39m Test Data Factories[2m > [22mUtility Functions[2m > [22mshould generate unique email addresses [33m 1465[2mms[22m[39m
   [33m[2m‚úì[22m[39m Test Data Factories[2m > [22mUtility Functions[2m > [22mshould generate unique IDs [33m 1986[2mms[22m[39m
[90mstdout[2m | tests/integration/infrastructure.test.js
[22m[39m[dotenv@17.2.3] injecting env (0) from .env.local -- tip: ‚öôÔ∏è  suppress all logs with { quiet: true }

[90mstdout[2m | tests/integration/infrastructure.test.js
[22m[39m
üß™ Setting up test environment...

[90mstdout[2m | tests/integration/infrastructure.test.js
[22m[39m‚úì Test database connected

[90mstdout[2m | tests/integration/infrastructure.test.js
[22m[39m  Applying base schema...

[90mstdout[2m | tests/integration/infrastructure.test.js
[22m[39m  ‚úì Schema and migrations applied

[90mstdout[2m | tests/integration/infrastructure.test.js
[22m[39m‚úì Migrations applied
‚úì Database adapter created (D1-compatible interface)

[90mstdout[2m | tests/integration/infrastructure.test.js
[22m[39m‚úì Test database initialized
Initializing adapters...
‚úì Database adapter initialized
‚úì Storage adapter initialized
‚ö† Running in test mode without Redis - using in-memory session store

[90mstdout[2m | tests/integration/infrastructure.test.js
[22m[39m‚úì Session store initialized
‚úì Cache adapter initialized
‚úì Queue service initialized
‚úì Environment initialized
‚úì Session middleware applied
[VirusScanner] Initializing ClamAV at localhost:3310...

[90mstdout[2m | tests/integration/infrastructure.test.js
[22m[39m‚úì Server adapters initialized
‚úì Test environment ready


[90mstderr[2m | tests/integration/infrastructure.test.js[2m > [22m[2mTest Infrastructure[2m > [22m[2mDatabase Utilities[2m > [22m[2mshould insert and retrieve test records
[22m[39m[VirusScanner] Failed to initialize: 

[90mstderr[2m | tests/integration/infrastructure.test.js[2m > [22m[2mTest Infrastructure[2m > [22m[2mDatabase Utilities[2m > [22m[2mshould insert and retrieve test records
[22m[39m‚ö† Virus scanner initialization failed (uploads will continue without scanning)

[0mGET /health [32m200[0m 8.926 ms - 105[0m
[90mstdout[2m | tests/integration/infrastructure.test.js
[22m[39m
üßπ Tearing down test environment...

[90mstdout[2m | tests/integration/infrastructure.test.js
[22m[39m‚úì Test database cleaned

[90mstdout[2m | tests/integration/infrastructure.test.js
[22m[39m‚úì Database adapter closed

[90mstdout[2m | tests/integration/infrastructure.test.js
[22m[39m‚úì Test database disconnected

[90mstdout[2m | tests/integration/infrastructure.test.js
[22m[39m‚úì Test database cleaned up
‚úì Test environment cleaned up


 [31m‚ùØ[39m tests/integration/infrastructure.test.js [2m([22m[2m13 tests[22m[2m | [22m[31m1 failed[39m[2m)[22m[33m 28204[2mms[22m[39m
   [33m[2m‚úì[22m[39m Test Infrastructure[2m > [22mDatabase Utilities[2m > [22mshould insert and retrieve test records [33m 1460[2mms[22m[39m
   [33m[2m‚úì[22m[39m Test Infrastructure[2m > [22mDatabase Utilities[2m > [22mshould count test records [33m 1511[2mms[22m[39m
   [33m[2m‚úì[22m[39m Test Infrastructure[2m > [22mDatabase Utilities[2m > [22mshould reset database between tests [33m 1621[2mms[22m[39m
   [33m[2m‚úì[22m[39m Test Infrastructure[2m > [22mAPI Client[2m > [22mshould make HTTP requests [33m 1321[2mms[22m[39m
   [33m[2m‚úì[22m[39m Test Infrastructure[2m > [22mMock Factories[2m > [22mshould create mock Redis client [33m 1306[2mms[22m[39m
   [33m[2m‚úì[22m[39m Test Infrastructure[2m > [22mMock Factories[2m > [22mshould create mock Redis client with expiration [33m 1794[2mms[22m[39m
[31m   [31m√ó[31m Test Infrastructure[2m > [22mMock Factories[2m > [22mshould create mock storage adapter[39m[33m 1904[2mms[22m[39m
[31m     ‚Üí The first argument must be of type string or an instance of Buffer, ArrayBuffer, or Array or an Array-like Object. Received undefined[39m
   [33m[2m‚úì[22m[39m Test Infrastructure[2m > [22mTest Data Factories[2m > [22mshould create test user data [33m 1328[2mms[22m[39m
   [33m[2m‚úì[22m[39m Test Infrastructure[2m > [22mTest Data Factories[2m > [22mshould create test user with overrides [33m 1360[2mms[22m[39m
   [33m[2m‚úì[22m[39m Test Infrastructure[2m > [22mTest Data Factories[2m > [22mshould create test manuscript data [33m 2289[2mms[22m[39m
   [33m[2m‚úì[22m[39m Test Infrastructure[2m > [22mTest Data Factories[2m > [22mshould generate unique test emails [33m 1429[2mms[22m[39m
   [33m[2m‚úì[22m[39m Test Infrastructure[2m > [22mIntegration: Factories + Database[2m > [22mshould insert factory-generated user into database [33m 1387[2mms[22m[39m
   [33m[2m‚úì[22m[39m Test Infrastructure[2m > [22mIntegration: Factories + Database[2m > [22mshould insert factory-generated manuscript into database [33m 2027[2mms[22m[39m
[90mstdout[2m | tests/submission-packages.test.js
[22m[39m[dotenv@17.2.3] injecting env (0) from .env.local -- tip: ‚öôÔ∏è  suppress all logs with { quiet: true }

[90mstdout[2m | tests/submission-packages.test.js
[22m[39m
üß™ Setting up test environment...

[90mstdout[2m | tests/submission-packages.test.js
[22m[39m‚úì Test database connected

[90mstdout[2m | tests/submission-packages.test.js
[22m[39m  Applying base schema...

[90mstdout[2m | tests/submission-packages.test.js
[22m[39m  ‚úì Schema and migrations applied

[90mstdout[2m | tests/submission-packages.test.js
[22m[39m‚úì Migrations applied
‚úì Database adapter created (D1-compatible interface)

[90mstdout[2m | tests/submission-packages.test.js
[22m[39m‚úì Test database initialized
Initializing adapters...
‚úì Database adapter initialized
‚úì Storage adapter initialized
‚ö† Running in test mode without Redis - using in-memory session store

[90mstdout[2m | tests/submission-packages.test.js
[22m[39m‚úì Session store initialized
‚úì Cache adapter initialized
‚úì Queue service initialized
‚úì Environment initialized
‚úì Session middleware applied
[VirusScanner] Initializing ClamAV at localhost:3310...

[90mstdout[2m | tests/submission-packages.test.js
[22m[39m‚úì Server adapters initialized
‚úì Test environment ready


[90mstderr[2m | tests/submission-packages.test.js[2m > [22m[2mSubmission Package Bundler[2m > [22m[2mPackage Templates[2m > [22m[2mshould have agent query template
[22m[39m[VirusScanner] Failed to initialize: 

[90mstderr[2m | tests/submission-packages.test.js[2m > [22m[2mSubmission Package Bundler[2m > [22m[2mPackage Templates[2m > [22m[2mshould have agent query template
[22m[39m‚ö† Virus scanner initialization failed (uploads will continue without scanning)

[90mstdout[2m | tests/submission-packages.test.js
[22m[39m
üßπ Tearing down test environment...

[90mstdout[2m | tests/submission-packages.test.js
[22m[39m‚úì Test database cleaned

[90mstdout[2m | tests/submission-packages.test.js
[22m[39m‚úì Database adapter closed

[90mstdout[2m | tests/submission-packages.test.js
[22m[39m‚úì Test database disconnected

[90mstdout[2m | tests/submission-packages.test.js
[22m[39m‚úì Test database cleaned up
‚úì Test environment cleaned up


 [32m‚úì[39m tests/submission-packages.test.js [2m([22m[2m31 tests[22m[2m)[22m[33m 58006[2mms[22m[39m
   [33m[2m‚úì[22m[39m Submission Package Bundler[2m > [22mPackage Templates[2m > [22mshould have agent query template [33m 1506[2mms[22m[39m
   [33m[2m‚úì[22m[39m Submission Package Bundler[2m > [22mPackage Templates[2m > [22mshould have full manuscript template [33m 1468[2mms[22m[39m
   [33m[2m‚úì[22m[39m Submission Package Bundler[2m > [22mPackage Templates[2m > [22mshould have query only template [33m 1355[2mms[22m[39m
   [33m[2m‚úì[22m[39m Submission Package Bundler[2m > [22mPackage Templates[2m > [22mshould have contest template [33m 2148[2mms[22m[39m
   [33m[2m‚úì[22m[39m Submission Package Bundler[2m > [22mPackage Templates[2m > [22mshould validate required documents [33m 1650[2mms[22m[39m
   [33m[2m‚úì[22m[39m Submission Package Bundler[2m > [22mPackage Creation[2m > [22mshould create package with metadata [33m 1433[2mms[22m[39m
   [33m[2m‚úì[22m[39m Submission Package Bundler[2m > [22mPackage Creation[2m > [22mshould include document list with ordering [33m 2275[2mms[22m[39m
   [33m[2m‚úì[22m[39m Submission Package Bundler[2m > [22mPackage Creation[2m > [22mshould validate package has at least one document [33m 1324[2mms[22m[39m
   [33m[2m‚úì[22m[39m Submission Package Bundler[2m > [22mPackage Creation[2m > [22mshould allow custom package names [33m 1303[2mms[22m[39m
   [33m[2m‚úì[22m[39m Submission Package Bundler[2m > [22mDocument Selection[2m > [22mshould allow selecting multiple documents [33m 1376[2mms[22m[39m
   [33m[2m‚úì[22m[39m Submission Package Bundler[2m > [22mDocument Selection[2m > [22mshould maintain document order [33m 2178[2mms[22m[39m
   [33m[2m‚úì[22m[39m Submission Package Bundler[2m > [22mDocument Selection[2m > [22mshould allow reordering documents [33m 1905[2mms[22m[39m
   [33m[2m‚úì[22m[39m Submission Package Bundler[2m > [22mZIP File Generation[2m > [22mshould generate ZIP with multiple files [33m 1332[2mms[22m[39m
   [33m[2m‚úì[22m[39m Submission Package Bundler[2m > [22mZIP File Generation[2m > [22mshould prefix files with order numbers [33m 2099[2mms[22m[39m
   [33m[2m‚úì[22m[39m Submission Package Bundler[2m > [22mZIP File Generation[2m > [22mshould sanitize filenames [33m 1333[2mms[22m[39m
   [33m[2m‚úì[22m[39m Submission Package Bundler[2m > [22mZIP File Generation[2m > [22mshould support different file formats [33m 1308[2mms[22m[39m
   [33m[2m‚úì[22m[39m Submission Package Bundler[2m > [22mZIP File Generation[2m > [22mshould include metadata file in ZIP [33m 1280[2mms[22m[39m
   [33m[2m‚úì[22m[39m Submission Package Bundler[2m > [22mPackage Duplication[2m > [22mshould create copy of existing package [33m 2182[2mms[22m[39m
   [33m[2m‚úì[22m[39m Submission Package Bundler[2m > [22mPackage Duplication[2m > [22mshould increment copy counter in name [33m 1481[2mms[22m[39m
   [33m[2m‚úì[22m[39m Submission Package Bundler[2m > [22mPackage Management[2m > [22mshould list packages for manuscript [33m 1434[2mms[22m[39m
   [33m[2m‚úì[22m[39m Submission Package Bundler[2m > [22mPackage Management[2m > [22mshould update package details [33m 2287[2mms[22m[39m
   [33m[2m‚úì[22m[39m Submission Package Bundler[2m > [22mPackage Management[2m > [22mshould delete package [33m 1292[2mms[22m[39m
   [33m[2m‚úì[22m[39m Submission Package Bundler[2m > [22mValidation[2m > [22mshould validate package has required documents [33m 1291[2mms[22m[39m
   [33m[2m‚úì[22m[39m Submission Package Bundler[2m > [22mValidation[2m > [22mshould validate document exists before adding to package [33m 1580[2mms[22m[39m
   [33m[2m‚úì[22m[39m Submission Package Bundler[2m > [22mValidation[2m > [22mshould prevent duplicate documents in package [33m 2511[2mms[22m[39m
   [33m[2m‚úì[22m[39m Submission Package Bundler[2m > [22mDownload Tracking[2m > [22mshould track download count [33m 1352[2mms[22m[39m
   [33m[2m‚úì[22m[39m Submission Package Bundler[2m > [22mDownload Tracking[2m > [22mshould track last downloaded timestamp [33m 1365[2mms[22m[39m
   [33m[2m‚úì[22m[39m Submission Package Bundler[2m > [22mEdge Cases[2m > [22mshould handle empty package name [33m 1756[2mms[22m[39m
   [33m[2m‚úì[22m[39m Submission Package Bundler[2m > [22mEdge Cases[2m > [22mshould handle very long package name [33m 1445[2mms[22m[39m
   [33m[2m‚úì[22m[39m Submission Package Bundler[2m > [22mEdge Cases[2m > [22mshould handle package with only one document [33m 1481[2mms[22m[39m
   [33m[2m‚úì[22m[39m Submission Package Bundler[2m > [22mEdge Cases[2m > [22mshould handle large file sizes [33m 1369[2mms[22m[39m
[90mstdout[2m | tests/document-generation.test.js
[22m[39m[dotenv@17.2.3] injecting env (0) from .env.local -- tip: üîÑ add secrets lifecycle management: https://dotenvx.com/ops

[90mstdout[2m | tests/document-generation.test.js
[22m[39m
üß™ Setting up test environment...

[90mstdout[2m | tests/document-generation.test.js
[22m[39m‚úì Test database connected

[90mstdout[2m | tests/document-generation.test.js
[22m[39m  Applying base schema...

[90mstdout[2m | tests/document-generation.test.js
[22m[39m  ‚úì Schema and migrations applied

[90mstdout[2m | tests/document-generation.test.js
[22m[39m‚úì Migrations applied
‚úì Database adapter created (D1-compatible interface)

[90mstdout[2m | tests/document-generation.test.js
[22m[39m‚úì Test database initialized
Initializing adapters...
‚úì Database adapter initialized
‚úì Storage adapter initialized
‚ö† Running in test mode without Redis - using in-memory session store

[90mstdout[2m | tests/document-generation.test.js
[22m[39m‚úì Session store initialized
‚úì Cache adapter initialized
‚úì Queue service initialized
‚úì Environment initialized
‚úì Session middleware applied
[VirusScanner] Initializing ClamAV at localhost:3310...

[90mstdout[2m | tests/document-generation.test.js
[22m[39m‚úì Server adapters initialized
‚úì Test environment ready


[90mstderr[2m | tests/document-generation.test.js[2m > [22m[2mDocument Generation[2m > [22m[2mQuery Letter Generation[2m > [22m[2mshould generate query letter within word count range
[22m[39m[VirusScanner] Failed to initialize: 

[90mstderr[2m | tests/document-generation.test.js[2m > [22m[2mDocument Generation[2m > [22m[2mQuery Letter Generation[2m > [22m[2mshould generate query letter within word count range
[22m[39m‚ö† Virus scanner initialization failed (uploads will continue without scanning)

[90mstdout[2m | tests/document-generation.test.js
[22m[39m
üßπ Tearing down test environment...

[90mstdout[2m | tests/document-generation.test.js
[22m[39m‚úì Test database cleaned

[90mstdout[2m | tests/document-generation.test.js
[22m[39m‚úì Database adapter closed

[90mstdout[2m | tests/document-generation.test.js
[22m[39m‚úì Test database disconnected

[90mstdout[2m | tests/document-generation.test.js
[22m[39m‚úì Test database cleaned up
‚úì Test environment cleaned up


 [32m‚úì[39m tests/document-generation.test.js [2m([22m[2m27 tests[22m[2m)[22m[33m 49633[2mms[22m[39m
   [33m[2m‚úì[22m[39m Document Generation[2m > [22mQuery Letter Generation[2m > [22mshould generate query letter within word count range [33m 1367[2mms[22m[39m
   [33m[2m‚úì[22m[39m Document Generation[2m > [22mQuery Letter Generation[2m > [22mshould include essential query letter components [33m 1338[2mms[22m[39m
   [33m[2m‚úì[22m[39m Document Generation[2m > [22mQuery Letter Generation[2m > [22mshould validate query letter structure [33m 1972[2mms[22m[39m
   [33m[2m‚úì[22m[39m Document Generation[2m > [22mQuery Letter Generation[2m > [22mshould reject query letters that are too short [33m 1500[2mms[22m[39m
   [33m[2m‚úì[22m[39m Document Generation[2m > [22mQuery Letter Generation[2m > [22mshould reject query letters that are too long [33m 1382[2mms[22m[39m
   [33m[2m‚úì[22m[39m Document Generation[2m > [22mSynopsis Generation[2m > [22mshould generate short synopsis at 500 words [33m 1441[2mms[22m[39m
   [33m[2m‚úì[22m[39m Document Generation[2m > [22mSynopsis Generation[2m > [22mshould generate long synopsis at 2500 words [33m 2277[2mms[22m[39m
   [33m[2m‚úì[22m[39m Document Generation[2m > [22mSynopsis Generation[2m > [22mshould include beginning, middle, and end [33m 1431[2mms[22m[39m
   [33m[2m‚úì[22m[39m Document Generation[2m > [22mSynopsis Generation[2m > [22mshould reveal ending (unlike blurb) [33m 1325[2mms[22m[39m
   [33m[2m‚úì[22m[39m Document Generation[2m > [22mSynopsis Generation[2m > [22mshould maintain chronological order [33m 1691[2mms[22m[39m
   [33m[2m‚úì[22m[39m Document Generation[2m > [22mVersion Management[2m > [22mshould create new version on update [33m 1298[2mms[22m[39m
   [33m[2m‚úì[22m[39m Document Generation[2m > [22mVersion Management[2m > [22mshould track version metadata [33m 1292[2mms[22m[39m
   [33m[2m‚úì[22m[39m Document Generation[2m > [22mVersion Management[2m > [22mshould allow rollback to previous version [33m 1352[2mms[22m[39m
   [33m[2m‚úì[22m[39m Document Generation[2m > [22mVersion Management[2m > [22mshould maintain version history after rollback [33m 1471[2mms[22m[39m
   [33m[2m‚úì[22m[39m Document Generation[2m > [22mDocument Validation[2m > [22mshould validate document type [33m 1977[2mms[22m[39m
   [33m[2m‚úì[22m[39m Document Generation[2m > [22mDocument Validation[2m > [22mshould reject invalid document type [33m 1598[2mms[22m[39m
   [33m[2m‚úì[22m[39m Document Generation[2m > [22mDocument Validation[2m > [22mshould validate required fields [33m 1720[2mms[22m[39m
   [33m[2m‚úì[22m[39m Document Generation[2m > [22mDocument Validation[2m > [22mshould calculate word count accurately [33m 1551[2mms[22m[39m
   [33m[2m‚úì[22m[39m Document Generation[2m > [22mDocument Validation[2m > [22mshould handle empty document [33m 1282[2mms[22m[39m
   [33m[2m‚úì[22m[39m Document Generation[2m > [22mAI Generation Metadata[2m > [22mshould track generation parameters [33m 1323[2mms[22m[39m
   [33m[2m‚úì[22m[39m Document Generation[2m > [22mAI Generation Metadata[2m > [22mshould calculate cost based on token usage [33m 1365[2mms[22m[39m
   [33m[2m‚úì[22m[39m Document Generation[2m > [22mBatch Generation[2m > [22mshould generate all document types at once [33m 2482[2mms[22m[39m
   [33m[2m‚úì[22m[39m Document Generation[2m > [22mBatch Generation[2m > [22mshould track individual generation status [33m 1274[2mms[22m[39m
   [33m[2m‚úì[22m[39m Document Generation[2m > [22mEdge Cases[2m > [22mshould handle very short manuscript title [33m 1284[2mms[22m[39m
   [33m[2m‚úì[22m[39m Document Generation[2m > [22mEdge Cases[2m > [22mshould handle very long manuscript title [33m 2218[2mms[22m[39m
   [33m[2m‚úì[22m[39m Document Generation[2m > [22mEdge Cases[2m > [22mshould handle special characters in content [33m 1338[2mms[22m[39m
   [33m[2m‚úì[22m[39m Document Generation[2m > [22mEdge Cases[2m > [22mshould handle unicode characters [33m 1297[2mms[22m[39m
[90mstdout[2m | tests/metadata-handlers.test.js
[22m[39m[dotenv@17.2.3] injecting env (0) from .env.local -- tip: üõ†Ô∏è  run anywhere with `dotenvx run -- yourcommand`

[90mstdout[2m | tests/metadata-handlers.test.js
[22m[39m
üß™ Setting up test environment...

[90mstdout[2m | tests/metadata-handlers.test.js
[22m[39m‚úì Test database connected

[90mstdout[2m | tests/metadata-handlers.test.js
[22m[39m  Applying base schema...

[90mstdout[2m | tests/metadata-handlers.test.js
[22m[39m  ‚úì Schema and migrations applied

[90mstdout[2m | tests/metadata-handlers.test.js
[22m[39m‚úì Migrations applied
‚úì Database adapter created (D1-compatible interface)

[90mstdout[2m | tests/metadata-handlers.test.js
[22m[39m‚úì Test database initialized
Initializing adapters...
‚úì Database adapter initialized
‚úì Storage adapter initialized
‚ö† Running in test mode without Redis - using in-memory session store

[90mstdout[2m | tests/metadata-handlers.test.js
[22m[39m‚úì Session store initialized
‚úì Cache adapter initialized
‚úì Queue service initialized
‚úì Environment initialized
‚úì Session middleware applied
[VirusScanner] Initializing ClamAV at localhost:3310...

[90mstdout[2m | tests/metadata-handlers.test.js
[22m[39m‚úì Server adapters initialized
‚úì Test environment ready


[90mstderr[2m | tests/metadata-handlers.test.js[2m > [22m[2mEnhanced Metadata Handlers[2m > [22m[2mGenre Validation[2m > [22m[2mshould validate word count for romance novel
[22m[39m[VirusScanner] Failed to initialize: 

[90mstderr[2m | tests/metadata-handlers.test.js[2m > [22m[2mEnhanced Metadata Handlers[2m > [22m[2mGenre Validation[2m > [22m[2mshould validate word count for romance novel
[22m[39m‚ö† Virus scanner initialization failed (uploads will continue without scanning)

[90mstdout[2m | tests/metadata-handlers.test.js
[22m[39m
üßπ Tearing down test environment...

[90mstdout[2m | tests/metadata-handlers.test.js
[22m[39m‚úì Test database cleaned

[90mstdout[2m | tests/metadata-handlers.test.js
[22m[39m‚úì Database adapter closed

[90mstdout[2m | tests/metadata-handlers.test.js
[22m[39m‚úì Test database disconnected

[90mstdout[2m | tests/metadata-handlers.test.js
[22m[39m‚úì Test database cleaned up
‚úì Test environment cleaned up


 [32m‚úì[39m tests/metadata-handlers.test.js [2m([22m[2m21 tests[22m[2m)[22m[33m 51271[2mms[22m[39m
   [33m[2m‚úì[22m[39m Enhanced Metadata Handlers[2m > [22mGenre Validation[2m > [22mshould validate word count for romance novel [33m 1632[2mms[22m[39m
   [33m[2m‚úì[22m[39m Enhanced Metadata Handlers[2m > [22mGenre Validation[2m > [22mshould flag word count outside genre norms [33m 1832[2mms[22m[39m
   [33m[2m‚úì[22m[39m Enhanced Metadata Handlers[2m > [22mGenre Validation[2m > [22mshould accept novella word counts for appropriate genres [33m 1667[2mms[22m[39m
   [33m[2m‚úì[22m[39m Enhanced Metadata Handlers[2m > [22mContent Warning Validation[2m > [22mshould validate content warning categories [33m 1650[2mms[22m[39m
   [33m[2m‚úì[22m[39m Enhanced Metadata Handlers[2m > [22mContent Warning Validation[2m > [22mshould validate severity levels [33m 2770[2mms[22m[39m
   [33m[2m‚úì[22m[39m Enhanced Metadata Handlers[2m > [22mContent Warning Validation[2m > [22mshould handle multiple content warnings [33m 1983[2mms[22m[39m
   [33m[2m‚úì[22m[39m Enhanced Metadata Handlers[2m > [22mMetadata Structure[2m > [22mshould validate primary genre and subgenres [33m 2130[2mms[22m[39m
   [33m[2m‚úì[22m[39m Enhanced Metadata Handlers[2m > [22mMetadata Structure[2m > [22mshould validate age category [33m 1630[2mms[22m[39m
   [33m[2m‚úì[22m[39m Enhanced Metadata Handlers[2m > [22mMetadata Structure[2m > [22mshould validate manuscript status [33m 1647[2mms[22m[39m
   [33m[2m‚úì[22m[39m Enhanced Metadata Handlers[2m > [22mMetadata Structure[2m > [22mshould validate series information [33m 2221[2mms[22m[39m
   [33m[2m‚úì[22m[39m Enhanced Metadata Handlers[2m > [22mMetadata History Tracking[2m > [22mshould record metadata changes with timestamp [33m 2423[2mms[22m[39m
   [33m[2m‚úì[22m[39m Enhanced Metadata Handlers[2m > [22mMetadata History Tracking[2m > [22mshould track multiple change types [33m 1580[2mms[22m[39m
   [33m[2m‚úì[22m[39m Enhanced Metadata Handlers[2m > [22mGenre Hierarchy[2m > [22mshould validate parent-child genre relationships [33m 2565[2mms[22m[39m
   [33m[2m‚úì[22m[39m Enhanced Metadata Handlers[2m > [22mGenre Hierarchy[2m > [22mshould handle subgenre depth [33m 2065[2mms[22m[39m
   [33m[2m‚úì[22m[39m Enhanced Metadata Handlers[2m > [22mWord Count Validation Logic[2m > [22mshould categorize flash fiction correctly [33m 2212[2mms[22m[39m
   [33m[2m‚úì[22m[39m Enhanced Metadata Handlers[2m > [22mWord Count Validation Logic[2m > [22mshould categorize novel correctly [33m 1629[2mms[22m[39m
   [33m[2m‚úì[22m[39m Enhanced Metadata Handlers[2m > [22mWord Count Validation Logic[2m > [22mshould categorize epic correctly [33m 2060[2mms[22m[39m
   [33m[2m‚úì[22m[39m Enhanced Metadata Handlers[2m > [22mEdge Cases[2m > [22mshould handle missing optional metadata fields [33m 2697[2mms[22m[39m
   [33m[2m‚úì[22m[39m Enhanced Metadata Handlers[2m > [22mEdge Cases[2m > [22mshould handle empty subgenres array [33m 1694[2mms[22m[39m
   [33m[2m‚úì[22m[39m Enhanced Metadata Handlers[2m > [22mEdge Cases[2m > [22mshould validate completion percentage range [33m 1662[2mms[22m[39m
   [33m[2m‚úì[22m[39m Enhanced Metadata Handlers[2m > [22mEdge Cases[2m > [22mshould reject invalid completion percentage [33m 2371[2mms[22m[39m
[90mstdout[2m | tests/error-handling.test.js
[22m[39m[dotenv@17.2.3] injecting env (0) from .env.local -- tip: ‚öôÔ∏è  load multiple .env files with { path: ['.env.local', '.env'] }

[90mstdout[2m | tests/error-handling.test.js
[22m[39m
üß™ Setting up test environment...

[90mstdout[2m | tests/error-handling.test.js
[22m[39m‚úì Test database connected

[90mstdout[2m | tests/error-handling.test.js
[22m[39m  Applying base schema...

[90mstdout[2m | tests/error-handling.test.js
[22m[39m  ‚úì Schema and migrations applied

[90mstdout[2m | tests/error-handling.test.js
[22m[39m‚úì Migrations applied
‚úì Database adapter created (D1-compatible interface)

[90mstdout[2m | tests/error-handling.test.js
[22m[39m‚úì Test database initialized
Initializing adapters...
‚úì Database adapter initialized
‚úì Storage adapter initialized
‚ö† Running in test mode without Redis - using in-memory session store

[90mstdout[2m | tests/error-handling.test.js
[22m[39m‚úì Session store initialized
‚úì Cache adapter initialized
‚úì Queue service initialized
‚úì Environment initialized
‚úì Session middleware applied
[VirusScanner] Initializing ClamAV at localhost:3310...

[90mstdout[2m | tests/error-handling.test.js
[22m[39m‚úì Server adapters initialized
‚úì Test environment ready


[90mstderr[2m | tests/error-handling.test.js[2m > [22m[2mError Handling[2m > [22m[2mError Classes[2m > [22m[2mshould create AppError with correct properties
[22m[39m[VirusScanner] Failed to initialize: 

[90mstderr[2m | tests/error-handling.test.js[2m > [22m[2mError Handling[2m > [22m[2mError Classes[2m > [22m[2mshould create AppError with correct properties
[22m[39m‚ö† Virus scanner initialization failed (uploads will continue without scanning)

[90mstdout[2m | tests/error-handling.test.js
[22m[39m
üßπ Tearing down test environment...

[90mstdout[2m | tests/error-handling.test.js
[22m[39m‚úì Test database cleaned

[90mstdout[2m | tests/error-handling.test.js
[22m[39m‚úì Database adapter closed

[90mstdout[2m | tests/error-handling.test.js
[22m[39m‚úì Test database disconnected

[90mstdout[2m | tests/error-handling.test.js
[22m[39m‚úì Test database cleaned up
‚úì Test environment cleaned up


 [32m‚úì[39m tests/error-handling.test.js [2m([22m[2m24 tests[22m[2m)[22m[33m 54759[2mms[22m[39m
   [33m[2m‚úì[22m[39m Error Handling[2m > [22mError Classes[2m > [22mshould create AppError with correct properties [33m 1664[2mms[22m[39m
   [33m[2m‚úì[22m[39m Error Handling[2m > [22mError Classes[2m > [22mshould serialize AppError to JSON correctly [33m 1593[2mms[22m[39m
   [33m[2m‚úì[22m[39m Error Handling[2m > [22mError Classes[2m > [22mshould create AuthenticationError with 401 status [33m 1681[2mms[22m[39m
   [33m[2m‚úì[22m[39m Error Handling[2m > [22mError Classes[2m > [22mshould create AuthorizationError with 403 status [33m 2181[2mms[22m[39m
   [33m[2m‚úì[22m[39m Error Handling[2m > [22mError Classes[2m > [22mshould create ValidationError with 400 status [33m 1669[2mms[22m[39m
   [33m[2m‚úì[22m[39m Error Handling[2m > [22mError Classes[2m > [22mshould create NotFoundError with 404 status [33m 1657[2mms[22m[39m
   [33m[2m‚úì[22m[39m Error Handling[2m > [22mError Classes[2m > [22mshould create RateLimitError with 429 status [33m 2252[2mms[22m[39m
   [33m[2m‚úì[22m[39m Error Handling[2m > [22mError Classes[2m > [22mshould create ConflictError with 409 status [33m 1644[2mms[22m[39m
   [33m[2m‚úì[22m[39m Error Handling[2m > [22mError Classes[2m > [22mshould create ServerError with 500 status [33m 1847[2mms[22m[39m
   [33m[2m‚úì[22m[39m Error Handling[2m > [22mError Classes[2m > [22mshould create ExternalServiceError with service name [33m 2664[2mms[22m[39m
   [33m[2m‚úì[22m[39m Error Handling[2m > [22mcreateErrorResponse[2m > [22mshould create Response with correct status and JSON [33m 1677[2mms[22m[39m
   [33m[2m‚úì[22m[39m Error Handling[2m > [22mcreateErrorResponse[2m > [22mshould handle generic Error objects [33m 2820[2mms[22m[39m
   [33m[2m‚úì[22m[39m Error Handling[2m > [22mcreateErrorResponse[2m > [22mshould include Retry-After header for rate limit errors [33m 1979[2mms[22m[39m
   [33m[2m‚úì[22m[39m Error Handling[2m > [22mcreateErrorResponse[2m > [22mshould merge additional headers [33m 1894[2mms[22m[39m
   [33m[2m‚úì[22m[39m Error Handling[2m > [22mAssertion Helpers[2m > [22massert should not throw when condition is true [33m 1934[2mms[22m[39m
   [33m[2m‚úì[22m[39m Error Handling[2m > [22mAssertion Helpers[2m > [22massert should throw ValidationError when condition is false [33m 1672[2mms[22m[39m
   [33m[2m‚úì[22m[39m Error Handling[2m > [22mAssertion Helpers[2m > [22massert should include details in error [33m 1695[2mms[22m[39m
   [33m[2m‚úì[22m[39m Error Handling[2m > [22mAssertion Helpers[2m > [22massertAuthenticated should not throw when userId exists [33m 2195[2mms[22m[39m
   [33m[2m‚úì[22m[39m Error Handling[2m > [22mAssertion Helpers[2m > [22massertAuthenticated should throw when userId is null [33m 1986[2mms[22m[39m
   [33m[2m‚úì[22m[39m Error Handling[2m > [22mAssertion Helpers[2m > [22massertAuthenticated should throw when userId is undefined [33m 1872[2mms[22m[39m
   [33m[2m‚úì[22m[39m Error Handling[2m > [22mAssertion Helpers[2m > [22massertAuthorized should not throw when permission is true [33m 2425[2mms[22m[39m
   [33m[2m‚úì[22m[39m Error Handling[2m > [22mAssertion Helpers[2m > [22massertAuthorized should throw when permission is false [33m 1705[2mms[22m[39m
   [33m[2m‚úì[22m[39m Error Handling[2m > [22mError Inheritance[2m > [22mshould maintain instanceof relationships [33m 2415[2mms[22m[39m
   [33m[2m‚úì[22m[39m Error Handling[2m > [22mError Inheritance[2m > [22mshould have correct error names [33m 2424[2mms[22m[39m
[90mstdout[2m | tests/auth-utils.test.js
[22m[39m[dotenv@17.2.3] injecting env (0) from .env.local -- tip: üîê prevent committing .env to code: https://dotenvx.com/precommit

[90mstdout[2m | tests/auth-utils.test.js
[22m[39m
üß™ Setting up test environment...

[90mstdout[2m | tests/auth-utils.test.js
[22m[39m‚úì Test database connected

[90mstdout[2m | tests/auth-utils.test.js
[22m[39m  Applying base schema...

[90mstdout[2m | tests/auth-utils.test.js
[22m[39m  ‚úì Schema and migrations applied

[90mstdout[2m | tests/auth-utils.test.js
[22m[39m‚úì Migrations applied
‚úì Database adapter created (D1-compatible interface)

[90mstdout[2m | tests/auth-utils.test.js
[22m[39m‚úì Test database initialized
Initializing adapters...
‚úì Database adapter initialized
‚úì Storage adapter initialized
‚ö† Running in test mode without Redis - using in-memory session store

[90mstdout[2m | tests/auth-utils.test.js
[22m[39m‚úì Session store initialized
‚úì Cache adapter initialized
‚úì Queue service initialized
‚úì Environment initialized
‚úì Session middleware applied
[VirusScanner] Initializing ClamAV at localhost:3310...

[90mstdout[2m | tests/auth-utils.test.js
[22m[39m‚úì Server adapters initialized
‚úì Test environment ready


[90mstderr[2m | tests/auth-utils.test.js[2m > [22m[2mAuthentication Utilities[2m > [22m[2mvalidatePassword[2m > [22m[2mshould accept a valid password
[22m[39m[VirusScanner] Failed to initialize: 

[90mstderr[2m | tests/auth-utils.test.js[2m > [22m[2mAuthentication Utilities[2m > [22m[2mvalidatePassword[2m > [22m[2mshould accept a valid password
[22m[39m‚ö† Virus scanner initialization failed (uploads will continue without scanning)

[90mstdout[2m | tests/auth-utils.test.js
[22m[39m
üßπ Tearing down test environment...

[90mstdout[2m | tests/auth-utils.test.js
[22m[39m‚úì Test database cleaned

[90mstdout[2m | tests/auth-utils.test.js
[22m[39m‚úì Database adapter closed

[90mstdout[2m | tests/auth-utils.test.js
[22m[39m‚úì Test database disconnected

[90mstdout[2m | tests/auth-utils.test.js
[22m[39m‚úì Test database cleaned up
‚úì Test environment cleaned up


 [32m‚úì[39m tests/auth-utils.test.js [2m([22m[2m22 tests[22m[2m)[22m[33m 59673[2mms[22m[39m
   [33m[2m‚úì[22m[39m Authentication Utilities[2m > [22mvalidatePassword[2m > [22mshould accept a valid password [33m 1721[2mms[22m[39m
   [33m[2m‚úì[22m[39m Authentication Utilities[2m > [22mvalidatePassword[2m > [22mshould reject password shorter than 8 characters [33m 2522[2mms[22m[39m
   [33m[2m‚úì[22m[39m Authentication Utilities[2m > [22mvalidatePassword[2m > [22mshould reject password without uppercase letter [33m 1807[2mms[22m[39m
   [33m[2m‚úì[22m[39m Authentication Utilities[2m > [22mvalidatePassword[2m > [22mshould reject password without lowercase letter [33m 1695[2mms[22m[39m
   [33m[2m‚úì[22m[39m Authentication Utilities[2m > [22mvalidatePassword[2m > [22mshould reject password without number [33m 1921[2mms[22m[39m
   [33m[2m‚úì[22m[39m Authentication Utilities[2m > [22mvalidatePassword[2m > [22mshould reject password without special character [33m 2200[2mms[22m[39m
   [33m[2m‚úì[22m[39m Authentication Utilities[2m > [22mvalidatePassword[2m > [22mshould reject null or undefined password [33m 2032[2mms[22m[39m
   [33m[2m‚úì[22m[39m Authentication Utilities[2m > [22mvalidatePassword[2m > [22mshould accept password with all requirements [33m 1858[2mms[22m[39m
   [33m[2m‚úì[22m[39m Authentication Utilities[2m > [22mvalidatePassword[2m > [22mshould return multiple errors for invalid password [33m 1669[2mms[22m[39m
   [33m[2m‚úì[22m[39m Authentication Utilities[2m > [22mvalidateEmail[2m > [22mshould accept valid email addresses [33m 1673[2mms[22m[39m
   [33m[2m‚úì[22m[39m Authentication Utilities[2m > [22mvalidateEmail[2m > [22mshould reject invalid email addresses [33m 2516[2mms[22m[39m
   [33m[2m‚úì[22m[39m Authentication Utilities[2m > [22mvalidateEmail[2m > [22mshould handle edge cases [33m 2050[2mms[22m[39m
   [33m[2m‚úì[22m[39m Authentication Utilities[2m > [22mhashPassword and verifyPassword[2m > [22mshould hash a password [33m 2329[2mms[22m[39m
   [33m[2m‚úì[22m[39m Authentication Utilities[2m > [22mhashPassword and verifyPassword[2m > [22mshould produce different hashes for same password [33m 2764[2mms[22m[39m
   [33m[2m‚úì[22m[39m Authentication Utilities[2m > [22mhashPassword and verifyPassword[2m > [22mshould verify correct password [33m 2227[2mms[22m[39m
   [33m[2m‚úì[22m[39m Authentication Utilities[2m > [22mhashPassword and verifyPassword[2m > [22mshould reject incorrect password [33m 5102[2mms[22m[39m
   [33m[2m‚úì[22m[39m Authentication Utilities[2m > [22mhashPassword and verifyPassword[2m > [22mshould handle empty passwords [33m 2838[2mms[22m[39m
   [33m[2m‚úì[22m[39m Authentication Utilities[2m > [22mhashPassword and verifyPassword[2m > [22mshould be case sensitive [33m 2317[2mms[22m[39m
   [33m[2m‚úì[22m[39m Authentication Utilities[2m > [22mhashPassword and verifyPassword[2m > [22mshould handle long passwords [33m 4809[2mms[22m[39m
   [33m[2m‚úì[22m[39m Authentication Utilities[2m > [22mAUTH_CONFIG[2m > [22mshould have valid configuration values [33m 2043[2mms[22m[39m
   [33m[2m‚úì[22m[39m Authentication Utilities[2m > [22mAUTH_CONFIG[2m > [22mshould have password requirements defined [33m 2816[2mms[22m[39m
   [33m[2m‚úì[22m[39m Authentication Utilities[2m > [22mAUTH_CONFIG[2m > [22mshould have rate limit configuration [33m 1684[2mms[22m[39m
[90mstdout[2m | tests/integration/webhook-signature-verification.test.js
[22m[39m[dotenv@17.2.3] injecting env (0) from .env.local -- tip: ‚öôÔ∏è  override existing env vars with { override: true }

[90mstdout[2m | tests/integration/webhook-signature-verification.test.js
[22m[39m
üß™ Setting up test environment...

[90mstdout[2m | tests/integration/webhook-signature-verification.test.js
[22m[39m‚úì Test database connected

[90mstdout[2m | tests/integration/webhook-signature-verification.test.js
[22m[39m  Applying base schema...

[90mstdout[2m | tests/integration/webhook-signature-verification.test.js
[22m[39m  ‚úì Schema and migrations applied

[90mstdout[2m | tests/integration/webhook-signature-verification.test.js
[22m[39m‚úì Migrations applied
‚úì Database adapter created (D1-compatible interface)

[90mstdout[2m | tests/integration/webhook-signature-verification.test.js
[22m[39m‚úì Test database initialized
Initializing adapters...
‚úì Database adapter initialized
‚úì Storage adapter initialized
‚ö† Running in test mode without Redis - using in-memory session store

[90mstdout[2m | tests/integration/webhook-signature-verification.test.js
[22m[39m‚úì Session store initialized
‚úì Cache adapter initialized
‚úì Queue service initialized
‚úì Environment initialized
‚úì Session middleware applied
[VirusScanner] Initializing ClamAV at localhost:3310...

[90mstdout[2m | tests/integration/webhook-signature-verification.test.js
[22m[39m‚úì Server adapters initialized
‚úì Test environment ready


[90mstderr[2m | tests/integration/webhook-signature-verification.test.js[2m > [22m[2mWebhook Signature Verification[2m > [22m[2mValid Signatures[2m > [22m[2mshould accept webhook with valid signature
[22m[39m[VirusScanner] Failed to initialize: 

[90mstderr[2m | tests/integration/webhook-signature-verification.test.js[2m > [22m[2mWebhook Signature Verification[2m > [22m[2mValid Signatures[2m > [22m[2mshould accept webhook with valid signature
[22m[39m‚ö† Virus scanner initialization failed (uploads will continue without scanning)

[90mstdout[2m | tests/integration/webhook-signature-verification.test.js[2m > [22m[2mWebhook Signature Verification[2m > [22m[2mValid Signatures[2m > [22m[2mshould accept webhook with valid signature
[22m[39m[Webhook] Processing event: checkout.session.completed evt_test_8fe68de476d1b228f924f524
[Webhook] Checkout completed for user: user-123 plan: [90mundefined[39m

[90mstdout[2m | tests/integration/webhook-signature-verification.test.js[2m > [22m[2mWebhook Signature Verification[2m > [22m[2mValid Signatures[2m > [22m[2mshould accept webhook with valid signature
[22m[39m[Webhook] One-time payment recorded: 562afef6-f7fc-4c57-a16e-609ce63efd13

[90mstderr[2m | tests/integration/webhook-signature-verification.test.js[2m > [22m[2mWebhook Signature Verification[2m > [22m[2mValid Signatures[2m > [22m[2mshould accept webhook with valid signature
[22m[39m[Budget] Error updating spend: TypeError: env.DB.prepare(...).first is not a function
    at updateBudgetSpend [90m(D:\manuscript-platform\[39msrc\utils\cost-utils.js:226:85[90m)[39m
    at logCost [90m(D:\manuscript-platform\[39msrc\utils\cost-utils.js:164:11[90m)[39m
[90m    at processTicksAndRejections (node:internal/process/task_queues:105:5)[39m
    at handleCheckoutCompleted [90m(D:\manuscript-platform\[39msrc\handlers\webhook-handlers.js:181:7[90m)[39m
    at handleStripeWebhook [90m(D:\manuscript-platform\[39msrc\handlers\webhook-handlers.js:54:9[90m)[39m
    at [90mD:\manuscript-platform\[39mtests\integration\webhook-signature-verification.test.js:107:26

[90mstderr[2m | tests/integration/webhook-signature-verification.test.js[2m > [22m[2mWebhook Signature Verification[2m > [22m[2mValid Signatures[2m > [22m[2mshould accept webhook with valid signature
[22m[39m[Budget] Error updating user spend: TypeError: Cannot read properties of null (reading 'current_spend_usd')
    at updateUserSpend [90m(D:\manuscript-platform\[39msrc\utils\cost-utils.js:291:34[90m)[39m
[90m    at processTicksAndRejections (node:internal/process/task_queues:105:5)[39m
    at logCost [90m(D:\manuscript-platform\[39msrc\utils\cost-utils.js:168:7[90m)[39m
    at handleCheckoutCompleted [90m(D:\manuscript-platform\[39msrc\handlers\webhook-handlers.js:181:7[90m)[39m
    at handleStripeWebhook [90m(D:\manuscript-platform\[39msrc\handlers\webhook-handlers.js:54:9[90m)[39m
    at [90mD:\manuscript-platform\[39mtests\integration\webhook-signature-verification.test.js:107:26

[90mstdout[2m | tests/integration/webhook-signature-verification.test.js[2m > [22m[2mWebhook Signature Verification[2m > [22m[2mValid Signatures[2m > [22m[2mshould accept webhook with valid signature
[22m[39m[Cost Tracking] Logged stripe_fees/payment_processing/one_time_payment: $1.1697

[90mstdout[2m | tests/integration/webhook-signature-verification.test.js[2m > [22m[2mWebhook Signature Verification[2m > [22m[2mValid Signatures[2m > [22m[2mshould accept webhook with recent timestamp (within 5 min)
[22m[39m[Webhook] Processing event: checkout.session.completed evt_test_e9e257c28abb0d0967ecf06d
[Webhook] Checkout completed for user: [90mundefined[39m plan: [90mundefined[39m

[90mstdout[2m | tests/integration/webhook-signature-verification.test.js[2m > [22m[2mWebhook Signature Verification[2m > [22m[2mValid Signatures[2m > [22m[2mshould accept webhook with recent timestamp (within 5 min)
[22m[39m[Webhook] One-time payment recorded: 053bcd3d-9212-4f32-ac45-8fda874939ff

[90mstderr[2m | tests/integration/webhook-signature-verification.test.js[2m > [22m[2mWebhook Signature Verification[2m > [22m[2mValid Signatures[2m > [22m[2mshould accept webhook with recent timestamp (within 5 min)
[22m[39m[Budget] Error updating spend: TypeError: env.DB.prepare(...).first is not a function
    at updateBudgetSpend [90m(D:\manuscript-platform\[39msrc\utils\cost-utils.js:226:85[90m)[39m
    at logCost [90m(D:\manuscript-platform\[39msrc\utils\cost-utils.js:164:11[90m)[39m
[90m    at processTicksAndRejections (node:internal/process/task_queues:105:5)[39m
    at handleCheckoutCompleted [90m(D:\manuscript-platform\[39msrc\handlers\webhook-handlers.js:181:7[90m)[39m
    at handleStripeWebhook [90m(D:\manuscript-platform\[39msrc\handlers\webhook-handlers.js:54:9[90m)[39m
    at [90mD:\manuscript-platform\[39mtests\integration\webhook-signature-verification.test.js:107:26

[90mstdout[2m | tests/integration/webhook-signature-verification.test.js[2m > [22m[2mWebhook Signature Verification[2m > [22m[2mValid Signatures[2m > [22m[2mshould accept webhook with recent timestamp (within 5 min)
[22m[39m[Cost Tracking] Logged stripe_fees/payment_processing/one_time_payment: $1.1697

[90mstderr[2m | tests/integration/webhook-signature-verification.test.js[2m > [22m[2mWebhook Signature Verification[2m > [22m[2mInvalid Signatures[2m > [22m[2mshould reject webhook with incorrect signature
[22m[39m[Webhook] Signature verification failed: No signatures found matching the expected signature for payload. Are you passing the raw request body you received from Stripe? 
 If a webhook request is being forwarded by a third-party tool, ensure that the exact request body, including JSON formatting and new line style, is preserved.

Learn more about webhook signing and explore webhook integration examples for various frameworks at https://docs.stripe.com/webhooks/signature


[90mstderr[2m | tests/integration/webhook-signature-verification.test.js[2m > [22m[2mWebhook Signature Verification[2m > [22m[2mInvalid Signatures[2m > [22m[2mshould reject webhook with malformed signature format
[22m[39m[Webhook] Signature verification failed: No signatures found with expected scheme

[90mstderr[2m | tests/integration/webhook-signature-verification.test.js[2m > [22m[2mWebhook Signature Verification[2m > [22m[2mInvalid Signatures[2m > [22m[2mshould reject webhook with tampered payload
[22m[39m[Webhook] Signature verification failed: No signatures found matching the expected signature for payload. Are you passing the raw request body you received from Stripe? 
 If a webhook request is being forwarded by a third-party tool, ensure that the exact request body, including JSON formatting and new line style, is preserved.

Learn more about webhook signing and explore webhook integration examples for various frameworks at https://docs.stripe.com/webhooks/signature


[90mstderr[2m | tests/integration/webhook-signature-verification.test.js[2m > [22m[2mWebhook Signature Verification[2m > [22m[2mReplay Attack Prevention[2m > [22m[2mshould reject webhook with expired timestamp (>5 min old)
[22m[39m[Webhook] Signature verification failed: Timestamp outside the tolerance zone

[90mstdout[2m | tests/integration/webhook-signature-verification.test.js[2m > [22m[2mWebhook Signature Verification[2m > [22m[2mReplay Attack Prevention[2m > [22m[2mshould accept webhook with future timestamp (Stripe allows clock skew)
[22m[39m[Webhook] Processing event: checkout.session.completed evt_test_209b359991529ac864b86f25
[Webhook] Checkout completed for user: [90mundefined[39m plan: [90mundefined[39m

[90mstdout[2m | tests/integration/webhook-signature-verification.test.js[2m > [22m[2mWebhook Signature Verification[2m > [22m[2mReplay Attack Prevention[2m > [22m[2mshould accept webhook with future timestamp (Stripe allows clock skew)
[22m[39m[Webhook] One-time payment recorded: e3f3bc36-d4ad-4d93-b072-5db2bed1a4d4

[90mstderr[2m | tests/integration/webhook-signature-verification.test.js[2m > [22m[2mWebhook Signature Verification[2m > [22m[2mReplay Attack Prevention[2m > [22m[2mshould accept webhook with future timestamp (Stripe allows clock skew)
[22m[39m[Budget] Error updating spend: TypeError: env.DB.prepare(...).first is not a function
    at updateBudgetSpend [90m(D:\manuscript-platform\[39msrc\utils\cost-utils.js:226:85[90m)[39m
    at logCost [90m(D:\manuscript-platform\[39msrc\utils\cost-utils.js:164:11[90m)[39m
[90m    at processTicksAndRejections (node:internal/process/task_queues:105:5)[39m
    at handleCheckoutCompleted [90m(D:\manuscript-platform\[39msrc\handlers\webhook-handlers.js:181:7[90m)[39m
    at handleStripeWebhook [90m(D:\manuscript-platform\[39msrc\handlers\webhook-handlers.js:54:9[90m)[39m
    at [90mD:\manuscript-platform\[39mtests\integration\webhook-signature-verification.test.js:107:26

[90mstdout[2m | tests/integration/webhook-signature-verification.test.js[2m > [22m[2mWebhook Signature Verification[2m > [22m[2mReplay Attack Prevention[2m > [22m[2mshould accept webhook with future timestamp (Stripe allows clock skew)
[22m[39m[Cost Tracking] Logged stripe_fees/payment_processing/one_time_payment: $1.1697

[90mstdout[2m | tests/integration/webhook-signature-verification.test.js
[22m[39m
üßπ Tearing down test environment...

[90mstdout[2m | tests/integration/webhook-signature-verification.test.js
[22m[39m‚úì Test database cleaned

[90mstdout[2m | tests/integration/webhook-signature-verification.test.js
[22m[39m‚úì Database adapter closed

[90mstdout[2m | tests/integration/webhook-signature-verification.test.js
[22m[39m‚úì Test database disconnected

[90mstdout[2m | tests/integration/webhook-signature-verification.test.js
[22m[39m‚úì Test database cleaned up
‚úì Test environment cleaned up


 [32m‚úì[39m tests/integration/webhook-signature-verification.test.js [2m([22m[2m9 tests[22m[2m)[22m[33m 26909[2mms[22m[39m
   [33m[2m‚úì[22m[39m Webhook Signature Verification[2m > [22mValid Signatures[2m > [22mshould accept webhook with valid signature [33m 1742[2mms[22m[39m
   [33m[2m‚úì[22m[39m Webhook Signature Verification[2m > [22mValid Signatures[2m > [22mshould accept webhook with recent timestamp (within 5 min) [33m 2531[2mms[22m[39m
   [33m[2m‚úì[22m[39m Webhook Signature Verification[2m > [22mMissing Signature[2m > [22mshould reject webhook with no signature header [33m 1672[2mms[22m[39m
   [33m[2m‚úì[22m[39m Webhook Signature Verification[2m > [22mMissing Signature[2m > [22mshould reject webhook with empty signature [33m 1878[2mms[22m[39m
   [33m[2m‚úì[22m[39m Webhook Signature Verification[2m > [22mInvalid Signatures[2m > [22mshould reject webhook with incorrect signature [33m 2847[2mms[22m[39m
   [33m[2m‚úì[22m[39m Webhook Signature Verification[2m > [22mInvalid Signatures[2m > [22mshould reject webhook with malformed signature format [33m 2939[2mms[22m[39m
   [33m[2m‚úì[22m[39m Webhook Signature Verification[2m > [22mInvalid Signatures[2m > [22mshould reject webhook with tampered payload [33m 1639[2mms[22m[39m
   [33m[2m‚úì[22m[39m Webhook Signature Verification[2m > [22mReplay Attack Prevention[2m > [22mshould reject webhook with expired timestamp (>5 min old) [33m 2496[2mms[22m[39m
   [33m[2m‚úì[22m[39m Webhook Signature Verification[2m > [22mReplay Attack Prevention[2m > [22mshould accept webhook with future timestamp (Stripe allows clock skew) [33m 2320[2mms[22m[39m

[31m‚éØ‚éØ‚éØ‚éØ‚éØ‚éØ[39m[1m[41m Failed Tests 64 [49m[22m[31m‚éØ‚éØ‚éØ‚éØ‚éØ‚éØ‚éØ[39m

[41m[1m FAIL [22m[49m tests/integration/infrastructure.test.js[2m > [22mTest Infrastructure[2m > [22mMock Factories[2m > [22mshould create mock storage adapter
[31m[1mTypeError[22m: The first argument must be of type string or an instance of Buffer, ArrayBuffer, or Array or an Array-like Object. Received undefined[39m
[36m [2m‚ùØ[22m Object.<anonymous> tests/test-helpers/mocks.js:[2m28:60[22m[39m
    [90m 26| [39m      [35mreturn[39m {
    [90m 27| [39m        key[33m,[39m
    [90m 28| [39m        size: Buffer.isBuffer(body) ? body.length : Buffer.from(body).‚Ä¶
    [90m   | [39m                                                           [31m^[39m
    [90m 29| [39m        etag[33m:[39m crypto[33m.[39m[34mrandomBytes[39m([34m16[39m)[33m.[39m[34mtoString[39m([32m'hex'[39m)
    [90m 30| [39m      }[33m;[39m
[90m [2m‚ùØ[22m tests/integration/infrastructure.test.js:[2m98:20[22m[39m

[31m[2m‚éØ‚éØ‚éØ‚éØ‚éØ‚éØ‚éØ‚éØ‚éØ‚éØ‚éØ‚éØ‚éØ‚éØ‚éØ‚éØ‚éØ‚éØ‚éØ‚éØ‚éØ‚éØ‚éØ[1/64]‚éØ[22m[39m

[41m[1m FAIL [22m[49m tests/unit/test-helpers.test.js[2m > [22mTest Data Factories[2m > [22mManuscript Factory[2m > [22mshould create valid manuscript data
[31m[1mAssertionError[22m: expected undefined to be truthy[39m

[32m- Expected:[39m 
true

[31m+ Received:[39m 
undefined

[36m [2m‚ùØ[22m tests/unit/test-helpers.test.js:[2m268:36[22m[39m
    [90m266| [39m      [34mexpect[39m(manuscript[33m.[39mid)[33m.[39m[34mtoBeTruthy[39m()[33m;[39m
    [90m267| [39m      [34mexpect[39m(manuscript[33m.[39muser_id)[33m.[39m[34mtoBe[39m(userId)[33m;[39m
    [90m268| [39m      [34mexpect[39m(manuscript[33m.[39mreport_id)[33m.[39m[34mtoBeTruthy[39m()[33m;[39m
    [90m   | [39m                                   [31m^[39m
    [90m269| [39m      [34mexpect[39m(manuscript[33m.[39mtitle)[33m.[39m[34mtoBeTruthy[39m()[33m;[39m
    [90m270| [39m      [34mexpect[39m(manuscript[33m.[39mgenre)[33m.[39m[34mtoBe[39m([32m'fiction'[39m)[33m;[39m

[31m[2m‚éØ‚éØ‚éØ‚éØ‚éØ‚éØ‚éØ‚éØ‚éØ‚éØ‚éØ‚éØ‚éØ‚éØ‚éØ‚éØ‚éØ‚éØ‚éØ‚éØ‚éØ‚éØ‚éØ[2/64]‚éØ[22m[39m

[41m[1m FAIL [22m[49m tests/integration/handlers/auth-handlers.test.js[2m > [22mPOST /auth/register[2m > [22mshould register a new user with valid credentials
[31m[1mAssertionError[22m: expected 'Registration successful. Please check‚Ä¶' to match /registered successfully/i[39m

[32m- Expected:[39m 
/registered successfully/i

[31m+ Received:[39m 
"Registration successful. Please check your email to verify your account."

[36m [2m‚ùØ[22m tests/integration/handlers/auth-handlers.test.js:[2m71:28[22m[39m
    [90m 69| [39m    [34mexpect[39m(result[33m.[39muserId)[33m.[39m[34mtoBeDefined[39m()[33m;[39m
    [90m 70| [39m    [34mexpect[39m(result[33m.[39mverificationToken)[33m.[39m[34mtoBeDefined[39m()[33m;[39m
    [90m 71| [39m    [34mexpect[39m(result[33m.[39mmessage)[33m.[39m[34mtoMatch[39m([36m/registered successfully/i[39m)[33m;[39m
    [90m   | [39m                           [31m^[39m
    [90m 72| [39m
    [90m 73| [39m    [90m// Verify user in database[39m

[31m[2m‚éØ‚éØ‚éØ‚éØ‚éØ‚éØ‚éØ‚éØ‚éØ‚éØ‚éØ‚éØ‚éØ‚éØ‚éØ‚éØ‚éØ‚éØ‚éØ‚éØ‚éØ‚éØ‚éØ[3/64]‚éØ[22m[39m

[41m[1m FAIL [22m[49m tests/integration/handlers/auth-handlers.test.js[2m > [22mPOST /auth/register[2m > [22mshould reject registration with duplicate email
[31m[1mAssertionError[22m: expected 201 to be 409 // Object.is equality[39m

[32m- Expected[39m
[31m+ Received[39m

[32m- 409[39m
[31m+ 201[39m

[36m [2m‚ùØ[22m tests/integration/handlers/auth-handlers.test.js:[2m136:29[22m[39m
    [90m134| [39m    [35mconst[39m result [33m=[39m [35mawait[39m response[33m.[39m[34mjson[39m()[33m;[39m
    [90m135| [39m
    [90m136| [39m    [34mexpect[39m(response[33m.[39mstatus)[33m.[39m[34mtoBe[39m([34m409[39m)[33m;[39m
    [90m   | [39m                            [31m^[39m
    [90m137| [39m    [34mexpect[39m(result[33m.[39merror)[33m.[39m[34mtoMatch[39m([36m/email already registered/i[39m)[33m;[39m
    [90m138| [39m  })[33m;[39m

[31m[2m‚éØ‚éØ‚éØ‚éØ‚éØ‚éØ‚éØ‚éØ‚éØ‚éØ‚éØ‚éØ‚éØ‚éØ‚éØ‚éØ‚éØ‚éØ‚éØ‚éØ‚éØ‚éØ‚éØ[4/64]‚éØ[22m[39m

[41m[1m FAIL [22m[49m tests/integration/handlers/auth-handlers.test.js[2m > [22mPOST /auth/register[2m > [22mshould hash password with bcrypt
[31m[1mAssertionError[22m: expected '$2b$12$yRqNI0QbwHzpZ2EhCakBzeiibhuMbK‚Ä¶' to match /^\$2[ab]\$10\$/[39m

[32m- Expected:[39m 
/^\$2[ab]\$10\$/

[31m+ Received:[39m 
"$2b$12$yRqNI0QbwHzpZ2EhCakBzeiibhuMbKReDI0R/6HN4DA.m6JlpIyfi"

[36m [2m‚ùØ[22m tests/integration/handlers/auth-handlers.test.js:[2m156:18[22m[39m
    [90m154| [39m
    [90m155| [39m    [90m// bcrypt hashes start with $2a$10$ or $2b$10$[39m
    [90m156| [39m    [34mexpect[39m(hash)[33m.[39m[34mtoMatch[39m([36m/^\$2[ab]\$10\$/[39m)[33m;[39m
    [90m   | [39m                 [31m^[39m
    [90m157| [39m    [34mexpect[39m(hash[33m.[39mlength)[33m.[39m[34mtoBe[39m([34m60[39m)[33m;[39m [90m// bcrypt hash length[39m
    [90m158| [39m

[31m[2m‚éØ‚éØ‚éØ‚éØ‚éØ‚éØ‚éØ‚éØ‚éØ‚éØ‚éØ‚éØ‚éØ‚éØ‚éØ‚éØ‚éØ‚éØ‚éØ‚éØ‚éØ‚éØ‚éØ[5/64]‚éØ[22m[39m

[41m[1m FAIL [22m[49m tests/integration/handlers/auth-handlers.test.js[2m > [22mPOST /auth/register[2m > [22mshould create verification token
[31m[1mAssertionError[22m: expected +0 to be false // Object.is equality[39m

[32m- Expected:[39m 
false

[31m+ Received:[39m 
0

[36m [2m‚ùØ[22m tests/integration/handlers/auth-handlers.test.js:[2m204:38[22m[39m
    [90m202| [39m    [34mexpect[39m(tokenRecord[33m.[39mrows[33m.[39mlength)[33m.[39m[34mtoBe[39m([34m1[39m)[33m;[39m
    [90m203| [39m    [34mexpect[39m(tokenRecord[33m.[39mrows[[34m0[39m][33m.[39mtoken_type)[33m.[39m[34mtoBe[39m([32m'email_verification'[39m)[33m;[39m
    [90m204| [39m    [34mexpect[39m(tokenRecord[33m.[39mrows[[34m0[39m][33m.[39mused)[33m.[39m[34mtoBe[39m([35mfalse[39m)[33m;[39m
    [90m   | [39m                                     [31m^[39m
    [90m205| [39m  })[33m;[39m
    [90m206| [39m

[31m[2m‚éØ‚éØ‚éØ‚éØ‚éØ‚éØ‚éØ‚éØ‚éØ‚éØ‚éØ‚éØ‚éØ‚éØ‚éØ‚éØ‚éØ‚éØ‚éØ‚éØ‚éØ‚éØ‚éØ[6/64]‚éØ[22m[39m

[41m[1m FAIL [22m[49m tests/integration/handlers/auth-handlers.test.js[2m > [22mPOST /auth/register[2m > [22mshould send verification email
[31m[1mAssertionError[22m: expected "spy" to be called with arguments: [ ObjectContaining{‚Ä¶}, Any<Object> ][90m

Number of calls: [1m0[22m
[31m[39m
[36m [2m‚ùØ[22m tests/integration/handlers/auth-handlers.test.js:[2m219:52[22m[39m
    [90m217| [39m    [35mawait[39m authHandlers[33m.[39m[34mhandleRegister[39m(mockRequest[33m,[39m mockEnv)[33m;[39m
    [90m218| [39m
    [90m219| [39m    expect(mockEmailService.sendEmailVerification).toHaveBeenCalledWit‚Ä¶
    [90m   | [39m                                                   [31m^[39m
    [90m220| [39m      expect[33m.[39m[34mobjectContaining[39m({
    [90m221| [39m        userEmail[33m:[39m [32m'email-test@example.com'[39m[33m,[39m

[31m[2m‚éØ‚éØ‚éØ‚éØ‚éØ‚éØ‚éØ‚éØ‚éØ‚éØ‚éØ‚éØ‚éØ‚éØ‚éØ‚éØ‚éØ‚éØ‚éØ‚éØ‚éØ‚éØ‚éØ[7/64]‚éØ[22m[39m

[41m[1m FAIL [22m[49m tests/integration/handlers/auth-handlers.test.js[2m > [22mPOST /auth/login[2m > [22mshould login with valid credentials
[31m[1mAssertionError[22m: expected 400 to be 200 // Object.is equality[39m

[32m- Expected[39m
[31m+ Received[39m

[32m- 200[39m
[31m+ 400[39m

[36m [2m‚ùØ[22m tests/integration/handlers/auth-handlers.test.js:[2m295:29[22m[39m
    [90m293| [39m    [35mconst[39m result [33m=[39m [35mawait[39m response[33m.[39m[34mjson[39m()[33m;[39m
    [90m294| [39m
    [90m295| [39m    [34mexpect[39m(response[33m.[39mstatus)[33m.[39m[34mtoBe[39m([34m200[39m)[33m;[39m
    [90m   | [39m                            [31m^[39m
    [90m296| [39m    [34mexpect[39m(result[33m.[39muserId)[33m.[39m[34mtoBeDefined[39m()[33m;[39m
    [90m297| [39m    [34mexpect[39m(result[33m.[39memail)[33m.[39m[34mtoBe[39m([32m'login-test@example.com'[39m)[33m;[39m

[31m[2m‚éØ‚éØ‚éØ‚éØ‚éØ‚éØ‚éØ‚éØ‚éØ‚éØ‚éØ‚éØ‚éØ‚éØ‚éØ‚éØ‚éØ‚éØ‚éØ‚éØ‚éØ‚éØ‚éØ[8/64]‚éØ[22m[39m

[41m[1m FAIL [22m[49m tests/integration/handlers/auth-handlers.test.js[2m > [22mPOST /auth/login[2m > [22mshould reject login with unverified email
[31m[1mAssertionError[22m: expected 400 to be 403 // Object.is equality[39m

[32m- Expected[39m
[31m+ Received[39m

[32m- 403[39m
[31m+ 400[39m

[36m [2m‚ùØ[22m tests/integration/handlers/auth-handlers.test.js:[2m364:29[22m[39m
    [90m362| [39m    [35mconst[39m result [33m=[39m [35mawait[39m response[33m.[39m[34mjson[39m()[33m;[39m
    [90m363| [39m
    [90m364| [39m    [34mexpect[39m(response[33m.[39mstatus)[33m.[39m[34mtoBe[39m([34m403[39m)[33m;[39m
    [90m   | [39m                            [31m^[39m
    [90m365| [39m    [34mexpect[39m(result[33m.[39merror)[33m.[39m[34mtoMatch[39m([36m/email not verified/i[39m)[33m;[39m
    [90m366| [39m  })[33m;[39m

[31m[2m‚éØ‚éØ‚éØ‚éØ‚éØ‚éØ‚éØ‚éØ‚éØ‚éØ‚éØ‚éØ‚éØ‚éØ‚éØ‚éØ‚éØ‚éØ‚éØ‚éØ‚éØ‚éØ‚éØ[9/64]‚éØ[22m[39m

[41m[1m FAIL [22m[49m tests/integration/handlers/auth-handlers.test.js[2m > [22mPOST /auth/login[2m > [22mshould update last_login timestamp
[31m[1mTypeError[22m: Cannot read properties of null (reading 'last_login')[39m
[36m [2m‚ùØ[22m tests/integration/handlers/auth-handlers.test.js:[2m416:37[22m[39m
    [90m414| [39m
    [90m415| [39m    const user = await findTestRecord('users', { email: 'login-test@ex‚Ä¶
    [90m416| [39m    [35mconst[39m lastLogin [33m=[39m [35mnew[39m [33mDate[39m(user[33m.[39mlast_login)[33m;[39m
    [90m   | [39m                                    [31m^[39m
    [90m417| [39m
    [90m418| [39m    [34mexpect[39m(lastLogin [33m>=[39m beforeLogin)[33m.[39m[34mtoBe[39m([35mtrue[39m)[33m;[39m

[31m[2m‚éØ‚éØ‚éØ‚éØ‚éØ‚éØ‚éØ‚éØ‚éØ‚éØ‚éØ‚éØ‚éØ‚éØ‚éØ‚éØ‚éØ‚éØ‚éØ‚éØ‚éØ‚éØ[10/64]‚éØ[22m[39m

[41m[1m FAIL [22m[49m tests/integration/handlers/auth-handlers.test.js[2m > [22mPOST /auth/login[2m > [22mshould create session in Redis
[31m[1mTypeError[22m: Cannot read properties of null (reading 'match')[39m
[36m [2m‚ùØ[22m tests/integration/handlers/auth-handlers.test.js:[2m436:38[22m[39m
    [90m434| [39m    [90m// Extract session ID from Set-Cookie header[39m
    [90m435| [39m    [35mconst[39m setCookie [33m=[39m response[33m.[39mheaders[33m.[39m[35mget[39m([32m'Set-Cookie'[39m)[33m;[39m
    [90m436| [39m    [35mconst[39m sessionIdMatch [33m=[39m setCookie[33m.[39m[34mmatch[39m([36m/session_id=([^;]+)/[39m)[33m;[39m
    [90m   | [39m                                     [31m^[39m
    [90m437| [39m    [34mexpect[39m(sessionIdMatch)[33m.[39m[34mtoBeTruthy[39m()[33m;[39m
    [90m438| [39m

[31m[2m‚éØ‚éØ‚éØ‚éØ‚éØ‚éØ‚éØ‚éØ‚éØ‚éØ‚éØ‚éØ‚éØ‚éØ‚éØ‚éØ‚éØ‚éØ‚éØ‚éØ‚éØ‚éØ[11/64]‚éØ[22m[39m

[41m[1m FAIL [22m[49m tests/integration/handlers/auth-handlers.test.js[2m > [22mPOST /auth/login[2m > [22mshould log successful login
[31m[1mAssertionError[22m: expected 0 to be greater than 0[39m
[36m [2m‚ùØ[22m tests/integration/handlers/auth-handlers.test.js:[2m464:24[22m[39m
    [90m462| [39m
    [90m463| [39m    const auditCount = await countTestRecords('audit_log', { event_typ‚Ä¶
    [90m464| [39m    [34mexpect[39m(auditCount)[33m.[39m[34mtoBeGreaterThan[39m([34m0[39m)[33m;[39m
    [90m   | [39m                       [31m^[39m
    [90m465| [39m  })[33m;[39m
    [90m466| [39m

[31m[2m‚éØ‚éØ‚éØ‚éØ‚éØ‚éØ‚éØ‚éØ‚éØ‚éØ‚éØ‚éØ‚éØ‚éØ‚éØ‚éØ‚éØ‚éØ‚éØ‚éØ‚éØ‚éØ[12/64]‚éØ[22m[39m

[41m[1m FAIL [22m[49m tests/integration/handlers/auth-handlers.test.js[2m > [22mPOST /auth/login[2m > [22mshould log failed login attempts
[31m[1mAssertionError[22m: expected 0 to be greater than 0[39m
[36m [2m‚ùØ[22m tests/integration/handlers/auth-handlers.test.js:[2m481:24[22m[39m
    [90m479| [39m
    [90m480| [39m    const auditCount = await countTestRecords('audit_log', { event_typ‚Ä¶
    [90m481| [39m    [34mexpect[39m(auditCount)[33m.[39m[34mtoBeGreaterThan[39m([34m0[39m)[33m;[39m
    [90m   | [39m                       [31m^[39m
    [90m482| [39m  })[33m;[39m
    [90m483| [39m})[33m;[39m

[31m[2m‚éØ‚éØ‚éØ‚éØ‚éØ‚éØ‚éØ‚éØ‚éØ‚éØ‚éØ‚éØ‚éØ‚éØ‚éØ‚éØ‚éØ‚éØ‚éØ‚éØ‚éØ‚éØ[13/64]‚éØ[22m[39m

[41m[1m FAIL [22m[49m tests/integration/handlers/auth-handlers.test.js[2m > [22mPOST /auth/verify-email[2m > [22mshould verify email with valid token
[31m[1mAssertionError[22m: expected 500 to be 200 // Object.is equality[39m

[32m- Expected[39m
[31m+ Received[39m

[32m- 200[39m
[31m+ 500[39m

[36m [2m‚ùØ[22m tests/integration/handlers/auth-handlers.test.js:[2m522:29[22m[39m
    [90m520| [39m    [35mconst[39m result [33m=[39m [35mawait[39m response[33m.[39m[34mjson[39m()[33m;[39m
    [90m521| [39m
    [90m522| [39m    [34mexpect[39m(response[33m.[39mstatus)[33m.[39m[34mtoBe[39m([34m200[39m)[33m;[39m
    [90m   | [39m                            [31m^[39m
    [90m523| [39m    [34mexpect[39m(result[33m.[39mmessage)[33m.[39m[34mtoMatch[39m([36m/email verified/i[39m)[33m;[39m
    [90m524| [39m

[31m[2m‚éØ‚éØ‚éØ‚éØ‚éØ‚éØ‚éØ‚éØ‚éØ‚éØ‚éØ‚éØ‚éØ‚éØ‚éØ‚éØ‚éØ‚éØ‚éØ‚éØ‚éØ‚éØ[14/64]‚éØ[22m[39m

[41m[1m FAIL [22m[49m tests/integration/handlers/auth-handlers.test.js[2m > [22mPOST /auth/verify-email[2m > [22mshould reject invalid token
[31m[1mAssertionError[22m: expected 500 to be 400 // Object.is equality[39m

[32m- Expected[39m
[31m+ Received[39m

[32m- 400[39m
[31m+ 500[39m

[36m [2m‚ùØ[22m tests/integration/handlers/auth-handlers.test.js:[2m546:29[22m[39m
    [90m544| [39m    [35mconst[39m result [33m=[39m [35mawait[39m response[33m.[39m[34mjson[39m()[33m;[39m
    [90m545| [39m
    [90m546| [39m    [34mexpect[39m(response[33m.[39mstatus)[33m.[39m[34mtoBe[39m([34m400[39m)[33m;[39m
    [90m   | [39m                            [31m^[39m
    [90m547| [39m    [34mexpect[39m(result[33m.[39merror)[33m.[39m[34mtoMatch[39m([36m/invalid.*token/i[39m)[33m;[39m
    [90m548| [39m  })[33m;[39m

[31m[2m‚éØ‚éØ‚éØ‚éØ‚éØ‚éØ‚éØ‚éØ‚éØ‚éØ‚éØ‚éØ‚éØ‚éØ‚éØ‚éØ‚éØ‚éØ‚éØ‚éØ‚éØ‚éØ[15/64]‚éØ[22m[39m

[41m[1m FAIL [22m[49m tests/integration/handlers/auth-handlers.test.js[2m > [22mPOST /auth/verify-email[2m > [22mshould reject expired token
[31m[1mAssertionError[22m: expected 500 to be 400 // Object.is equality[39m

[32m- Expected[39m
[31m+ Received[39m

[32m- 400[39m
[31m+ 500[39m

[36m [2m‚ùØ[22m tests/integration/handlers/auth-handlers.test.js:[2m569:29[22m[39m
    [90m567| [39m    [35mconst[39m result [33m=[39m [35mawait[39m response[33m.[39m[34mjson[39m()[33m;[39m
    [90m568| [39m
    [90m569| [39m    [34mexpect[39m(response[33m.[39mstatus)[33m.[39m[34mtoBe[39m([34m400[39m)[33m;[39m
    [90m   | [39m                            [31m^[39m
    [90m570| [39m    [34mexpect[39m(result[33m.[39merror)[33m.[39m[34mtoMatch[39m([36m/expired/i[39m)[33m;[39m
    [90m571| [39m  })[33m;[39m

[31m[2m‚éØ‚éØ‚éØ‚éØ‚éØ‚éØ‚éØ‚éØ‚éØ‚éØ‚éØ‚éØ‚éØ‚éØ‚éØ‚éØ‚éØ‚éØ‚éØ‚éØ‚éØ‚éØ[16/64]‚éØ[22m[39m

[41m[1m FAIL [22m[49m tests/integration/handlers/auth-handlers.test.js[2m > [22mPOST /auth/verify-email[2m > [22mshould reject already used token
[31m[1merror[22m: column "used" is of type integer but expression is of type boolean[39m
[90m [2m‚ùØ[22m node_modules/pg/lib/client.js:[2m545:17[22m[39m
[36m [2m‚ùØ[22m tests/integration/handlers/auth-handlers.test.js:[2m575:5[22m[39m
    [90m573| [39m  [34mit[39m([32m'should reject already used token'[39m[33m,[39m [35masync[39m () [33m=>[39m {
    [90m574| [39m    [90m// Mark token as used[39m
    [90m575| [39m    [35mawait[39m testDb[33m.[39m[34mquery[39m(
    [90m   | [39m    [31m^[39m
    [90m576| [39m      [32m'UPDATE verification_tokens SET used = TRUE WHERE token = $1'[39m[33m,[39m
    [90m577| [39m      [verificationToken[33m.[39mtoken]

[31m[2m‚éØ‚éØ‚éØ‚éØ‚éØ‚éØ‚éØ‚éØ‚éØ‚éØ‚éØ‚éØ‚éØ‚éØ‚éØ‚éØ‚éØ‚éØ‚éØ‚éØ‚éØ‚éØ[17/64]‚éØ[22m[39m

[41m[1m FAIL [22m[49m tests/integration/handlers/auth-handlers.test.js[2m > [22mPOST /auth/verify-email[2m > [22mshould handle missing token
[31m[1mAssertionError[22m: expected 500 to be 400 // Object.is equality[39m

[32m- Expected[39m
[31m+ Received[39m

[32m- 400[39m
[31m+ 500[39m

[36m [2m‚ùØ[22m tests/integration/handlers/auth-handlers.test.js:[2m605:29[22m[39m
    [90m603| [39m    [35mconst[39m result [33m=[39m [35mawait[39m response[33m.[39m[34mjson[39m()[33m;[39m
    [90m604| [39m
    [90m605| [39m    [34mexpect[39m(response[33m.[39mstatus)[33m.[39m[34mtoBe[39m([34m400[39m)[33m;[39m
    [90m   | [39m                            [31m^[39m
    [90m606| [39m    [34mexpect[39m(result[33m.[39merror)[33m.[39m[34mtoMatch[39m([36m/token.*required/i[39m)[33m;[39m
    [90m607| [39m  })[33m;[39m

[31m[2m‚éØ‚éØ‚éØ‚éØ‚éØ‚éØ‚éØ‚éØ‚éØ‚éØ‚éØ‚éØ‚éØ‚éØ‚éØ‚éØ‚éØ‚éØ‚éØ‚éØ‚éØ‚éØ[18/64]‚éØ[22m[39m

[41m[1m FAIL [22m[49m tests/integration/handlers/auth-handlers.test.js[2m > [22mPOST /auth/verify-email[2m > [22mshould log email verification event
[31m[1mAssertionError[22m: expected 0 to be greater than 0[39m
[36m [2m‚ùØ[22m tests/integration/handlers/auth-handlers.test.js:[2m621:24[22m[39m
    [90m619| [39m
    [90m620| [39m    const auditCount = await countTestRecords('audit_log', { event_typ‚Ä¶
    [90m621| [39m    [34mexpect[39m(auditCount)[33m.[39m[34mtoBeGreaterThan[39m([34m0[39m)[33m;[39m
    [90m   | [39m                       [31m^[39m
    [90m622| [39m  })[33m;[39m
    [90m623| [39m})[33m;[39m

[31m[2m‚éØ‚éØ‚éØ‚éØ‚éØ‚éØ‚éØ‚éØ‚éØ‚éØ‚éØ‚éØ‚éØ‚éØ‚éØ‚éØ‚éØ‚éØ‚éØ‚éØ‚éØ‚éØ[19/64]‚éØ[22m[39m

[41m[1m FAIL [22m[49m tests/integration/handlers/auth-handlers.test.js[2m > [22mPOST /auth/request-password-reset[2m > [22mshould create password reset token for valid email
[31m[1mAssertionError[22m: expected 0 to be greater than 0[39m
[36m [2m‚ùØ[22m tests/integration/handlers/auth-handlers.test.js:[2m664:24[22m[39m
    [90m662| [39m      token_type[33m:[39m [32m'password_reset'[39m
    [90m663| [39m    })[33m;[39m
    [90m664| [39m    [34mexpect[39m(tokenCount)[33m.[39m[34mtoBeGreaterThan[39m([34m0[39m)[33m;[39m
    [90m   | [39m                       [31m^[39m
    [90m665| [39m  })[33m;[39m
    [90m666| [39m

[31m[2m‚éØ‚éØ‚éØ‚éØ‚éØ‚éØ‚éØ‚éØ‚éØ‚éØ‚éØ‚éØ‚éØ‚éØ‚éØ‚éØ‚éØ‚éØ‚éØ‚éØ‚éØ‚éØ[20/64]‚éØ[22m[39m

[41m[1m FAIL [22m[49m tests/integration/handlers/auth-handlers.test.js[2m > [22mPOST /auth/request-password-reset[2m > [22mshould send password reset email
[31m[1mAssertionError[22m: expected "spy" to be called with arguments: [ ObjectContaining{‚Ä¶}, Any<Object> ][90m

Number of calls: [1m0[22m
[31m[39m
[36m [2m‚ùØ[22m tests/integration/handlers/auth-handlers.test.js:[2m679:53[22m[39m
    [90m677| [39m    await authHandlers.handleRequestPasswordReset(mockRequest, mockEnv‚Ä¶
    [90m678| [39m
    [90m679| [39m    expect(mockEmailService.sendPasswordResetEmail).toHaveBeenCalledWi‚Ä¶
    [90m   | [39m                                                    [31m^[39m
    [90m680| [39m      expect[33m.[39m[34mobjectContaining[39m({
    [90m681| [39m        userEmail[33m:[39m [32m'reset@example.com'[39m[33m,[39m

[31m[2m‚éØ‚éØ‚éØ‚éØ‚éØ‚éØ‚éØ‚éØ‚éØ‚éØ‚éØ‚éØ‚éØ‚éØ‚éØ‚éØ‚éØ‚éØ‚éØ‚éØ‚éØ‚éØ[21/64]‚éØ[22m[39m

[41m[1m FAIL [22m[49m tests/integration/handlers/auth-handlers.test.js[2m > [22mPOST /auth/request-password-reset[2m > [22mshould rate limit password reset requests
[31m[1mAssertionError[22m: expected 200 to be 429 // Object.is equality[39m

[32m- Expected[39m
[31m+ Received[39m

[32m- 429[39m
[31m+ 200[39m

[36m [2m‚ùØ[22m tests/integration/handlers/auth-handlers.test.js:[2m732:29[22m[39m
    [90m730| [39m    [35mconst[39m result [33m=[39m [35mawait[39m response[33m.[39m[34mjson[39m()[33m;[39m
    [90m731| [39m
    [90m732| [39m    [34mexpect[39m(response[33m.[39mstatus)[33m.[39m[34mtoBe[39m([34m429[39m)[33m;[39m
    [90m   | [39m                            [31m^[39m
    [90m733| [39m    [34mexpect[39m(result[33m.[39merror)[33m.[39m[34mtoMatch[39m([36m/too many.*requests/i[39m)[33m;[39m
    [90m734| [39m  })[33m;[39m

[31m[2m‚éØ‚éØ‚éØ‚éØ‚éØ‚éØ‚éØ‚éØ‚éØ‚éØ‚éØ‚éØ‚éØ‚éØ‚éØ‚éØ‚éØ‚éØ‚éØ‚éØ‚éØ‚éØ[22/64]‚éØ[22m[39m

[41m[1m FAIL [22m[49m tests/integration/handlers/auth-handlers.test.js[2m > [22mPOST /auth/request-password-reset[2m > [22mshould handle missing email
[31m[1mAssertionError[22m: expected 'Invalid email address' to match /email.*required/i[39m

[32m- Expected:[39m 
/email.*required/i

[31m+ Received:[39m 
"Invalid email address"

[36m [2m‚ùØ[22m tests/integration/handlers/auth-handlers.test.js:[2m786:26[22m[39m
    [90m784| [39m
    [90m785| [39m    [34mexpect[39m(response[33m.[39mstatus)[33m.[39m[34mtoBe[39m([34m400[39m)[33m;[39m
    [90m786| [39m    [34mexpect[39m(result[33m.[39merror)[33m.[39m[34mtoMatch[39m([36m/email.*required/i[39m)[33m;[39m
    [90m   | [39m                         [31m^[39m
    [90m787| [39m  })[33m;[39m
    [90m788| [39m

[31m[2m‚éØ‚éØ‚éØ‚éØ‚éØ‚éØ‚éØ‚éØ‚éØ‚éØ‚éØ‚éØ‚éØ‚éØ‚éØ‚éØ‚éØ‚éØ‚éØ‚éØ‚éØ‚éØ[23/64]‚éØ[22m[39m

[41m[1m FAIL [22m[49m tests/integration/handlers/auth-handlers.test.js[2m > [22mPOST /auth/request-password-reset[2m > [22mshould log password reset request
[31m[1mAssertionError[22m: expected 0 to be greater than 0[39m
[36m [2m‚ùØ[22m tests/integration/handlers/auth-handlers.test.js:[2m802:24[22m[39m
    [90m800| [39m
    [90m801| [39m    const auditCount = await countTestRecords('audit_log', { event_typ‚Ä¶
    [90m802| [39m    [34mexpect[39m(auditCount)[33m.[39m[34mtoBeGreaterThan[39m([34m0[39m)[33m;[39m
    [90m   | [39m                       [31m^[39m
    [90m803| [39m  })[33m;[39m
    [90m804| [39m})[33m;[39m

[31m[2m‚éØ‚éØ‚éØ‚éØ‚éØ‚éØ‚éØ‚éØ‚éØ‚éØ‚éØ‚éØ‚éØ‚éØ‚éØ‚éØ‚éØ‚éØ‚éØ‚éØ‚éØ‚éØ[24/64]‚éØ[22m[39m

[41m[1m FAIL [22m[49m tests/integration/handlers/auth-handlers.test.js[2m > [22mPOST /auth/reset-password[2m > [22mshould reset password with valid token
[31m[1mTypeError[22m: handleResetPassword is not a function[39m
[36m [2m‚ùØ[22m tests/integration/handlers/auth-handlers.test.js:[2m840:41[22m[39m
    [90m838| [39m    [35mconst[39m mockEnv [33m=[39m { [33mDB[39m[33m:[39m testDbAdapter[33m,[39m [33mREDIS[39m[33m:[39m mockRedisInstance }[33m;[39m
    [90m839| [39m
    [90m840| [39m    const response = await authHandlers.handleResetPassword(mockReques‚Ä¶
    [90m   | [39m                                        [31m^[39m
    [90m841| [39m    [35mconst[39m result [33m=[39m [35mawait[39m response[33m.[39m[34mjson[39m()[33m;[39m
    [90m842| [39m

[31m[2m‚éØ‚éØ‚éØ‚éØ‚éØ‚éØ‚éØ‚éØ‚éØ‚éØ‚éØ‚éØ‚éØ‚éØ‚éØ‚éØ‚éØ‚éØ‚éØ‚éØ‚éØ‚éØ[25/64]‚éØ[22m[39m

[41m[1m FAIL [22m[49m tests/integration/handlers/auth-handlers.test.js[2m > [22mPOST /auth/reset-password[2m > [22mshould mark reset token as used
[31m[1mTypeError[22m: handleResetPassword is not a function[39m
[36m [2m‚ùØ[22m tests/integration/handlers/auth-handlers.test.js:[2m866:24[22m[39m
    [90m864| [39m    [35mconst[39m mockEnv [33m=[39m { [33mDB[39m[33m:[39m testDbAdapter[33m,[39m [33mREDIS[39m[33m:[39m mockRedisInstance }[33m;[39m
    [90m865| [39m
    [90m866| [39m    [35mawait[39m authHandlers[33m.[39m[34mhandleResetPassword[39m(mockRequest[33m,[39m mockEnv)[33m;[39m
    [90m   | [39m                       [31m^[39m
    [90m867| [39m
    [90m868| [39m    const token = await findTestRecord('verification_tokens', { token:‚Ä¶

[31m[2m‚éØ‚éØ‚éØ‚éØ‚éØ‚éØ‚éØ‚éØ‚éØ‚éØ‚éØ‚éØ‚éØ‚éØ‚éØ‚éØ‚éØ‚éØ‚éØ‚éØ‚éØ‚éØ[26/64]‚éØ[22m[39m

[41m[1m FAIL [22m[49m tests/integration/handlers/auth-handlers.test.js[2m > [22mPOST /auth/reset-password[2m > [22mshould reject weak new password
[31m[1mTypeError[22m: handleResetPassword is not a function[39m
[36m [2m‚ùØ[22m tests/integration/handlers/auth-handlers.test.js:[2m882:41[22m[39m
    [90m880| [39m    [35mconst[39m mockEnv [33m=[39m { [33mDB[39m[33m:[39m testDbAdapter[33m,[39m [33mREDIS[39m[33m:[39m mockRedisInstance }[33m;[39m
    [90m881| [39m
    [90m882| [39m    const response = await authHandlers.handleResetPassword(mockReques‚Ä¶
    [90m   | [39m                                        [31m^[39m
    [90m883| [39m    [35mconst[39m result [33m=[39m [35mawait[39m response[33m.[39m[34mjson[39m()[33m;[39m
    [90m884| [39m

[31m[2m‚éØ‚éØ‚éØ‚éØ‚éØ‚éØ‚éØ‚éØ‚éØ‚éØ‚éØ‚éØ‚éØ‚éØ‚éØ‚éØ‚éØ‚éØ‚éØ‚éØ‚éØ‚éØ[27/64]‚éØ[22m[39m

[41m[1m FAIL [22m[49m tests/integration/handlers/auth-handlers.test.js[2m > [22mPOST /auth/reset-password[2m > [22mshould reject invalid token
[31m[1mTypeError[22m: handleResetPassword is not a function[39m
[36m [2m‚ùØ[22m tests/integration/handlers/auth-handlers.test.js:[2m899:41[22m[39m
    [90m897| [39m    [35mconst[39m mockEnv [33m=[39m { [33mDB[39m[33m:[39m testDbAdapter[33m,[39m [33mREDIS[39m[33m:[39m mockRedisInstance }[33m;[39m
    [90m898| [39m
    [90m899| [39m    const response = await authHandlers.handleResetPassword(mockReques‚Ä¶
    [90m   | [39m                                        [31m^[39m
    [90m900| [39m    [35mconst[39m result [33m=[39m [35mawait[39m response[33m.[39m[34mjson[39m()[33m;[39m
    [90m901| [39m

[31m[2m‚éØ‚éØ‚éØ‚éØ‚éØ‚éØ‚éØ‚éØ‚éØ‚éØ‚éØ‚éØ‚éØ‚éØ‚éØ‚éØ‚éØ‚éØ‚éØ‚éØ‚éØ‚éØ[28/64]‚éØ[22m[39m

[41m[1m FAIL [22m[49m tests/integration/handlers/auth-handlers.test.js[2m > [22mPOST /auth/reset-password[2m > [22mshould reject expired token
[31m[1mTypeError[22m: handleResetPassword is not a function[39m
[36m [2m‚ùØ[22m tests/integration/handlers/auth-handlers.test.js:[2m922:41[22m[39m
    [90m920| [39m    [35mconst[39m mockEnv [33m=[39m { [33mDB[39m[33m:[39m testDbAdapter[33m,[39m [33mREDIS[39m[33m:[39m mockRedisInstance }[33m;[39m
    [90m921| [39m
    [90m922| [39m    const response = await authHandlers.handleResetPassword(mockReques‚Ä¶
    [90m   | [39m                                        [31m^[39m
    [90m923| [39m    [35mconst[39m result [33m=[39m [35mawait[39m response[33m.[39m[34mjson[39m()[33m;[39m
    [90m924| [39m

[31m[2m‚éØ‚éØ‚éØ‚éØ‚éØ‚éØ‚éØ‚éØ‚éØ‚éØ‚éØ‚éØ‚éØ‚éØ‚éØ‚éØ‚éØ‚éØ‚éØ‚éØ‚éØ‚éØ[29/64]‚éØ[22m[39m

[41m[1m FAIL [22m[49m tests/integration/handlers/auth-handlers.test.js[2m > [22mPOST /auth/reset-password[2m > [22mshould reject already used token
[31m[1merror[22m: column "used" is of type integer but expression is of type boolean[39m
[90m [2m‚ùØ[22m node_modules/pg/lib/client.js:[2m545:17[22m[39m
[36m [2m‚ùØ[22m tests/integration/handlers/auth-handlers.test.js:[2m930:5[22m[39m
    [90m928| [39m
    [90m929| [39m  [34mit[39m([32m'should reject already used token'[39m[33m,[39m [35masync[39m () [33m=>[39m {
    [90m930| [39m    [35mawait[39m testDb[33m.[39m[34mquery[39m(
    [90m   | [39m    [31m^[39m
    [90m931| [39m      [32m'UPDATE verification_tokens SET used = TRUE WHERE token = $1'[39m[33m,[39m
    [90m932| [39m      [resetToken[33m.[39mtoken]

[31m[2m‚éØ‚éØ‚éØ‚éØ‚éØ‚éØ‚éØ‚éØ‚éØ‚éØ‚éØ‚éØ‚éØ‚éØ‚éØ‚éØ‚éØ‚éØ‚éØ‚éØ‚éØ‚éØ[30/64]‚éØ[22m[39m

[41m[1m FAIL [22m[49m tests/integration/handlers/auth-handlers.test.js[2m > [22mPOST /auth/reset-password[2m > [22mshould hash new password with bcrypt
[31m[1mTypeError[22m: handleResetPassword is not a function[39m
[36m [2m‚ùØ[22m tests/integration/handlers/auth-handlers.test.js:[2m961:24[22m[39m
    [90m959| [39m    [35mconst[39m mockEnv [33m=[39m { [33mDB[39m[33m:[39m testDbAdapter[33m,[39m [33mREDIS[39m[33m:[39m mockRedisInstance }[33m;[39m
    [90m960| [39m
    [90m961| [39m    [35mawait[39m authHandlers[33m.[39m[34mhandleResetPassword[39m(mockRequest[33m,[39m mockEnv)[33m;[39m
    [90m   | [39m                       [31m^[39m
    [90m962| [39m
    [90m963| [39m    [35mconst[39m user [33m=[39m [35mawait[39m [34mfindTestRecord[39m([32m'users'[39m[33m,[39m { id[33m:[39m testUser[33m.[39mid })[33m;[39m

[31m[2m‚éØ‚éØ‚éØ‚éØ‚éØ‚éØ‚éØ‚éØ‚éØ‚éØ‚éØ‚éØ‚éØ‚éØ‚éØ‚éØ‚éØ‚éØ‚éØ‚éØ‚éØ‚éØ[31/64]‚éØ[22m[39m

[41m[1m FAIL [22m[49m tests/integration/handlers/auth-handlers.test.js[2m > [22mPOST /auth/reset-password[2m > [22mshould log password reset event
[31m[1mTypeError[22m: handleResetPassword is not a function[39m
[36m [2m‚ùØ[22m tests/integration/handlers/auth-handlers.test.js:[2m981:24[22m[39m
    [90m979| [39m    [35mconst[39m mockEnv [33m=[39m { [33mDB[39m[33m:[39m testDbAdapter[33m,[39m [33mREDIS[39m[33m:[39m mockRedisInstance }[33m;[39m
    [90m980| [39m
    [90m981| [39m    [35mawait[39m authHandlers[33m.[39m[34mhandleResetPassword[39m(mockRequest[33m,[39m mockEnv)[33m;[39m
    [90m   | [39m                       [31m^[39m
    [90m982| [39m
    [90m983| [39m    const auditCount = await countTestRecords('audit_log', { event_typ‚Ä¶

[31m[2m‚éØ‚éØ‚éØ‚éØ‚éØ‚éØ‚éØ‚éØ‚éØ‚éØ‚éØ‚éØ‚éØ‚éØ‚éØ‚éØ‚éØ‚éØ‚éØ‚éØ‚éØ‚éØ[32/64]‚éØ[22m[39m

[41m[1m FAIL [22m[49m tests/integration/handlers/auth-handlers.test.js[2m > [22mPOST /auth/logout[2m > [22mshould logout and destroy session
[31m[1mAssertionError[22m: expected 401 to be 200 // Object.is equality[39m

[32m- Expected[39m
[31m+ Received[39m

[32m- 200[39m
[31m+ 401[39m

[36m [2m‚ùØ[22m tests/integration/handlers/auth-handlers.test.js:[2m1029:29[22m[39m
    [90m1027| [39m    [35mconst[39m result [33m=[39m [35mawait[39m response[33m.[39m[34mjson[39m()[33m;[39m
    [90m1028| [39m
    [90m1029| [39m    [34mexpect[39m(response[33m.[39mstatus)[33m.[39m[34mtoBe[39m([34m200[39m)[33m;[39m
    [90m   | [39m                            [31m^[39m
    [90m1030| [39m    [34mexpect[39m(result[33m.[39mmessage)[33m.[39m[34mtoMatch[39m([36m/logged out/i[39m)[33m;[39m
    [90m1031| [39m

[31m[2m‚éØ‚éØ‚éØ‚éØ‚éØ‚éØ‚éØ‚éØ‚éØ‚éØ‚éØ‚éØ‚éØ‚éØ‚éØ‚éØ‚éØ‚éØ‚éØ‚éØ‚éØ‚éØ[33/64]‚éØ[22m[39m

[41m[1m FAIL [22m[49m tests/integration/handlers/auth-handlers.test.js[2m > [22mPOST /auth/logout[2m > [22mshould clear session cookie
[31m[1mAssertionError[22m: the given combination of arguments (null and string) is invalid for this assertion. You can use an array, a map, an object, a set, a string, or a weakset instead of a string[39m
[36m [2m‚ùØ[22m tests/integration/handlers/auth-handlers.test.js:[2m1047:23[22m[39m
    [90m1045| [39m
    [90m1046| [39m    [35mconst[39m setCookie [33m=[39m response[33m.[39mheaders[33m.[39m[35mget[39m([32m'Set-Cookie'[39m)[33m;[39m
    [90m1047| [39m    [34mexpect[39m(setCookie)[33m.[39m[34mtoContain[39m([32m'session_id='[39m)[33m;[39m
    [90m   | [39m                      [31m^[39m
    [90m1048| [39m    [34mexpect[39m(setCookie)[33m.[39m[34mtoContain[39m([32m'Max-Age=0'[39m)[33m;[39m [90m// Cookie expired[39m
    [90m1049| [39m  })[33m;[39m

[31m[2m‚éØ‚éØ‚éØ‚éØ‚éØ‚éØ‚éØ‚éØ‚éØ‚éØ‚éØ‚éØ‚éØ‚éØ‚éØ‚éØ‚éØ‚éØ‚éØ‚éØ‚éØ‚éØ[34/64]‚éØ[22m[39m

[41m[1m FAIL [22m[49m tests/integration/handlers/auth-handlers.test.js[2m > [22mPOST /auth/logout[2m > [22mshould log logout event
[31m[1mAssertionError[22m: expected 0 to be greater than 0[39m
[36m [2m‚ùØ[22m tests/integration/handlers/auth-handlers.test.js:[2m1061:24[22m[39m
    [90m1059| [39m
    [90m1060| [39m    const auditCount = await countTestRecords('audit_log', { event_typ‚Ä¶
    [90m1061| [39m    [34mexpect[39m(auditCount)[33m.[39m[34mtoBeGreaterThan[39m([34m0[39m)[33m;[39m
    [90m   | [39m                       [31m^[39m
    [90m1062| [39m  })[33m;[39m
    [90m1063| [39m})[33m;[39m

[31m[2m‚éØ‚éØ‚éØ‚éØ‚éØ‚éØ‚éØ‚éØ‚éØ‚éØ‚éØ‚éØ‚éØ‚éØ‚éØ‚éØ‚éØ‚éØ‚éØ‚éØ‚éØ‚éØ[35/64]‚éØ[22m[39m

[41m[1m FAIL [22m[49m tests/integration/handlers/auth-handlers.test.js[2m > [22mGET /auth/me[2m > [22mshould return current user with valid session
[31m[1mAssertionError[22m: expected 401 to be 200 // Object.is equality[39m

[32m- Expected[39m
[31m+ Received[39m

[32m- 200[39m
[31m+ 401[39m

[36m [2m‚ùØ[22m tests/integration/handlers/auth-handlers.test.js:[2m1108:29[22m[39m
    [90m1106| [39m    [35mconst[39m result [33m=[39m [35mawait[39m response[33m.[39m[34mjson[39m()[33m;[39m
    [90m1107| [39m
    [90m1108| [39m    [34mexpect[39m(response[33m.[39mstatus)[33m.[39m[34mtoBe[39m([34m200[39m)[33m;[39m
    [90m   | [39m                            [31m^[39m
    [90m1109| [39m    [34mexpect[39m(result[33m.[39muserId)[33m.[39m[34mtoBe[39m(testUser[33m.[39mid)[33m;[39m
    [90m1110| [39m    [34mexpect[39m(result[33m.[39memail)[33m.[39m[34mtoBe[39m([32m'me@example.com'[39m)[33m;[39m

[31m[2m‚éØ‚éØ‚éØ‚éØ‚éØ‚éØ‚éØ‚éØ‚éØ‚éØ‚éØ‚éØ‚éØ‚éØ‚éØ‚éØ‚éØ‚éØ‚éØ‚éØ‚éØ‚éØ[36/64]‚éØ[22m[39m

[41m[1m FAIL [22m[49m tests/integration/handlers/auth-handlers.test.js[2m > [22mGET /auth/me[2m > [22mshould return email verification status
[31m[1mAssertionError[22m: expected undefined to be defined[39m
[36m [2m‚ùØ[22m tests/integration/handlers/auth-handlers.test.js:[2m1167:34[22m[39m
    [90m1165| [39m    [35mconst[39m result [33m=[39m [35mawait[39m response[33m.[39m[34mjson[39m()[33m;[39m
    [90m1166| [39m
    [90m1167| [39m    [34mexpect[39m(result[33m.[39memailVerified)[33m.[39m[34mtoBeDefined[39m()[33m;[39m
    [90m   | [39m                                 [31m^[39m
    [90m1168| [39m    [34mexpect[39m([35mtypeof[39m result[33m.[39memailVerified)[33m.[39m[34mtoBe[39m([32m'boolean'[39m)[33m;[39m
    [90m1169| [39m  })[33m;[39m

[31m[2m‚éØ‚éØ‚éØ‚éØ‚éØ‚éØ‚éØ‚éØ‚éØ‚éØ‚éØ‚éØ‚éØ‚éØ‚éØ‚éØ‚éØ‚éØ‚éØ‚éØ‚éØ‚éØ[37/64]‚éØ[22m[39m

[41m[1m FAIL [22m[49m tests/integration/handlers/auth-handlers.test.js[2m > [22mPOST /auth/resend-verification[2m > [22mshould resend verification email for unverified user
[31m[1mAssertionError[22m: expected "spy" to be called with arguments: [ ObjectContaining{‚Ä¶}, Any<Object> ][90m

Number of calls: [1m0[22m
[31m[39m
[36m [2m‚ùØ[22m tests/integration/handlers/auth-handlers.test.js:[2m1206:52[22m[39m
    [90m1204| [39m    [34mexpect[39m(result[33m.[39mmessage)[33m.[39m[34mtoMatch[39m([36m/verification.*sent/i[39m)[33m;[39m
    [90m1205| [39m
    [90m1206| [39m    expect(mockEmailService.sendEmailVerification).toHaveBeenCalledWit‚Ä¶
    [90m   | [39m                                                   [31m^[39m
    [90m1207| [39m      expect[33m.[39m[34mobjectContaining[39m({
    [90m1208| [39m        userEmail[33m:[39m [32m'resend@example.com'[39m[33m,[39m

[31m[2m‚éØ‚éØ‚éØ‚éØ‚éØ‚éØ‚éØ‚éØ‚éØ‚éØ‚éØ‚éØ‚éØ‚éØ‚éØ‚éØ‚éØ‚éØ‚éØ‚éØ‚éØ‚éØ[38/64]‚éØ[22m[39m

[41m[1m FAIL [22m[49m tests/integration/handlers/auth-handlers.test.js[2m > [22mPOST /auth/resend-verification[2m > [22mshould reject resend for already verified user
[31m[1merror[22m: column "email_verified" is of type integer but expression is of type boolean[39m
[90m [2m‚ùØ[22m node_modules/pg/lib/client.js:[2m545:17[22m[39m
[36m [2m‚ùØ[22m tests/integration/handlers/auth-handlers.test.js:[2m1216:5[22m[39m
    [90m1214| [39m
    [90m1215| [39m  [34mit[39m([32m'should reject resend for already verified user'[39m[33m,[39m [35masync[39m () [33m=>[39m {
    [90m1216| [39m    [35mawait[39m testDb[33m.[39m[34mquery[39m(
    [90m   | [39m    [31m^[39m
    [90m1217| [39m      [32m'UPDATE users SET email_verified = TRUE WHERE id = $1'[39m[33m,[39m
    [90m1218| [39m      [testUser[33m.[39mid]

[31m[2m‚éØ‚éØ‚éØ‚éØ‚éØ‚éØ‚éØ‚éØ‚éØ‚éØ‚éØ‚éØ‚éØ‚éØ‚éØ‚éØ‚éØ‚éØ‚éØ‚éØ‚éØ‚éØ[39/64]‚éØ[22m[39m

[41m[1m FAIL [22m[49m tests/integration/handlers/auth-handlers.test.js[2m > [22mPOST /auth/resend-verification[2m > [22mshould rate limit resend requests
[31m[1mAssertionError[22m: expected 200 to be 429 // Object.is equality[39m

[32m- Expected[39m
[31m+ Received[39m

[32m- 429[39m
[31m+ 200[39m

[36m [2m‚ùØ[22m tests/integration/handlers/auth-handlers.test.js:[2m1263:29[22m[39m
    [90m1261| [39m    [35mconst[39m result [33m=[39m [35mawait[39m response[33m.[39m[34mjson[39m()[33m;[39m
    [90m1262| [39m
    [90m1263| [39m    [34mexpect[39m(response[33m.[39mstatus)[33m.[39m[34mtoBe[39m([34m429[39m)[33m;[39m
    [90m   | [39m                            [31m^[39m
    [90m1264| [39m    [34mexpect[39m(result[33m.[39merror)[33m.[39m[34mtoMatch[39m([36m/too many.*requests/i[39m)[33m;[39m
    [90m1265| [39m  })[33m;[39m

[31m[2m‚éØ‚éØ‚éØ‚éØ‚éØ‚éØ‚éØ‚éØ‚éØ‚éØ‚éØ‚éØ‚éØ‚éØ‚éØ‚éØ‚éØ‚éØ‚éØ‚éØ‚éØ‚éØ[40/64]‚éØ[22m[39m

[41m[1m FAIL [22m[49m tests/integration/handlers/payment-handlers.test.js[2m > [22mPayment & Webhook Handlers[2m > [22mPOST /webhooks/stripe - Signature Verification[2m > [22mshould accept webhook with valid signature
[31m[1mAssertionError[22m: expected [ 200, 404 ] to include 400[39m
[36m [2m‚ùØ[22m tests/integration/handlers/payment-handlers.test.js:[2m250:26[22m[39m
    [90m248| [39m
    [90m249| [39m      [90m// Accept 200 (processed) or 404 (endpoint not implemented)[39m
    [90m250| [39m      [34mexpect[39m([[34m200[39m[33m,[39m [34m404[39m])[33m.[39m[34mtoContain[39m(response[33m.[39mstatus)[33m;[39m
    [90m   | [39m                         [31m^[39m
    [90m251| [39m    })[33m;[39m
    [90m252| [39m

[31m[2m‚éØ‚éØ‚éØ‚éØ‚éØ‚éØ‚éØ‚éØ‚éØ‚éØ‚éØ‚éØ‚éØ‚éØ‚éØ‚éØ‚éØ‚éØ‚éØ‚éØ‚éØ‚éØ[41/64]‚éØ[22m[39m

[41m[1m FAIL [22m[49m tests/integration/handlers/payment-handlers.test.js[2m > [22mPayment & Webhook Handlers[2m > [22mPOST /webhooks/stripe - Signature Verification[2m > [22mshould reject replay attacks (duplicate event ID)
[31m[1mAssertionError[22m: expected [ 200, 404 ] to include 400[39m
[36m [2m‚ùØ[22m tests/integration/handlers/payment-handlers.test.js:[2m316:26[22m[39m
    [90m314| [39m        [33m.[39m[34msend[39m(payload)[33m;[39m
    [90m315| [39m
    [90m316| [39m      [34mexpect[39m([[34m200[39m[33m,[39m [34m404[39m])[33m.[39m[34mtoContain[39m(response1[33m.[39mstatus)[33m;[39m
    [90m   | [39m                         [31m^[39m
    [90m317| [39m
    [90m318| [39m      [90m// Duplicate request with same event ID should be idempotent[39m

[31m[2m‚éØ‚éØ‚éØ‚éØ‚éØ‚éØ‚éØ‚éØ‚éØ‚éØ‚éØ‚éØ‚éØ‚éØ‚éØ‚éØ‚éØ‚éØ‚éØ‚éØ‚éØ‚éØ[42/64]‚éØ[22m[39m

[41m[1m FAIL [22m[49m tests/integration/handlers/payment-handlers.test.js[2m > [22mPayment & Webhook Handlers[2m > [22mPOST /webhooks/stripe - Event Handling[2m > [22mshould handle customer.subscription.updated - sync status
[31m[1mAssertionError[22m: expected [ 200, 404 ] to include 400[39m
[36m [2m‚ùØ[22m tests/integration/handlers/payment-handlers.test.js:[2m480:26[22m[39m
    [90m478| [39m        [33m.[39m[34msend[39m(payload)[33m;[39m
    [90m479| [39m
    [90m480| [39m      [34mexpect[39m([[34m200[39m[33m,[39m [34m404[39m])[33m.[39m[34mtoContain[39m(response[33m.[39mstatus)[33m;[39m
    [90m   | [39m                         [31m^[39m
    [90m481| [39m    })[33m;[39m
    [90m482| [39m

[31m[2m‚éØ‚éØ‚éØ‚éØ‚éØ‚éØ‚éØ‚éØ‚éØ‚éØ‚éØ‚éØ‚éØ‚éØ‚éØ‚éØ‚éØ‚éØ‚éØ‚éØ‚éØ‚éØ[43/64]‚éØ[22m[39m

[41m[1m FAIL [22m[49m tests/integration/handlers/payment-handlers.test.js[2m > [22mPayment & Webhook Handlers[2m > [22mPOST /webhooks/stripe - Event Handling[2m > [22mshould handle customer.subscription.deleted - downgrade to free
[31m[1merror[22m: column "plan" of relation "subscriptions" does not exist[39m
[90m [2m‚ùØ[22m node_modules/pg/lib/client.js:[2m545:17[22m[39m
[36m [2m‚ùØ[22m tests/integration/handlers/payment-handlers.test.js:[2m485:7[22m[39m
    [90m483| [39m    it('should handle customer.subscription.deleted - downgrade to fre‚Ä¶
    [90m484| [39m      [90m// Upgrade to paid plan first[39m
    [90m485| [39m      [35mawait[39m [34mqueryTestDb[39m(
    [90m   | [39m      [31m^[39m
    [90m486| [39m        'UPDATE subscriptions SET plan = $1, status = $2 WHERE user_id‚Ä¶
    [90m487| [39m        [[32m'freelancer'[39m[33m,[39m [32m'active'[39m[33m,[39m testUser[33m.[39mid]

[31m[2m‚éØ‚éØ‚éØ‚éØ‚éØ‚éØ‚éØ‚éØ‚éØ‚éØ‚éØ‚éØ‚éØ‚éØ‚éØ‚éØ‚éØ‚éØ‚éØ‚éØ‚éØ‚éØ[44/64]‚éØ[22m[39m

[41m[1m FAIL [22m[49m tests/integration/handlers/payment-handlers.test.js[2m > [22mPayment & Webhook Handlers[2m > [22mPOST /webhooks/stripe - Event Handling[2m > [22mshould handle customer.subscription.deleted - preserve data
[31m[1merror[22m: column "storage_key" of relation "manuscripts" does not exist[39m
[90m [2m‚ùØ[22m node_modules/pg/lib/client.js:[2m545:17[22m[39m
[36m [2m‚ùØ[22m insertTestRecord tests/test-helpers/database.js:[2m217:18[22m[39m
    [90m215| [39m  `[39m[33m;[39m
    [90m216| [39m
    [90m217| [39m  [35mconst[39m result [33m=[39m [35mawait[39m testDb[33m.[39m[34mquery[39m(query[33m,[39m values)[33m;[39m
    [90m   | [39m                 [31m^[39m
    [90m218| [39m  [35mreturn[39m result[33m.[39mrows[[34m0[39m][33m;[39m
    [90m219| [39m}
[90m [2m‚ùØ[22m tests/integration/handlers/payment-handlers.test.js:[2m515:7[22m[39m

[31m[2m‚éØ‚éØ‚éØ‚éØ‚éØ‚éØ‚éØ‚éØ‚éØ‚éØ‚éØ‚éØ‚éØ‚éØ‚éØ‚éØ‚éØ‚éØ‚éØ‚éØ‚éØ‚éØ[45/64]‚éØ[22m[39m

[41m[1m FAIL [22m[49m tests/integration/handlers/payment-handlers.test.js[2m > [22mPayment & Webhook Handlers[2m > [22mPOST /webhooks/stripe - Event Handling[2m > [22mshould handle invoice.payment_succeeded - record payment
[31m[1mAssertionError[22m: expected [ 200, 404 ] to include 400[39m
[36m [2m‚ùØ[22m tests/integration/handlers/payment-handlers.test.js:[2m567:26[22m[39m
    [90m565| [39m        [33m.[39m[34msend[39m(payload)[33m;[39m
    [90m566| [39m
    [90m567| [39m      [34mexpect[39m([[34m200[39m[33m,[39m [34m404[39m])[33m.[39m[34mtoContain[39m(response[33m.[39mstatus)[33m;[39m
    [90m   | [39m                         [31m^[39m
    [90m568| [39m    })[33m;[39m
    [90m569| [39m

[31m[2m‚éØ‚éØ‚éØ‚éØ‚éØ‚éØ‚éØ‚éØ‚éØ‚éØ‚éØ‚éØ‚éØ‚éØ‚éØ‚éØ‚éØ‚éØ‚éØ‚éØ‚éØ‚éØ[46/64]‚éØ[22m[39m

[41m[1m FAIL [22m[49m tests/integration/handlers/payment-handlers.test.js[2m > [22mPayment & Webhook Handlers[2m > [22mPOST /webhooks/stripe - Event Handling[2m > [22mshould ignore unhandled event types
[31m[1mAssertionError[22m: expected [ 200, 404 ] to include 400[39m
[36m [2m‚ùØ[22m tests/integration/handlers/payment-handlers.test.js:[2m656:26[22m[39m
    [90m654| [39m
    [90m655| [39m      [90m// Should return 200 even for unhandled events[39m
    [90m656| [39m      [34mexpect[39m([[34m200[39m[33m,[39m [34m404[39m])[33m.[39m[34mtoContain[39m(response[33m.[39mstatus)[33m;[39m
    [90m   | [39m                         [31m^[39m
    [90m657| [39m    })[33m;[39m
    [90m658| [39m

[31m[2m‚éØ‚éØ‚éØ‚éØ‚éØ‚éØ‚éØ‚éØ‚éØ‚éØ‚éØ‚éØ‚éØ‚éØ‚éØ‚éØ‚éØ‚éØ‚éØ‚éØ‚éØ‚éØ[47/64]‚éØ[22m[39m

[41m[1m FAIL [22m[49m tests/integration/handlers/payment-handlers.test.js[2m > [22mPayment & Webhook Handlers[2m > [22mPOST /webhooks/stripe - Event Handling[2m > [22mshould handle duplicate webhook deliveries (idempotent)
[31m[1mAssertionError[22m: expected [ 200, 404 ] to include 400[39m
[36m [2m‚ùØ[22m tests/integration/handlers/payment-handlers.test.js:[2m681:26[22m[39m
    [90m679| [39m
    [90m680| [39m      [90m// Both should succeed (idempotent)[39m
    [90m681| [39m      [34mexpect[39m([[34m200[39m[33m,[39m [34m404[39m])[33m.[39m[34mtoContain[39m(response1[33m.[39mstatus)[33m;[39m
    [90m   | [39m                         [31m^[39m
    [90m682| [39m      [34mexpect[39m([[34m200[39m[33m,[39m [34m404[39m])[33m.[39m[34mtoContain[39m(response2[33m.[39mstatus)[33m;[39m
    [90m683| [39m    })[33m;[39m

[31m[2m‚éØ‚éØ‚éØ‚éØ‚éØ‚éØ‚éØ‚éØ‚éØ‚éØ‚éØ‚éØ‚éØ‚éØ‚éØ‚éØ‚éØ‚éØ‚éØ‚éØ‚éØ‚éØ[48/64]‚éØ[22m[39m

[41m[1m FAIL [22m[49m tests/integration/handlers/payment-handlers.test.js[2m > [22mPayment & Webhook Handlers[2m > [22mPOST /webhooks/stripe - Event Handling[2m > [22mshould return 200 for all webhooks (even errors)
[31m[1mAssertionError[22m: expected [ 200, 404, 500 ] to include 400[39m
[36m [2m‚ùØ[22m tests/integration/handlers/payment-handlers.test.js:[2m760:31[22m[39m
    [90m758| [39m
    [90m759| [39m      [90m// Stripe expects 200 even if processing fails[39m
    [90m760| [39m      [34mexpect[39m([[34m200[39m[33m,[39m [34m404[39m[33m,[39m [34m500[39m])[33m.[39m[34mtoContain[39m(response[33m.[39mstatus)[33m;[39m
    [90m   | [39m                              [31m^[39m
    [90m761| [39m    })[33m;[39m
    [90m762| [39m

[31m[2m‚éØ‚éØ‚éØ‚éØ‚éØ‚éØ‚éØ‚éØ‚éØ‚éØ‚éØ‚éØ‚éØ‚éØ‚éØ‚éØ‚éØ‚éØ‚éØ‚éØ‚éØ‚éØ[49/64]‚éØ[22m[39m

[41m[1m FAIL [22m[49m tests/integration/handlers/payment-handlers.test.js[2m > [22mPayment & Webhook Handlers[2m > [22mGET /payment-history[2m > [22mshould return payment history for user
[41m[1m FAIL [22m[49m tests/integration/handlers/payment-handlers.test.js[2m > [22mPayment & Webhook Handlers[2m > [22mGET /payment-history[2m > [22mshould require authentication
[41m[1m FAIL [22m[49m tests/integration/handlers/payment-handlers.test.js[2m > [22mPayment & Webhook Handlers[2m > [22mGET /payment-history[2m > [22mshould return empty array for no payments
[41m[1m FAIL [22m[49m tests/integration/handlers/payment-handlers.test.js[2m > [22mPayment & Webhook Handlers[2m > [22mGET /payment-history[2m > [22mshould order payments by date (newest first)
[41m[1m FAIL [22m[49m tests/integration/handlers/payment-handlers.test.js[2m > [22mPayment & Webhook Handlers[2m > [22mGET /payment-history[2m > [22mshould not include other users payments
[31m[1merror[22m: column "stripe_payment_id" of relation "payment_history" does not exist[39m
[90m [2m‚ùØ[22m node_modules/pg/lib/client.js:[2m545:17[22m[39m
[36m [2m‚ùØ[22m insertTestRecord tests/test-helpers/database.js:[2m217:18[22m[39m
    [90m215| [39m  `[39m[33m;[39m
    [90m216| [39m
    [90m217| [39m  [35mconst[39m result [33m=[39m [35mawait[39m testDb[33m.[39m[34mquery[39m(query[33m,[39m values)[33m;[39m
    [90m   | [39m                 [31m^[39m
    [90m218| [39m  [35mreturn[39m result[33m.[39mrows[[34m0[39m][33m;[39m
    [90m219| [39m}
[90m [2m‚ùØ[22m tests/integration/handlers/payment-handlers.test.js:[2m921:7[22m[39m

[31m[2m‚éØ‚éØ‚éØ‚éØ‚éØ‚éØ‚éØ‚éØ‚éØ‚éØ‚éØ‚éØ‚éØ‚éØ‚éØ‚éØ‚éØ‚éØ‚éØ‚éØ‚éØ‚éØ[50/64]‚éØ[22m[39m

[41m[1m FAIL [22m[49m tests/integration/handlers/payment-handlers.test.js[2m > [22mPayment & Webhook Handlers[2m > [22mUsage Tracking[2m > [22mshould track manuscript analysis usage
[41m[1m FAIL [22m[49m tests/integration/handlers/payment-handlers.test.js[2m > [22mPayment & Webhook Handlers[2m > [22mUsage Tracking[2m > [22mshould track different analysis types
[41m[1m FAIL [22m[49m tests/integration/handlers/payment-handlers.test.js[2m > [22mPayment & Webhook Handlers[2m > [22mUsage Tracking[2m > [22mshould track asset generation separately
[41m[1m FAIL [22m[49m tests/integration/handlers/payment-handlers.test.js[2m > [22mPayment & Webhook Handlers[2m > [22mUsage Tracking[2m > [22mshould calculate usage within billing period
[41m[1m FAIL [22m[49m tests/integration/handlers/payment-handlers.test.js[2m > [22mPayment & Webhook Handlers[2m > [22mUsage Tracking[2m > [22mshould separate usage across different billing periods
[41m[1m FAIL [22m[49m tests/integration/handlers/payment-handlers.test.js[2m > [22mPayment & Webhook Handlers[2m > [22mUsage Tracking[2m > [22mshould track usage for users without subscription (pay-per-use)
[41m[1m FAIL [22m[49m tests/integration/handlers/payment-handlers.test.js[2m > [22mPayment & Webhook Handlers[2m > [22mUsage Tracking[2m > [22mshould link usage to specific manuscript
[41m[1m FAIL [22m[49m tests/integration/handlers/payment-handlers.test.js[2m > [22mPayment & Webhook Handlers[2m > [22mUsage Tracking[2m > [22mshould accumulate credits across multiple analyses
[41m[1m FAIL [22m[49m tests/integration/handlers/payment-handlers.test.js[2m > [22mPayment & Webhook Handlers[2m > [22mUsage Tracking[2m > [22mshould track timestamp for usage analytics
[41m[1m FAIL [22m[49m tests/integration/handlers/payment-handlers.test.js[2m > [22mPayment & Webhook Handlers[2m > [22mUsage Tracking[2m > [22mshould delete usage records when manuscript is deleted (CASCADE)
[31m[1mReferenceError[22m: createTestManuscript is not defined[39m
[36m [2m‚ùØ[22m tests/integration/handlers/payment-handlers.test.js:[2m1034:7[22m[39m
    [90m1032| [39m
    [90m1033| [39m      [90m// Create manuscript[39m
    [90m1034| [39m      testManuscript [33m=[39m [34mcreateTestManuscript[39m(testUser[33m.[39mid[33m,[39m {
    [90m   | [39m      [31m^[39m
    [90m1035| [39m        title[33m:[39m [32m'Usage Test Manuscript'[39m[33m,[39m
    [90m1036| [39m        status[33m:[39m [32m'uploaded'[39m

[31m[2m‚éØ‚éØ‚éØ‚éØ‚éØ‚éØ‚éØ‚éØ‚éØ‚éØ‚éØ‚éØ‚éØ‚éØ‚éØ‚éØ‚éØ‚éØ‚éØ‚éØ‚éØ‚éØ[51/64]‚éØ[22m[39m


[2m Test Files [22m [1m[31m4 failed[39m[22m[2m | [22m[1m[32m6 passed[39m[22m[90m (10)[39m
[2m      Tests [22m [1m[31m64 failed[39m[22m[2m | [22m[1m[32m214 passed[39m[22m[90m (278)[39m
[2m   Start at [22m 16:12:20
[2m   Duration [22m 633.92s[2m (transform 1.61s, setup 41.51s, collect 1.46s, tests 587.25s, environment 2ms, prepare 1.81s)[22m

